<?xml version="1.0" encoding="utf-8"?>
<TestRun id="e025b775-5305-4cf3-af63-207377fa287f" name="@ip-10-8-96-225 2023-10-04 13:16:40" xmlns="http://microsoft.com/schemas/VisualStudio/TeamTest/2010">
  <Times creation="2023-10-04T13:16:40.8708657+00:00" queuing="2023-10-04T13:16:40.8708659+00:00" start="2023-10-04T13:16:30.6129150+00:00" finish="2023-10-04T13:21:12.0494228+00:00" />
  <TestSettings name="default" id="a7b6d0ee-19eb-4ca5-976b-e57ec5c8bbf5">
    <Deployment runDeploymentRoot="_ip-10-8-96-225_2023-10-04_13_16_40" />
  </TestSettings>
  <Results>
    <UnitTestResult executionId="3853bbd2-6d97-4219-a946-10f698f12e98" testId="7b46d1a5-3abe-401a-b2c1-4a5d59dbabce" testName="WhenCIFIsValidAndSomeOtherErrorOccurs_GetProfileFailsWith400" computerName="ip-10-8-96-225" duration="00:00:00.1585365" startTime="2023-10-04T13:17:30.5084328+00:00" endTime="2023-10-04T13:17:30.6670641+00:00" testType="13cdc9d9-ddb5-4fa4-a97d-d965ccfc6d4b" outcome="Passed" testListId="8c84fa94-04c1-424b-9868-57a2d4851a1d" relativeResultsDirectory="3853bbd2-6d97-4219-a946-10f698f12e98" />
    <UnitTestResult executionId="34570cd4-a562-4d27-bd04-6f8bf0bd32b2" testId="1905cb94-3075-444e-992d-b4d1f5dcb6cb" testName="WhenPOAddress_ThenFailureReturned" computerName="ip-10-8-96-225" duration="00:00:00.0021278" startTime="2023-10-04T13:19:23.4697459+00:00" endTime="2023-10-04T13:19:23.4719566+00:00" testType="13cdc9d9-ddb5-4fa4-a97d-d965ccfc6d4b" outcome="Passed" testListId="8c84fa94-04c1-424b-9868-57a2d4851a1d" relativeResultsDirectory="34570cd4-a562-4d27-bd04-6f8bf0bd32b2" />
    <UnitTestResult executionId="2de4bce6-98ef-48cb-a62b-a7419823139b" testId="e6253024-4570-4457-9838-2547d8bf5d2b" testName="WhenLoanServPaymentFailsOnCommunicatorTransfer_TransferFailsWith400" computerName="ip-10-8-96-225" duration="00:00:00.1484543" startTime="2023-10-04T13:17:34.1829166+00:00" endTime="2023-10-04T13:17:34.3314908+00:00" testType="13cdc9d9-ddb5-4fa4-a97d-d965ccfc6d4b" outcome="Passed" testListId="8c84fa94-04c1-424b-9868-57a2d4851a1d" relativeResultsDirectory="2de4bce6-98ef-48cb-a62b-a7419823139b" />
    <UnitTestResult executionId="32b557bb-17ca-4e45-b4c7-71232fbbe520" testId="a7ae0280-beae-40bc-9cfb-69ef551a0109" testName="EDocsWS_Fake_GetDocuments_TAX_UserDoesNotExist_Fail" computerName="ip-10-8-96-225" duration="00:00:02.8819801" startTime="2023-10-04T13:17:14.4578701+00:00" endTime="2023-10-04T13:17:17.3400524+00:00" testType="13cdc9d9-ddb5-4fa4-a97d-d965ccfc6d4b" outcome="Passed" testListId="8c84fa94-04c1-424b-9868-57a2d4851a1d" relativeResultsDirectory="32b557bb-17ca-4e45-b4c7-71232fbbe520">
      <Output>
        <StdOut>Debug Trace:
Information - ET:QueryList CoreLive.Common.DB.Queries.AllowedRelationshipStatus total time 407ms
Information - ET:QueryList CoreLive.Common.DB.Queries.AllowedProductCode total time 495ms
Information - ET:QueryList CoreLive.Common.DB.Queries.AllowedRelationshipStatus total time 501ms
Information - ET:QueryList CoreLive.Common.DB.Queries.AllowedProductCode total time 290ms</StdOut>
      </Output>
    </UnitTestResult>
    <UnitTestResult executionId="02c6704b-ba3c-4de3-a272-2b54d829f22a" testId="590b5bbc-83ac-4cf5-9647-5d4f12ac262d" testName="WhenValidInputButInvalidRelCodeNull_ThenUnsuccessfulResponse" computerName="ip-10-8-96-225" duration="00:00:00.1528863" startTime="2023-10-04T13:17:46.1845177+00:00" endTime="2023-10-04T13:17:46.3375314+00:00" testType="13cdc9d9-ddb5-4fa4-a97d-d965ccfc6d4b" outcome="Passed" testListId="8c84fa94-04c1-424b-9868-57a2d4851a1d" relativeResultsDirectory="02c6704b-ba3c-4de3-a272-2b54d829f22a">
      <Output>
        <StdOut>\u001b[41m\u001b[30mfail\u001b[39m\u001b[22m\u001b[49m: D3.CoreLive.Service.WorkerServices.VerifyUserWS[0]
      Invalid Account Status Code
\u001b[40m\u001b[32minfo\u001b[39m\u001b[22m\u001b[49m: D3.CoreLive.Service.WorkerServices.VerifyUserWS[0]
      User Not Found In Entity



Debug Trace:
Debug - CustomerListInquiryWS:BuildCustomerListInquiryRequest - request id 0e42068d-2fb3-412e-9c48-279244511b56</StdOut>
      </Output>
    </UnitTestResult>
    <UnitTestResult executionId="86c0461f-a064-4e0c-bb01-ca9c2ca804cb" testId="136016c7-4407-4f92-b8ad-88a270e6dc6c" testName="WhenValidAddressCountryLowerCase2_ThenSuccessReturned" computerName="ip-10-8-96-225" duration="00:00:00.1784659" startTime="2023-10-04T13:19:01.1500187+00:00" endTime="2023-10-04T13:19:01.3286227+00:00" testType="13cdc9d9-ddb5-4fa4-a97d-d965ccfc6d4b" outcome="Passed" testListId="8c84fa94-04c1-424b-9868-57a2d4851a1d" relativeResultsDirectory="86c0461f-a064-4e0c-bb01-ca9c2ca804cb" />
    <UnitTestResult executionId="d652d161-9d0a-40ac-8748-fb95223adfd5" testId="5a5d131e-21df-4f94-a0a6-a46b7247b7c8" testName="WhenValidAddress_ThenSuccessReturned" computerName="ip-10-8-96-225" duration="00:00:00.8517577" startTime="2023-10-04T13:19:07.5676501+00:00" endTime="2023-10-04T13:19:10.9823404+00:00" testType="13cdc9d9-ddb5-4fa4-a97d-d965ccfc6d4b" outcome="Passed" testListId="8c84fa94-04c1-424b-9868-57a2d4851a1d" relativeResultsDirectory="d652d161-9d0a-40ac-8748-fb95223adfd5">
      <Output>
        <StdOut>CommunicatorBaseUri is http://localhost:5011/
loanServ.BaseUri is https://api.sharedsvcs-nonprod.asb.local/
eDocs.NautilusBaseUrl is http://nautilus.d3couple.local/
OpenTelemetry tracing is disabled, make sure the keys (DynaTraceToken, DynaTraceTenantID, DynaTraceTraceUrl) are in the secret/configuration



Debug Trace:
Using EIS Private service at : https://api.sharedsvcs-nonprod.asb.local/
Using EIS Private service at : https://api-origin.dev.associatedbankservices.com/api/dev/addrssparsr</StdOut>
      </Output>
    </UnitTestResult>
    <UnitTestResult executionId="52f179ae-2b67-4d03-9f84-b74fdfbad452" testId="0b22363f-f6fc-4484-80e1-7fdd1030f496" testName="CoreLive_Rest_StopPaymentRange_ZeroCheckNumber_CommunicatorErrorExpected" computerName="ip-10-8-96-225" duration="00:00:02.2492108" startTime="2023-10-04T13:18:19.1413644+00:00" endTime="2023-10-04T13:18:21.3907252+00:00" testType="13cdc9d9-ddb5-4fa4-a97d-d965ccfc6d4b" outcome="Passed" testListId="8c84fa94-04c1-424b-9868-57a2d4851a1d" relativeResultsDirectory="52f179ae-2b67-4d03-9f84-b74fdfbad452">
      <Output>
        <StdOut>CommunicatorBaseUri is http://localhost:5011/
loanServ.BaseUri is https://api.sharedsvcs-nonprod.asb.local/
eDocs.NautilusBaseUrl is http://nautilus.d3couple.local/
OpenTelemetry tracing is disabled, make sure the keys (DynaTraceToken, DynaTraceTenantID, DynaTraceTraceUrl) are in the secret/configuration



Debug Trace:
Using EIS Private service at : https://api.sharedsvcs-nonprod.asb.local/
Using EIS Private service at : https://api-origin.dev.associatedbankservices.com/api/dev/addrssparsr</StdOut>
      </Output>
    </UnitTestResult>
    <UnitTestResult executionId="6b3d315c-bc57-4c4c-9957-baa4c583012f" testId="f0953a3a-fde4-42af-a99d-bb298b3de377" testName="HealthCheck" computerName="ip-10-8-96-225" duration="00:00:00.0048874" startTime="2023-10-04T13:17:55.3356733+00:00" endTime="2023-10-04T13:17:57.9186877+00:00" testType="13cdc9d9-ddb5-4fa4-a97d-d965ccfc6d4b" outcome="Passed" testListId="8c84fa94-04c1-424b-9868-57a2d4851a1d" relativeResultsDirectory="6b3d315c-bc57-4c4c-9957-baa4c583012f">
      <Output>
        <StdOut>CommunicatorBaseUri is http://localhost:5011/
loanServ.BaseUri is https://api.sharedsvcs-nonprod.asb.local/
eDocs.NautilusBaseUrl is http://nautilus.d3couple.local/
OpenTelemetry tracing is disabled, make sure the keys (DynaTraceToken, DynaTraceTenantID, DynaTraceTraceUrl) are in the secret/configuration



Debug Trace:
Using EIS Private service at : https://api.sharedsvcs-nonprod.asb.local/
Using EIS Private service at : https://api-origin.dev.associatedbankservices.com/api/dev/addrssparsr</StdOut>
      </Output>
    </UnitTestResult>
    <UnitTestResult executionId="0e166845-dec0-4886-9304-b90b09500fc7" testId="8e1c34a6-175a-4e12-a806-265df9ec9080" testName="IntradayHandler_MergeSnowflakeAndSignatureIncludesNotSignatureType" computerName="ip-10-8-96-225" duration="00:00:00.0031400" startTime="2023-10-04T13:19:48.6065278+00:00" endTime="2023-10-04T13:19:48.6097448+00:00" testType="13cdc9d9-ddb5-4fa4-a97d-d965ccfc6d4b" outcome="Passed" testListId="8c84fa94-04c1-424b-9868-57a2d4851a1d" relativeResultsDirectory="0e166845-dec0-4886-9304-b90b09500fc7" />
    <UnitTestResult executionId="2c4b4b4d-8448-4fcc-a9b8-297a19c142c2" testId="72baa9e0-efe0-45c1-b020-977d44281876" testName="UpdateProfile_ProfileUpdate_GenderMale" computerName="ip-10-8-96-225" duration="00:00:00.2007018" startTime="2023-10-04T13:17:44.8598868+00:00" endTime="2023-10-04T13:17:45.0607125+00:00" testType="13cdc9d9-ddb5-4fa4-a97d-d965ccfc6d4b" outcome="Passed" testListId="8c84fa94-04c1-424b-9868-57a2d4851a1d" relativeResultsDirectory="2c4b4b4d-8448-4fcc-a9b8-297a19c142c2" />
    <UnitTestResult executionId="8b2adb6c-4fbf-4673-a5ca-ae9af12828fd" testId="fb5ff83c-e6e0-4ce9-9846-1136cb8befb9" testName="IntradayController_AccountRoute_SyncACCOUNTS_SingleTimeFakedLS_Sync" computerName="ip-10-8-96-225" duration="00:00:00.0036271" startTime="2023-10-04T13:19:48.0109771+00:00" endTime="2023-10-04T13:19:48.0146765+00:00" testType="13cdc9d9-ddb5-4fa4-a97d-d965ccfc6d4b" outcome="Passed" testListId="8c84fa94-04c1-424b-9868-57a2d4851a1d" relativeResultsDirectory="8b2adb6c-4fbf-4673-a5ca-ae9af12828fd" />
    <UnitTestResult executionId="ec9ad2b1-67fa-4ed5-b787-9cbccc4621ab" testId="48807b1d-95e9-4b75-8fb9-71096257b386" testName="CoreLive_Rest_StopPayment_AccountNotFound" computerName="ip-10-8-96-225" duration="00:00:01.9603619" startTime="2023-10-04T13:18:02.9148922+00:00" endTime="2023-10-04T13:18:04.8754035+00:00" testType="13cdc9d9-ddb5-4fa4-a97d-d965ccfc6d4b" outcome="Passed" testListId="8c84fa94-04c1-424b-9868-57a2d4851a1d" relativeResultsDirectory="ec9ad2b1-67fa-4ed5-b787-9cbccc4621ab">
      <Output>
        <StdOut>CommunicatorBaseUri is http://localhost:5011/
loanServ.BaseUri is https://api.sharedsvcs-nonprod.asb.local/
eDocs.NautilusBaseUrl is http://nautilus.d3couple.local/
OpenTelemetry tracing is disabled, make sure the keys (DynaTraceToken, DynaTraceTenantID, DynaTraceTraceUrl) are in the secret/configuration



Debug Trace:
Using EIS Private service at : https://api.sharedsvcs-nonprod.asb.local/
Using EIS Private service at : https://api-origin.dev.associatedbankservices.com/api/dev/addrssparsr</StdOut>
      </Output>
    </UnitTestResult>
    <UnitTestResult executionId="dc8850a6-17fa-4dac-b4f1-7d37d6b5f510" testId="b65480e2-194e-4e18-b515-27029d66b905" testName="WhenSuccess_MapMortgageAttributes" computerName="ip-10-8-96-225" duration="00:00:00.0077818" startTime="2023-10-04T13:20:17.1297292+00:00" endTime="2023-10-04T13:20:17.1375858+00:00" testType="13cdc9d9-ddb5-4fa4-a97d-d965ccfc6d4b" outcome="Passed" testListId="8c84fa94-04c1-424b-9868-57a2d4851a1d" relativeResultsDirectory="dc8850a6-17fa-4dac-b4f1-7d37d6b5f510" />
    <UnitTestResult executionId="35eb5ad1-70ba-4edb-856e-b805d2b8caef" testId="ec595201-9fc7-4c4a-baa7-7f08e252cbf6" testName="IntradayController_AccountRoute_SyncACCOUNTS_SingleTimeFaked_Sync" computerName="ip-10-8-96-225" duration="00:00:00.0037348" startTime="2023-10-04T13:19:48.0069328+00:00" endTime="2023-10-04T13:19:48.0107398+00:00" testType="13cdc9d9-ddb5-4fa4-a97d-d965ccfc6d4b" outcome="Passed" testListId="8c84fa94-04c1-424b-9868-57a2d4851a1d" relativeResultsDirectory="35eb5ad1-70ba-4edb-856e-b805d2b8caef" />
    <UnitTestResult executionId="255ee946-8c44-44a8-9ae1-a96223cc29b0" testId="645f3c65-40b0-4228-812c-1379cc157f2a" testName="EDocs_GetAccountDocumentLinks_BadUrl_ExpectFailure" computerName="ip-10-8-96-225" duration="00:00:00.0012686" startTime="2023-10-04T13:20:59.3878872+00:00" endTime="2023-10-04T13:20:59.3893269+00:00" testType="13cdc9d9-ddb5-4fa4-a97d-d965ccfc6d4b" outcome="Passed" testListId="8c84fa94-04c1-424b-9868-57a2d4851a1d" relativeResultsDirectory="255ee946-8c44-44a8-9ae1-a96223cc29b0" />
    <UnitTestResult executionId="cee45985-52ec-4708-aa31-6251b19a4cf5" testId="7a07a84f-bb79-4726-9642-5335d24282f6" testName="WhenBusinessFoundByDebitNumberAndTaxIdMatches_DD_NoSFCif_NotFoundInSF_FoundInSignature_ThenSuccess (DD)" computerName="ip-10-8-96-225" duration="00:00:00.1836150" startTime="2023-10-04T13:17:51.7947690+00:00" endTime="2023-10-04T13:17:51.9785830+00:00" testType="13cdc9d9-ddb5-4fa4-a97d-d965ccfc6d4b" outcome="Passed" testListId="8c84fa94-04c1-424b-9868-57a2d4851a1d" relativeResultsDirectory="cee45985-52ec-4708-aa31-6251b19a4cf5">
      <Output>
        <StdOut>\u001b[40m\u001b[32minfo\u001b[39m\u001b[22m\u001b[49m: D3.CoreLive.Service.WorkerServices.VerifyUserWS[0]
      Customer Found With 1 Account(s)
\u001b[40m\u001b[32minfo\u001b[39m\u001b[22m\u001b[49m: D3.CoreLive.Service.WorkerServices.VerifyUserWS[0]
      Customer Verified With Card Account
\u001b[40m\u001b[32minfo\u001b[39m\u001b[22m\u001b[49m: D3.CoreLive.Service.WorkerServices.VerifyUserWS[0]
      User Verification Succeeded with null userId.  New userId has been generated
\u001b[40m\u001b[32minfo\u001b[39m\u001b[22m\u001b[49m: D3.CoreLive.Service.WorkerServices.VerifyUserWS[0]
      User Not Found In Entity
\u001b[40m\u001b[32minfo\u001b[39m\u001b[22m\u001b[49m: D3.CoreLive.Service.WorkerServices.VerifyUserWS[0]
      Customer Found With 1 Account(s)
\u001b[40m\u001b[32minfo\u001b[39m\u001b[22m\u001b[49m: D3.CoreLive.Service.WorkerServices.VerifyUserWS[0]
      Customer Verified With Card Account



Debug Trace:
Debug - CustomerListInquiryWS:BuildCustomerListInquiryRequest - request id 78d5a3ab-db76-4b8c-b42e-d6ae164ab750
Debug - AccountInquiryWS:GetCustomer - request id 80d4d4d7-14f5-4bd4-9598-1bf322735cdb started for UID ABCD2342342342</StdOut>
      </Output>
    </UnitTestResult>
    <UnitTestResult executionId="66492578-5673-4c8c-be4f-6c91cf22e563" testId="a608b962-29b5-49c6-a432-48535bb6f5ff" testName="onDemandController_SyncALL_SingleTimeFaked_Sync" computerName="ip-10-8-96-225" duration="00:00:00.0099212" startTime="2023-10-04T13:19:47.6613757+00:00" endTime="2023-10-04T13:19:47.6713804+00:00" testType="13cdc9d9-ddb5-4fa4-a97d-d965ccfc6d4b" outcome="Passed" testListId="8c84fa94-04c1-424b-9868-57a2d4851a1d" relativeResultsDirectory="66492578-5673-4c8c-be4f-6c91cf22e563" />
    <UnitTestResult executionId="28cc9146-6ed4-4d61-a61e-00198833c63c" testId="d51a80bc-1052-4784-9a04-0bba5d4dc82c" testName="IntradayHandler_AccountsByUserIdAllStatus_CatchBadSnowflakeResult" computerName="ip-10-8-96-225" duration="00:00:00.0064426" startTime="2023-10-04T13:19:48.6471537+00:00" endTime="2023-10-04T13:19:48.6536720+00:00" testType="13cdc9d9-ddb5-4fa4-a97d-d965ccfc6d4b" outcome="Passed" testListId="8c84fa94-04c1-424b-9868-57a2d4851a1d" relativeResultsDirectory="28cc9146-6ed4-4d61-a61e-00198833c63c" />
    <UnitTestResult executionId="0aee72b6-e114-476c-a803-5bd26c9e4e00" testId="bbe1e233-08a4-4f34-8af7-7d9a5768cb65" testName="WhenFromAccountIsNotDDAOrLNAccount_TransferFundsFailsWith400" computerName="ip-10-8-96-225" duration="00:00:00.1525068" startTime="2023-10-04T13:17:33.0879893+00:00" endTime="2023-10-04T13:17:33.2406100+00:00" testType="13cdc9d9-ddb5-4fa4-a97d-d965ccfc6d4b" outcome="Passed" testListId="8c84fa94-04c1-424b-9868-57a2d4851a1d" relativeResultsDirectory="0aee72b6-e114-476c-a803-5bd26c9e4e00" />
    <UnitTestResult executionId="157aecf3-d1d7-49ee-afb9-316803067120" testId="fe9d1f4f-858c-40c4-a5a2-e49be7b1b463" testName="WhenLoanServPaymentAvailableBalanceLow_TransferFailsWith400" computerName="ip-10-8-96-225" duration="00:00:00.1527985" startTime="2023-10-04T13:17:36.0804907+00:00" endTime="2023-10-04T13:17:36.2334036+00:00" testType="13cdc9d9-ddb5-4fa4-a97d-d965ccfc6d4b" outcome="Passed" testListId="8c84fa94-04c1-424b-9868-57a2d4851a1d" relativeResultsDirectory="157aecf3-d1d7-49ee-afb9-316803067120" />
    <UnitTestResult executionId="b10d789c-cfa2-4361-9118-0bdcbbfc7006" testId="18d70aff-7482-44a6-8460-b0fdae09602f" testName="EventBridge_Controller_NoContent" computerName="ip-10-8-96-225" duration="00:00:02.8738558" startTime="2023-10-04T13:20:30.6356464+00:00" endTime="2023-10-04T13:20:33.5096341+00:00" testType="13cdc9d9-ddb5-4fa4-a97d-d965ccfc6d4b" outcome="Passed" testListId="8c84fa94-04c1-424b-9868-57a2d4851a1d" relativeResultsDirectory="b10d789c-cfa2-4361-9118-0bdcbbfc7006">
      <Output>
        <StdOut>CommunicatorBaseUri is http://localhost:5011/
loanServ.BaseUri is https://api.sharedsvcs-nonprod.asb.local/
eDocs.NautilusBaseUrl is http://nautilus.d3couple.local/
OpenTelemetry tracing is disabled, make sure the keys (DynaTraceToken, DynaTraceTenantID, DynaTraceTraceUrl) are in the secret/configuration



Debug Trace:
Using EIS Private service at : https://api.sharedsvcs-nonprod.asb.local/
Using EIS Private service at : https://api-origin.dev.associatedbankservices.com/api/dev/addrssparsr</StdOut>
      </Output>
    </UnitTestResult>
    <UnitTestResult executionId="703ea8c1-042b-4196-92a1-7ee8dc8abf36" testId="ce2cd18e-21b8-4ee1-9266-16d30e1fa95a" testName="CoreLive_Rest_StopPayment_AccountNotFound" computerName="ip-10-8-96-225" duration="00:00:02.2263776" startTime="2023-10-04T13:18:38.3262564+00:00" endTime="2023-10-04T13:18:40.5527728+00:00" testType="13cdc9d9-ddb5-4fa4-a97d-d965ccfc6d4b" outcome="Passed" testListId="8c84fa94-04c1-424b-9868-57a2d4851a1d" relativeResultsDirectory="703ea8c1-042b-4196-92a1-7ee8dc8abf36">
      <Output>
        <StdOut>CommunicatorBaseUri is http://localhost:5011/
loanServ.BaseUri is https://api.sharedsvcs-nonprod.asb.local/
eDocs.NautilusBaseUrl is http://nautilus.d3couple.local/
OpenTelemetry tracing is disabled, make sure the keys (DynaTraceToken, DynaTraceTenantID, DynaTraceTraceUrl) are in the secret/configuration



Debug Trace:
Using EIS Private service at : https://api.sharedsvcs-nonprod.asb.local/
Using EIS Private service at : https://api-origin.dev.associatedbankservices.com/api/dev/addrssparsr</StdOut>
      </Output>
    </UnitTestResult>
    <UnitTestResult executionId="82feec88-ef66-4286-a52e-5b431b7f1850" testId="b5adafa0-27ee-42d4-a325-839aaac58dc5" testName="IntradayHandlerLoanTests_CreateTransactionID2" computerName="ip-10-8-96-225" duration="00:00:00.0002599" startTime="2023-10-04T13:19:48.2330392+00:00" endTime="2023-10-04T13:19:48.2333925+00:00" testType="13cdc9d9-ddb5-4fa4-a97d-d965ccfc6d4b" outcome="Passed" testListId="8c84fa94-04c1-424b-9868-57a2d4851a1d" relativeResultsDirectory="82feec88-ef66-4286-a52e-5b431b7f1850" />
    <UnitTestResult executionId="5c628fa7-1e65-4b3a-9a6f-edacd2a5d9ee" testId="6993c9fc-9e25-4c67-8033-9d4f17aa3a70" testName="WhenFromAccountIsFL_TransferFundsFailsWith400" computerName="ip-10-8-96-225" duration="00:00:00.1902224" startTime="2023-10-04T13:17:33.2409029+00:00" endTime="2023-10-04T13:17:33.4312525+00:00" testType="13cdc9d9-ddb5-4fa4-a97d-d965ccfc6d4b" outcome="Passed" testListId="8c84fa94-04c1-424b-9868-57a2d4851a1d" relativeResultsDirectory="5c628fa7-1e65-4b3a-9a6f-edacd2a5d9ee" />
    <UnitTestResult executionId="525c6670-ea41-4f8b-9e85-c93fbd2a1b3c" testId="c833b250-e2c3-436f-84c3-dc3c7718ccc2" testName="IntradayREST_Heloc_SNSPublished" computerName="ip-10-8-96-225" duration="00:00:03.8150092" startTime="2023-10-04T13:20:03.8505440+00:00" endTime="2023-10-04T13:20:07.6657126+00:00" testType="13cdc9d9-ddb5-4fa4-a97d-d965ccfc6d4b" outcome="Passed" testListId="8c84fa94-04c1-424b-9868-57a2d4851a1d" relativeResultsDirectory="525c6670-ea41-4f8b-9e85-c93fbd2a1b3c">
      <Output>
        <StdOut>CommunicatorBaseUri is http://localhost:5011/
loanServ.BaseUri is https://api.sharedsvcs-nonprod.asb.local/
eDocs.NautilusBaseUrl is http://nautilus.d3couple.local/
OpenTelemetry tracing is disabled, make sure the keys (DynaTraceToken, DynaTraceTenantID, DynaTraceTraceUrl) are in the secret/configuration



Debug Trace:
Using EIS Private service at : https://api.sharedsvcs-nonprod.asb.local/
Using EIS Private service at : https://api-origin.dev.associatedbankservices.com/api/dev/addrssparsr</StdOut>
      </Output>
    </UnitTestResult>
    <UnitTestResult executionId="17fcd325-ccf7-4a41-876b-85329a74f4da" testId="73a88c6f-821c-42c2-a92b-ac6ceea8eefe" testName="IntradayHandler_GetSignatureAccountsSuccess" computerName="ip-10-8-96-225" duration="00:00:00.0042462" startTime="2023-10-04T13:19:48.4291082+00:00" endTime="2023-10-04T13:19:48.4334693+00:00" testType="13cdc9d9-ddb5-4fa4-a97d-d965ccfc6d4b" outcome="Passed" testListId="8c84fa94-04c1-424b-9868-57a2d4851a1d" relativeResultsDirectory="17fcd325-ccf7-4a41-876b-85329a74f4da" />
    <UnitTestResult executionId="52c28833-ff89-4b54-a4f4-ee3dd14e9202" testId="bd62c993-c611-4e29-8ca9-33a01aa75382" testName="EDocs_GetUserEDocumentListByType_InvalidType_ExpectError" computerName="ip-10-8-96-225" duration="00:00:00.0011659" startTime="2023-10-04T13:21:02.3350593+00:00" endTime="2023-10-04T13:21:02.3363411+00:00" testType="13cdc9d9-ddb5-4fa4-a97d-d965ccfc6d4b" outcome="Passed" testListId="8c84fa94-04c1-424b-9868-57a2d4851a1d" relativeResultsDirectory="52c28833-ff89-4b54-a4f4-ee3dd14e9202" />
    <UnitTestResult executionId="29d412e6-8592-4e42-8ee8-5aeae19238cd" testId="b511b714-0e6c-4c65-b161-a9df3a0dfcfe" testName="IntradayHandlerLoanTests_GetAccounts_LNHelocOnly" computerName="ip-10-8-96-225" duration="00:00:00.0041311" startTime="2023-10-04T13:19:48.0393463+00:00" endTime="2023-10-04T13:19:48.2144203+00:00" testType="13cdc9d9-ddb5-4fa4-a97d-d965ccfc6d4b" outcome="Passed" testListId="8c84fa94-04c1-424b-9868-57a2d4851a1d" relativeResultsDirectory="29d412e6-8592-4e42-8ee8-5aeae19238cd" />
    <UnitTestResult executionId="43e98c68-c230-41ab-93c6-07699ef6fdc4" testId="e251e6e3-da88-4e91-bfa9-eb12d02f1b33" testName="CreditCardAccountInquiryHandler_500" computerName="ip-10-8-96-225" duration="00:00:00.0017932" startTime="2023-10-04T13:20:18.3206293+00:00" endTime="2023-10-04T13:20:18.3224989+00:00" testType="13cdc9d9-ddb5-4fa4-a97d-d965ccfc6d4b" outcome="Passed" testListId="8c84fa94-04c1-424b-9868-57a2d4851a1d" relativeResultsDirectory="43e98c68-c230-41ab-93c6-07699ef6fdc4">
      <Output>
        <StdOut>Debug Trace:
CreditCardAccountInquiryResponse last4 of ElanUID test</StdOut>
      </Output>
    </UnitTestResult>
    <UnitTestResult executionId="f24520bb-2a2f-4708-be9b-fcfd19faff8d" testId="b3aeb2bc-5712-43ce-9e24-37cfe1907ca8" testName="IntradayHandlerLoanTests_CreateTransaction_WithTranMemoDesc" computerName="ip-10-8-96-225" duration="00:00:00.0002333" startTime="2023-10-04T13:19:48.2394983+00:00" endTime="2023-10-04T13:19:48.2398128+00:00" testType="13cdc9d9-ddb5-4fa4-a97d-d965ccfc6d4b" outcome="Passed" testListId="8c84fa94-04c1-424b-9868-57a2d4851a1d" relativeResultsDirectory="f24520bb-2a2f-4708-be9b-fcfd19faff8d" />
    <UnitTestResult executionId="7e61a4a1-4de1-4325-b0bd-e100d0090ec9" testId="6a5ad898-6d01-4358-8579-ebb234b69f3d" testName="CustomerInquiryWS_GetCustomer_BadUid_Fail" computerName="ip-10-8-96-225" duration="00:00:00.2497572" startTime="2023-10-04T13:16:48.8171884+00:00" endTime="2023-10-04T13:16:49.0671000+00:00" testType="13cdc9d9-ddb5-4fa4-a97d-d965ccfc6d4b" outcome="Passed" testListId="8c84fa94-04c1-424b-9868-57a2d4851a1d" relativeResultsDirectory="7e61a4a1-4de1-4325-b0bd-e100d0090ec9">
      <Output>
        <StdOut>\u001b[41m\u001b[30mfail\u001b[39m\u001b[22m\u001b[49m: D3.CoreLive.Service.WorkerServices.CustomerInquiryWS[0]
      AccountInquiryWS:GetCustomer Failed() &lt;?xml version="1.0" encoding="utf-16"?&gt;
      &lt;IFX xmlns:xsi="http://www.w3.org/2001/XMLSchema-instance" xmlns:xsd="http://www.w3.org/2001/XMLSchema"&gt;
        &lt;GeneralStatus&gt;
          &lt;StatusCode&gt;100&lt;/StatusCode&gt;
          &lt;StatusLevel&gt;Message&lt;/StatusLevel&gt;
          &lt;StatusDesc&gt;General Error&lt;/StatusDesc&gt;
          &lt;ErrNum&gt;HC00117&lt;/ErrNum&gt;
          &lt;ErrDesc&gt;Customer record not found&lt;/ErrDesc&gt;
        &lt;/GeneralStatus&gt;
        &lt;Status&gt;
          &lt;StatusCode&gt;100&lt;/StatusCode&gt;
          &lt;Severity&gt;Error&lt;/Severity&gt;
          &lt;StatusDesc&gt;General Error&lt;/StatusDesc&gt;
          &lt;StatusType&gt;NonFatal&lt;/StatusType&gt;
          &lt;SupportUID&gt;01d5254f-8751-400f-bdf0-53edbb31018d&lt;/SupportUID&gt;
          &lt;Error&gt;
            &lt;Source&gt;CBS Host&lt;/Source&gt;
            &lt;ErrNum&gt;HC00117&lt;/ErrNum&gt;
            &lt;ErrDesc&gt;Customer record not found&lt;/ErrDesc&gt;
            &lt;ErrField&gt;HCACCESS&lt;/ErrField&gt;
            &lt;SupportUID&gt;01d5254f-8751-400f-bdf0-53edbb31018d&lt;/SupportUID&gt;
          &lt;/Error&gt;
        &lt;/Status&gt;
        &lt;EnvironmentInfo&gt;
          &lt;EnvironmentName&gt;Mock&lt;/EnvironmentName&gt;
        &lt;/EnvironmentInfo&gt;
        &lt;SignonRs&gt;
          &lt;Status&gt;
            &lt;StatusCode&gt;0&lt;/StatusCode&gt;
            &lt;Severity&gt;Info&lt;/Severity&gt;
            &lt;StatusDesc&gt;The request was processed successfully.&lt;/StatusDesc&gt;
            &lt;SupportUID&gt;ca073b55-6ae9-49de-af2e-ba30b0174b3f&lt;/SupportUID&gt;
          &lt;/Status&gt;
          &lt;SignonRole&gt;CSR&lt;/SignonRole&gt;
          &lt;CustId&gt;
            &lt;SPName&gt;FiservCBS&lt;/SPName&gt;
            &lt;CustLoginId&gt;SVCESBABLUA&lt;/CustLoginId&gt;
          &lt;/CustId&gt;
          &lt;GenSessKey&gt;0&lt;/GenSessKey&gt;
          &lt;ClientDt&gt;
            &lt;Year /&gt;
            &lt;Month /&gt;
            &lt;Day /&gt;
            &lt;Hour /&gt;
            &lt;Minute /&gt;
            &lt;Second /&gt;
          &lt;/ClientDt&gt;
          &lt;ClientApp&gt;
            &lt;Org&gt;Fiserv&lt;/Org&gt;
            &lt;Name&gt;COMMADMIN&lt;/Name&gt;
            &lt;ClientAppKey&gt;ABCWISCOZUSBYNBKWDMWFYICGPREAEPN&lt;/ClientAppKey&gt;
          &lt;/ClientApp&gt;
          &lt;ServerDt&gt;
            &lt;Year&gt;2023&lt;/Year&gt;
            &lt;Month&gt;10&lt;/Month&gt;
            &lt;Day&gt;04&lt;/Day&gt;
            &lt;Hour&gt;13&lt;/Hour&gt;
            &lt;Minute&gt;16&lt;/Minute&gt;
            &lt;Second&gt;49&lt;/Second&gt;
            &lt;Fraction&gt;344000&lt;/Fraction&gt;
            &lt;UTCOffset&gt;-300&lt;/UTCOffset&gt;
          &lt;/ServerDt&gt;
          &lt;Language&gt;en-US&lt;/Language&gt;
          &lt;PersonName&gt;
            &lt;FirstName updateflag="1"&gt;SVCESBABLUA&lt;/FirstName&gt;
            &lt;LastName updateflag="1"&gt;SVCESBABLUA&lt;/LastName&gt;
          &lt;/PersonName&gt;
        &lt;/SignonRs&gt;
        &lt;CIFSvcRs&gt;
          &lt;Status&gt;
            &lt;StatusCode&gt;100&lt;/StatusCode&gt;
            &lt;Severity&gt;Error&lt;/Severity&gt;
            &lt;StatusDesc&gt;General Error&lt;/StatusDesc&gt;
            &lt;StatusType&gt;NonFatal&lt;/StatusType&gt;
            &lt;SupportUID&gt;01d5254f-8751-400f-bdf0-53edbb31018d&lt;/SupportUID&gt;
            &lt;Error&gt;
              &lt;Source&gt;CBS Host&lt;/Source&gt;
              &lt;ErrNum&gt;HC00117&lt;/ErrNum&gt;
              &lt;ErrDesc&gt;Customer record not found&lt;/ErrDesc&gt;
              &lt;ErrField&gt;HCACCESS&lt;/ErrField&gt;
              &lt;SupportUID&gt;01d5254f-8751-400f-bdf0-53edbb31018d&lt;/SupportUID&gt;
            &lt;/Error&gt;
          &lt;/Status&gt;
          &lt;CustInqRs&gt;
            &lt;Status&gt;
              &lt;StatusCode&gt;100&lt;/StatusCode&gt;
              &lt;Severity&gt;Error&lt;/Severity&gt;
              &lt;StatusDesc&gt;General Error&lt;/StatusDesc&gt;
              &lt;StatusType&gt;NonFatal&lt;/StatusType&gt;
              &lt;SupportUID&gt;01d5254f-8751-400f-bdf0-53edbb31018d&lt;/SupportUID&gt;
              &lt;Error&gt;
                &lt;Source&gt;CBS Host&lt;/Source&gt;
                &lt;ErrNum&gt;HC00117&lt;/ErrNum&gt;
                &lt;ErrDesc&gt;Customer record not found&lt;/ErrDesc&gt;
                &lt;ErrField&gt;HCACCESS&lt;/ErrField&gt;
                &lt;SupportUID&gt;01d5254f-8751-400f-bdf0-53edbb31018d&lt;/SupportUID&gt;
              &lt;/Error&gt;
            &lt;/Status&gt;
          &lt;/CustInqRs&gt;
        &lt;/CIFSvcRs&gt;
      &lt;/IFX&gt;</StdOut>
      </Output>
    </UnitTestResult>
    <UnitTestResult executionId="7280ffeb-aed8-491f-a330-f057a749eea1" testId="ffb86977-a1b9-4889-bb4f-535bef58cb0a" testName="IntradayController_AccountRoute_SyncTRANSACTIONS_SingleSignatureLoanFaked_Sync" computerName="ip-10-8-96-225" duration="00:00:00.0045374" startTime="2023-10-04T13:19:47.9846655+00:00" endTime="2023-10-04T13:19:47.9892726+00:00" testType="13cdc9d9-ddb5-4fa4-a97d-d965ccfc6d4b" outcome="Passed" testListId="8c84fa94-04c1-424b-9868-57a2d4851a1d" relativeResultsDirectory="7280ffeb-aed8-491f-a330-f057a749eea1" />
    <UnitTestResult executionId="f5c237fd-560f-49cc-85ac-a2c9e1e1c007" testId="fbec9bbf-0799-4b84-9215-5a9630504797" testName="IntradayController_AccountRoute_SyncTypeBob_Invalid" computerName="ip-10-8-96-225" duration="00:00:00.0012038" startTime="2023-10-04T13:19:47.9911211+00:00" endTime="2023-10-04T13:19:47.9923915+00:00" testType="13cdc9d9-ddb5-4fa4-a97d-d965ccfc6d4b" outcome="Passed" testListId="8c84fa94-04c1-424b-9868-57a2d4851a1d" relativeResultsDirectory="f5c237fd-560f-49cc-85ac-a2c9e1e1c007" />
    <UnitTestResult executionId="5088c116-af50-4f36-8d18-623c83549efa" testId="613e83b6-77fe-4ab4-b44c-a72c2f02d517" testName="WhenValidAddress_ThenSuccessReturned" computerName="ip-10-8-96-225" duration="00:00:01.2258025" startTime="2023-10-04T13:19:19.1140449+00:00" endTime="2023-10-04T13:19:23.0479892+00:00" testType="13cdc9d9-ddb5-4fa4-a97d-d965ccfc6d4b" outcome="Passed" testListId="8c84fa94-04c1-424b-9868-57a2d4851a1d" relativeResultsDirectory="5088c116-af50-4f36-8d18-623c83549efa">
      <Output>
        <StdOut>CommunicatorBaseUri is http://localhost:5011/
loanServ.BaseUri is https://api.sharedsvcs-nonprod.asb.local/
eDocs.NautilusBaseUrl is http://nautilus.d3couple.local/
OpenTelemetry tracing is disabled, make sure the keys (DynaTraceToken, DynaTraceTenantID, DynaTraceTraceUrl) are in the secret/configuration



Debug Trace:
Using EIS Private service at : https://api.sharedsvcs-nonprod.asb.local/
Using EIS Private service at : https://api-origin.dev.associatedbankservices.com/api/dev/addrssparsr</StdOut>
      </Output>
    </UnitTestResult>
    <UnitTestResult executionId="024580c4-67a0-4a07-bd4b-42cf6bdf30f5" testId="d64e60cc-8a74-47ff-8331-aec1368774c7" testName="UpdateProfileAddress_SimulateWSErrorResponse" computerName="ip-10-8-96-225" duration="00:00:02.5821145" startTime="2023-10-04T13:19:01.6826441+00:00" endTime="2023-10-04T13:19:04.2648922+00:00" testType="13cdc9d9-ddb5-4fa4-a97d-d965ccfc6d4b" outcome="Passed" testListId="8c84fa94-04c1-424b-9868-57a2d4851a1d" relativeResultsDirectory="024580c4-67a0-4a07-bd4b-42cf6bdf30f5">
      <Output>
        <StdOut>CommunicatorBaseUri is http://localhost:5011/
loanServ.BaseUri is https://api.sharedsvcs-nonprod.asb.local/
eDocs.NautilusBaseUrl is http://nautilus.d3couple.local/
OpenTelemetry tracing is disabled, make sure the keys (DynaTraceToken, DynaTraceTenantID, DynaTraceTraceUrl) are in the secret/configuration



Debug Trace:
Using EIS Private service at : https://api.sharedsvcs-nonprod.asb.local/
Using EIS Private service at : https://api-origin.dev.associatedbankservices.com/api/dev/addrssparsr</StdOut>
      </Output>
    </UnitTestResult>
    <UnitTestResult executionId="4fb2831e-cd8e-4f7d-a2be-759c1a812804" testId="32aadd26-41a5-4172-885d-123d1e326d2d" testName="SetConduitUserAttribute_Success" computerName="ip-10-8-96-225" duration="00:00:00.0014894" startTime="2023-10-04T13:21:08.6396266+00:00" endTime="2023-10-04T13:21:08.6415618+00:00" testType="13cdc9d9-ddb5-4fa4-a97d-d965ccfc6d4b" outcome="Passed" testListId="8c84fa94-04c1-424b-9868-57a2d4851a1d" relativeResultsDirectory="4fb2831e-cd8e-4f7d-a2be-759c1a812804" />
    <UnitTestResult executionId="faddcd15-36c5-4ac0-92e4-a6ebe51df7d8" testId="0c29c8d2-8bcc-44e7-9eb3-775ba23be80d" testName="UpdateProfileContacts_SimulateCIFTranslationFailed" computerName="ip-10-8-96-225" duration="00:00:03.2314648" startTime="2023-10-04T13:19:13.3510907+00:00" endTime="2023-10-04T13:19:16.5827066+00:00" testType="13cdc9d9-ddb5-4fa4-a97d-d965ccfc6d4b" outcome="Passed" testListId="8c84fa94-04c1-424b-9868-57a2d4851a1d" relativeResultsDirectory="faddcd15-36c5-4ac0-92e4-a6ebe51df7d8">
      <Output>
        <StdOut>CommunicatorBaseUri is http://localhost:5011/
loanServ.BaseUri is https://api.sharedsvcs-nonprod.asb.local/
eDocs.NautilusBaseUrl is http://nautilus.d3couple.local/
OpenTelemetry tracing is disabled, make sure the keys (DynaTraceToken, DynaTraceTenantID, DynaTraceTraceUrl) are in the secret/configuration



Debug Trace:
Using EIS Private service at : https://api.sharedsvcs-nonprod.asb.local/
Using EIS Private service at : https://api-origin.dev.associatedbankservices.com/api/dev/addrssparsr</StdOut>
      </Output>
    </UnitTestResult>
    <UnitTestResult executionId="38fd6a0d-3c5f-4df8-9fa7-781af3caeb9a" testId="b641acb9-bcfa-402a-a1b3-b6c0ea1a3fec" testName="StopPaymentTests_Success" computerName="ip-10-8-96-225" duration="00:00:00.1564174" startTime="2023-10-04T13:17:38.0169429+00:00" endTime="2023-10-04T13:17:38.1736745+00:00" testType="13cdc9d9-ddb5-4fa4-a97d-d965ccfc6d4b" outcome="Passed" testListId="8c84fa94-04c1-424b-9868-57a2d4851a1d" relativeResultsDirectory="38fd6a0d-3c5f-4df8-9fa7-781af3caeb9a" />
    <UnitTestResult executionId="99ba227f-0c28-4cb3-8f26-1b14f1dbd2b6" testId="05c686c8-6578-4b55-8b2d-0159b5ea07e2" testName="IntradayHandler_TACAccountBalanceShouldBePresent" computerName="ip-10-8-96-225" duration="00:00:00.0031490" startTime="2023-10-04T13:19:48.4247107+00:00" endTime="2023-10-04T13:19:48.4279542+00:00" testType="13cdc9d9-ddb5-4fa4-a97d-d965ccfc6d4b" outcome="Passed" testListId="8c84fa94-04c1-424b-9868-57a2d4851a1d" relativeResultsDirectory="99ba227f-0c28-4cb3-8f26-1b14f1dbd2b6" />
    <UnitTestResult executionId="e49edf3c-fadd-452d-8775-d4ce815bcd29" testId="9225adb1-8089-431a-a1af-48e71361317c" testName="EISClient_AddressParse_BadResponseMissingFields" computerName="ip-10-8-96-225" duration="00:00:00.0010726" startTime="2023-10-04T13:16:42.5400711+00:00" endTime="2023-10-04T13:16:42.5412343+00:00" testType="13cdc9d9-ddb5-4fa4-a97d-d965ccfc6d4b" outcome="Passed" testListId="8c84fa94-04c1-424b-9868-57a2d4851a1d" relativeResultsDirectory="e49edf3c-fadd-452d-8775-d4ce815bcd29" />
    <UnitTestResult executionId="12e6baaa-bed4-459c-b324-32c30b09ab8e" testId="c9111eca-7307-4783-a161-4a4b2a2fa30f" testName="UpdateProfile_ProfileUpdateFailure" computerName="ip-10-8-96-225" duration="00:00:00.1963059" startTime="2023-10-04T13:17:43.8962246+00:00" endTime="2023-10-04T13:17:44.0928523+00:00" testType="13cdc9d9-ddb5-4fa4-a97d-d965ccfc6d4b" outcome="Passed" testListId="8c84fa94-04c1-424b-9868-57a2d4851a1d" relativeResultsDirectory="12e6baaa-bed4-459c-b324-32c30b09ab8e" />
    <UnitTestResult executionId="42469f8d-e237-418d-be6b-723ad9b4c8e9" testId="945f5d33-f3fa-47c6-928e-7604afcfae23" testName="PersoneticsController_NotGetInsightsLanguageModifier_Success" computerName="ip-10-8-96-225" duration="00:00:00.0037153" startTime="2023-10-04T13:19:36.0948190+00:00" endTime="2023-10-04T13:19:36.0986740+00:00" testType="13cdc9d9-ddb5-4fa4-a97d-d965ccfc6d4b" outcome="Passed" testListId="8c84fa94-04c1-424b-9868-57a2d4851a1d" relativeResultsDirectory="42469f8d-e237-418d-be6b-723ad9b4c8e9" />
    <UnitTestResult executionId="c322bc5d-7d22-4db9-9a50-aa96fe21ac24" testId="f638e80b-aa9d-4609-bea9-aa8001da0adb" testName="When1037TransHasSameFields_CreateUniqueKey" computerName="ip-10-8-96-225" duration="00:00:00.0020572" startTime="2023-10-04T13:20:17.1590708+00:00" endTime="2023-10-04T13:20:17.1611957+00:00" testType="13cdc9d9-ddb5-4fa4-a97d-d965ccfc6d4b" outcome="Passed" testListId="8c84fa94-04c1-424b-9868-57a2d4851a1d" relativeResultsDirectory="c322bc5d-7d22-4db9-9a50-aa96fe21ac24" />
    <UnitTestResult executionId="56ac0ef6-855d-4d8d-aa0f-4cafff8ad47f" testId="083a1cc1-b254-477c-b074-dcfbb8f879dd" testName="CoreLive_Rest_StopPaymentRange_BadAccount" computerName="ip-10-8-96-225" duration="00:00:01.9059006" startTime="2023-10-04T13:18:15.2348891+00:00" endTime="2023-10-04T13:18:17.1409273+00:00" testType="13cdc9d9-ddb5-4fa4-a97d-d965ccfc6d4b" outcome="Passed" testListId="8c84fa94-04c1-424b-9868-57a2d4851a1d" relativeResultsDirectory="56ac0ef6-855d-4d8d-aa0f-4cafff8ad47f">
      <Output>
        <StdOut>CommunicatorBaseUri is http://localhost:5011/
loanServ.BaseUri is https://api.sharedsvcs-nonprod.asb.local/
eDocs.NautilusBaseUrl is http://nautilus.d3couple.local/
OpenTelemetry tracing is disabled, make sure the keys (DynaTraceToken, DynaTraceTenantID, DynaTraceTraceUrl) are in the secret/configuration



Debug Trace:
Using EIS Private service at : https://api.sharedsvcs-nonprod.asb.local/
Using EIS Private service at : https://api-origin.dev.associatedbankservices.com/api/dev/addrssparsr</StdOut>
      </Output>
    </UnitTestResult>
    <UnitTestResult executionId="04544e1e-a02b-4d68-8173-0fe4da417f2f" testId="be8f3ea1-3265-46fc-9e9d-6b2a3e467d27" testName="WhenPO2Address2_ThenFailureReturned" computerName="ip-10-8-96-225" duration="00:00:00.0018043" startTime="2023-10-04T13:19:23.4773937+00:00" endTime="2023-10-04T13:19:23.4792743+00:00" testType="13cdc9d9-ddb5-4fa4-a97d-d965ccfc6d4b" outcome="Passed" testListId="8c84fa94-04c1-424b-9868-57a2d4851a1d" relativeResultsDirectory="04544e1e-a02b-4d68-8173-0fe4da417f2f" />
    <UnitTestResult executionId="d0995823-cb6f-4be7-802e-7314ceebd170" testId="55a86bab-7c87-418f-8638-c95c66b09cc9" testName="WhenLoanServDrawSucceeds_TransferSucceedsWith200" computerName="ip-10-8-96-225" duration="00:00:00.1509895" startTime="2023-10-04T13:17:34.8260375+00:00" endTime="2023-10-04T13:17:34.9771673+00:00" testType="13cdc9d9-ddb5-4fa4-a97d-d965ccfc6d4b" outcome="Passed" testListId="8c84fa94-04c1-424b-9868-57a2d4851a1d" relativeResultsDirectory="d0995823-cb6f-4be7-802e-7314ceebd170" />
    <UnitTestResult executionId="c37c8eb3-bf9b-4199-ae18-d0db719fcc59" testId="a2fbd2ff-b8f6-4e01-afcb-fa8de0672b49" testName="IntradayHandlerTime_GetAccounts_OnlyClosed" computerName="ip-10-8-96-225" duration="00:00:00.0017891" startTime="2023-10-04T13:19:48.8095401+00:00" endTime="2023-10-04T13:19:48.8114145+00:00" testType="13cdc9d9-ddb5-4fa4-a97d-d965ccfc6d4b" outcome="Passed" testListId="8c84fa94-04c1-424b-9868-57a2d4851a1d" relativeResultsDirectory="c37c8eb3-bf9b-4199-ae18-d0db719fcc59" />
    <UnitTestResult executionId="d1558697-33ed-49f3-b2bf-32a464ca0e62" testId="baec9a34-662b-48ee-819d-dbd9f006be4b" testName="EventBridge_Controller_SNSDisabled" computerName="ip-10-8-96-225" duration="00:00:02.5939247" startTime="2023-10-04T13:20:20.3348946+00:00" endTime="2023-10-04T13:20:22.9290550+00:00" testType="13cdc9d9-ddb5-4fa4-a97d-d965ccfc6d4b" outcome="Passed" testListId="8c84fa94-04c1-424b-9868-57a2d4851a1d" relativeResultsDirectory="d1558697-33ed-49f3-b2bf-32a464ca0e62">
      <Output>
        <StdOut>CommunicatorBaseUri is http://localhost:5011/
loanServ.BaseUri is https://api.sharedsvcs-nonprod.asb.local/
eDocs.NautilusBaseUrl is http://nautilus.d3couple.local/
OpenTelemetry tracing is disabled, make sure the keys (DynaTraceToken, DynaTraceTenantID, DynaTraceTraceUrl) are in the secret/configuration



Debug Trace:
Using EIS Private service at : https://api.sharedsvcs-nonprod.asb.local/
Using EIS Private service at : https://api-origin.dev.associatedbankservices.com/api/dev/addrssparsr</StdOut>
      </Output>
    </UnitTestResult>
    <UnitTestResult executionId="5ed37ff1-b6fb-4a19-bcec-58a6ba9e0086" testId="ad7af026-9fae-4f46-a63f-8f8fc805cdcf" testName="When1037Fails_ReturnFailure" computerName="ip-10-8-96-225" duration="00:00:00.0056692" startTime="2023-10-04T13:20:17.1436274+00:00" endTime="2023-10-04T13:20:17.1497420+00:00" testType="13cdc9d9-ddb5-4fa4-a97d-d965ccfc6d4b" outcome="Passed" testListId="8c84fa94-04c1-424b-9868-57a2d4851a1d" relativeResultsDirectory="5ed37ff1-b6fb-4a19-bcec-58a6ba9e0086" />
    <UnitTestResult executionId="7e195b8b-aa7c-4899-a7a1-68ae066c5abe" testId="029d2a59-73d7-4bcd-815d-e567a640e011" testName="WhenMortgage_ReturnSuccessfulAccount" computerName="ip-10-8-96-225" duration="00:00:00.0015439" startTime="2023-10-04T13:20:17.1395863+00:00" endTime="2023-10-04T13:20:17.1411874+00:00" testType="13cdc9d9-ddb5-4fa4-a97d-d965ccfc6d4b" outcome="Passed" testListId="8c84fa94-04c1-424b-9868-57a2d4851a1d" relativeResultsDirectory="7e195b8b-aa7c-4899-a7a1-68ae066c5abe" />
    <UnitTestResult executionId="6b184492-ed11-4b76-8971-9dbdf1b25ea6" testId="eca72b62-00c4-425b-b14e-610f280c1e9c" testName="EventBridge_Controller_IncompleteData" computerName="ip-10-8-96-225" duration="00:00:02.4507444" startTime="2023-10-04T13:20:28.1841592+00:00" endTime="2023-10-04T13:20:30.6350229+00:00" testType="13cdc9d9-ddb5-4fa4-a97d-d965ccfc6d4b" outcome="Passed" testListId="8c84fa94-04c1-424b-9868-57a2d4851a1d" relativeResultsDirectory="6b184492-ed11-4b76-8971-9dbdf1b25ea6">
      <Output>
        <StdOut>CommunicatorBaseUri is http://localhost:5011/
loanServ.BaseUri is https://api.sharedsvcs-nonprod.asb.local/
eDocs.NautilusBaseUrl is http://nautilus.d3couple.local/
OpenTelemetry tracing is disabled, make sure the keys (DynaTraceToken, DynaTraceTenantID, DynaTraceTraceUrl) are in the secret/configuration



Debug Trace:
Using EIS Private service at : https://api.sharedsvcs-nonprod.asb.local/
Using EIS Private service at : https://api-origin.dev.associatedbankservices.com/api/dev/addrssparsr</StdOut>
      </Output>
    </UnitTestResult>
    <UnitTestResult executionId="4a6419c3-c35e-4c10-93d0-c56875575db1" testId="8c1471e0-4cd5-4e0a-9864-a04a637de5b0" testName="EISClientTruvGetBridgerToken_SuccessTest" computerName="ip-10-8-96-225" duration="00:00:00.0058435" startTime="2023-10-04T13:16:43.6225169+00:00" endTime="2023-10-04T13:16:43.6284893+00:00" testType="13cdc9d9-ddb5-4fa4-a97d-d965ccfc6d4b" outcome="Passed" testListId="8c84fa94-04c1-424b-9868-57a2d4851a1d" relativeResultsDirectory="4a6419c3-c35e-4c10-93d0-c56875575db1" />
    <UnitTestResult executionId="3c8ecdd4-126d-4470-b91b-db02e9fad44d" testId="e81e4999-d4bd-4293-8a40-5630c27f9402" testName="EdocEnrollment_EnrollNotices_FailureResponseFromCommunicator" computerName="ip-10-8-96-225" duration="00:00:00.0079192" startTime="2023-10-04T13:20:47.4400793+00:00" endTime="2023-10-04T13:20:47.4481705+00:00" testType="13cdc9d9-ddb5-4fa4-a97d-d965ccfc6d4b" outcome="Passed" testListId="8c84fa94-04c1-424b-9868-57a2d4851a1d" relativeResultsDirectory="3c8ecdd4-126d-4470-b91b-db02e9fad44d" />
    <UnitTestResult executionId="6098b81f-c417-4d26-bec9-075793f969b5" testId="6b4c2b18-d4a0-45f1-b856-ae8413d34c87" testName="IntradayHandlerLoanTests_GetAccountsAndTransactions_LNHelocOnly" computerName="ip-10-8-96-225" duration="00:00:00.0066763" startTime="2023-10-04T13:19:48.2195823+00:00" endTime="2023-10-04T13:19:48.2263617+00:00" testType="13cdc9d9-ddb5-4fa4-a97d-d965ccfc6d4b" outcome="Passed" testListId="8c84fa94-04c1-424b-9868-57a2d4851a1d" relativeResultsDirectory="6098b81f-c417-4d26-bec9-075793f969b5" />
    <UnitTestResult executionId="4cc912bb-3f48-4a7b-b8b3-5b3e0bd5ff22" testId="53497056-e6ee-493e-a6a0-8888d3bb457e" testName="OnDemandController_SyncALL_SingleSignatureLoanFaked_Sync" computerName="ip-10-8-96-225" duration="00:00:00.0300022" startTime="2023-10-04T13:19:47.6309779+00:00" endTime="2023-10-04T13:19:47.6610840+00:00" testType="13cdc9d9-ddb5-4fa4-a97d-d965ccfc6d4b" outcome="Passed" testListId="8c84fa94-04c1-424b-9868-57a2d4851a1d" relativeResultsDirectory="4cc912bb-3f48-4a7b-b8b3-5b3e0bd5ff22" />
    <UnitTestResult executionId="63cd8ccb-7b8c-44ef-a553-549885e4d054" testId="ed5b0dcb-4956-48c5-be9e-d824e7ca9b99" testName="UpdateProfile_ProfileUpdate_BadDOB" computerName="ip-10-8-96-225" duration="00:00:00.1550527" startTime="2023-10-04T13:17:45.0611527+00:00" endTime="2023-10-04T13:17:45.2163291+00:00" testType="13cdc9d9-ddb5-4fa4-a97d-d965ccfc6d4b" outcome="Passed" testListId="8c84fa94-04c1-424b-9868-57a2d4851a1d" relativeResultsDirectory="63cd8ccb-7b8c-44ef-a553-549885e4d054" />
    <UnitTestResult executionId="11c64ee3-a61c-4418-acb9-7f7e5bc0e4a0" testId="9b6f7d8d-ee53-477e-b8bc-e4dd55d00548" testName="both_accounts_not_found" computerName="ip-10-8-96-225" duration="00:00:00.0002701" startTime="2023-10-04T13:16:42.3544131+00:00" endTime="2023-10-04T13:16:42.3547982+00:00" testType="13cdc9d9-ddb5-4fa4-a97d-d965ccfc6d4b" outcome="Passed" testListId="8c84fa94-04c1-424b-9868-57a2d4851a1d" relativeResultsDirectory="11c64ee3-a61c-4418-acb9-7f7e5bc0e4a0" />
    <UnitTestResult executionId="e5725651-43e7-437f-bd73-d52d8c5a038c" testId="a0ccd1a0-7f21-407e-8d45-e33222c2002c" testName="TestLogging_ExceptionThrown" computerName="ip-10-8-96-225" duration="00:00:00.0147736" startTime="2023-10-04T13:19:36.4367808+00:00" endTime="2023-10-04T13:19:36.4516590+00:00" testType="13cdc9d9-ddb5-4fa4-a97d-d965ccfc6d4b" outcome="Passed" testListId="8c84fa94-04c1-424b-9868-57a2d4851a1d" relativeResultsDirectory="e5725651-43e7-437f-bd73-d52d8c5a038c" />
    <UnitTestResult executionId="6da910d6-ed25-4536-979a-43d9e76b1e68" testId="4bdf38cd-dcc7-4cf6-97b6-eb695ef9cad8" testName="IntradayHandlerLoanTests_CreateTransaction_CSPNotNumbers" computerName="ip-10-8-96-225" duration="00:00:00.0002422" startTime="2023-10-04T13:19:48.2485835+00:00" endTime="2023-10-04T13:19:48.2488969+00:00" testType="13cdc9d9-ddb5-4fa4-a97d-d965ccfc6d4b" outcome="Passed" testListId="8c84fa94-04c1-424b-9868-57a2d4851a1d" relativeResultsDirectory="6da910d6-ed25-4536-979a-43d9e76b1e68" />
    <UnitTestResult executionId="d7249fc4-b2ad-4bf6-9bcc-d25b634c1b42" testId="7bc83adb-41c5-41a5-b81c-765994612f39" testName="UpdateProfileAddress_SimulateCIFTranslationFailed" computerName="ip-10-8-96-225" duration="00:00:03.2766516" startTime="2023-10-04T13:19:27.6603529+00:00" endTime="2023-10-04T13:19:30.9371952+00:00" testType="13cdc9d9-ddb5-4fa4-a97d-d965ccfc6d4b" outcome="Passed" testListId="8c84fa94-04c1-424b-9868-57a2d4851a1d" relativeResultsDirectory="d7249fc4-b2ad-4bf6-9bcc-d25b634c1b42">
      <Output>
        <StdOut>CommunicatorBaseUri is http://localhost:5011/
loanServ.BaseUri is https://api.sharedsvcs-nonprod.asb.local/
eDocs.NautilusBaseUrl is http://nautilus.d3couple.local/
OpenTelemetry tracing is disabled, make sure the keys (DynaTraceToken, DynaTraceTenantID, DynaTraceTraceUrl) are in the secret/configuration



Debug Trace:
Using EIS Private service at : https://api.sharedsvcs-nonprod.asb.local/
Using EIS Private service at : https://api-origin.dev.associatedbankservices.com/api/dev/addrssparsr</StdOut>
      </Output>
    </UnitTestResult>
    <UnitTestResult executionId="2180dfe1-8664-4628-8320-5512993e4d39" testId="44619b33-8945-417e-803a-632649dac802" testName="SnowflakeDBConformTests_EntityCIFByAcctIdAndUserId_MultipleCifsExceptionExpected" computerName="ip-10-8-96-225" duration="00:00:00.0055182" startTime="2023-10-04T13:16:43.6787335+00:00" endTime="2023-10-04T13:16:43.6843591+00:00" testType="13cdc9d9-ddb5-4fa4-a97d-d965ccfc6d4b" outcome="Passed" testListId="8c84fa94-04c1-424b-9868-57a2d4851a1d" relativeResultsDirectory="2180dfe1-8664-4628-8320-5512993e4d39">
      <Output>
        <StdOut>Debug Trace:
-1 &lt; 2
testcif12313
0 &lt; 2
testcif12313b
1 &lt; 2
-1 &lt; 2
0 &lt; 2
1 &lt; 2</StdOut>
      </Output>
    </UnitTestResult>
    <UnitTestResult executionId="84df8808-cbb1-4def-b775-01386f1dccd0" testId="2d6b1557-3c62-4fbc-9410-fa0a01ea97bb" testName="UpdateProfile_ContactPhone2" computerName="ip-10-8-96-225" duration="00:00:00.1751745" startTime="2023-10-04T13:17:43.7206170+00:00" endTime="2023-10-04T13:17:43.8959451+00:00" testType="13cdc9d9-ddb5-4fa4-a97d-d965ccfc6d4b" outcome="Passed" testListId="8c84fa94-04c1-424b-9868-57a2d4851a1d" relativeResultsDirectory="84df8808-cbb1-4def-b775-01386f1dccd0" />
    <UnitTestResult executionId="65737449-ab34-4ba8-96d5-0e27db8315a4" testId="3194d2c5-b41c-4442-936b-3c1dad72ec86" testName="IntradayController_AccountRoute_SyncTypeUSER_Invalid" computerName="ip-10-8-96-225" duration="00:00:00.0012898" startTime="2023-10-04T13:19:47.9895275+00:00" endTime="2023-10-04T13:19:47.9908880+00:00" testType="13cdc9d9-ddb5-4fa4-a97d-d965ccfc6d4b" outcome="Passed" testListId="8c84fa94-04c1-424b-9868-57a2d4851a1d" relativeResultsDirectory="65737449-ab34-4ba8-96d5-0e27db8315a4" />
    <UnitTestResult executionId="bbd14c02-2351-473e-a83c-09cd7b21e54e" testId="9451785e-684f-44db-8ba6-f47c8421fb36" testName="TestHeadersForTraceScope_MissingFile" computerName="ip-10-8-96-225" duration="00:00:00.1623618" startTime="2023-10-04T13:19:36.7786626+00:00" endTime="2023-10-04T13:19:36.9411385+00:00" testType="13cdc9d9-ddb5-4fa4-a97d-d965ccfc6d4b" outcome="Passed" testListId="8c84fa94-04c1-424b-9868-57a2d4851a1d" relativeResultsDirectory="bbd14c02-2351-473e-a83c-09cd7b21e54e" />
    <UnitTestResult executionId="964b86ea-9f35-46ef-87d6-b88ea7233db3" testId="67e838ac-6e48-449d-9f2c-25e93d5926fd" testName="LoanAcctTrnInqWS_ReturnResults" computerName="ip-10-8-96-225" duration="00:00:00.0151975" startTime="2023-10-04T13:17:36.2336945+00:00" endTime="2023-10-04T13:17:36.4043377+00:00" testType="13cdc9d9-ddb5-4fa4-a97d-d965ccfc6d4b" outcome="Passed" testListId="8c84fa94-04c1-424b-9868-57a2d4851a1d" relativeResultsDirectory="964b86ea-9f35-46ef-87d6-b88ea7233db3" />
    <UnitTestResult executionId="6da216ae-37ef-409f-aaaf-b5c92e2f7192" testId="7e84fda8-99f5-431f-adc1-192ea852f701" testName="WhenCommunicatorFails_TransferFundsFailsWith500" computerName="ip-10-8-96-225" duration="00:00:00.1466395" startTime="2023-10-04T13:17:31.3564180+00:00" endTime="2023-10-04T13:17:31.5032175+00:00" testType="13cdc9d9-ddb5-4fa4-a97d-d965ccfc6d4b" outcome="Passed" testListId="8c84fa94-04c1-424b-9868-57a2d4851a1d" relativeResultsDirectory="6da216ae-37ef-409f-aaaf-b5c92e2f7192" />
    <UnitTestResult executionId="4746cc97-6a0a-4436-927e-628016131eb9" testId="45664246-3912-4e84-a2d2-0cf75694f032" testName="PersoneticsController_StartChat_Success" computerName="ip-10-8-96-225" duration="00:00:02.9043599" startTime="2023-10-04T13:19:36.9414596+00:00" endTime="2023-10-04T13:19:44.5555223+00:00" testType="13cdc9d9-ddb5-4fa4-a97d-d965ccfc6d4b" outcome="Passed" testListId="8c84fa94-04c1-424b-9868-57a2d4851a1d" relativeResultsDirectory="4746cc97-6a0a-4436-927e-628016131eb9">
      <Output>
        <StdOut>CommunicatorBaseUri is http://localhost:5011/
loanServ.BaseUri is https://api.sharedsvcs-nonprod.asb.local/
eDocs.NautilusBaseUrl is http://nautilus.d3couple.local/
OpenTelemetry tracing is disabled, make sure the keys (DynaTraceToken, DynaTraceTenantID, DynaTraceTraceUrl) are in the secret/configuration
CommunicatorBaseUri is http://localhost:5011/
loanServ.BaseUri is https://api.sharedsvcs-nonprod.asb.local/
eDocs.NautilusBaseUrl is http://nautilus.d3couple.local/
OpenTelemetry tracing is disabled, make sure the keys (DynaTraceToken, DynaTraceTenantID, DynaTraceTraceUrl) are in the secret/configuration
CommunicatorBaseUri is http://localhost:5011/
loanServ.BaseUri is https://api.sharedsvcs-nonprod.asb.local/
eDocs.NautilusBaseUrl is http://nautilus.d3couple.local/
OpenTelemetry tracing is disabled, make sure the keys (DynaTraceToken, DynaTraceTenantID, DynaTraceTraceUrl) are in the secret/configuration



Debug Trace:
Using EIS Private service at : https://api.sharedsvcs-nonprod.asb.local/
Using EIS Private service at : https://api-origin.dev.associatedbankservices.com/api/dev/addrssparsr
Using EIS Private service at : https://api.sharedsvcs-nonprod.asb.local/
Using EIS Private service at : https://api-origin.dev.associatedbankservices.com/api/dev/addrssparsr
Using EIS Private service at : https://api.sharedsvcs-nonprod.asb.local/
Using EIS Private service at : https://api-origin.dev.associatedbankservices.com/api/dev/addrssparsr</StdOut>
      </Output>
    </UnitTestResult>
    <UnitTestResult executionId="93db7918-2a8b-4ad1-958a-44a671298df0" testId="3ba4703c-7672-4954-a13d-4529d40fcf66" testName="WhenInvalidRequest_ThenBadResponse (class UserVerificationResponse {&#xA;  AccountType: Personal&#xA;  AccountNumber: &#xA;  DebitCardNumber: 5147505055555555&#xA;  DateOfBirth: &#xA;  TaxId: &#xA;  Context: SELF-ENROLLMENT&#xA;}&#xA;)" computerName="ip-10-8-96-225" duration="00:00:00.0007223" startTime="2023-10-04T13:17:45.3700581+00:00" endTime="2023-10-04T13:17:45.3810445+00:00" testType="13cdc9d9-ddb5-4fa4-a97d-d965ccfc6d4b" outcome="Passed" testListId="8c84fa94-04c1-424b-9868-57a2d4851a1d" relativeResultsDirectory="93db7918-2a8b-4ad1-958a-44a671298df0" />
    <UnitTestResult executionId="aa42c3f7-1c95-4d00-8726-00f8f6d840f7" testId="38021581-a786-4238-9f09-d7d2c6cd9063" testName="IntradayController_SyncACCOUNTS_SingleCreditCardFaked_FakeException" computerName="ip-10-8-96-225" duration="00:00:00.0054911" startTime="2023-10-04T13:19:47.9581065+00:00" endTime="2023-10-04T13:19:47.9637118+00:00" testType="13cdc9d9-ddb5-4fa4-a97d-d965ccfc6d4b" outcome="Passed" testListId="8c84fa94-04c1-424b-9868-57a2d4851a1d" relativeResultsDirectory="aa42c3f7-1c95-4d00-8726-00f8f6d840f7" />
    <UnitTestResult executionId="0c8b163a-dee9-46fd-8b64-eba962d1e4d7" testId="c74d744b-2b01-4f66-86ae-dc922fdabc6d" testName="WhenCustomerFoundByDebitNumberAndDOBMatches__NotFoundInSF_FoundInSignatureClosedStatus_ThenFail (SV)" computerName="ip-10-8-96-225" duration="00:00:00.1483678" startTime="2023-10-04T13:17:51.2470686+00:00" endTime="2023-10-04T13:17:51.3956006+00:00" testType="13cdc9d9-ddb5-4fa4-a97d-d965ccfc6d4b" outcome="Passed" testListId="8c84fa94-04c1-424b-9868-57a2d4851a1d" relativeResultsDirectory="0c8b163a-dee9-46fd-8b64-eba962d1e4d7">
      <Output>
        <StdOut>\u001b[40m\u001b[32minfo\u001b[39m\u001b[22m\u001b[49m: D3.CoreLive.Service.WorkerServices.VerifyUserWS[0]
      User Verification Succeeded with null userId.  New userId has been generated
\u001b[40m\u001b[32minfo\u001b[39m\u001b[22m\u001b[49m: D3.CoreLive.Service.WorkerServices.VerifyUserWS[0]
      User Not Found In Entity
\u001b[40m\u001b[32minfo\u001b[39m\u001b[22m\u001b[49m: D3.CoreLive.Service.WorkerServices.VerifyUserWS[0]
      Customer Found With 0 Account(s)
\u001b[41m\u001b[30mfail\u001b[39m\u001b[22m\u001b[49m: D3.CoreLive.Service.WorkerServices.VerifyUserWS[0]
      Invalid Account Status
\u001b[40m\u001b[1m\u001b[33mwarn\u001b[39m\u001b[22m\u001b[49m: D3.CoreLive.Service.WorkerServices.VerifyUserWS[0]
      IsUserVerifiedWithAccount Signature account not found in good status.



Debug Trace:
Debug - CustomerListInquiryWS:BuildCustomerListInquiryRequest - request id f6aed6b9-e9a3-4b42-803c-c92a9821ca05</StdOut>
      </Output>
    </UnitTestResult>
    <UnitTestResult executionId="29664fd6-c3e6-4286-9bbe-855937b0555e" testId="636ac2da-be3e-49c9-bf34-2e1cac5c3619" testName="AccountInquiryWS_WithNullDataType" computerName="ip-10-8-96-225" duration="00:00:00.3045806" startTime="2023-10-04T13:16:45.8028690+00:00" endTime="2023-10-04T13:16:46.1075920+00:00" testType="13cdc9d9-ddb5-4fa4-a97d-d965ccfc6d4b" outcome="Passed" testListId="8c84fa94-04c1-424b-9868-57a2d4851a1d" relativeResultsDirectory="29664fd6-c3e6-4286-9bbe-855937b0555e" />
    <UnitTestResult executionId="a1e2baa1-6139-4686-aa35-30dfe5081941" testId="62a3260f-161f-4dd0-9027-965170fa093b" testName="UpdateProfile_ProfileUpdate" computerName="ip-10-8-96-225" duration="00:00:00.3763628" startTime="2023-10-04T13:17:44.0931308+00:00" endTime="2023-10-04T13:17:44.4695877+00:00" testType="13cdc9d9-ddb5-4fa4-a97d-d965ccfc6d4b" outcome="Passed" testListId="8c84fa94-04c1-424b-9868-57a2d4851a1d" relativeResultsDirectory="a1e2baa1-6139-4686-aa35-30dfe5081941" />
    <UnitTestResult executionId="b5e6ef8f-b013-4e8c-a103-7dd97a72c59a" testId="e0985a67-7fb4-4d1c-8645-ea392195e66b" testName="EventBridge_Controller_Basic" computerName="ip-10-8-96-225" duration="00:00:02.7584528" startTime="2023-10-04T13:20:22.9296976+00:00" endTime="2023-10-04T13:20:25.6882788+00:00" testType="13cdc9d9-ddb5-4fa4-a97d-d965ccfc6d4b" outcome="Passed" testListId="8c84fa94-04c1-424b-9868-57a2d4851a1d" relativeResultsDirectory="b5e6ef8f-b013-4e8c-a103-7dd97a72c59a">
      <Output>
        <StdOut>CommunicatorBaseUri is http://localhost:5011/
loanServ.BaseUri is https://api.sharedsvcs-nonprod.asb.local/
eDocs.NautilusBaseUrl is http://nautilus.d3couple.local/
OpenTelemetry tracing is disabled, make sure the keys (DynaTraceToken, DynaTraceTenantID, DynaTraceTraceUrl) are in the secret/configuration



Debug Trace:
Using EIS Private service at : https://api.sharedsvcs-nonprod.asb.local/
Using EIS Private service at : https://api-origin.dev.associatedbankservices.com/api/dev/addrssparsr</StdOut>
      </Output>
    </UnitTestResult>
    <UnitTestResult executionId="e77d36da-fcb2-49a9-8957-e7eba4f6f100" testId="454e8c2a-8a5f-487d-bfe9-1eb578ee7c15" testName="MultipleAccounts_Success_DisassociatedAndChargedOff" computerName="ip-10-8-96-225" duration="00:00:00.0012614" startTime="2023-10-04T13:19:48.6170351+00:00" endTime="2023-10-04T13:19:48.6183627+00:00" testType="13cdc9d9-ddb5-4fa4-a97d-d965ccfc6d4b" outcome="Passed" testListId="8c84fa94-04c1-424b-9868-57a2d4851a1d" relativeResultsDirectory="e77d36da-fcb2-49a9-8957-e7eba4f6f100" />
    <UnitTestResult executionId="22651acd-bc75-47f7-b2ab-4cb63b7b5b65" testId="72e0afc7-a57a-4234-9c73-f1194fe1e5b2" testName="StopPaymentTests_ZeroCheckNumber_CommunicatorErrorExpected" computerName="ip-10-8-96-225" duration="00:00:00.1565183" startTime="2023-10-04T13:17:38.1739563+00:00" endTime="2023-10-04T13:17:38.3305752+00:00" testType="13cdc9d9-ddb5-4fa4-a97d-d965ccfc6d4b" outcome="Passed" testListId="8c84fa94-04c1-424b-9868-57a2d4851a1d" relativeResultsDirectory="22651acd-bc75-47f7-b2ab-4cb63b7b5b65" />
    <UnitTestResult executionId="de887488-d217-4053-92d6-be150995c069" testId="ed4e3d6a-0376-4cda-ab41-88a87af0a0f6" testName="AccountInquiry_DeserializeResponse_AccountInquiryRs_Detail_Loan" computerName="ip-10-8-96-225" duration="00:00:00.0017051" startTime="2023-10-04T13:21:08.6560306+00:00" endTime="2023-10-04T13:21:08.6577933+00:00" testType="13cdc9d9-ddb5-4fa4-a97d-d965ccfc6d4b" outcome="Passed" testListId="8c84fa94-04c1-424b-9868-57a2d4851a1d" relativeResultsDirectory="de887488-d217-4053-92d6-be150995c069" />
    <UnitTestResult executionId="7aece4be-6f42-4db2-b300-790fe7b6fa6c" testId="91c8b067-621b-4dcd-970f-8079c9ab5ce2" testName="WhenLoanServDrawFailsOnCommunicatorTransfer_TransferFailsWith400" computerName="ip-10-8-96-225" duration="00:00:00.1502452" startTime="2023-10-04T13:17:34.3318510+00:00" endTime="2023-10-04T13:17:34.4822274+00:00" testType="13cdc9d9-ddb5-4fa4-a97d-d965ccfc6d4b" outcome="Passed" testListId="8c84fa94-04c1-424b-9868-57a2d4851a1d" relativeResultsDirectory="7aece4be-6f42-4db2-b300-790fe7b6fa6c" />
    <UnitTestResult executionId="d2b9902d-945a-4b9e-b06a-213b7073186f" testId="da6f2218-e96b-49d1-8ac3-5f1e2fb11cb9" testName="UpdateProfile_ProfileUpdate_GenderNotMaleOrFemale" computerName="ip-10-8-96-225" duration="00:00:00.1700343" startTime="2023-10-04T13:17:44.6892766+00:00" endTime="2023-10-04T13:17:44.8594386+00:00" testType="13cdc9d9-ddb5-4fa4-a97d-d965ccfc6d4b" outcome="Passed" testListId="8c84fa94-04c1-424b-9868-57a2d4851a1d" relativeResultsDirectory="d2b9902d-945a-4b9e-b06a-213b7073186f" />
    <UnitTestResult executionId="03290a6c-db94-4d36-8c36-ce3ece31c471" testId="c50c150d-a20d-468c-9fe7-1e4e7a1aa985" testName="StopPaymentTests_NoCSP" computerName="ip-10-8-96-225" duration="00:00:00.2050966" startTime="2023-10-04T13:17:40.1984961+00:00" endTime="2023-10-04T13:17:40.4036982+00:00" testType="13cdc9d9-ddb5-4fa4-a97d-d965ccfc6d4b" outcome="Passed" testListId="8c84fa94-04c1-424b-9868-57a2d4851a1d" relativeResultsDirectory="03290a6c-db94-4d36-8c36-ce3ece31c471" />
    <UnitTestResult executionId="288a86fe-eabb-4e61-9a14-97563b3f1512" testId="4f11ccbc-d852-4ca1-bc83-52dba3c4c755" testName="WhenLoanServPaymentFails_TransferFundsFailsWith400" computerName="ip-10-8-96-225" duration="00:00:00.3078674" startTime="2023-10-04T13:17:33.8746559+00:00" endTime="2023-10-04T13:17:34.1826316+00:00" testType="13cdc9d9-ddb5-4fa4-a97d-d965ccfc6d4b" outcome="Passed" testListId="8c84fa94-04c1-424b-9868-57a2d4851a1d" relativeResultsDirectory="288a86fe-eabb-4e61-9a14-97563b3f1512" />
    <UnitTestResult executionId="ed64c72f-d926-44b0-b476-732e1e965430" testId="29db4c79-905c-479c-b778-7a52b00c2913" testName="WhenOneAcctIsDDA_GenerateOneTransaction" computerName="ip-10-8-96-225" duration="00:00:00.1311197" startTime="2023-10-04T13:17:34.9774898+00:00" endTime="2023-10-04T13:17:35.1087279+00:00" testType="13cdc9d9-ddb5-4fa4-a97d-d965ccfc6d4b" outcome="Passed" testListId="8c84fa94-04c1-424b-9868-57a2d4851a1d" relativeResultsDirectory="ed64c72f-d926-44b0-b476-732e1e965430" />
    <UnitTestResult executionId="b4c65cd7-b2d9-4f1f-9dca-bda87d4a72d4" testId="4bfbbaa8-2ca2-4b85-bbd8-1f13edf2f8e8" testName="WhenCustomerFoundByDebitNumberAndDOBMatches__NotFoundInSF_FoundInSignatureClosedStatus_ThenFail (DD)" computerName="ip-10-8-96-225" duration="00:00:00.2194488" startTime="2023-10-04T13:17:51.3959472+00:00" endTime="2023-10-04T13:17:51.6155472+00:00" testType="13cdc9d9-ddb5-4fa4-a97d-d965ccfc6d4b" outcome="Passed" testListId="8c84fa94-04c1-424b-9868-57a2d4851a1d" relativeResultsDirectory="b4c65cd7-b2d9-4f1f-9dca-bda87d4a72d4">
      <Output>
        <StdOut>\u001b[40m\u001b[32minfo\u001b[39m\u001b[22m\u001b[49m: D3.CoreLive.Service.WorkerServices.VerifyUserWS[0]
      User Not Found In Entity



Debug Trace:
Debug - CustomerListInquiryWS:BuildCustomerListInquiryRequest - request id 08fc3351-887d-41c2-abf3-011ed91f9dfe</StdOut>
      </Output>
    </UnitTestResult>
    <UnitTestResult executionId="6c6d6211-0f7f-43dd-aa04-ee1262d0b872" testId="90076f20-a517-462e-85fe-0bb0da9c2a1d" testName="SigLoanAccountInquiryHandler_Error" computerName="ip-10-8-96-225" duration="00:00:00.1622819" startTime="2023-10-04T13:20:17.6987608+00:00" endTime="2023-10-04T13:20:17.8611559+00:00" testType="13cdc9d9-ddb5-4fa4-a97d-d965ccfc6d4b" outcome="Passed" testListId="8c84fa94-04c1-424b-9868-57a2d4851a1d" relativeResultsDirectory="6c6d6211-0f7f-43dd-aa04-ee1262d0b872" />
    <UnitTestResult executionId="7f67de5e-5d9b-4bcd-b8d4-0dfb91a53b54" testId="a9d50e23-442a-409f-9641-2aed436bff33" testName="WhenCustomerFoundByAccountNumberButDOBDoesNotMatch_ThenUnsuccessfulResponse" computerName="ip-10-8-96-225" duration="00:00:00.1532903" startTime="2023-10-04T13:17:46.9605922+00:00" endTime="2023-10-04T13:17:47.1140073+00:00" testType="13cdc9d9-ddb5-4fa4-a97d-d965ccfc6d4b" outcome="Passed" testListId="8c84fa94-04c1-424b-9868-57a2d4851a1d" relativeResultsDirectory="7f67de5e-5d9b-4bcd-b8d4-0dfb91a53b54">
      <Output>
        <StdOut>\u001b[41m\u001b[30mfail\u001b[39m\u001b[22m\u001b[49m: D3.CoreLive.Service.WorkerServices.VerifyUserWS[0]
      Invalid Account Status Code
\u001b[40m\u001b[32minfo\u001b[39m\u001b[22m\u001b[49m: D3.CoreLive.Service.WorkerServices.VerifyUserWS[0]
      User Not Found In Entity



Debug Trace:
Debug - CustomerListInquiryWS:BuildCustomerListInquiryRequest - request id 1d777f92-6438-49e6-bfe1-b191f6f9b42e</StdOut>
      </Output>
    </UnitTestResult>
    <UnitTestResult executionId="450eba7b-7e9d-41aa-9699-3fb20b242567" testId="2f482f49-507b-4637-80d3-ad20ab132fa4" testName="AccountInquiryWS_WithNullDataAccount" computerName="ip-10-8-96-225" duration="00:00:00.3432576" startTime="2023-10-04T13:16:45.4590690+00:00" endTime="2023-10-04T13:16:45.8025536+00:00" testType="13cdc9d9-ddb5-4fa4-a97d-d965ccfc6d4b" outcome="Passed" testListId="8c84fa94-04c1-424b-9868-57a2d4851a1d" relativeResultsDirectory="450eba7b-7e9d-41aa-9699-3fb20b242567">
      <Output>
        <StdOut>\u001b[41m\u001b[30mfail\u001b[39m\u001b[22m\u001b[49m: D3.CoreLive.Service.WorkerServices.AccountInquiryWS[0]
      Customer record not found in Signature</StdOut>
      </Output>
    </UnitTestResult>
    <UnitTestResult executionId="fbbcb41b-b102-4a46-b8ad-e8ccb0123cbd" testId="b659abc8-25a1-4310-b469-dfda1b4604dd" testName="WhenBusinessFoundByAccountNumberAndTaxIdMatches_ThenSuccessfulResponse" computerName="ip-10-8-96-225" duration="00:00:00.2531962" startTime="2023-10-04T13:17:47.2672633+00:00" endTime="2023-10-04T13:17:47.5206075+00:00" testType="13cdc9d9-ddb5-4fa4-a97d-d965ccfc6d4b" outcome="Passed" testListId="8c84fa94-04c1-424b-9868-57a2d4851a1d" relativeResultsDirectory="fbbcb41b-b102-4a46-b8ad-e8ccb0123cbd" />
    <UnitTestResult executionId="fa71433c-f126-4386-ab2e-d37332180182" testId="33159039-8a11-464c-b353-d093b603c913" testName="EventBridge_Controller_TimedOutWaitingOnSNS" computerName="ip-10-8-96-225" duration="00:00:03.0671588" startTime="2023-10-04T13:20:36.2733214+00:00" endTime="2023-10-04T13:20:39.3406091+00:00" testType="13cdc9d9-ddb5-4fa4-a97d-d965ccfc6d4b" outcome="Passed" testListId="8c84fa94-04c1-424b-9868-57a2d4851a1d" relativeResultsDirectory="fa71433c-f126-4386-ab2e-d37332180182">
      <Output>
        <StdOut>CommunicatorBaseUri is http://localhost:5011/
loanServ.BaseUri is https://api.sharedsvcs-nonprod.asb.local/
eDocs.NautilusBaseUrl is http://nautilus.d3couple.local/
OpenTelemetry tracing is disabled, make sure the keys (DynaTraceToken, DynaTraceTenantID, DynaTraceTraceUrl) are in the secret/configuration



Debug Trace:
Using EIS Private service at : https://api.sharedsvcs-nonprod.asb.local/
Using EIS Private service at : https://api-origin.dev.associatedbankservices.com/api/dev/addrssparsr</StdOut>
      </Output>
    </UnitTestResult>
    <UnitTestResult executionId="fe23b523-f03a-46e3-9f11-9d49ddc42814" testId="9aa5afff-0937-4365-94a4-fecaa73991f1" testName="IntradayHandlerTimeTests_CreateTransactionID" computerName="ip-10-8-96-225" duration="00:00:00.0005406" startTime="2023-10-04T13:19:48.8200099+00:00" endTime="2023-10-04T13:19:48.8206267+00:00" testType="13cdc9d9-ddb5-4fa4-a97d-d965ccfc6d4b" outcome="Passed" testListId="8c84fa94-04c1-424b-9868-57a2d4851a1d" relativeResultsDirectory="fe23b523-f03a-46e3-9f11-9d49ddc42814" />
    <UnitTestResult executionId="2a17a2fe-332e-4c7a-9e16-cf696e83a4f5" testId="6f3a8770-a153-4e50-83f5-1b1a57c6446d" testName="TestHeadersForScope_MissingAmzRequestID" computerName="ip-10-8-96-225" duration="00:00:00.0008865" startTime="2023-10-04T13:19:36.6194331+00:00" endTime="2023-10-04T13:19:36.6203778+00:00" testType="13cdc9d9-ddb5-4fa4-a97d-d965ccfc6d4b" outcome="Passed" testListId="8c84fa94-04c1-424b-9868-57a2d4851a1d" relativeResultsDirectory="2a17a2fe-332e-4c7a-9e16-cf696e83a4f5" />
    <UnitTestResult executionId="d154e27d-dbe6-43c6-bbbf-66d3dd42d0d0" testId="d4d75ede-6809-4c98-90e8-742dae843f3c" testName="MultipleAccountFiltering_Success_UsingSnowFlakeProductCodeSelection" computerName="ip-10-8-96-225" duration="00:00:00.0022663" startTime="2023-10-04T13:19:48.6144676+00:00" endTime="2023-10-04T13:19:48.6168072+00:00" testType="13cdc9d9-ddb5-4fa4-a97d-d965ccfc6d4b" outcome="Passed" testListId="8c84fa94-04c1-424b-9868-57a2d4851a1d" relativeResultsDirectory="d154e27d-dbe6-43c6-bbbf-66d3dd42d0d0" />
    <UnitTestResult executionId="963201ed-ff5e-4ab3-95a8-8d5e2936b814" testId="f37057a5-e22e-4885-b5e8-ebfb1bd335ac" testName="WhenInvalidRequest_ThenBadResponse (class UserVerificationResponse {&#xA;  AccountType: Personal&#xA;  AccountNumber: &#xA;  DebitCardNumber: 5147505055555555&#xA;  DateOfBirth: 1980-01-01&#xA;  TaxId: &#xA;  Context: WRONG-CONTEXT-TYPE&#xA;}&#xA;)" computerName="ip-10-8-96-225" duration="00:00:00.0000067" startTime="2023-10-04T13:17:45.3700581+00:00" endTime="2023-10-04T13:17:45.3810445+00:00" testType="13cdc9d9-ddb5-4fa4-a97d-d965ccfc6d4b" outcome="Passed" testListId="8c84fa94-04c1-424b-9868-57a2d4851a1d" relativeResultsDirectory="963201ed-ff5e-4ab3-95a8-8d5e2936b814">
      <Output>
        <StdOut>\u001b[41m\u001b[30mfail\u001b[39m\u001b[22m\u001b[49m: D3.CoreLive.Service.WorkerServices.VerifyUserWS[0]
      Invalid request format</StdOut>
      </Output>
    </UnitTestResult>
    <UnitTestResult executionId="a42694d3-5af3-4bf5-8de9-3f21de770b60" testId="28d0e286-9eef-4a6b-9b9e-a1066ef830f4" testName="WhenEmptyRequestBody_ThenBadRequestReturned" computerName="ip-10-8-96-225" duration="00:00:00.0108407" startTime="2023-10-04T13:19:10.9832428+00:00" endTime="2023-10-04T13:19:10.9942084+00:00" testType="13cdc9d9-ddb5-4fa4-a97d-d965ccfc6d4b" outcome="Passed" testListId="8c84fa94-04c1-424b-9868-57a2d4851a1d" relativeResultsDirectory="a42694d3-5af3-4bf5-8de9-3f21de770b60" />
    <UnitTestResult executionId="53f4c6ca-7829-4a28-bed1-21e720995116" testId="712d6682-836e-4d7a-9bde-310e3fdb088e" testName="UpdateProfile_WI2AddressUpdate" computerName="ip-10-8-96-225" duration="00:00:00.1650807" startTime="2023-10-04T13:17:41.7430003+00:00" endTime="2023-10-04T13:17:41.9081808+00:00" testType="13cdc9d9-ddb5-4fa4-a97d-d965ccfc6d4b" outcome="Passed" testListId="8c84fa94-04c1-424b-9868-57a2d4851a1d" relativeResultsDirectory="53f4c6ca-7829-4a28-bed1-21e720995116" />
    <UnitTestResult executionId="20e7902a-4c4e-494c-b847-d35e1d9c86bf" testId="723beb85-c963-47bb-a8db-ed1bfbfd07b1" testName="EDocs_GetUserEDocumentListByType_InvalidUID_ExpectEmptyData" computerName="ip-10-8-96-225" duration="00:00:00.0142317" startTime="2023-10-04T13:21:02.3366243+00:00" endTime="2023-10-04T13:21:02.3509450+00:00" testType="13cdc9d9-ddb5-4fa4-a97d-d965ccfc6d4b" outcome="Passed" testListId="8c84fa94-04c1-424b-9868-57a2d4851a1d" relativeResultsDirectory="20e7902a-4c4e-494c-b847-d35e1d9c86bf" />
    <UnitTestResult executionId="5c7a9831-26f4-411e-8c9e-33cc2845c940" testId="8e19caee-fde0-420b-a129-5bed13954267" testName="AccountInquiryWS_WithBadData_ReturnError" computerName="ip-10-8-96-225" duration="00:00:00.7955343" startTime="2023-10-04T13:16:44.6628403+00:00" endTime="2023-10-04T13:16:45.4585416+00:00" testType="13cdc9d9-ddb5-4fa4-a97d-d965ccfc6d4b" outcome="Passed" testListId="8c84fa94-04c1-424b-9868-57a2d4851a1d" relativeResultsDirectory="5c7a9831-26f4-411e-8c9e-33cc2845c940" />
    <UnitTestResult executionId="6ab34c3d-bfea-45e9-8069-299f04f3c6bd" testId="cdd61f77-4d00-4f83-b13d-ff83b4e0ec57" testName="CoreLive_Rest_StopPaymentRange_ReversedToFrom" computerName="ip-10-8-96-225" duration="00:00:01.9567741" startTime="2023-10-04T13:18:23.4292100+00:00" endTime="2023-10-04T13:18:25.3872851+00:00" testType="13cdc9d9-ddb5-4fa4-a97d-d965ccfc6d4b" outcome="Passed" testListId="8c84fa94-04c1-424b-9868-57a2d4851a1d" relativeResultsDirectory="6ab34c3d-bfea-45e9-8069-299f04f3c6bd">
      <Output>
        <StdOut>CommunicatorBaseUri is http://localhost:5011/
loanServ.BaseUri is https://api.sharedsvcs-nonprod.asb.local/
eDocs.NautilusBaseUrl is http://nautilus.d3couple.local/
OpenTelemetry tracing is disabled, make sure the keys (DynaTraceToken, DynaTraceTenantID, DynaTraceTraceUrl) are in the secret/configuration



Debug Trace:
Using EIS Private service at : https://api.sharedsvcs-nonprod.asb.local/
Using EIS Private service at : https://api-origin.dev.associatedbankservices.com/api/dev/addrssparsr</StdOut>
      </Output>
    </UnitTestResult>
    <UnitTestResult executionId="9083c770-d7bf-4296-8f75-2eefb12c5fc6" testId="3aba3159-bb4a-49b8-89e2-dc35ae89065a" testName="StopPaymentRangeTests_AccountNotFound" computerName="ip-10-8-96-225" duration="00:00:00.1448625" startTime="2023-10-04T13:17:39.7144787+00:00" endTime="2023-10-04T13:17:39.8594630+00:00" testType="13cdc9d9-ddb5-4fa4-a97d-d965ccfc6d4b" outcome="Passed" testListId="8c84fa94-04c1-424b-9868-57a2d4851a1d" relativeResultsDirectory="9083c770-d7bf-4296-8f75-2eefb12c5fc6" />
    <UnitTestResult executionId="11a734b8-ca2a-48ed-bdc1-a363103599a9" testId="fae88ca6-702a-4026-8348-b675d5955b6c" testName="WhenValidInputButInvalidAccountStatusNull_ThenUnsuccessfulResponse" computerName="ip-10-8-96-225" duration="00:00:00.1689648" startTime="2023-10-04T13:17:46.3389355+00:00" endTime="2023-10-04T13:17:46.5080839+00:00" testType="13cdc9d9-ddb5-4fa4-a97d-d965ccfc6d4b" outcome="Passed" testListId="8c84fa94-04c1-424b-9868-57a2d4851a1d" relativeResultsDirectory="11a734b8-ca2a-48ed-bdc1-a363103599a9">
      <Output>
        <StdOut>\u001b[41m\u001b[30mfail\u001b[39m\u001b[22m\u001b[49m: D3.CoreLive.Service.WorkerServices.VerifyUserWS[0]
      Invalid Account Status Code
\u001b[41m\u001b[30mfail\u001b[39m\u001b[22m\u001b[49m: D3.CoreLive.Service.WorkerServices.VerifyUserWS[0]
      Invalid Account Status Code
\u001b[40m\u001b[32minfo\u001b[39m\u001b[22m\u001b[49m: D3.CoreLive.Service.WorkerServices.VerifyUserWS[0]
      User Not Found In Entity
\u001b[41m\u001b[30mfail\u001b[39m\u001b[22m\u001b[49m: D3.CoreLive.Service.WorkerServices.VerifyUserWS[0]
      Invalid Account Status Code



Debug Trace:
Debug - CustomerListInquiryWS:BuildCustomerListInquiryRequest - request id 0ac1a938-3b02-4a1b-a267-ad01d7df1711</StdOut>
      </Output>
    </UnitTestResult>
    <UnitTestResult executionId="3b6d9dcf-46dc-4ae9-b16b-99b1c25cd893" testId="39f7b653-a4a8-4d01-84ca-48d7a44d18fa" testName="CustomerListInquiryWS_CursorSuccess" computerName="ip-10-8-96-225" duration="00:00:00.1689404" startTime="2023-10-04T13:16:49.6996082+00:00" endTime="2023-10-04T13:16:49.8686555+00:00" testType="13cdc9d9-ddb5-4fa4-a97d-d965ccfc6d4b" outcome="Passed" testListId="8c84fa94-04c1-424b-9868-57a2d4851a1d" relativeResultsDirectory="3b6d9dcf-46dc-4ae9-b16b-99b1c25cd893" />
    <UnitTestResult executionId="a17ffccd-6ee0-4b17-bc48-db2f2d1a1e54" testId="e185afd7-967f-456e-a939-9ee699d4dc3b" testName="StopPaymentHistoryTests_GeneralError" computerName="ip-10-8-96-225" duration="00:00:00.1480347" startTime="2023-10-04T13:17:37.8675321+00:00" endTime="2023-10-04T13:17:38.0156944+00:00" testType="13cdc9d9-ddb5-4fa4-a97d-d965ccfc6d4b" outcome="Passed" testListId="8c84fa94-04c1-424b-9868-57a2d4851a1d" relativeResultsDirectory="a17ffccd-6ee0-4b17-bc48-db2f2d1a1e54">
      <Output>
        <StdOut>\u001b[41m\u001b[30mfail\u001b[39m\u001b[22m\u001b[49m: D3.CoreLive.Service.WorkerServices.StopPaymentWS[0]
      CommunicatorClient.StopChkInqRq failed - : &lt;?xml version="1.0" encoding="utf-16"?&gt;
      &lt;IFX xmlns:xsi="http://www.w3.org/2001/XMLSchema-instance" xmlns:xsd="http://www.w3.org/2001/XMLSchema"&gt;
        &lt;GeneralStatus&gt;
          &lt;StatusCode&gt;-1&lt;/StatusCode&gt;
          &lt;StatusLevel&gt;IFX&lt;/StatusLevel&gt;
          &lt;StatusDesc&gt;bobs undefined error&lt;/StatusDesc&gt;
        &lt;/GeneralStatus&gt;
        &lt;Status&gt;
          &lt;StatusCode&gt;0&lt;/StatusCode&gt;
          &lt;Severity&gt;Info&lt;/Severity&gt;
          &lt;StatusDesc&gt;The request was processed successfully.&lt;/StatusDesc&gt;
          &lt;SupportUID&gt;F14CB023-02DC-4D57-BA8B-D5BD10CAE4E7&lt;/SupportUID&gt;
        &lt;/Status&gt;
        &lt;EnvironmentInfo&gt;
          &lt;EnvironmentName&gt;SVCESBUA&lt;/EnvironmentName&gt;
        &lt;/EnvironmentInfo&gt;
        &lt;SignonRs&gt;
          &lt;Status&gt;
            &lt;StatusCode&gt;0&lt;/StatusCode&gt;
            &lt;Severity&gt;Info&lt;/Severity&gt;
            &lt;StatusDesc&gt;The request was processed successfully.&lt;/StatusDesc&gt;
            &lt;SupportUID&gt;A86DDFF2-E46B-4B00-836B-99DB8BAE9C3C&lt;/SupportUID&gt;
          &lt;/Status&gt;
          &lt;SignonRole&gt;CSR&lt;/SignonRole&gt;
          &lt;CustId&gt;
            &lt;SPName&gt;FiservCBS&lt;/SPName&gt;
            &lt;CustLoginId&gt;SVCESBABLUA&lt;/CustLoginId&gt;
          &lt;/CustId&gt;
          &lt;GenSessKey&gt;0&lt;/GenSessKey&gt;
          &lt;ClientDt&gt;
            &lt;Year&gt;2022&lt;/Year&gt;
            &lt;Month&gt;1&lt;/Month&gt;
            &lt;Day&gt;11&lt;/Day&gt;
            &lt;Hour&gt;12&lt;/Hour&gt;
            &lt;Minute&gt;29&lt;/Minute&gt;
            &lt;Second&gt;37&lt;/Second&gt;
          &lt;/ClientDt&gt;
          &lt;CustLangPref /&gt;
          &lt;ClientApp&gt;
            &lt;Org&gt;Fiserv&lt;/Org&gt;
            &lt;Name&gt;CommAdmin&lt;/Name&gt;
            &lt;ClientAppKey&gt;ABCWISCOZUSBYNBKWDMWFYICGPREAEPN&lt;/ClientAppKey&gt;
          &lt;/ClientApp&gt;
          &lt;ServerDt&gt;
            &lt;Year&gt;2022&lt;/Year&gt;
            &lt;Month&gt;1&lt;/Month&gt;
            &lt;Day&gt;11&lt;/Day&gt;
            &lt;Hour&gt;12&lt;/Hour&gt;
            &lt;Minute&gt;29&lt;/Minute&gt;
            &lt;Second&gt;37&lt;/Second&gt;
            &lt;Fraction&gt;508000&lt;/Fraction&gt;
            &lt;UTCOffset&gt;-360&lt;/UTCOffset&gt;
          &lt;/ServerDt&gt;
          &lt;Language&gt;en-US&lt;/Language&gt;
          &lt;PersonName&gt;
            &lt;FirstName&gt;SVCESBABLUA&lt;/FirstName&gt;
            &lt;LastName&gt;SVCESBABLUA&lt;/LastName&gt;
          &lt;/PersonName&gt;
        &lt;/SignonRs&gt;
        &lt;BankSvcRs&gt;
          &lt;RqUID&gt;71586FF2-B84D-4DDC-8219-3CD001202A16&lt;/RqUID&gt;
          &lt;SPName&gt;FiservCBS&lt;/SPName&gt;
          &lt;Version&gt;20.1.0.80&lt;/Version&gt;
          &lt;Status&gt;
            &lt;StatusCode&gt;0&lt;/StatusCode&gt;
            &lt;Severity&gt;Info&lt;/Severity&gt;
            &lt;StatusDesc&gt;The request was processed successfully.&lt;/StatusDesc&gt;
            &lt;SupportUID&gt;71586FF2-B84D-4DDC-8219-3CD001202A16&lt;/SupportUID&gt;
          &lt;/Status&gt;
          &lt;StopChkInqRs&gt;
            &lt;Status&gt;
              &lt;StatusCode&gt;0&lt;/StatusCode&gt;
              &lt;Severity&gt;Info&lt;/Severity&gt;
              &lt;StatusDesc&gt;The request was processed successfully.&lt;/StatusDesc&gt;
              &lt;SupportUID&gt;6620FF3A-639C-4BD2-8551-4EDC3026B729&lt;/SupportUID&gt;
            &lt;/Status&gt;
            &lt;RqUID&gt;843A6F56-5E5E-48BB-89E9-BEA0208B2695&lt;/RqUID&gt;
            &lt;DepAcctId&gt;
              &lt;AcctId&gt;2428004701&lt;/AcctId&gt;
              &lt;AcctType&gt;DD&lt;/AcctType&gt;
            &lt;/DepAcctId&gt;
            &lt;StopChkRec&gt;
              &lt;StopChkInfo&gt;
                &lt;ChkNum&gt;000000000000000&lt;/ChkNum&gt;
                &lt;Name&gt;UNISOM CREDIT UNION CU        &lt;/Name&gt;
                &lt;CurAmt&gt;
                  &lt;Amt&gt;170.00&lt;/Amt&gt;
                &lt;/CurAmt&gt;
                &lt;ReasonDesc&gt;CHANGED MIND&lt;/ReasonDesc&gt;
                &lt;ChkNumRqFlag&gt;0&lt;/ChkNumRqFlag&gt;
                &lt;OrigDt&gt;
                  &lt;Year&gt;2016&lt;/Year&gt;
                  &lt;Month&gt;8&lt;/Month&gt;
                  &lt;Day&gt;18&lt;/Day&gt;
                &lt;/OrigDt&gt;
                &lt;ExpDt&gt;
                  &lt;Year&gt;2049&lt;/Year&gt;
                  &lt;Month&gt;12&lt;/Month&gt;
                  &lt;Day&gt;31&lt;/Day&gt;
                &lt;/ExpDt&gt;
              &lt;/StopChkInfo&gt;
              &lt;StopChkStatusCode&gt;Active&lt;/StopChkStatusCode&gt;
              &lt;RecType&gt;Stop&lt;/RecType&gt;
              &lt;CSPRefId&gt;00001&lt;/CSPRefId&gt;
            &lt;/StopChkRec&gt;
          &lt;/StopChkInqRs&gt;
        &lt;/BankSvcRs&gt;
      &lt;/IFX&gt;)</StdOut>
      </Output>
    </UnitTestResult>
    <UnitTestResult executionId="fc6f7239-e5a1-45f1-8a5d-7a03b43d8525" testId="ce11aa68-a2ba-48a8-b738-3f6f72740552" testName="EStatementEnrollment_Fake_IsEnrolled_AccountIsEnrolled" computerName="ip-10-8-96-225" duration="00:00:00.4337082" startTime="2023-10-04T13:17:26.6043420+00:00" endTime="2023-10-04T13:17:27.0381655+00:00" testType="13cdc9d9-ddb5-4fa4-a97d-d965ccfc6d4b" outcome="Passed" testListId="8c84fa94-04c1-424b-9868-57a2d4851a1d" relativeResultsDirectory="fc6f7239-e5a1-45f1-8a5d-7a03b43d8525" />
    <UnitTestResult executionId="0a2c0daa-930a-4065-b9ff-5d30367b0c07" testId="0522feb5-aefd-441c-90e2-1183a63e2872" testName="Success" computerName="ip-10-8-96-225" duration="00:00:00.0092731" startTime="2023-10-04T13:16:42.3393536+00:00" endTime="2023-10-04T13:16:42.3488405+00:00" testType="13cdc9d9-ddb5-4fa4-a97d-d965ccfc6d4b" outcome="Passed" testListId="8c84fa94-04c1-424b-9868-57a2d4851a1d" relativeResultsDirectory="0a2c0daa-930a-4065-b9ff-5d30367b0c07" />
    <UnitTestResult executionId="e03f40d6-ccea-4e29-b5eb-8c9561f620d9" testId="0d5c8dcd-1649-4a81-898d-0f65be8f2a8e" testName="WhenBusinessNotFoundByAccountNumber_ThenUnsuccessfulResponse" computerName="ip-10-8-96-225" duration="00:00:00.2613170" startTime="2023-10-04T13:17:47.6759241+00:00" endTime="2023-10-04T13:17:47.9373684+00:00" testType="13cdc9d9-ddb5-4fa4-a97d-d965ccfc6d4b" outcome="Passed" testListId="8c84fa94-04c1-424b-9868-57a2d4851a1d" relativeResultsDirectory="e03f40d6-ccea-4e29-b5eb-8c9561f620d9">
      <Output>
        <StdOut>\u001b[40m\u001b[32minfo\u001b[39m\u001b[22m\u001b[49m: D3.CoreLive.Service.WorkerServices.VerifyUserWS[0]
      User Not Found In Entity



Debug Trace:
Debug - CustomerListInquiryWS:BuildCustomerListInquiryRequest - request id fdd4bc07-8316-44bc-8e5e-39f98f00dfb1
Error - CustomerListInquiryResponse error - last 4 accountIdentifier :7890 : &lt;?xml version="1.0" encoding="utf-16"?&gt;&lt;IFX xmlns:xsi="http://www.w3.org/2001/XMLSchema-instance" xmlns:xsd="http://www.w3.org/2001/XMLSchema"&gt;  &lt;GeneralStatus&gt;    &lt;StatusCode&gt;200&lt;/StatusCode&gt;    &lt;StatusDesc&gt;The request was processed successfully.&lt;/StatusDesc&gt;  &lt;/GeneralStatus&gt;  &lt;Status&gt;    &lt;StatusCode&gt;0&lt;/StatusCode&gt;    &lt;Severity&gt;Info&lt;/Severity&gt;    &lt;StatusDesc&gt;The request was processed successfully.&lt;/StatusDesc&gt;    &lt;SupportUID&gt;0d4ed907-40f5-4dfa-91ea-baf18840499f&lt;/SupportUID&gt;  &lt;/Status&gt;  &lt;CIFSvcRs&gt;    &lt;CustListInqRs&gt;      &lt;Status&gt;        &lt;StatusCode&gt;100&lt;/StatusCode&gt;        &lt;Severity&gt;Error&lt;/Severity&gt;        &lt;Error&gt;          &lt;Source&gt;CBS Host&lt;/Source&gt;          &lt;ErrDesc&gt;Customer record not found&lt;/ErrDesc&gt;        &lt;/Error&gt;      &lt;/Status&gt;    &lt;/CustListInqRs&gt;  &lt;/CIFSvcRs&gt;&lt;/IFX&gt;)
Debug - CustomerListInquiryWS:BuildCustomerListInquiryRequest - request id d69da4e0-f4b9-4f18-8b3b-457ad9813356
Error - CustomerListInquiryResponse error - last 4 accountIdentifier :7890 : &lt;?xml version="1.0" encoding="utf-16"?&gt;&lt;IFX xmlns:xsi="http://www.w3.org/2001/XMLSchema-instance" xmlns:xsd="http://www.w3.org/2001/XMLSchema"&gt;  &lt;GeneralStatus&gt;    &lt;StatusCode&gt;200&lt;/StatusCode&gt;    &lt;StatusDesc&gt;The request was processed successfully.&lt;/StatusDesc&gt;  &lt;/GeneralStatus&gt;  &lt;Status&gt;    &lt;StatusCode&gt;0&lt;/StatusCode&gt;    &lt;Severity&gt;Info&lt;/Severity&gt;    &lt;StatusDesc&gt;The request was processed successfully.&lt;/StatusDesc&gt;    &lt;SupportUID&gt;66ec2bb9-5b31-4502-93f2-90d34a5f23ad&lt;/SupportUID&gt;  &lt;/Status&gt;  &lt;CIFSvcRs&gt;    &lt;CustListInqRs&gt;      &lt;Status&gt;        &lt;StatusCode&gt;100&lt;/StatusCode&gt;        &lt;Severity&gt;Error&lt;/Severity&gt;        &lt;Error&gt;          &lt;Source&gt;CBS Host&lt;/Source&gt;          &lt;ErrDesc&gt;Customer record not found&lt;/ErrDesc&gt;        &lt;/Error&gt;      &lt;/Status&gt;    &lt;/CustListInqRs&gt;  &lt;/CIFSvcRs&gt;&lt;/IFX&gt;)
Debug - CustomerListInquiryWS:BuildCustomerListInquiryRequest - request id b5bb0b60-2f09-4353-84e7-0cb9d12c6a44
Error - CustomerListInquiryResponse error - last 4 accountIdentifier :7890 : &lt;?xml version="1.0" encoding="utf-16"?&gt;&lt;IFX xmlns:xsi="http://www.w3.org/2001/XMLSchema-instance" xmlns:xsd="http://www.w3.org/2001/XMLSchema"&gt;  &lt;GeneralStatus&gt;    &lt;StatusCode&gt;200&lt;/StatusCode&gt;    &lt;StatusDesc&gt;The request was processed successfully.&lt;/StatusDesc&gt;  &lt;/GeneralStatus&gt;  &lt;Status&gt;    &lt;StatusCode&gt;0&lt;/StatusCode&gt;    &lt;Severity&gt;Info&lt;/Severity&gt;    &lt;StatusDesc&gt;The request was processed successfully.&lt;/StatusDesc&gt;    &lt;SupportUID&gt;1103d21d-1320-4672-847c-3b4574ca8157&lt;/SupportUID&gt;  &lt;/Status&gt;  &lt;CIFSvcRs&gt;    &lt;CustListInqRs&gt;      &lt;Status&gt;        &lt;StatusCode&gt;100&lt;/StatusCode&gt;        &lt;Severity&gt;Error&lt;/Severity&gt;        &lt;Error&gt;          &lt;Source&gt;CBS Host&lt;/Source&gt;          &lt;ErrDesc&gt;Customer record not found&lt;/ErrDesc&gt;        &lt;/Error&gt;      &lt;/Status&gt;    &lt;/CustListInqRs&gt;  &lt;/CIFSvcRs&gt;&lt;/IFX&gt;)
Debug - CustomerListInquiryWS:BuildCustomerListInquiryRequest - request id 8b4bbdf8-4a11-478a-80e9-a4245e0288c7
Error - CustomerListInquiryResponse error - last 4 accountIdentifier :7890 : &lt;?xml version="1.0" encoding="utf-16"?&gt;&lt;IFX xmlns:xsi="http://www.w3.org/2001/XMLSchema-instance" xmlns:xsd="http://www.w3.org/2001/XMLSchema"&gt;  &lt;GeneralStatus&gt;    &lt;StatusCode&gt;200&lt;/StatusCode&gt;    &lt;StatusDesc&gt;The request was processed successfully.&lt;/StatusDesc&gt;  &lt;/GeneralStatus&gt;  &lt;Status&gt;    &lt;StatusCode&gt;0&lt;/StatusCode&gt;    &lt;Severity&gt;Info&lt;/Severity&gt;    &lt;StatusDesc&gt;The request was processed successfully.&lt;/StatusDesc&gt;    &lt;SupportUID&gt;12b1bff4-479e-4df0-a668-8a8fe7fa6382&lt;/SupportUID&gt;  &lt;/Status&gt;  &lt;CIFSvcRs&gt;    &lt;CustListInqRs&gt;      &lt;Status&gt;        &lt;StatusCode&gt;100&lt;/StatusCode&gt;        &lt;Severity&gt;Error&lt;/Severity&gt;        &lt;Error&gt;          &lt;Source&gt;CBS Host&lt;/Source&gt;          &lt;ErrDesc&gt;Customer record not found&lt;/ErrDesc&gt;        &lt;/Error&gt;      &lt;/Status&gt;    &lt;/CustListInqRs&gt;  &lt;/CIFSvcRs&gt;&lt;/IFX&gt;)
Debug - CustomerListInquiryWS:BuildCustomerListInquiryRequest - request id b8852a54-bb02-455d-aac4-412e1c3a33ba
Error - CustomerListInquiryResponse error - last 4 accountIdentifier :7890 : &lt;?xml version="1.0" encoding="utf-16"?&gt;&lt;IFX xmlns:xsi="http://www.w3.org/2001/XMLSchema-instance" xmlns:xsd="http://www.w3.org/2001/XMLSchema"&gt;  &lt;GeneralStatus&gt;    &lt;StatusCode&gt;200&lt;/StatusCode&gt;    &lt;StatusDesc&gt;The request was processed successfully.&lt;/StatusDesc&gt;  &lt;/GeneralStatus&gt;  &lt;Status&gt;    &lt;StatusCode&gt;0&lt;/StatusCode&gt;    &lt;Severity&gt;Info&lt;/Severity&gt;    &lt;StatusDesc&gt;The request was processed successfully.&lt;/StatusDesc&gt;    &lt;SupportUID&gt;06feeb0f-fbd1-48bd-af6e-95fa98d59fd7&lt;/SupportUID&gt;  &lt;/Status&gt;  &lt;CIFSvcRs&gt;    &lt;CustListInqRs&gt;      &lt;Status&gt;        &lt;StatusCode&gt;100&lt;/StatusCode&gt;        &lt;Severity&gt;Error&lt;/Severity&gt;        &lt;Error&gt;          &lt;Source&gt;CBS Host&lt;/Source&gt;          &lt;ErrDesc&gt;Customer record not found&lt;/ErrDesc&gt;        &lt;/Error&gt;      &lt;/Status&gt;    &lt;/CustListInqRs&gt;  &lt;/CIFSvcRs&gt;&lt;/IFX&gt;)
Debug - CustomerListInquiryWS:BuildCustomerListInquiryRequest - request id 9fcbc47f-fd54-4fc2-bc44-892a749a4a68
Error - CustomerListInquiryResponse error - last 4 accountIdentifier :7890 : &lt;?xml version="1.0" encoding="utf-16"?&gt;&lt;IFX xmlns:xsi="http://www.w3.org/2001/XMLSchema-instance" xmlns:xsd="http://www.w3.org/2001/XMLSchema"&gt;  &lt;GeneralStatus&gt;    &lt;StatusCode&gt;200&lt;/StatusCode&gt;    &lt;StatusDesc&gt;The request was processed successfully.&lt;/StatusDesc&gt;  &lt;/GeneralStatus&gt;  &lt;Status&gt;    &lt;StatusCode&gt;0&lt;/StatusCode&gt;    &lt;Severity&gt;Info&lt;/Severity&gt;    &lt;StatusDesc&gt;The request was processed successfully.&lt;/StatusDesc&gt;    &lt;SupportUID&gt;e32e846b-9a68-43bb-8f56-c3895f323dff&lt;/SupportUID&gt;  &lt;/Status&gt;  &lt;CIFSvcRs&gt;    &lt;CustListInqRs&gt;      &lt;Status&gt;        &lt;StatusCode&gt;100&lt;/StatusCode&gt;        &lt;Severity&gt;Error&lt;/Severity&gt;        &lt;Error&gt;          &lt;Source&gt;CBS Host&lt;/Source&gt;          &lt;ErrDesc&gt;Customer record not found&lt;/ErrDesc&gt;        &lt;/Error&gt;      &lt;/Status&gt;    &lt;/CustListInqRs&gt;  &lt;/CIFSvcRs&gt;&lt;/IFX&gt;)
Debug - CustomerListInquiryWS:BuildCustomerListInquiryRequest - request id 0475419c-1689-4093-949c-fdc19ccf7967
Error - CustomerListInquiryResponse error - last 4 accountIdentifier :7890 : &lt;?xml version="1.0" encoding="utf-16"?&gt;&lt;IFX xmlns:xsi="http://www.w3.org/2001/XMLSchema-instance" xmlns:xsd="http://www.w3.org/2001/XMLSchema"&gt;  &lt;GeneralStatus&gt;    &lt;StatusCode&gt;200&lt;/StatusCode&gt;    &lt;StatusDesc&gt;The request was processed successfully.&lt;/StatusDesc&gt;  &lt;/GeneralStatus&gt;  &lt;Status&gt;    &lt;StatusCode&gt;0&lt;/StatusCode&gt;    &lt;Severity&gt;Info&lt;/Severity&gt;    &lt;StatusDesc&gt;The request was processed successfully.&lt;/StatusDesc&gt;    &lt;SupportUID&gt;118d09ef-41d4-4a32-a2f8-dbcde0d22f6b&lt;/SupportUID&gt;  &lt;/Status&gt;  &lt;CIFSvcRs&gt;    &lt;CustListInqRs&gt;      &lt;Status&gt;        &lt;StatusCode&gt;100&lt;/StatusCode&gt;        &lt;Severity&gt;Error&lt;/Severity&gt;        &lt;Error&gt;          &lt;Source&gt;CBS Host&lt;/Source&gt;          &lt;ErrDesc&gt;Customer record not found&lt;/ErrDesc&gt;        &lt;/Error&gt;      &lt;/Status&gt;    &lt;/CustListInqRs&gt;  &lt;/CIFSvcRs&gt;&lt;/IFX&gt;)</StdOut>
      </Output>
    </UnitTestResult>
    <UnitTestResult executionId="b5a9300a-90c1-41dc-90ac-f81f7d1c3888" testId="fd5d7c65-c2e8-4ba8-aa4b-e36e139557ad" testName="CustomerListInquiryWS_Success" computerName="ip-10-8-96-225" duration="00:00:00.2804421" startTime="2023-10-04T13:16:49.0674057+00:00" endTime="2023-10-04T13:16:49.6993004+00:00" testType="13cdc9d9-ddb5-4fa4-a97d-d965ccfc6d4b" outcome="Passed" testListId="8c84fa94-04c1-424b-9868-57a2d4851a1d" relativeResultsDirectory="b5a9300a-90c1-41dc-90ac-f81f7d1c3888" />
    <UnitTestResult executionId="26ff2026-fb11-4441-81b7-31b39f2fdf23" testId="0653d513-5101-41e9-966f-cb418b75921e" testName="ConduitControllerOk" computerName="ip-10-8-96-225" duration="00:00:00.0003571" startTime="2023-10-04T13:21:08.6336084+00:00" endTime="2023-10-04T13:21:08.6343554+00:00" testType="13cdc9d9-ddb5-4fa4-a97d-d965ccfc6d4b" outcome="Passed" testListId="8c84fa94-04c1-424b-9868-57a2d4851a1d" relativeResultsDirectory="26ff2026-fb11-4441-81b7-31b39f2fdf23" />
    <UnitTestResult executionId="df83dbca-54f8-41f6-ae8b-0e9b055271ab" testId="7554cd50-b76e-4670-a2ab-10a8b903bcae" testName="WhenCustomerFoundByDebitNumberAndDOBMatches2Customers_NotFoundInSF_FoundInSignature_ThenSuccess (DD)" computerName="ip-10-8-96-225" duration="00:00:00.1503238" startTime="2023-10-04T13:17:52.9691350+00:00" endTime="2023-10-04T13:17:53.1196573+00:00" testType="13cdc9d9-ddb5-4fa4-a97d-d965ccfc6d4b" outcome="Passed" testListId="8c84fa94-04c1-424b-9868-57a2d4851a1d" relativeResultsDirectory="df83dbca-54f8-41f6-ae8b-0e9b055271ab">
      <Output>
        <StdOut>\u001b[40m\u001b[32minfo\u001b[39m\u001b[22m\u001b[49m: D3.CoreLive.Service.WorkerServices.VerifyUserWS[0]
      Customer Found With 1 Account(s)
\u001b[40m\u001b[32minfo\u001b[39m\u001b[22m\u001b[49m: D3.CoreLive.Service.WorkerServices.VerifyUserWS[0]
      Customer Verified With Card Account
\u001b[40m\u001b[32minfo\u001b[39m\u001b[22m\u001b[49m: D3.CoreLive.Service.WorkerServices.VerifyUserWS[0]
      User Verification Succeeded
\u001b[40m\u001b[32minfo\u001b[39m\u001b[22m\u001b[49m: D3.CoreLive.Service.WorkerServices.VerifyUserWS[0]
      User Not Found In Entity



Debug Trace:
Debug - CustomerListInquiryWS:BuildCustomerListInquiryRequest - request id cd7a1b68-46dc-476e-ab62-938496aab827</StdOut>
      </Output>
    </UnitTestResult>
    <UnitTestResult executionId="4f2327f9-e369-4546-8c3e-d914387119b1" testId="01e967b6-2f9b-41e8-9c95-558ef860b7c4" testName="IntradayController_AccountRoute_SyncAll_SingleTimeFaked_Sync" computerName="ip-10-8-96-225" duration="00:00:00.0038278" startTime="2023-10-04T13:19:48.0027989+00:00" endTime="2023-10-04T13:19:48.0066974+00:00" testType="13cdc9d9-ddb5-4fa4-a97d-d965ccfc6d4b" outcome="Passed" testListId="8c84fa94-04c1-424b-9868-57a2d4851a1d" relativeResultsDirectory="4f2327f9-e369-4546-8c3e-d914387119b1" />
    <UnitTestResult executionId="3faf9f9f-f245-463c-b6eb-174fb2013e2f" testId="aa229049-8c40-4116-8ee9-08b654937494" testName="WhenPO2Address_ThenFailureReturned" computerName="ip-10-8-96-225" duration="00:00:00.0024138" startTime="2023-10-04T13:19:23.4723616+00:00" endTime="2023-10-04T13:19:23.4748738+00:00" testType="13cdc9d9-ddb5-4fa4-a97d-d965ccfc6d4b" outcome="Passed" testListId="8c84fa94-04c1-424b-9868-57a2d4851a1d" relativeResultsDirectory="3faf9f9f-f245-463c-b6eb-174fb2013e2f" />
    <UnitTestResult executionId="9bcfe016-8ae7-4b04-be01-028e68b2d5fb" testId="895b0db6-85fa-4aa7-b4a6-4b9c44970d76" testName="EDocsWS_Fake_GetDocumentsByAccount_SingleNotice_Success" computerName="ip-10-8-96-225" duration="00:00:02.7784125" startTime="2023-10-04T13:16:59.2724586+00:00" endTime="2023-10-04T13:17:02.0513329+00:00" testType="13cdc9d9-ddb5-4fa4-a97d-d965ccfc6d4b" outcome="Passed" testListId="8c84fa94-04c1-424b-9868-57a2d4851a1d" relativeResultsDirectory="9bcfe016-8ae7-4b04-be01-028e68b2d5fb">
      <Output>
        <StdOut>\u001b[40m\u001b[32minfo\u001b[39m\u001b[22m\u001b[49m: D3.CoreLive.Service.WorkerServices.EDocsWS[0]
      ET:GetAllDocumentsForAccountAsync total time 0ms
\u001b[40m\u001b[32minfo\u001b[39m\u001b[22m\u001b[49m: D3.CoreLive.Service.WorkerServices.EDocsWS[0]
      SetDocumentHostingUris: NoticeDocuments Count = 1
\u001b[40m\u001b[32minfo\u001b[39m\u001b[22m\u001b[49m: D3.CoreLive.Service.WorkerServices.EDocsWS[0]
      ET:GenerateDocumentUrl 3 total time 0ms
\u001b[40m\u001b[32minfo\u001b[39m\u001b[22m\u001b[49m: D3.CoreLive.Service.WorkerServices.EDocsWS[0]
      ET:SetDocumentHostingUris total time 2ms



Debug Trace:
Information - ET:QueryList CoreLive.Common.DB.Queries.AllowedRelationshipStatus total time 480ms
Information - ET:QueryList CoreLive.Common.DB.Queries.AllowedProductCode total time 464ms
Information - ET:QueryList CoreLive.Common.DB.Queries.AllowedRelationshipStatus total time 277ms
Information - ET:QueryList CoreLive.Common.DB.Queries.AllowedProductCode total time 305ms</StdOut>
      </Output>
    </UnitTestResult>
    <UnitTestResult executionId="5dd685b9-6127-4102-9c0c-001866b6088c" testId="07afc5b7-d1d6-467a-9f7e-209cc7f1da1c" testName="WexHSAInquiryHandler_BadAccount_NotFound" computerName="ip-10-8-96-225" duration="00:00:00.0018936" startTime="2023-10-04T13:20:18.3337959+00:00" endTime="2023-10-04T13:20:18.3357585+00:00" testType="13cdc9d9-ddb5-4fa4-a97d-d965ccfc6d4b" outcome="Passed" testListId="8c84fa94-04c1-424b-9868-57a2d4851a1d" relativeResultsDirectory="5dd685b9-6127-4102-9c0c-001866b6088c">
      <Output>
        <StdOut>Debug Trace:
WexAccountInquiryResponse last4 of WexAccountNumber test</StdOut>
      </Output>
    </UnitTestResult>
    <UnitTestResult executionId="30706849-209e-4624-a9b0-a99c96ad8985" testId="ffd85935-8d4f-40ac-a9cd-6572c5ba32b6" testName="UpdateProfile_WI_ProdIssue2_AddressUpdate" computerName="ip-10-8-96-225" duration="00:00:00.2159654" startTime="2023-10-04T13:17:41.5266296+00:00" endTime="2023-10-04T13:17:41.7427146+00:00" testType="13cdc9d9-ddb5-4fa4-a97d-d965ccfc6d4b" outcome="Passed" testListId="8c84fa94-04c1-424b-9868-57a2d4851a1d" relativeResultsDirectory="30706849-209e-4624-a9b0-a99c96ad8985" />
    <UnitTestResult executionId="e1fafff6-16e5-4ec3-8212-39f3261b1250" testId="948f2364-2720-44b0-a01c-ded086fe2e0a" testName="IntradayREST_Heloc_SNSPublishCancel" computerName="ip-10-8-96-225" duration="00:00:04.3999134" startTime="2023-10-04T13:20:12.6742379+00:00" endTime="2023-10-04T13:20:17.0743325+00:00" testType="13cdc9d9-ddb5-4fa4-a97d-d965ccfc6d4b" outcome="Passed" testListId="8c84fa94-04c1-424b-9868-57a2d4851a1d" relativeResultsDirectory="e1fafff6-16e5-4ec3-8212-39f3261b1250">
      <Output>
        <StdOut>CommunicatorBaseUri is http://localhost:5011/
loanServ.BaseUri is https://api.sharedsvcs-nonprod.asb.local/
eDocs.NautilusBaseUrl is http://nautilus.d3couple.local/
OpenTelemetry tracing is disabled, make sure the keys (DynaTraceToken, DynaTraceTenantID, DynaTraceTraceUrl) are in the secret/configuration



Debug Trace:
Using EIS Private service at : https://api.sharedsvcs-nonprod.asb.local/
Using EIS Private service at : https://api-origin.dev.associatedbankservices.com/api/dev/addrssparsr</StdOut>
      </Output>
    </UnitTestResult>
    <UnitTestResult executionId="868cb37c-079c-40a2-8c7f-de22ee53361d" testId="774106c2-a620-42ef-85c3-273796fa98ff" testName="WhenWeirdWIAddress_ThenFailureReturned" computerName="ip-10-8-96-225" duration="00:00:00.3150174" startTime="2023-10-04T13:19:23.4796184+00:00" endTime="2023-10-04T13:19:23.7947241+00:00" testType="13cdc9d9-ddb5-4fa4-a97d-d965ccfc6d4b" outcome="Passed" testListId="8c84fa94-04c1-424b-9868-57a2d4851a1d" relativeResultsDirectory="868cb37c-079c-40a2-8c7f-de22ee53361d" />
    <UnitTestResult executionId="8c1fd2bc-4fb6-4449-8ad6-dff7b65939ef" testId="9b641d67-4902-4987-9ca2-a0348673f610" testName="WhenInvalidRequest_ThenBadResponse (class UserVerificationResponse {&#xA;  AccountType: Personal&#xA;  AccountNumber: &#xA;  DebitCardNumber: 4584309887598580&#xA;  DateOfBirth: 1980-01-01&#xA;  TaxId: &#xA;  Context: SELF-ENROLLMENT&#xA;}&#xA;)" computerName="ip-10-8-96-225" duration="00:00:00.0000355" startTime="2023-10-04T13:17:45.3700581+00:00" endTime="2023-10-04T13:17:45.3810445+00:00" testType="13cdc9d9-ddb5-4fa4-a97d-d965ccfc6d4b" outcome="Passed" testListId="8c84fa94-04c1-424b-9868-57a2d4851a1d" relativeResultsDirectory="8c1fd2bc-4fb6-4449-8ad6-dff7b65939ef">
      <Output>
        <StdOut>\u001b[41m\u001b[30mfail\u001b[39m\u001b[22m\u001b[49m: D3.CoreLive.Service.WorkerServices.VerifyUserWS[0]
      Invalid request format</StdOut>
      </Output>
    </UnitTestResult>
    <UnitTestResult executionId="e2abc8d2-172d-43fa-b38f-03ce11964ae5" testId="0ab926dc-1367-4e60-b768-3b89e32f5244" testName="EISClient_AddressParse_EmptyFieldsSerializing" computerName="ip-10-8-96-225" duration="00:00:00.0015040" startTime="2023-10-04T13:16:43.5441728+00:00" endTime="2023-10-04T13:16:43.5458369+00:00" testType="13cdc9d9-ddb5-4fa4-a97d-d965ccfc6d4b" outcome="Passed" testListId="8c84fa94-04c1-424b-9868-57a2d4851a1d" relativeResultsDirectory="e2abc8d2-172d-43fa-b38f-03ce11964ae5" />
    <UnitTestResult executionId="4579fb86-9d0c-4311-a304-b2c93a1420e5" testId="a26e7f25-b72f-47a1-90a4-732499bf8478" testName="WhenTransferAmountIsGreaterThanAvailableBalance_TransferSucceeds" computerName="ip-10-8-96-225" duration="00:00:00.1601892" startTime="2023-10-04T13:17:32.7641209+00:00" endTime="2023-10-04T13:17:32.9244292+00:00" testType="13cdc9d9-ddb5-4fa4-a97d-d965ccfc6d4b" outcome="Passed" testListId="8c84fa94-04c1-424b-9868-57a2d4851a1d" relativeResultsDirectory="4579fb86-9d0c-4311-a304-b2c93a1420e5" />
    <UnitTestResult executionId="b97a1e0e-2708-4399-a212-fb56555dae7d" testId="882b73fa-0f66-4017-bd7e-d53530789081" testName="EDocsWS_GenerateDocumentUrl" computerName="ip-10-8-96-225" duration="00:00:03.2692625" startTime="2023-10-04T13:17:17.3409264+00:00" endTime="2023-10-04T13:17:20.6103473+00:00" testType="13cdc9d9-ddb5-4fa4-a97d-d965ccfc6d4b" outcome="Passed" testListId="8c84fa94-04c1-424b-9868-57a2d4851a1d" relativeResultsDirectory="b97a1e0e-2708-4399-a212-fb56555dae7d">
      <Output>
        <StdOut>\u001b[40m\u001b[32minfo\u001b[39m\u001b[22m\u001b[49m: D3.CoreLive.Service.WorkerServices.EDocsWS[0]
      ET:GetAllDocumentsForAccountAsync total time 0ms
\u001b[40m\u001b[32minfo\u001b[39m\u001b[22m\u001b[49m: D3.CoreLive.Service.WorkerServices.EDocsWS[0]
      SetDocumentHostingUris: StatementDocuments Count = 1



Debug Trace:
Information - ET:QueryList CoreLive.Common.DB.Queries.AllowedRelationshipStatus total time 595ms
Information - ET:QueryList CoreLive.Common.DB.Queries.AllowedProductCode total time 345ms
Information - ET:QueryList CoreLive.Common.DB.Queries.AllowedRelationshipStatus total time 347ms
Information - ET:QueryList CoreLive.Common.DB.Queries.AllowedProductCode total time 659ms</StdOut>
      </Output>
    </UnitTestResult>
    <UnitTestResult executionId="bc1563a3-dcd4-4ddf-8d5f-ea73cd7ec8a0" testId="f3b35ed6-1645-4b94-a096-710315cda910" testName="WhenCommunicatorReturnsOtherError_TransferFundsFailsWith400" computerName="ip-10-8-96-225" duration="00:00:00.1711482" startTime="2023-10-04T13:17:31.7645460+00:00" endTime="2023-10-04T13:17:31.9358114+00:00" testType="13cdc9d9-ddb5-4fa4-a97d-d965ccfc6d4b" outcome="Passed" testListId="8c84fa94-04c1-424b-9868-57a2d4851a1d" relativeResultsDirectory="bc1563a3-dcd4-4ddf-8d5f-ea73cd7ec8a0" />
    <UnitTestResult executionId="6a82ff19-d152-4146-bbbe-5d375d6b9a97" testId="472df1a8-306f-433d-9956-99bb4135005f" testName="WhenCustomerFoundByDebitCardNumberAndDOBMatches_ThenSuccessfulResponse" computerName="ip-10-8-96-225" duration="00:00:00.1467161" startTime="2023-10-04T13:17:48.2564412+00:00" endTime="2023-10-04T13:17:48.4032813+00:00" testType="13cdc9d9-ddb5-4fa4-a97d-d965ccfc6d4b" outcome="Passed" testListId="8c84fa94-04c1-424b-9868-57a2d4851a1d" relativeResultsDirectory="6a82ff19-d152-4146-bbbe-5d375d6b9a97">
      <Output>
        <StdOut>\u001b[40m\u001b[32minfo\u001b[39m\u001b[22m\u001b[49m: D3.CoreLive.Service.WorkerServices.VerifyUserWS[0]
      Customer Found With 1 Account(s)
\u001b[40m\u001b[32minfo\u001b[39m\u001b[22m\u001b[49m: D3.CoreLive.Service.WorkerServices.VerifyUserWS[0]
      Customer Verified With Card Account
\u001b[40m\u001b[32minfo\u001b[39m\u001b[22m\u001b[49m: D3.CoreLive.Service.WorkerServices.VerifyUserWS[0]
      User Verification Succeeded</StdOut>
      </Output>
    </UnitTestResult>
    <UnitTestResult executionId="32ee8923-3ae6-4842-993f-500c54752183" testId="f287f127-da90-4cb3-a5fc-34e4d6b436a5" testName="EdocEnrollment_EnrollNotices_NoAccounts" computerName="ip-10-8-96-225" duration="00:00:00.7377344" startTime="2023-10-04T13:20:41.8794050+00:00" endTime="2023-10-04T13:20:47.4393963+00:00" testType="13cdc9d9-ddb5-4fa4-a97d-d965ccfc6d4b" outcome="Passed" testListId="8c84fa94-04c1-424b-9868-57a2d4851a1d" relativeResultsDirectory="32ee8923-3ae6-4842-993f-500c54752183">
      <Output>
        <StdOut>CommunicatorBaseUri is http://localhost:5011/
loanServ.BaseUri is https://api.sharedsvcs-nonprod.asb.local/
eDocs.NautilusBaseUrl is http://nautilus.d3couple.local/
OpenTelemetry tracing is disabled, make sure the keys (DynaTraceToken, DynaTraceTenantID, DynaTraceTraceUrl) are in the secret/configuration
CommunicatorBaseUri is http://localhost:5011/
loanServ.BaseUri is https://api.sharedsvcs-nonprod.asb.local/
eDocs.NautilusBaseUrl is http://nautilus.d3couple.local/
OpenTelemetry tracing is disabled, make sure the keys (DynaTraceToken, DynaTraceTenantID, DynaTraceTraceUrl) are in the secret/configuration



Debug Trace:
Using EIS Private service at : https://api.sharedsvcs-nonprod.asb.local/
Using EIS Private service at : https://api-origin.dev.associatedbankservices.com/api/dev/addrssparsr
Using EIS Private service at : https://api.sharedsvcs-nonprod.asb.local/
Using EIS Private service at : https://api-origin.dev.associatedbankservices.com/api/dev/addrssparsr</StdOut>
      </Output>
    </UnitTestResult>
    <UnitTestResult executionId="ba2f1231-d749-47d4-99f7-1a3fdd8980e0" testId="242fb815-a731-4b47-b19e-7a6dc09d23c8" testName="IntradayHandlerLoanTests_FilterNoShowTrans" computerName="ip-10-8-96-225" duration="00:00:00.0018609" startTime="2023-10-04T13:19:48.2430370+00:00" endTime="2023-10-04T13:19:48.2449773+00:00" testType="13cdc9d9-ddb5-4fa4-a97d-d965ccfc6d4b" outcome="Passed" testListId="8c84fa94-04c1-424b-9868-57a2d4851a1d" relativeResultsDirectory="ba2f1231-d749-47d4-99f7-1a3fdd8980e0" />
    <UnitTestResult executionId="387e0110-0e41-405a-bfef-dd51731a5540" testId="84db8def-6df6-4a09-9aac-b1257b71a7b9" testName="IntradayHandlerLoanTests_CreateTransaction_WithTranMemoDescEmpty" computerName="ip-10-8-96-225" duration="00:00:00.0002414" startTime="2023-10-04T13:19:48.2402079+00:00" endTime="2023-10-04T13:19:48.2405262+00:00" testType="13cdc9d9-ddb5-4fa4-a97d-d965ccfc6d4b" outcome="Passed" testListId="8c84fa94-04c1-424b-9868-57a2d4851a1d" relativeResultsDirectory="387e0110-0e41-405a-bfef-dd51731a5540" />
    <UnitTestResult executionId="dfd4c653-32dd-41a4-b63c-1d1bf13ed263" testId="d35919ce-a161-47c0-bae7-b77176b64c8b" testName="WhenBusinessrFoundByDebitNumberAndTaxIdMatches_NotFoundInSF_FoundInSignature_ThenSuccess (DD)" computerName="ip-10-8-96-225" duration="00:00:00.1478616" startTime="2023-10-04T13:17:52.2198435+00:00" endTime="2023-10-04T13:17:52.3678509+00:00" testType="13cdc9d9-ddb5-4fa4-a97d-d965ccfc6d4b" outcome="Passed" testListId="8c84fa94-04c1-424b-9868-57a2d4851a1d" relativeResultsDirectory="dfd4c653-32dd-41a4-b63c-1d1bf13ed263">
      <Output>
        <StdOut>\u001b[40m\u001b[32minfo\u001b[39m\u001b[22m\u001b[49m: D3.CoreLive.Service.WorkerServices.VerifyUserWS[0]
      Customer Found With 1 Account(s)
\u001b[40m\u001b[32minfo\u001b[39m\u001b[22m\u001b[49m: D3.CoreLive.Service.WorkerServices.VerifyUserWS[0]
      Customer Verified With Card Account
\u001b[40m\u001b[32minfo\u001b[39m\u001b[22m\u001b[49m: D3.CoreLive.Service.WorkerServices.VerifyUserWS[0]
      User Verification Succeeded
\u001b[40m\u001b[32minfo\u001b[39m\u001b[22m\u001b[49m: D3.CoreLive.Service.WorkerServices.VerifyUserWS[0]
      User Not Found In Entity



Debug Trace:
Debug - CustomerListInquiryWS:BuildCustomerListInquiryRequest - request id 13d0a91b-6544-40f7-b543-b6922bb3d174</StdOut>
      </Output>
    </UnitTestResult>
    <UnitTestResult executionId="b18d74e9-1d72-476b-b282-c720bcc414ee" testId="17c2f601-a888-40f5-87cb-d7212d5badf7" testName="WhenNotValidSagentProduct_ReturnNull" computerName="ip-10-8-96-225" duration="00:00:00.0004045" startTime="2023-10-04T13:20:17.0749464+00:00" endTime="2023-10-04T13:20:17.0958364+00:00" testType="13cdc9d9-ddb5-4fa4-a97d-d965ccfc6d4b" outcome="Passed" testListId="8c84fa94-04c1-424b-9868-57a2d4851a1d" relativeResultsDirectory="b18d74e9-1d72-476b-b282-c720bcc414ee" />
    <UnitTestResult executionId="e0df6776-7750-4385-9705-c472196d68f8" testId="de9dcc16-8f66-4796-b70f-aa571aa7ff3b" testName="ActivationZoneUserAttrPropertyTrueGetAccountsAndTransactions" computerName="ip-10-8-96-225" duration="00:00:00.0010601" startTime="2023-10-04T13:21:08.6181765+00:00" endTime="2023-10-04T13:21:08.6192985+00:00" testType="13cdc9d9-ddb5-4fa4-a97d-d965ccfc6d4b" outcome="Passed" testListId="8c84fa94-04c1-424b-9868-57a2d4851a1d" relativeResultsDirectory="e0df6776-7750-4385-9705-c472196d68f8" />
    <UnitTestResult executionId="31781106-0ce7-487f-b129-ea8799a458a0" testId="2a4b343d-9491-4434-94e7-ec6401f8c676" testName="CreditCardAccountInquiryHandler_BadAPIKey_Forbidden" computerName="ip-10-8-96-225" duration="00:00:00.0184969" startTime="2023-10-04T13:20:18.2972751+00:00" endTime="2023-10-04T13:20:18.3158846+00:00" testType="13cdc9d9-ddb5-4fa4-a97d-d965ccfc6d4b" outcome="Passed" testListId="8c84fa94-04c1-424b-9868-57a2d4851a1d" relativeResultsDirectory="31781106-0ce7-487f-b129-ea8799a458a0">
      <Output>
        <StdOut>Debug Trace:
CreditCardAccountInquiryResponse last4 of ElanUID test</StdOut>
      </Output>
    </UnitTestResult>
    <UnitTestResult executionId="5ec7fade-15b1-4435-889e-51e23c7de7b3" testId="9d1cea11-2219-43fb-85fb-be1fb1ee1116" testName="WhenHelocTranDoesntMatchRegex_FilterTranOut" computerName="ip-10-8-96-225" duration="00:00:00.0039981" startTime="2023-10-04T13:20:17.1697007+00:00" endTime="2023-10-04T13:20:17.1737661+00:00" testType="13cdc9d9-ddb5-4fa4-a97d-d965ccfc6d4b" outcome="Passed" testListId="8c84fa94-04c1-424b-9868-57a2d4851a1d" relativeResultsDirectory="5ec7fade-15b1-4435-889e-51e23c7de7b3" />
    <UnitTestResult executionId="1feca81b-ac3a-4d8b-b46e-90d614d5599b" testId="bfb14e3a-a1d2-4d3c-90d9-a338c9b42cbc" testName="UpdateProfile_ProfileUpdate_POBoxFailure" computerName="ip-10-8-96-225" duration="00:00:00.1527584" startTime="2023-10-04T13:17:45.2167789+00:00" endTime="2023-10-04T13:17:45.3697047+00:00" testType="13cdc9d9-ddb5-4fa4-a97d-d965ccfc6d4b" outcome="Passed" testListId="8c84fa94-04c1-424b-9868-57a2d4851a1d" relativeResultsDirectory="1feca81b-ac3a-4d8b-b46e-90d614d5599b" />
    <UnitTestResult executionId="600a667c-c3b5-41ae-90fe-f728b11507ad" testId="fe01d506-7947-401d-9eb6-8499e3808ad9" testName="IntradayHandlerLoanTests_GetAccounts_LNLoanOnly" computerName="ip-10-8-96-225" duration="00:00:00.0042113" startTime="2023-10-04T13:19:48.2148592+00:00" endTime="2023-10-04T13:19:48.2191913+00:00" testType="13cdc9d9-ddb5-4fa4-a97d-d965ccfc6d4b" outcome="Passed" testListId="8c84fa94-04c1-424b-9868-57a2d4851a1d" relativeResultsDirectory="600a667c-c3b5-41ae-90fe-f728b11507ad" />
    <UnitTestResult executionId="23466bb6-a11a-463a-9bce-746333affedf" testId="c2701e1e-9e51-429d-b498-6198d7106cf3" testName="WhenCustomerFoundByDebitNumberAndDOBMatches_NotFoundInSF_FoundInSignature_FDRStatusClosed_ThenFailValidation" computerName="ip-10-8-96-225" duration="00:00:00.1459696" startTime="2023-10-04T13:17:50.2907336+00:00" endTime="2023-10-04T13:17:50.4368402+00:00" testType="13cdc9d9-ddb5-4fa4-a97d-d965ccfc6d4b" outcome="Passed" testListId="8c84fa94-04c1-424b-9868-57a2d4851a1d" relativeResultsDirectory="23466bb6-a11a-463a-9bce-746333affedf">
      <Output>
        <StdOut>\u001b[40m\u001b[32minfo\u001b[39m\u001b[22m\u001b[49m: D3.CoreLive.Service.WorkerServices.VerifyUserWS[0]
      Customer Found With 1 Account(s)
\u001b[40m\u001b[32minfo\u001b[39m\u001b[22m\u001b[49m: D3.CoreLive.Service.WorkerServices.VerifyUserWS[0]
      Customer Verified With Card Account
\u001b[41m\u001b[30mfail\u001b[39m\u001b[22m\u001b[49m: D3.CoreLive.Service.WorkerServices.VerifyUserWS[0]
      CIF not found for DoB
\u001b[41m\u001b[30mfail\u001b[39m\u001b[22m\u001b[49m: D3.CoreLive.Service.WorkerServices.VerifyUserWS[0]
      Invalid Personal Identifier
\u001b[40m\u001b[32minfo\u001b[39m\u001b[22m\u001b[49m: D3.CoreLive.Service.WorkerServices.VerifyUserWS[0]
      User Not Found In Entity
\u001b[40m\u001b[1m\u001b[33mwarn\u001b[39m\u001b[22m\u001b[49m: D3.CoreLive.Service.WorkerServices.VerifyUserWS[0]
      FDR card was not found, validation failed</StdOut>
      </Output>
    </UnitTestResult>
    <UnitTestResult executionId="00f5258b-08f6-47c3-9370-86a7d6ac9dfd" testId="fa30a79b-7edf-4e18-91ec-7559a2c111be" testName="WhenCustomerFoundByDebitCardNumberButDOBDoesNotMatche_ThenFailureResponse" computerName="ip-10-8-96-225" duration="00:00:00.1495050" startTime="2023-10-04T13:17:48.4036122+00:00" endTime="2023-10-04T13:17:48.5532457+00:00" testType="13cdc9d9-ddb5-4fa4-a97d-d965ccfc6d4b" outcome="Passed" testListId="8c84fa94-04c1-424b-9868-57a2d4851a1d" relativeResultsDirectory="00f5258b-08f6-47c3-9370-86a7d6ac9dfd">
      <Output>
        <StdOut>\u001b[40m\u001b[32minfo\u001b[39m\u001b[22m\u001b[49m: D3.CoreLive.Service.WorkerServices.VerifyUserWS[0]
      User Not Found In Entity
\u001b[40m\u001b[1m\u001b[33mwarn\u001b[39m\u001b[22m\u001b[49m: D3.CoreLive.Service.WorkerServices.VerifyUserWS[0]
      ValidateFDRDebitCard last 4 5555, no accounts found in FDR with given card number
\u001b[40m\u001b[1m\u001b[33mwarn\u001b[39m\u001b[22m\u001b[49m: D3.CoreLive.Service.WorkerServices.VerifyUserWS[0]
      FDR card was not found, validation failed</StdOut>
      </Output>
    </UnitTestResult>
    <UnitTestResult executionId="b95f0445-3d3e-4790-bfb0-1eec101bec22" testId="ed1bd8fa-74e7-4946-a423-2f351cebb747" testName="CoreLive_Rest_TransferFunds_With_SNS_Mock_CancelRequest_Success" computerName="ip-10-8-96-225" duration="00:00:02.8492177" startTime="2023-10-04T13:18:52.8666333+00:00" endTime="2023-10-04T13:18:55.7160291+00:00" testType="13cdc9d9-ddb5-4fa4-a97d-d965ccfc6d4b" outcome="Passed" testListId="8c84fa94-04c1-424b-9868-57a2d4851a1d" relativeResultsDirectory="b95f0445-3d3e-4790-bfb0-1eec101bec22">
      <Output>
        <StdOut>CommunicatorBaseUri is http://localhost:5011/
loanServ.BaseUri is https://api.sharedsvcs-nonprod.asb.local/
eDocs.NautilusBaseUrl is http://nautilus.d3couple.local/
OpenTelemetry tracing is disabled, make sure the keys (DynaTraceToken, DynaTraceTenantID, DynaTraceTraceUrl) are in the secret/configuration



Debug Trace:
Using EIS Private service at : https://api.sharedsvcs-nonprod.asb.local/
Using EIS Private service at : https://api-origin.dev.associatedbankservices.com/api/dev/addrssparsr</StdOut>
      </Output>
    </UnitTestResult>
    <UnitTestResult executionId="95033fc7-cb38-4433-acf5-c3a82140342d" testId="37796e50-188c-47f7-a529-a6aa2113ea56" testName="StopPaymentHistoryTests_MultipleStops" computerName="ip-10-8-96-225" duration="00:00:00.1578958" startTime="2023-10-04T13:17:37.4041240+00:00" endTime="2023-10-04T13:17:37.5621218+00:00" testType="13cdc9d9-ddb5-4fa4-a97d-d965ccfc6d4b" outcome="Passed" testListId="8c84fa94-04c1-424b-9868-57a2d4851a1d" relativeResultsDirectory="95033fc7-cb38-4433-acf5-c3a82140342d" />
    <UnitTestResult executionId="9b55987c-f21c-4d85-828c-f36f5ba31e6c" testId="ad441c52-fc92-475c-bc9f-fb02c245a542" testName="WhenLoanServDrawToAccountIsNotDDA_TransferFailsWith400" computerName="ip-10-8-96-225" duration="00:00:00.1905769" startTime="2023-10-04T13:17:34.4825134+00:00" endTime="2023-10-04T13:17:34.6731963+00:00" testType="13cdc9d9-ddb5-4fa4-a97d-d965ccfc6d4b" outcome="Passed" testListId="8c84fa94-04c1-424b-9868-57a2d4851a1d" relativeResultsDirectory="9b55987c-f21c-4d85-828c-f36f5ba31e6c" />
    <UnitTestResult executionId="78cd89b5-d88b-4a15-9fd3-b46c9025efea" testId="2a3b4547-f342-4317-a82f-fd24ecdaeb44" testName="UpdateProfileContacts_SimulateWSErrorResponse" computerName="ip-10-8-96-225" duration="00:00:02.3541053" startTime="2023-10-04T13:19:10.9965798+00:00" endTime="2023-10-04T13:19:13.3507810+00:00" testType="13cdc9d9-ddb5-4fa4-a97d-d965ccfc6d4b" outcome="Passed" testListId="8c84fa94-04c1-424b-9868-57a2d4851a1d" relativeResultsDirectory="78cd89b5-d88b-4a15-9fd3-b46c9025efea">
      <Output>
        <StdOut>CommunicatorBaseUri is http://localhost:5011/
loanServ.BaseUri is https://api.sharedsvcs-nonprod.asb.local/
eDocs.NautilusBaseUrl is http://nautilus.d3couple.local/
OpenTelemetry tracing is disabled, make sure the keys (DynaTraceToken, DynaTraceTenantID, DynaTraceTraceUrl) are in the secret/configuration



Debug Trace:
Using EIS Private service at : https://api.sharedsvcs-nonprod.asb.local/
Using EIS Private service at : https://api-origin.dev.associatedbankservices.com/api/dev/addrssparsr</StdOut>
      </Output>
    </UnitTestResult>
    <UnitTestResult executionId="af641bb6-499a-48b6-90b6-a84e8b76939a" testId="9d3c88f2-31a2-44a1-8d36-83093457e6c9" testName="CoreLive_Rest_StopPayment_BadAccount" computerName="ip-10-8-96-225" duration="00:00:02.5323553" startTime="2023-10-04T13:17:57.9192847+00:00" endTime="2023-10-04T13:18:02.9141109+00:00" testType="13cdc9d9-ddb5-4fa4-a97d-d965ccfc6d4b" outcome="Passed" testListId="8c84fa94-04c1-424b-9868-57a2d4851a1d" relativeResultsDirectory="af641bb6-499a-48b6-90b6-a84e8b76939a">
      <Output>
        <StdOut>CommunicatorBaseUri is http://localhost:5011/
loanServ.BaseUri is https://api.sharedsvcs-nonprod.asb.local/
eDocs.NautilusBaseUrl is http://nautilus.d3couple.local/
OpenTelemetry tracing is disabled, make sure the keys (DynaTraceToken, DynaTraceTenantID, DynaTraceTraceUrl) are in the secret/configuration
CommunicatorBaseUri is http://localhost:5011/
loanServ.BaseUri is https://api.sharedsvcs-nonprod.asb.local/
eDocs.NautilusBaseUrl is http://nautilus.d3couple.local/
OpenTelemetry tracing is disabled, make sure the keys (DynaTraceToken, DynaTraceTenantID, DynaTraceTraceUrl) are in the secret/configuration



Debug Trace:
Using EIS Private service at : https://api.sharedsvcs-nonprod.asb.local/
Using EIS Private service at : https://api-origin.dev.associatedbankservices.com/api/dev/addrssparsr
Using EIS Private service at : https://api.sharedsvcs-nonprod.asb.local/
Using EIS Private service at : https://api-origin.dev.associatedbankservices.com/api/dev/addrssparsr</StdOut>
      </Output>
    </UnitTestResult>
    <UnitTestResult executionId="fdfe608f-ad54-40fe-8a6c-4702ede0cbde" testId="d4697779-65f6-4272-a182-7f3ede14f936" testName="WhenNewTransOutOfOrder_SortDescending" computerName="ip-10-8-96-225" duration="00:00:00.0029491" startTime="2023-10-04T13:20:17.1637747+00:00" endTime="2023-10-04T13:20:17.1667909+00:00" testType="13cdc9d9-ddb5-4fa4-a97d-d965ccfc6d4b" outcome="Passed" testListId="8c84fa94-04c1-424b-9868-57a2d4851a1d" relativeResultsDirectory="fdfe608f-ad54-40fe-8a6c-4702ede0cbde" />
    <UnitTestResult executionId="6431b8a7-fabc-4194-8930-159bbd194436" testId="85d345dc-0107-4175-a03b-c270f8ff7576" testName="WhenInvalidRequest_ThenBadResponse (class UserVerificationResponse {&#xA;  AccountType: &#xA;  AccountNumber: &#xA;  DebitCardNumber: &#xA;  DateOfBirth: &#xA;  TaxId: &#xA;  Context: SELF-ENROLLMENT&#xA;}&#xA;)" computerName="ip-10-8-96-225" duration="00:00:00.0000759" startTime="2023-10-04T13:17:45.3700581+00:00" endTime="2023-10-04T13:17:45.3810445+00:00" testType="13cdc9d9-ddb5-4fa4-a97d-d965ccfc6d4b" outcome="Passed" testListId="8c84fa94-04c1-424b-9868-57a2d4851a1d" relativeResultsDirectory="6431b8a7-fabc-4194-8930-159bbd194436" />
    <UnitTestResult executionId="52494d04-ed3a-48fc-852c-e0c010178b8f" testId="8d980f2f-514e-4429-bc36-94d9542a09ed" testName="EventBridge_Controller_Basic_RequestCancelled" computerName="ip-10-8-96-225" duration="00:00:02.4944992" startTime="2023-10-04T13:20:25.6889168+00:00" endTime="2023-10-04T13:20:28.1835420+00:00" testType="13cdc9d9-ddb5-4fa4-a97d-d965ccfc6d4b" outcome="Passed" testListId="8c84fa94-04c1-424b-9868-57a2d4851a1d" relativeResultsDirectory="52494d04-ed3a-48fc-852c-e0c010178b8f">
      <Output>
        <StdOut>CommunicatorBaseUri is http://localhost:5011/
loanServ.BaseUri is https://api.sharedsvcs-nonprod.asb.local/
eDocs.NautilusBaseUrl is http://nautilus.d3couple.local/
OpenTelemetry tracing is disabled, make sure the keys (DynaTraceToken, DynaTraceTenantID, DynaTraceTraceUrl) are in the secret/configuration



Debug Trace:
Using EIS Private service at : https://api.sharedsvcs-nonprod.asb.local/
Using EIS Private service at : https://api-origin.dev.associatedbankservices.com/api/dev/addrssparsr</StdOut>
      </Output>
    </UnitTestResult>
    <UnitTestResult executionId="abd53f8e-4faf-49a1-843b-24ffece4dae5" testId="a43ccfc8-160f-495a-8f51-2c003413221e" testName="IntradayController_AccountRoute_SyncTRANSACTIONS_SingleTimeFaked_SyncFails" computerName="ip-10-8-96-225" duration="00:00:00.0031632" startTime="2023-10-04T13:19:48.0149131+00:00" endTime="2023-10-04T13:19:48.0181483+00:00" testType="13cdc9d9-ddb5-4fa4-a97d-d965ccfc6d4b" outcome="Passed" testListId="8c84fa94-04c1-424b-9868-57a2d4851a1d" relativeResultsDirectory="abd53f8e-4faf-49a1-843b-24ffece4dae5" />
    <UnitTestResult executionId="341fdcd9-00f5-4e5b-940e-5f91e76cac54" testId="9a00293b-2da3-4aba-8215-612d9ba86598" testName="WhenCIFIsValidAndCustInqRsIsNull_GetProfileFailsWith500" computerName="ip-10-8-96-225" duration="00:00:00.1463843" startTime="2023-10-04T13:17:30.8122617+00:00" endTime="2023-10-04T13:17:30.9587469+00:00" testType="13cdc9d9-ddb5-4fa4-a97d-d965ccfc6d4b" outcome="Passed" testListId="8c84fa94-04c1-424b-9868-57a2d4851a1d" relativeResultsDirectory="341fdcd9-00f5-4e5b-940e-5f91e76cac54" />
    <UnitTestResult executionId="bdd34a61-1756-4d8c-af67-fda420874d97" testId="0488f847-decc-41eb-9e95-cf8d9f4864b8" testName="AccountInquiryWS_WithValidData_ReturnResults" computerName="ip-10-8-96-225" duration="00:00:00.9775114" startTime="2023-10-04T13:16:43.6846884+00:00" endTime="2023-10-04T13:16:44.6623895+00:00" testType="13cdc9d9-ddb5-4fa4-a97d-d965ccfc6d4b" outcome="Passed" testListId="8c84fa94-04c1-424b-9868-57a2d4851a1d" relativeResultsDirectory="bdd34a61-1756-4d8c-af67-fda420874d97" />
    <UnitTestResult executionId="e889b782-5fcb-4522-8bbb-eda0115faad4" testId="17d6223d-d4c5-49f9-8b7a-65974252b40c" testName="CoreLive_Rest_StopPaymentRange_NoRange" computerName="ip-10-8-96-225" duration="00:00:02.2079109" startTime="2023-10-04T13:18:25.3879526+00:00" endTime="2023-10-04T13:18:27.5960108+00:00" testType="13cdc9d9-ddb5-4fa4-a97d-d965ccfc6d4b" outcome="Passed" testListId="8c84fa94-04c1-424b-9868-57a2d4851a1d" relativeResultsDirectory="e889b782-5fcb-4522-8bbb-eda0115faad4">
      <Output>
        <StdOut>CommunicatorBaseUri is http://localhost:5011/
loanServ.BaseUri is https://api.sharedsvcs-nonprod.asb.local/
eDocs.NautilusBaseUrl is http://nautilus.d3couple.local/
OpenTelemetry tracing is disabled, make sure the keys (DynaTraceToken, DynaTraceTenantID, DynaTraceTraceUrl) are in the secret/configuration



Debug Trace:
Using EIS Private service at : https://api.sharedsvcs-nonprod.asb.local/
Using EIS Private service at : https://api-origin.dev.associatedbankservices.com/api/dev/addrssparsr</StdOut>
      </Output>
    </UnitTestResult>
    <UnitTestResult executionId="35e646aa-b7a0-41bc-ad5c-1d1eabe1037a" testId="05f786e6-128d-4c09-b53c-c6f2d407f5be" testName="SigLoanAccountTransInquiryHandler_Loan_Error" computerName="ip-10-8-96-225" duration="00:00:00.2311069" startTime="2023-10-04T13:20:18.0624331+00:00" endTime="2023-10-04T13:20:18.2936793+00:00" testType="13cdc9d9-ddb5-4fa4-a97d-d965ccfc6d4b" outcome="Passed" testListId="8c84fa94-04c1-424b-9868-57a2d4851a1d" relativeResultsDirectory="35e646aa-b7a0-41bc-ad5c-1d1eabe1037a" />
    <UnitTestResult executionId="5045ee9a-c944-49b6-9e86-1994e827c4c1" testId="b7fd13e8-9b24-40e0-9dcd-d39fe65404b0" testName="IntradayHandlerCreditCard_GetAccountsAndTransactionsCCOnly_NoGetCreditCardAccountInfoResultsError" computerName="ip-10-8-96-225" duration="00:00:00.0038086" startTime="2023-10-04T13:19:48.0247940+00:00" endTime="2023-10-04T13:19:48.0286803+00:00" testType="13cdc9d9-ddb5-4fa4-a97d-d965ccfc6d4b" outcome="Passed" testListId="8c84fa94-04c1-424b-9868-57a2d4851a1d" relativeResultsDirectory="5045ee9a-c944-49b6-9e86-1994e827c4c1" />
    <UnitTestResult executionId="de0f7493-5a08-4b16-8b5b-fc44508c8e47" testId="8b40483a-586d-4f4c-af37-def636ff9b77" testName="UpdateProfile_WIAddressUpdate" computerName="ip-10-8-96-225" duration="00:00:00.1652508" startTime="2023-10-04T13:17:41.3608332+00:00" endTime="2023-10-04T13:17:41.5261841+00:00" testType="13cdc9d9-ddb5-4fa4-a97d-d965ccfc6d4b" outcome="Passed" testListId="8c84fa94-04c1-424b-9868-57a2d4851a1d" relativeResultsDirectory="de0f7493-5a08-4b16-8b5b-fc44508c8e47" />
    <UnitTestResult executionId="dac76a1e-f62f-4403-8886-3fe733638d13" testId="7b5ef71f-fd3f-4a88-8a7a-37e560aee3df" testName="StopPaymentHistoryTests_NoStops" computerName="ip-10-8-96-225" duration="00:00:00.1818653" startTime="2023-10-04T13:17:37.2218557+00:00" endTime="2023-10-04T13:17:37.4038163+00:00" testType="13cdc9d9-ddb5-4fa4-a97d-d965ccfc6d4b" outcome="Passed" testListId="8c84fa94-04c1-424b-9868-57a2d4851a1d" relativeResultsDirectory="dac76a1e-f62f-4403-8886-3fe733638d13" />
    <UnitTestResult executionId="d83693f8-4117-4512-ab0d-eb62c5f0dd69" testId="a23b3592-a4c5-456a-b6f9-cc9b35a84416" testName="CoreLive_Rest_StopPayment_CheckAlreadyExists" computerName="ip-10-8-96-225" duration="00:00:01.8567717" startTime="2023-10-04T13:18:09.2043562+00:00" endTime="2023-10-04T13:18:11.0612695+00:00" testType="13cdc9d9-ddb5-4fa4-a97d-d965ccfc6d4b" outcome="Passed" testListId="8c84fa94-04c1-424b-9868-57a2d4851a1d" relativeResultsDirectory="d83693f8-4117-4512-ab0d-eb62c5f0dd69">
      <Output>
        <StdOut>CommunicatorBaseUri is http://localhost:5011/
loanServ.BaseUri is https://api.sharedsvcs-nonprod.asb.local/
eDocs.NautilusBaseUrl is http://nautilus.d3couple.local/
OpenTelemetry tracing is disabled, make sure the keys (DynaTraceToken, DynaTraceTenantID, DynaTraceTraceUrl) are in the secret/configuration



Debug Trace:
Using EIS Private service at : https://api.sharedsvcs-nonprod.asb.local/
Using EIS Private service at : https://api-origin.dev.associatedbankservices.com/api/dev/addrssparsr</StdOut>
      </Output>
    </UnitTestResult>
    <UnitTestResult executionId="8023c194-442c-4719-ba1b-a7b516fa8086" testId="fe753ba5-a99a-43c9-990d-0741918737a2" testName="EISClientTruvUserLookUp_SuccessFoundTest" computerName="ip-10-8-96-225" duration="00:00:00.0108397" startTime="2023-10-04T13:16:43.6303788+00:00" endTime="2023-10-04T13:16:43.6413458+00:00" testType="13cdc9d9-ddb5-4fa4-a97d-d965ccfc6d4b" outcome="Passed" testListId="8c84fa94-04c1-424b-9868-57a2d4851a1d" relativeResultsDirectory="8023c194-442c-4719-ba1b-a7b516fa8086" />
    <UnitTestResult executionId="589d29c1-9278-40ca-b9f9-8a21d8135320" testId="28edbef2-3490-4148-8ce8-c4e54c351f85" testName="MockNautilus_GetAllDocuments_WithCustomer_GetDocs" computerName="ip-10-8-96-225" duration="00:00:01.0937705" startTime="2023-10-04T13:16:41.0991872+00:00" endTime="2023-10-04T13:16:42.1936140+00:00" testType="13cdc9d9-ddb5-4fa4-a97d-d965ccfc6d4b" outcome="Passed" testListId="8c84fa94-04c1-424b-9868-57a2d4851a1d" relativeResultsDirectory="589d29c1-9278-40ca-b9f9-8a21d8135320">
      <Output>
        <StdOut>Debug Trace:
info: 10/4/2023 13:16:41.713 CoreEventId.ContextInitialized[10403] (Microsoft.EntityFrameworkCore.Infrastructure) 
      Entity Framework Core 5.0.5 initialized 'NautilusContext' using provider 'Microsoft.EntityFrameworkCore.Sqlite' with options: None
dbug: 10/4/2023 13:16:41.760 CoreEventId.QueryCompilationStarting[10111] (Microsoft.EntityFrameworkCore.Query) 
      Compiling query expression: 
      'DbSet&lt;DbUser&gt;()
          .FirstOrDefault(u =&gt; u.TaxId == __uid_0)'
dbug: 10/4/2023 13:16:41.923 CoreEventId.QueryExecutionPlanned[10107] (Microsoft.EntityFrameworkCore.Query) 
      Generated query execution expression: 
      'queryContext =&gt; new SingleQueryingEnumerable&lt;DbUser&gt;(
          (RelationalQueryContext)queryContext, 
          RelationalCommandCache.SelectExpression(
              Projection Mapping:
                  EmptyProjectionMember -&gt; Dictionary&lt;IProperty, int&gt; { [Property: DbUser.UserId (string) Required PK AfterSave:Throw, 0], [Property: DbUser.FirstName (string), 1], [Property: DbUser.LastName (string), 2], [Property: DbUser.MiddleName (string), 3], [Property: DbUser.TaxId (string), 4], }
              SELECT TOP(1) t.USER_ID, t.FIRST_NAME, t.LAST_NAME, t.MIDDLE_NAME, t.TAX_ID
              FROM T_MOCK_USER AS t
              WHERE t.TAX_ID == @__uid_0), 
          Func&lt;QueryContext, DbDataReader, ResultContext, SingleQueryResultCoordinator, DbUser&gt;, 
          Mock.Nautilus.Databases.NautilusContext, 
          False, 
          False
      )
          .SingleOrDefault()'
dbug: 10/4/2023 13:16:42.011 RelationalEventId.CommandCreating[20103] (Microsoft.EntityFrameworkCore.Database.Command) 
      Creating DbCommand for 'ExecuteReader'.
dbug: 10/4/2023 13:16:42.014 RelationalEventId.CommandCreated[20104] (Microsoft.EntityFrameworkCore.Database.Command) 
      Created DbCommand for 'ExecuteReader' (62ms).
dbug: 10/4/2023 13:16:42.018 RelationalEventId.ConnectionOpening[20000] (Microsoft.EntityFrameworkCore.Database.Connection) 
      Opening connection to database 'main' on server 'Databases/MockNautilus.db'.
dbug: 10/4/2023 13:16:42.027 RelationalEventId.ConnectionOpened[20001] (Microsoft.EntityFrameworkCore.Database.Connection) 
      Opened connection to database 'main' on server '/tmp/_work/dbp-d3couple/dbp-d3couple/test/UnitTests/bin/Debug/net6.0/Databases/MockNautilus.db'.
dbug: 10/4/2023 13:16:42.032 RelationalEventId.CommandExecuting[20100] (Microsoft.EntityFrameworkCore.Database.Command) 
      Executing DbCommand [Parameters=[@__uid_0='?' (Size = 9)], CommandType='Text', CommandTimeout='30']
      SELECT "t"."USER_ID", "t"."FIRST_NAME", "t"."LAST_NAME", "t"."MIDDLE_NAME", "t"."TAX_ID"
      FROM "T_MOCK_USER" AS "t"
      WHERE "t"."TAX_ID" = @__uid_0
      LIMIT 1
info: 10/4/2023 13:16:42.043 RelationalEventId.CommandExecuted[20101] (Microsoft.EntityFrameworkCore.Database.Command) 
      Executed DbCommand (12ms) [Parameters=[@__uid_0='?' (Size = 9)], CommandType='Text', CommandTimeout='30']
      SELECT "t"."USER_ID", "t"."FIRST_NAME", "t"."LAST_NAME", "t"."MIDDLE_NAME", "t"."TAX_ID"
      FROM "T_MOCK_USER" AS "t"
      WHERE "t"."TAX_ID" = @__uid_0
      LIMIT 1
dbug: 10/4/2023 13:16:42.063 CoreEventId.StartedTracking[10806] (Microsoft.EntityFrameworkCore.ChangeTracking) 
      Context 'NautilusContext' started tracking 'DbUser' entity. Consider using 'DbContextOptionsBuilder.EnableSensitiveDataLogging' to see key values.
dbug: 10/4/2023 13:16:42.083 RelationalEventId.DataReaderDisposing[20300] (Microsoft.EntityFrameworkCore.Database.Command) 
      A data reader was disposed.
dbug: 10/4/2023 13:16:42.084 RelationalEventId.ConnectionClosing[20002] (Microsoft.EntityFrameworkCore.Database.Connection) 
      Closing connection to database 'main' on server '/tmp/_work/dbp-d3couple/dbp-d3couple/test/UnitTests/bin/Debug/net6.0/Databases/MockNautilus.db'.
dbug: 10/4/2023 13:16:42.087 RelationalEventId.ConnectionClosed[20003] (Microsoft.EntityFrameworkCore.Database.Connection) 
      Closed connection to database 'main' on server 'Databases/MockNautilus.db'.
dbug: 10/4/2023 13:16:42.091 CoreEventId.QueryCompilationStarting[10111] (Microsoft.EntityFrameworkCore.Query) 
      Compiling query expression: 
      'DbSet&lt;DbDocument&gt;()
          .Include(d =&gt; d.Account)
          .Where(d =&gt; d.User.UserId == __user_UserId_0)'
dbug: 10/4/2023 13:16:42.104 CoreEventId.NavigationBaseIncluded[10112] (Microsoft.EntityFrameworkCore.Query) 
      Including navigation: 'DbDocument.Account'.
dbug: 10/4/2023 13:16:42.146 CoreEventId.QueryExecutionPlanned[10107] (Microsoft.EntityFrameworkCore.Query) 
      Generated query execution expression: 
      'queryContext =&gt; new SingleQueryingEnumerable&lt;DbDocument&gt;(
          (RelationalQueryContext)queryContext, 
          RelationalCommandCache.SelectExpression(
              Projection Mapping:
              SELECT t.DOCUMENT_ID, t.ACCOUNT_ID, t.DOCUMENT_DATE, t.DOCUMENT_NAME, t.DOCUMENT_TYPE, t.USER_ID, t1.ACCOUNT_ID, t1.USER_ID, t1.ACCOUNT_NUMBER
              FROM T_MOCK_DOCUMENT AS t
              LEFT JOIN T_MOCK_USER AS t0 ON t.USER_ID == t0.USER_ID
              LEFT JOIN T_MOCK_ACCOUNT AS t1 ON (t.ACCOUNT_ID == t1.ACCOUNT_ID) &amp;&amp; (t.USER_ID == t1.USER_ID)
              WHERE t0.USER_ID == @__user_UserId_0), 
          Func&lt;QueryContext, DbDataReader, ResultContext, SingleQueryResultCoordinator, DbDocument&gt;, 
          Mock.Nautilus.Databases.NautilusContext, 
          False, 
          False
      )'
dbug: 10/4/2023 13:16:42.148 RelationalEventId.CommandCreating[20103] (Microsoft.EntityFrameworkCore.Database.Command) 
      Creating DbCommand for 'ExecuteReader'.
dbug: 10/4/2023 13:16:42.148 RelationalEventId.CommandCreated[20104] (Microsoft.EntityFrameworkCore.Database.Command) 
      Created DbCommand for 'ExecuteReader' (0ms).
dbug: 10/4/2023 13:16:42.148 RelationalEventId.ConnectionOpening[20000] (Microsoft.EntityFrameworkCore.Database.Connection) 
      Opening connection to database 'main' on server 'Databases/MockNautilus.db'.
dbug: 10/4/2023 13:16:42.148 RelationalEventId.ConnectionOpened[20001] (Microsoft.EntityFrameworkCore.Database.Connection) 
      Opened connection to database 'main' on server '/tmp/_work/dbp-d3couple/dbp-d3couple/test/UnitTests/bin/Debug/net6.0/Databases/MockNautilus.db'.
dbug: 10/4/2023 13:16:42.148 RelationalEventId.CommandExecuting[20100] (Microsoft.EntityFrameworkCore.Database.Command) 
      Executing DbCommand [Parameters=[@__user_UserId_0='?' (Size = 8)], CommandType='Text', CommandTimeout='30']
      SELECT "t"."DOCUMENT_ID", "t"."ACCOUNT_ID", "t"."DOCUMENT_DATE", "t"."DOCUMENT_NAME", "t"."DOCUMENT_TYPE", "t"."USER_ID", "t1"."ACCOUNT_ID", "t1"."USER_ID", "t1"."ACCOUNT_NUMBER"
      FROM "T_MOCK_DOCUMENT" AS "t"
      LEFT JOIN "T_MOCK_USER" AS "t0" ON "t"."USER_ID" = "t0"."USER_ID"
      LEFT JOIN "T_MOCK_ACCOUNT" AS "t1" ON ("t"."ACCOUNT_ID" = "t1"."ACCOUNT_ID") AND ("t"."USER_ID" = "t1"."USER_ID")
      WHERE "t0"."USER_ID" = @__user_UserId_0
info: 10/4/2023 13:16:42.148 RelationalEventId.CommandExecuted[20101] (Microsoft.EntityFrameworkCore.Database.Command) 
      Executed DbCommand (0ms) [Parameters=[@__user_UserId_0='?' (Size = 8)], CommandType='Text', CommandTimeout='30']
      SELECT "t"."DOCUMENT_ID", "t"."ACCOUNT_ID", "t"."DOCUMENT_DATE", "t"."DOCUMENT_NAME", "t"."DOCUMENT_TYPE", "t"."USER_ID", "t1"."ACCOUNT_ID", "t1"."USER_ID", "t1"."ACCOUNT_NUMBER"
      FROM "T_MOCK_DOCUMENT" AS "t"
      LEFT JOIN "T_MOCK_USER" AS "t0" ON "t"."USER_ID" = "t0"."USER_ID"
      LEFT JOIN "T_MOCK_ACCOUNT" AS "t1" ON ("t"."ACCOUNT_ID" = "t1"."ACCOUNT_ID") AND ("t"."USER_ID" = "t1"."USER_ID")
      WHERE "t0"."USER_ID" = @__user_UserId_0
dbug: 10/4/2023 13:16:42.157 CoreEventId.StartedTracking[10806] (Microsoft.EntityFrameworkCore.ChangeTracking) 
      Context 'NautilusContext' started tracking 'DbDocument' entity. Consider using 'DbContextOptionsBuilder.EnableSensitiveDataLogging' to see key values.
dbug: 10/4/2023 13:16:42.177 CoreEventId.StartedTracking[10806] (Microsoft.EntityFrameworkCore.ChangeTracking) 
      Context 'NautilusContext' started tracking 'DbAccount' entity. Consider using 'DbContextOptionsBuilder.EnableSensitiveDataLogging' to see key values.
dbug: 10/4/2023 13:16:42.187 CoreEventId.StartedTracking[10806] (Microsoft.EntityFrameworkCore.ChangeTracking) 
      Context 'NautilusContext' started tracking 'DbDocument' entity. Consider using 'DbContextOptionsBuilder.EnableSensitiveDataLogging' to see key values.
dbug: 10/4/2023 13:16:42.187 CoreEventId.StartedTracking[10806] (Microsoft.EntityFrameworkCore.ChangeTracking) 
      Context 'NautilusContext' started tracking 'DbDocument' entity. Consider using 'DbContextOptionsBuilder.EnableSensitiveDataLogging' to see key values.
dbug: 10/4/2023 13:16:42.187 CoreEventId.StartedTracking[10806] (Microsoft.EntityFrameworkCore.ChangeTracking) 
      Context 'NautilusContext' started tracking 'DbAccount' entity. Consider using 'DbContextOptionsBuilder.EnableSensitiveDataLogging' to see key values.
dbug: 10/4/2023 13:16:42.187 CoreEventId.StartedTracking[10806] (Microsoft.EntityFrameworkCore.ChangeTracking) 
      Context 'NautilusContext' started tracking 'DbDocument' entity. Consider using 'DbContextOptionsBuilder.EnableSensitiveDataLogging' to see key values.
dbug: 10/4/2023 13:16:42.187 CoreEventId.StartedTracking[10806] (Microsoft.EntityFrameworkCore.ChangeTracking) 
      Context 'NautilusContext' started tracking 'DbDocument' entity. Consider using 'DbContextOptionsBuilder.EnableSensitiveDataLogging' to see key values.
dbug: 10/4/2023 13:16:42.188 CoreEventId.StartedTracking[10806] (Microsoft.EntityFrameworkCore.ChangeTracking) 
      Context 'NautilusContext' started tracking 'DbDocument' entity. Consider using 'DbContextOptionsBuilder.EnableSensitiveDataLogging' to see key values.
dbug: 10/4/2023 13:16:42.188 CoreEventId.StartedTracking[10806] (Microsoft.EntityFrameworkCore.ChangeTracking) 
      Context 'NautilusContext' started tracking 'DbDocument' entity. Consider using 'DbContextOptionsBuilder.EnableSensitiveDataLogging' to see key values.
dbug: 10/4/2023 13:16:42.188 CoreEventId.StartedTracking[10806] (Microsoft.EntityFrameworkCore.ChangeTracking) 
      Context 'NautilusContext' started tracking 'DbDocument' entity. Consider using 'DbContextOptionsBuilder.EnableSensitiveDataLogging' to see key values.
dbug: 10/4/2023 13:16:42.188 CoreEventId.StartedTracking[10806] (Microsoft.EntityFrameworkCore.ChangeTracking) 
      Context 'NautilusContext' started tracking 'DbDocument' entity. Consider using 'DbContextOptionsBuilder.EnableSensitiveDataLogging' to see key values.
dbug: 10/4/2023 13:16:42.188 CoreEventId.StartedTracking[10806] (Microsoft.EntityFrameworkCore.ChangeTracking) 
      Context 'NautilusContext' started tracking 'DbDocument' entity. Consider using 'DbContextOptionsBuilder.EnableSensitiveDataLogging' to see key values.
dbug: 10/4/2023 13:16:42.188 CoreEventId.StartedTracking[10806] (Microsoft.EntityFrameworkCore.ChangeTracking) 
      Context 'NautilusContext' started tracking 'DbDocument' entity. Consider using 'DbContextOptionsBuilder.EnableSensitiveDataLogging' to see key values.
dbug: 10/4/2023 13:16:42.188 CoreEventId.StartedTracking[10806] (Microsoft.EntityFrameworkCore.ChangeTracking) 
      Context 'NautilusContext' started tracking 'DbDocument' entity. Consider using 'DbContextOptionsBuilder.EnableSensitiveDataLogging' to see key values.
dbug: 10/4/2023 13:16:42.188 CoreEventId.StartedTracking[10806] (Microsoft.EntityFrameworkCore.ChangeTracking) 
      Context 'NautilusContext' started tracking 'DbDocument' entity. Consider using 'DbContextOptionsBuilder.EnableSensitiveDataLogging' to see key values.
dbug: 10/4/2023 13:16:42.188 CoreEventId.StartedTracking[10806] (Microsoft.EntityFrameworkCore.ChangeTracking) 
      Context 'NautilusContext' started tracking 'DbDocument' entity. Consider using 'DbContextOptionsBuilder.EnableSensitiveDataLogging' to see key values.
dbug: 10/4/2023 13:16:42.188 CoreEventId.StartedTracking[10806] (Microsoft.EntityFrameworkCore.ChangeTracking) 
      Context 'NautilusContext' started tracking 'DbDocument' entity. Consider using 'DbContextOptionsBuilder.EnableSensitiveDataLogging' to see key values.
dbug: 10/4/2023 13:16:42.188 CoreEventId.StartedTracking[10806] (Microsoft.EntityFrameworkCore.ChangeTracking) 
      Context 'NautilusContext' started tracking 'DbDocument' entity. Consider using 'DbContextOptionsBuilder.EnableSensitiveDataLogging' to see key values.
dbug: 10/4/2023 13:16:42.188 CoreEventId.StartedTracking[10806] (Microsoft.EntityFrameworkCore.ChangeTracking) 
      Context 'NautilusContext' started tracking 'DbDocument' entity. Consider using 'DbContextOptionsBuilder.EnableSensitiveDataLogging' to see key values.
dbug: 10/4/2023 13:16:42.188 CoreEventId.StartedTracking[10806] (Microsoft.EntityFrameworkCore.ChangeTracking) 
      Context 'NautilusContext' started tracking 'DbDocument' entity. Consider using 'DbContextOptionsBuilder.EnableSensitiveDataLogging' to see key values.
dbug: 10/4/2023 13:16:42.189 CoreEventId.StartedTracking[10806] (Microsoft.EntityFrameworkCore.ChangeTracking) 
      Context 'NautilusContext' started tracking 'DbDocument' entity. Consider using 'DbContextOptionsBuilder.EnableSensitiveDataLogging' to see key values.
dbug: 10/4/2023 13:16:42.189 CoreEventId.StartedTracking[10806] (Microsoft.EntityFrameworkCore.ChangeTracking) 
      Context 'NautilusContext' started tracking 'DbDocument' entity. Consider using 'DbContextOptionsBuilder.EnableSensitiveDataLogging' to see key values.
dbug: 10/4/2023 13:16:42.189 CoreEventId.StartedTracking[10806] (Microsoft.EntityFrameworkCore.ChangeTracking) 
      Context 'NautilusContext' started tracking 'DbDocument' entity. Consider using 'DbContextOptionsBuilder.EnableSensitiveDataLogging' to see key values.
dbug: 10/4/2023 13:16:42.189 CoreEventId.StartedTracking[10806] (Microsoft.EntityFrameworkCore.ChangeTracking) 
      Context 'NautilusContext' started tracking 'DbDocument' entity. Consider using 'DbContextOptionsBuilder.EnableSensitiveDataLogging' to see key values.
dbug: 10/4/2023 13:16:42.189 CoreEventId.StartedTracking[10806] (Microsoft.EntityFrameworkCore.ChangeTracking) 
      Context 'NautilusContext' started tracking 'DbDocument' entity. Consider using 'DbContextOptionsBuilder.EnableSensitiveDataLogging' to see key values.
dbug: 10/4/2023 13:16:42.189 CoreEventId.StartedTracking[10806] (Microsoft.EntityFrameworkCore.ChangeTracking) 
      Context 'NautilusContext' started tracking 'DbDocument' entity. Consider using 'DbContextOptionsBuilder.EnableSensitiveDataLogging' to see key values.
dbug: 10/4/2023 13:16:42.189 CoreEventId.StartedTracking[10806] (Microsoft.EntityFrameworkCore.ChangeTracking) 
      Context 'NautilusContext' started tracking 'DbDocument' entity. Consider using 'DbContextOptionsBuilder.EnableSensitiveDataLogging' to see key values.
dbug: 10/4/2023 13:16:42.189 CoreEventId.StartedTracking[10806] (Microsoft.EntityFrameworkCore.ChangeTracking) 
      Context 'NautilusContext' started tracking 'DbDocument' entity. Consider using 'DbContextOptionsBuilder.EnableSensitiveDataLogging' to see key values.
dbug: 10/4/2023 13:16:42.189 CoreEventId.StartedTracking[10806] (Microsoft.EntityFrameworkCore.ChangeTracking) 
      Context 'NautilusContext' started tracking 'DbDocument' entity. Consider using 'DbContextOptionsBuilder.EnableSensitiveDataLogging' to see key values.
dbug: 10/4/2023 13:16:42.189 CoreEventId.StartedTracking[10806] (Microsoft.EntityFrameworkCore.ChangeTracking) 
      Context 'NautilusContext' started tracking 'DbDocument' entity. Consider using 'DbContextOptionsBuilder.EnableSensitiveDataLogging' to see key values.
dbug: 10/4/2023 13:16:42.189 CoreEventId.StartedTracking[10806] (Microsoft.EntityFrameworkCore.ChangeTracking) 
      Context 'NautilusContext' started tracking 'DbDocument' entity. Consider using 'DbContextOptionsBuilder.EnableSensitiveDataLogging' to see key values.
dbug: 10/4/2023 13:16:42.189 CoreEventId.StartedTracking[10806] (Microsoft.EntityFrameworkCore.ChangeTracking) 
      Context 'NautilusContext' started tracking 'DbDocument' entity. Consider using 'DbContextOptionsBuilder.EnableSensitiveDataLogging' to see key values.
dbug: 10/4/2023 13:16:42.189 CoreEventId.StartedTracking[10806] (Microsoft.EntityFrameworkCore.ChangeTracking) 
      Context 'NautilusContext' started tracking 'DbDocument' entity. Consider using 'DbContextOptionsBuilder.EnableSensitiveDataLogging' to see key values.
dbug: 10/4/2023 13:16:42.190 CoreEventId.StartedTracking[10806] (Microsoft.EntityFrameworkCore.ChangeTracking) 
      Context 'NautilusContext' started tracking 'DbDocument' entity. Consider using 'DbContextOptionsBuilder.EnableSensitiveDataLogging' to see key values.
dbug: 10/4/2023 13:16:42.190 CoreEventId.StartedTracking[10806] (Microsoft.EntityFrameworkCore.ChangeTracking) 
      Context 'NautilusContext' started tracking 'DbDocument' entity. Consider using 'DbContextOptionsBuilder.EnableSensitiveDataLogging' to see key values.
dbug: 10/4/2023 13:16:42.190 CoreEventId.StartedTracking[10806] (Microsoft.EntityFrameworkCore.ChangeTracking) 
      Context 'NautilusContext' started tracking 'DbDocument' entity. Consider using 'DbContextOptionsBuilder.EnableSensitiveDataLogging' to see key values.
dbug: 10/4/2023 13:16:42.190 CoreEventId.StartedTracking[10806] (Microsoft.EntityFrameworkCore.ChangeTracking) 
      Context 'NautilusContext' started tracking 'DbDocument' entity. Consider using 'DbContextOptionsBuilder.EnableSensitiveDataLogging' to see key values.
dbug: 10/4/2023 13:16:42.190 CoreEventId.StartedTracking[10806] (Microsoft.EntityFrameworkCore.ChangeTracking) 
      Context 'NautilusContext' started tracking 'DbDocument' entity. Consider using 'DbContextOptionsBuilder.EnableSensitiveDataLogging' to see key values.
dbug: 10/4/2023 13:16:42.190 CoreEventId.StartedTracking[10806] (Microsoft.EntityFrameworkCore.ChangeTracking) 
      Context 'NautilusContext' started tracking 'DbDocument' entity. Consider using 'DbContextOptionsBuilder.EnableSensitiveDataLogging' to see key values.
dbug: 10/4/2023 13:16:42.190 CoreEventId.StartedTracking[10806] (Microsoft.EntityFrameworkCore.ChangeTracking) 
      Context 'NautilusContext' started tracking 'DbDocument' entity. Consider using 'DbContextOptionsBuilder.EnableSensitiveDataLogging' to see key values.
dbug: 10/4/2023 13:16:42.190 CoreEventId.StartedTracking[10806] (Microsoft.EntityFrameworkCore.ChangeTracking) 
      Context 'NautilusContext' started tracking 'DbDocument' entity. Consider using 'DbContextOptionsBuilder.EnableSensitiveDataLogging' to see key values.
dbug: 10/4/2023 13:16:42.190 CoreEventId.StartedTracking[10806] (Microsoft.EntityFrameworkCore.ChangeTracking) 
      Context 'NautilusContext' started tracking 'DbDocument' entity. Consider using 'DbContextOptionsBuilder.EnableSensitiveDataLogging' to see key values.
dbug: 10/4/2023 13:16:42.190 RelationalEventId.DataReaderDisposing[20300] (Microsoft.EntityFrameworkCore.Database.Command) 
      A data reader was disposed.
dbug: 10/4/2023 13:16:42.190 RelationalEventId.ConnectionClosing[20002] (Microsoft.EntityFrameworkCore.Database.Connection) 
      Closing connection to database 'main' on server '/tmp/_work/dbp-d3couple/dbp-d3couple/test/UnitTests/bin/Debug/net6.0/Databases/MockNautilus.db'.
dbug: 10/4/2023 13:16:42.190 RelationalEventId.ConnectionClosed[20003] (Microsoft.EntityFrameworkCore.Database.Connection) 
      Closed connection to database 'main' on server 'Databases/MockNautilus.db'.</StdOut>
      </Output>
    </UnitTestResult>
    <UnitTestResult executionId="e8172dde-1ec3-4144-b1cb-8bc74f415856" testId="ebb95dae-bb68-497b-a035-b5418e8359a4" testName="StopPaymentTests_ZeroCheckNumberRange_CommunicatorErrorExpected" computerName="ip-10-8-96-225" duration="00:00:00.1746139" startTime="2023-10-04T13:17:39.0782570+00:00" endTime="2023-10-04T13:17:39.2529646+00:00" testType="13cdc9d9-ddb5-4fa4-a97d-d965ccfc6d4b" outcome="Passed" testListId="8c84fa94-04c1-424b-9868-57a2d4851a1d" relativeResultsDirectory="e8172dde-1ec3-4144-b1cb-8bc74f415856" />
    <UnitTestResult executionId="ffc5040f-975b-46db-92c9-e9197d13848b" testId="65659b1e-1ae0-4811-99fa-57a2798c0891" testName="Success" computerName="ip-10-8-96-225" duration="00:00:00.1347910" startTime="2023-10-04T13:16:42.2008155+00:00" endTime="2023-10-04T13:16:42.3359242+00:00" testType="13cdc9d9-ddb5-4fa4-a97d-d965ccfc6d4b" outcome="Passed" testListId="8c84fa94-04c1-424b-9868-57a2d4851a1d" relativeResultsDirectory="ffc5040f-975b-46db-92c9-e9197d13848b" />
    <UnitTestResult executionId="d2df1f3c-06c1-4b7e-a8ad-3b0ca1499dae" testId="9f12f4b4-a94a-4b1d-883d-443148dac75c" testName="IntradayController_SyncALL_SingleTimeFaked_Sync" computerName="ip-10-8-96-225" duration="00:00:00.0048977" startTime="2023-10-04T13:19:47.9975619+00:00" endTime="2023-10-04T13:19:48.0025648+00:00" testType="13cdc9d9-ddb5-4fa4-a97d-d965ccfc6d4b" outcome="Passed" testListId="8c84fa94-04c1-424b-9868-57a2d4851a1d" relativeResultsDirectory="d2df1f3c-06c1-4b7e-a8ad-3b0ca1499dae" />
    <UnitTestResult executionId="ed30aef7-70b0-4fc3-9b65-c77cfcc1d87d" testId="b6c00ccb-02b3-4435-bb8f-bc5e57e4ec3c" testName="UpdateProfile_ProfileUpdateNoAddress" computerName="ip-10-8-96-225" duration="00:00:00.2189963" startTime="2023-10-04T13:17:44.4698764+00:00" endTime="2023-10-04T13:17:44.6889687+00:00" testType="13cdc9d9-ddb5-4fa4-a97d-d965ccfc6d4b" outcome="Passed" testListId="8c84fa94-04c1-424b-9868-57a2d4851a1d" relativeResultsDirectory="ed30aef7-70b0-4fc3-9b65-c77cfcc1d87d" />
    <UnitTestResult executionId="842e490a-9d6a-4324-a9fc-1bd47685a0ec" testId="417dcc19-8fd7-4bed-bad0-c0c4c60fec66" testName="WhenCustomerFoundByDebitNumberAndDOBMatches_NotFoundInSF_FoundInSignature_ThenSuccess (SV)" computerName="ip-10-8-96-225" duration="00:00:00.2124061" startTime="2023-10-04T13:17:49.6076162+00:00" endTime="2023-10-04T13:17:49.8220211+00:00" testType="13cdc9d9-ddb5-4fa4-a97d-d965ccfc6d4b" outcome="Passed" testListId="8c84fa94-04c1-424b-9868-57a2d4851a1d" relativeResultsDirectory="842e490a-9d6a-4324-a9fc-1bd47685a0ec">
      <Output>
        <StdOut>\u001b[40m\u001b[32minfo\u001b[39m\u001b[22m\u001b[49m: D3.CoreLive.Service.WorkerServices.VerifyUserWS[0]
      User Verification Succeeded
\u001b[40m\u001b[32minfo\u001b[39m\u001b[22m\u001b[49m: D3.CoreLive.Service.WorkerServices.VerifyUserWS[0]
      User Not Found In Entity
\u001b[40m\u001b[32minfo\u001b[39m\u001b[22m\u001b[49m: D3.CoreLive.Service.WorkerServices.VerifyUserWS[0]
      Customer Found With 1 Account(s)
\u001b[40m\u001b[32minfo\u001b[39m\u001b[22m\u001b[49m: D3.CoreLive.Service.WorkerServices.VerifyUserWS[0]
      Customer Verified With Card Account
\u001b[40m\u001b[32minfo\u001b[39m\u001b[22m\u001b[49m: D3.CoreLive.Service.WorkerServices.VerifyUserWS[0]
      User Verification Succeeded



Debug Trace:
Debug - CustomerListInquiryWS:BuildCustomerListInquiryRequest - request id 5bb3a7a0-fc4c-435d-96c1-44cef4ccdb91</StdOut>
      </Output>
    </UnitTestResult>
    <UnitTestResult executionId="0ed1324c-d922-43f2-8c9f-3cde959e8680" testId="b43ae606-2a34-463c-98e3-d1c5aec03ab5" testName="StopPaymentRangeTests_ReverseToFrom" computerName="ip-10-8-96-225" duration="00:00:00.1573915" startTime="2023-10-04T13:17:39.5566633+00:00" endTime="2023-10-04T13:17:39.7141945+00:00" testType="13cdc9d9-ddb5-4fa4-a97d-d965ccfc6d4b" outcome="Passed" testListId="8c84fa94-04c1-424b-9868-57a2d4851a1d" relativeResultsDirectory="0ed1324c-d922-43f2-8c9f-3cde959e8680" />
    <UnitTestResult executionId="0e715099-e622-4f2f-978a-4fed03dbcbb7" testId="dfe6cd9a-cf54-476c-b244-9ad0eb29f0de" testName="WhenPOAddress2_ThenFailureReturned" computerName="ip-10-8-96-225" duration="00:00:00.0017503" startTime="2023-10-04T13:19:23.4752699+00:00" endTime="2023-10-04T13:19:23.4771006+00:00" testType="13cdc9d9-ddb5-4fa4-a97d-d965ccfc6d4b" outcome="Passed" testListId="8c84fa94-04c1-424b-9868-57a2d4851a1d" relativeResultsDirectory="0e715099-e622-4f2f-978a-4fed03dbcbb7" />
    <UnitTestResult executionId="cf61d574-6cb7-4396-983d-2070d0d3be2d" testId="504ad165-73de-4026-8b72-96ea514f9890" testName="EISClient_AddressParse_AddressNotFound" computerName="ip-10-8-96-225" duration="00:00:00.0013177" startTime="2023-10-04T13:16:42.5312736+00:00" endTime="2023-10-04T13:16:42.5327234+00:00" testType="13cdc9d9-ddb5-4fa4-a97d-d965ccfc6d4b" outcome="Passed" testListId="8c84fa94-04c1-424b-9868-57a2d4851a1d" relativeResultsDirectory="cf61d574-6cb7-4396-983d-2070d0d3be2d" />
    <UnitTestResult executionId="cf24df17-324f-4886-8686-6e76c2a93097" testId="8b3ce315-e3d5-451b-8bd8-57d2b7685a5c" testName="UpdateProfile_NoAddr1AddressUpdateFailure" computerName="ip-10-8-96-225" duration="00:00:00.2010050" startTime="2023-10-04T13:17:41.1593707+00:00" endTime="2023-10-04T13:17:41.3605443+00:00" testType="13cdc9d9-ddb5-4fa4-a97d-d965ccfc6d4b" outcome="Passed" testListId="8c84fa94-04c1-424b-9868-57a2d4851a1d" relativeResultsDirectory="cf24df17-324f-4886-8686-6e76c2a93097" />
    <UnitTestResult executionId="d9fc51e7-0442-43d0-95e2-d49434de7c10" testId="8a497868-b929-4895-bf22-8e2f70772ef2" testName="StopPaymentTests_CheckAlreadyStopped" computerName="ip-10-8-96-225" duration="00:00:00.2206241" startTime="2023-10-04T13:17:38.4793322+00:00" endTime="2023-10-04T13:17:38.7000527+00:00" testType="13cdc9d9-ddb5-4fa4-a97d-d965ccfc6d4b" outcome="Passed" testListId="8c84fa94-04c1-424b-9868-57a2d4851a1d" relativeResultsDirectory="d9fc51e7-0442-43d0-95e2-d49434de7c10" />
    <UnitTestResult executionId="f018a2fc-61c8-437e-87a0-8a2c9e07bd6c" testId="2fcd3405-689f-42c7-83c5-1a57f0e37c60" testName="EISClient_AddressParse_BasicTest" computerName="ip-10-8-96-225" duration="00:00:00.0481425" startTime="2023-10-04T13:16:42.4785908+00:00" endTime="2023-10-04T13:16:42.5269733+00:00" testType="13cdc9d9-ddb5-4fa4-a97d-d965ccfc6d4b" outcome="Passed" testListId="8c84fa94-04c1-424b-9868-57a2d4851a1d" relativeResultsDirectory="f018a2fc-61c8-437e-87a0-8a2c9e07bd6c" />
    <UnitTestResult executionId="d3421453-aaeb-4d1a-a2b3-1da2c2f28352" testId="1295f46d-1934-44af-b5c6-09299ba73385" testName="EStatementEnrollment_Fake_IsEnrolled_AccountIsNotValid" computerName="ip-10-8-96-225" duration="00:00:00.3557765" startTime="2023-10-04T13:17:29.9913695+00:00" endTime="2023-10-04T13:17:30.3473060+00:00" testType="13cdc9d9-ddb5-4fa4-a97d-d965ccfc6d4b" outcome="Passed" testListId="8c84fa94-04c1-424b-9868-57a2d4851a1d" relativeResultsDirectory="d3421453-aaeb-4d1a-a2b3-1da2c2f28352" />
    <UnitTestResult executionId="529f786d-8154-4161-924e-8d1a76e0cf12" testId="085e3bc7-7442-4b7f-ae46-a89426609936" testName="EISClientTruvCreateUser_SuccessTest" computerName="ip-10-8-96-225" duration="00:00:00.0103509" startTime="2023-10-04T13:16:43.6007644+00:00" endTime="2023-10-04T13:16:43.6112565+00:00" testType="13cdc9d9-ddb5-4fa4-a97d-d965ccfc6d4b" outcome="Passed" testListId="8c84fa94-04c1-424b-9868-57a2d4851a1d" relativeResultsDirectory="529f786d-8154-4161-924e-8d1a76e0cf12" />
    <UnitTestResult executionId="55750d7d-9ffe-40df-81db-23ef98e7e8d8" testId="015a1019-83ce-4714-8cc9-59f53caf6231" testName="StopPaymentHistoryTests_AccountNotFoundInCommunicatorResponse" computerName="ip-10-8-96-225" duration="00:00:00.1527367" startTime="2023-10-04T13:17:37.0687385+00:00" endTime="2023-10-04T13:17:37.2215696+00:00" testType="13cdc9d9-ddb5-4fa4-a97d-d965ccfc6d4b" outcome="Passed" testListId="8c84fa94-04c1-424b-9868-57a2d4851a1d" relativeResultsDirectory="55750d7d-9ffe-40df-81db-23ef98e7e8d8">
      <Output>
        <StdOut>\u001b[41m\u001b[30mfail\u001b[39m\u001b[22m\u001b[49m: D3.CoreLive.Service.WorkerServices.StopPaymentWS[0]
      CommunicatorClient.StopChkInqRq failed - : &lt;?xml version="1.0" encoding="utf-16"?&gt;
      &lt;IFX xmlns:xsi="http://www.w3.org/2001/XMLSchema-instance" xmlns:xsd="http://www.w3.org/2001/XMLSchema"&gt;
        &lt;GeneralStatus&gt;
          &lt;StatusCode&gt;-200234&lt;/StatusCode&gt;
          &lt;StatusLevel&gt;Message&lt;/StatusLevel&gt;
          &lt;StatusDesc&gt;Account not found&lt;/StatusDesc&gt;
          &lt;ErrNum&gt;HC00062&lt;/ErrNum&gt;
          &lt;ErrDesc&gt;Account not found&lt;/ErrDesc&gt;
        &lt;/GeneralStatus&gt;
        &lt;Status&gt;
          &lt;StatusCode&gt;0&lt;/StatusCode&gt;
          &lt;Severity&gt;Info&lt;/Severity&gt;
          &lt;StatusDesc&gt;The request was processed successfully.&lt;/StatusDesc&gt;
          &lt;SupportUID&gt;5371E096-C1AB-423B-B9A0-6F6B4049E837&lt;/SupportUID&gt;
        &lt;/Status&gt;
        &lt;EnvironmentInfo&gt;
          &lt;EnvironmentName&gt;SVCESBUA&lt;/EnvironmentName&gt;
        &lt;/EnvironmentInfo&gt;
        &lt;SignonRs&gt;
          &lt;Status&gt;
            &lt;StatusCode&gt;0&lt;/StatusCode&gt;
            &lt;Severity&gt;Info&lt;/Severity&gt;
            &lt;StatusDesc&gt;The request was processed successfully.&lt;/StatusDesc&gt;
            &lt;SupportUID&gt;77EAFE32-95F2-44AC-A40F-9D610F58413A&lt;/SupportUID&gt;
          &lt;/Status&gt;
          &lt;SignonRole&gt;CSR&lt;/SignonRole&gt;
          &lt;CustId&gt;
            &lt;SPName&gt;FiservCBS&lt;/SPName&gt;
            &lt;CustLoginId&gt;SVCESBABLUA&lt;/CustLoginId&gt;
          &lt;/CustId&gt;
          &lt;GenSessKey&gt;0&lt;/GenSessKey&gt;
          &lt;ClientDt&gt;
            &lt;Year&gt;2022&lt;/Year&gt;
            &lt;Month&gt;1&lt;/Month&gt;
            &lt;Day&gt;11&lt;/Day&gt;
            &lt;Hour&gt;7&lt;/Hour&gt;
            &lt;Minute&gt;54&lt;/Minute&gt;
            &lt;Second&gt;55&lt;/Second&gt;
          &lt;/ClientDt&gt;
          &lt;CustLangPref /&gt;
          &lt;ClientApp&gt;
            &lt;Org&gt;Fiserv&lt;/Org&gt;
            &lt;Name&gt;CommAdmin&lt;/Name&gt;
            &lt;ClientAppKey&gt;ABCWISCOZUSBYNBKWDMWFYICGPREAEPN&lt;/ClientAppKey&gt;
          &lt;/ClientApp&gt;
          &lt;ServerDt&gt;
            &lt;Year&gt;2022&lt;/Year&gt;
            &lt;Month&gt;1&lt;/Month&gt;
            &lt;Day&gt;11&lt;/Day&gt;
            &lt;Hour&gt;7&lt;/Hour&gt;
            &lt;Minute&gt;54&lt;/Minute&gt;
            &lt;Second&gt;56&lt;/Second&gt;
            &lt;Fraction&gt;37000&lt;/Fraction&gt;
            &lt;UTCOffset&gt;-360&lt;/UTCOffset&gt;
          &lt;/ServerDt&gt;
          &lt;Language&gt;en-US&lt;/Language&gt;
          &lt;PersonName&gt;
            &lt;FirstName&gt;SVCESBABLUA&lt;/FirstName&gt;
            &lt;LastName&gt;SVCESBABLUA&lt;/LastName&gt;
          &lt;/PersonName&gt;
        &lt;/SignonRs&gt;
        &lt;BankSvcRs&gt;
          &lt;RqUID&gt;24656248-1419-43D5-B716-425BBB395B81&lt;/RqUID&gt;
          &lt;SPName&gt;FiservCBS&lt;/SPName&gt;
          &lt;Version&gt;20.1.0.80&lt;/Version&gt;
          &lt;Status&gt;
            &lt;StatusCode&gt;0&lt;/StatusCode&gt;
            &lt;Severity&gt;Info&lt;/Severity&gt;
            &lt;StatusDesc&gt;The request was processed successfully.&lt;/StatusDesc&gt;
            &lt;SupportUID&gt;24656248-1419-43D5-B716-425BBB395B81&lt;/SupportUID&gt;
          &lt;/Status&gt;
          &lt;StopChkInqRs&gt;
            &lt;Status&gt;
              &lt;StatusCode&gt;-200234&lt;/StatusCode&gt;
              &lt;Severity&gt;Error&lt;/Severity&gt;
              &lt;StatusDesc&gt;Account not found&lt;/StatusDesc&gt;
              &lt;StatusType&gt;NonFatal&lt;/StatusType&gt;
              &lt;SupportUID&gt;5DE4B570-3DD6-4430-84E5-560FC8941D41&lt;/SupportUID&gt;
              &lt;Error&gt;
                &lt;Source&gt;CBS Host&lt;/Source&gt;
                &lt;ErrNum&gt;HC00062&lt;/ErrNum&gt;
                &lt;ErrDesc&gt;Account not found&lt;/ErrDesc&gt;
                &lt;ErrField&gt;HIACCT    &lt;/ErrField&gt;
                &lt;SupportUID&gt;5DE4B570-3DD6-4430-84E5-560FC8941D41&lt;/SupportUID&gt;
              &lt;/Error&gt;
            &lt;/Status&gt;
            &lt;RqUID&gt;5DE4B570-3DD6-4430-84E5-560FC8941D41&lt;/RqUID&gt;
          &lt;/StopChkInqRs&gt;
        &lt;/BankSvcRs&gt;
      &lt;/IFX&gt;)</StdOut>
      </Output>
    </UnitTestResult>
    <UnitTestResult executionId="9db8e421-e86e-45e6-b43f-665a12ee88c7" testId="d6c29e13-b211-4675-b10a-7c9c3d16d42d" testName="WhenInvalidRequest_ThenBadResponse (class UserVerificationResponse {&#xA;  AccountType: &#xA;  AccountNumber: &#xA;  DebitCardNumber: 5147505055555555&#xA;  DateOfBirth: 1980-01-01&#xA;  TaxId: &#xA;  Context: SELF-ENROLLMENT&#xA;}&#xA;)" computerName="ip-10-8-96-225" duration="00:00:00.0000068" startTime="2023-10-04T13:17:45.3700581+00:00" endTime="2023-10-04T13:17:45.3810445+00:00" testType="13cdc9d9-ddb5-4fa4-a97d-d965ccfc6d4b" outcome="Passed" testListId="8c84fa94-04c1-424b-9868-57a2d4851a1d" relativeResultsDirectory="9db8e421-e86e-45e6-b43f-665a12ee88c7">
      <Output>
        <StdOut>\u001b[41m\u001b[30mfail\u001b[39m\u001b[22m\u001b[49m: D3.CoreLive.Service.WorkerServices.VerifyUserWS[0]
      Invalid request format</StdOut>
      </Output>
    </UnitTestResult>
    <UnitTestResult executionId="c8d750d3-8219-4d76-b139-21164e4c2db6" testId="c69f073f-e767-4c30-89b7-bd04b9d0d708" testName="WhenToAccountIsNotDDAOrLNAccount_TransferFundsFailsWith400" computerName="ip-10-8-96-225" duration="00:00:00.1627117" startTime="2023-10-04T13:17:32.9248564+00:00" endTime="2023-10-04T13:17:33.0876856+00:00" testType="13cdc9d9-ddb5-4fa4-a97d-d965ccfc6d4b" outcome="Passed" testListId="8c84fa94-04c1-424b-9868-57a2d4851a1d" relativeResultsDirectory="c8d750d3-8219-4d76-b139-21164e4c2db6" />
    <UnitTestResult executionId="eec33cfa-4349-4885-8d6d-156368b38cc6" testId="14d70e9b-2322-4613-82aa-b4d67fbfff70" testName="WexHSAInquiryHandler_500" computerName="ip-10-8-96-225" duration="00:00:00.0022925" startTime="2023-10-04T13:20:20.3322374+00:00" endTime="2023-10-04T13:20:20.3346342+00:00" testType="13cdc9d9-ddb5-4fa4-a97d-d965ccfc6d4b" outcome="Passed" testListId="8c84fa94-04c1-424b-9868-57a2d4851a1d" relativeResultsDirectory="eec33cfa-4349-4885-8d6d-156368b38cc6">
      <Output>
        <StdOut>Debug Trace:
WexAccountInquiryResponse last4 of WexAccountNumber test</StdOut>
      </Output>
    </UnitTestResult>
    <UnitTestResult executionId="02fb0736-84f2-4a1b-aff9-f8e0694209d5" testId="a2804c77-52e4-4e80-88e6-022d150f1006" testName="CoreLive_Rest_StopPayment_BadUserID" computerName="ip-10-8-96-225" duration="00:00:01.8946112" startTime="2023-10-04T13:18:40.5542120+00:00" endTime="2023-10-04T13:18:42.4489721+00:00" testType="13cdc9d9-ddb5-4fa4-a97d-d965ccfc6d4b" outcome="Passed" testListId="8c84fa94-04c1-424b-9868-57a2d4851a1d" relativeResultsDirectory="02fb0736-84f2-4a1b-aff9-f8e0694209d5">
      <Output>
        <StdOut>CommunicatorBaseUri is http://localhost:5011/
loanServ.BaseUri is https://api.sharedsvcs-nonprod.asb.local/
eDocs.NautilusBaseUrl is http://nautilus.d3couple.local/
OpenTelemetry tracing is disabled, make sure the keys (DynaTraceToken, DynaTraceTenantID, DynaTraceTraceUrl) are in the secret/configuration



Debug Trace:
Using EIS Private service at : https://api.sharedsvcs-nonprod.asb.local/
Using EIS Private service at : https://api-origin.dev.associatedbankservices.com/api/dev/addrssparsr</StdOut>
      </Output>
    </UnitTestResult>
    <UnitTestResult executionId="d7de0b4e-1b69-4a43-b091-466ecc1e4c2e" testId="24b35116-0a74-4c9c-b709-8ba665b1820e" testName="CoreLive_Rest_TransferFunds_NoHeaders_Failing" computerName="ip-10-8-96-225" duration="00:00:00.0802621" startTime="2023-10-04T13:18:42.4508228+00:00" endTime="2023-10-04T13:18:44.7356958+00:00" testType="13cdc9d9-ddb5-4fa4-a97d-d965ccfc6d4b" outcome="Passed" testListId="8c84fa94-04c1-424b-9868-57a2d4851a1d" relativeResultsDirectory="d7de0b4e-1b69-4a43-b091-466ecc1e4c2e">
      <Output>
        <StdOut>CommunicatorBaseUri is http://localhost:5011/
loanServ.BaseUri is https://api.sharedsvcs-nonprod.asb.local/
eDocs.NautilusBaseUrl is http://nautilus.d3couple.local/
OpenTelemetry tracing is disabled, make sure the keys (DynaTraceToken, DynaTraceTenantID, DynaTraceTraceUrl) are in the secret/configuration



Debug Trace:
Using EIS Private service at : https://api.sharedsvcs-nonprod.asb.local/
Using EIS Private service at : https://api-origin.dev.associatedbankservices.com/api/dev/addrssparsr</StdOut>
      </Output>
    </UnitTestResult>
    <UnitTestResult executionId="da00b4e4-ec28-4665-99b7-5374d326add6" testId="f4c0622f-3b31-4bbf-8904-7ce87b4476d8" testName="WhenNeitherAcctsAreDDA_GenerateZeroTransactions" computerName="ip-10-8-96-225" duration="00:00:00.1723028" startTime="2023-10-04T13:17:35.2779034+00:00" endTime="2023-10-04T13:17:35.4503206+00:00" testType="13cdc9d9-ddb5-4fa4-a97d-d965ccfc6d4b" outcome="Passed" testListId="8c84fa94-04c1-424b-9868-57a2d4851a1d" relativeResultsDirectory="da00b4e4-ec28-4665-99b7-5374d326add6" />
    <UnitTestResult executionId="28b4050c-8a2b-4220-9d51-a49740efa2ca" testId="63c36fd4-ef08-48bd-b8bc-1c9c6d72dc5e" testName="UpdateProfile_AddressUpdateFailure" computerName="ip-10-8-96-225" duration="00:00:00.1564847" startTime="2023-10-04T13:17:41.0022763+00:00" endTime="2023-10-04T13:17:41.1589346+00:00" testType="13cdc9d9-ddb5-4fa4-a97d-d965ccfc6d4b" outcome="Passed" testListId="8c84fa94-04c1-424b-9868-57a2d4851a1d" relativeResultsDirectory="28b4050c-8a2b-4220-9d51-a49740efa2ca" />
    <UnitTestResult executionId="97c95f60-308d-4a27-9bce-bc9c31878be2" testId="cc798170-d731-4de3-85c6-1c5b483ad22c" testName="EISClientPersoneticsInquiry_SuccessTest" computerName="ip-10-8-96-225" duration="00:00:00.0027494" startTime="2023-10-04T13:16:43.5955892+00:00" endTime="2023-10-04T13:16:43.5984902+00:00" testType="13cdc9d9-ddb5-4fa4-a97d-d965ccfc6d4b" outcome="Passed" testListId="8c84fa94-04c1-424b-9868-57a2d4851a1d" relativeResultsDirectory="97c95f60-308d-4a27-9bce-bc9c31878be2" />
    <UnitTestResult executionId="94e26b3e-4114-43a7-b404-010a8f566267" testId="a55e9243-c115-4642-9798-95d6db7b55b2" testName="SetConduitAccountAttributes_Success" computerName="ip-10-8-96-225" duration="00:00:00.0011323" startTime="2023-10-04T13:21:08.6470239+00:00" endTime="2023-10-04T13:21:08.6482252+00:00" testType="13cdc9d9-ddb5-4fa4-a97d-d965ccfc6d4b" outcome="Passed" testListId="8c84fa94-04c1-424b-9868-57a2d4851a1d" relativeResultsDirectory="94e26b3e-4114-43a7-b404-010a8f566267" />
    <UnitTestResult executionId="ffadf9fb-477f-4a17-841f-ac38adb1f113" testId="48138f40-2c39-4ce6-aae8-2b14c47271cd" testName="CustomerListInquiryWS_Failure" computerName="ip-10-8-96-225" duration="00:00:00.1952823" startTime="2023-10-04T13:16:50.2298490+00:00" endTime="2023-10-04T13:16:50.4253137+00:00" testType="13cdc9d9-ddb5-4fa4-a97d-d965ccfc6d4b" outcome="Passed" testListId="8c84fa94-04c1-424b-9868-57a2d4851a1d" relativeResultsDirectory="ffadf9fb-477f-4a17-841f-ac38adb1f113">
      <Output>
        <StdOut>\u001b[41m\u001b[30mfail\u001b[39m\u001b[22m\u001b[49m: D3.CoreLive.Service.WorkerServices.CustomerListInquiryWS[0]
      CustomerListInquiry failed - last 4 accountIdentifier :4231 : &lt;?xml version="1.0" encoding="utf-16"?&gt;
      &lt;IFX xmlns:xsi="http://www.w3.org/2001/XMLSchema-instance" xmlns:xsd="http://www.w3.org/2001/XMLSchema"&gt;
        &lt;GeneralStatus&gt;
          &lt;StatusCode&gt;100&lt;/StatusCode&gt;
          &lt;StatusLevel&gt;Message&lt;/StatusLevel&gt;
          &lt;StatusDesc&gt;General Error&lt;/StatusDesc&gt;
          &lt;ErrNum&gt;HC9999&lt;/ErrNum&gt;
          &lt;ErrDesc&gt;Some other error&lt;/ErrDesc&gt;
        &lt;/GeneralStatus&gt;
        &lt;Status&gt;
          &lt;StatusCode&gt;0&lt;/StatusCode&gt;
          &lt;Severity&gt;Info&lt;/Severity&gt;
          &lt;StatusDesc&gt;The request was processed successfully.&lt;/StatusDesc&gt;
          &lt;SupportUID&gt;a3afca34-821a-48d9-a841-63d8f2a662ae&lt;/SupportUID&gt;
        &lt;/Status&gt;
        &lt;EnvironmentInfo&gt;
          &lt;EnvironmentName&gt;Mock&lt;/EnvironmentName&gt;
        &lt;/EnvironmentInfo&gt;
        &lt;SignonRs&gt;
          &lt;Status&gt;
            &lt;StatusCode&gt;0&lt;/StatusCode&gt;
            &lt;Severity&gt;Info&lt;/Severity&gt;
            &lt;StatusDesc&gt;The request was processed successfully.&lt;/StatusDesc&gt;
            &lt;SupportUID&gt;e91305c8-214e-4699-b94b-a5a16516c775&lt;/SupportUID&gt;
          &lt;/Status&gt;
          &lt;SignonRole&gt;CSR&lt;/SignonRole&gt;
          &lt;CustId&gt;
            &lt;SPName&gt;FiservCBS&lt;/SPName&gt;
            &lt;CustLoginId&gt;SVCESBABLUA&lt;/CustLoginId&gt;
          &lt;/CustId&gt;
          &lt;GenSessKey&gt;0&lt;/GenSessKey&gt;
          &lt;ClientDt&gt;
            &lt;Year&gt;2020&lt;/Year&gt;
            &lt;Month&gt;08&lt;/Month&gt;
            &lt;Day&gt;10&lt;/Day&gt;
            &lt;Hour&gt;17&lt;/Hour&gt;
            &lt;Minute&gt;49&lt;/Minute&gt;
            &lt;Second&gt;42&lt;/Second&gt;
          &lt;/ClientDt&gt;
          &lt;ClientApp&gt;
            &lt;Org&gt;Fiserv&lt;/Org&gt;
            &lt;Name&gt;COMMADMIN&lt;/Name&gt;
            &lt;ClientAppKey&gt;ABCWISCOZUSBYNBKWDMWFYICGPREAEPN&lt;/ClientAppKey&gt;
          &lt;/ClientApp&gt;
          &lt;ServerDt&gt;
            &lt;Year&gt;2021&lt;/Year&gt;
            &lt;Month&gt;01&lt;/Month&gt;
            &lt;Day&gt;15&lt;/Day&gt;
            &lt;Hour&gt;19&lt;/Hour&gt;
            &lt;Minute&gt;52&lt;/Minute&gt;
            &lt;Second&gt;32&lt;/Second&gt;
            &lt;Fraction&gt;344000&lt;/Fraction&gt;
            &lt;UTCOffset&gt;-300&lt;/UTCOffset&gt;
          &lt;/ServerDt&gt;
          &lt;Language&gt;en-US&lt;/Language&gt;
          &lt;PersonName&gt;
            &lt;FirstName&gt;SVCESBABLUA&lt;/FirstName&gt;
            &lt;LastName&gt;SVCESBABLUA&lt;/LastName&gt;
          &lt;/PersonName&gt;
        &lt;/SignonRs&gt;
        &lt;CIFSvcRs&gt;
          &lt;CustListInqRs&gt;
            &lt;Status&gt;
              &lt;StatusCode&gt;100&lt;/StatusCode&gt;
              &lt;Severity&gt;Error&lt;/Severity&gt;
              &lt;StatusDesc&gt;General Error&lt;/StatusDesc&gt;
              &lt;StatusType&gt;NonFatal&lt;/StatusType&gt;
              &lt;SupportUID&gt;ba53066e-13b4-45f4-86ab-945bf021ff26&lt;/SupportUID&gt;
              &lt;Error&gt;
                &lt;Source&gt;CBS Host&lt;/Source&gt;
                &lt;ErrNum&gt;HC9999&lt;/ErrNum&gt;
                &lt;ErrDesc&gt;Some other error&lt;/ErrDesc&gt;
                &lt;ErrField&gt;HCACCESS&lt;/ErrField&gt;
                &lt;SupportUID&gt;ba53066e-13b4-45f4-86ab-945bf021ff26&lt;/SupportUID&gt;
              &lt;/Error&gt;
            &lt;/Status&gt;
          &lt;/CustListInqRs&gt;
        &lt;/CIFSvcRs&gt;
      &lt;/IFX&gt;)</StdOut>
      </Output>
    </UnitTestResult>
    <UnitTestResult executionId="7e1ad98e-7b51-498e-92a9-92467781014e" testId="cdc29ad0-fdb5-40b2-ad5b-19672cf6eea4" testName="IntradayController_SyncALL_SingleCreditCardFaked" computerName="ip-10-8-96-225" duration="00:00:00.0084194" startTime="2023-10-04T13:19:47.6799538+00:00" endTime="2023-10-04T13:19:47.9371934+00:00" testType="13cdc9d9-ddb5-4fa4-a97d-d965ccfc6d4b" outcome="Passed" testListId="8c84fa94-04c1-424b-9868-57a2d4851a1d" relativeResultsDirectory="7e1ad98e-7b51-498e-92a9-92467781014e">
      <Output>
        <StdOut>Debug Trace:
CreditCardAccountInquiryResponse last4 of ElanUID TEST
Could not parse 202107DD as date MMddyyyy System.FormatException: String '202107DD' was not recognized as a valid DateTime.
   at System.DateTime.ParseExact(String s, String format, IFormatProvider provider)
   at AB.EIS.Specification.CreditCardAccountInquiryResponse.get_NextPaymentDueDateAsDate() in /tmp/_work/dbp-d3couple/dbp-d3couple/src/AB.Eis.Specification/CreditCardAccountInquiryResponse.cs:line 81
Could not parse 202107DD as date MMddyyyy System.FormatException: String '202107DD' was not recognized as a valid DateTime.
   at System.DateTime.ParseExact(String s, String format, IFormatProvider provider)
   at AB.EIS.Specification.CreditCardAccountInquiryResponse.get_NextPaymentDueDateAsDate() in /tmp/_work/dbp-d3couple/dbp-d3couple/src/AB.Eis.Specification/CreditCardAccountInquiryResponse.cs:line 81</StdOut>
      </Output>
    </UnitTestResult>
    <UnitTestResult executionId="292ecd55-77b3-4414-b4dd-1d6caa0d4ad3" testId="b21d1705-a732-45af-8ced-d5fc5763cc7e" testName="WhenInvalidRequest_ThenBadResponse (class UserVerificationResponse {&#xA;  AccountType: &#xA;  AccountNumber: &#xA;  DebitCardNumber: 5147505055555555&#xA;  DateOfBirth: 1980-01-01&#xA;  TaxId: &#xA;  Context: SELF-ENROLLMENT&#xA;}&#xA;)" computerName="ip-10-8-96-225" duration="00:00:00.0000090" startTime="2023-10-04T13:17:45.3700581+00:00" endTime="2023-10-04T13:17:45.3810445+00:00" testType="13cdc9d9-ddb5-4fa4-a97d-d965ccfc6d4b" outcome="Passed" testListId="8c84fa94-04c1-424b-9868-57a2d4851a1d" relativeResultsDirectory="292ecd55-77b3-4414-b4dd-1d6caa0d4ad3">
      <Output>
        <StdOut>\u001b[41m\u001b[30mfail\u001b[39m\u001b[22m\u001b[49m: D3.CoreLive.Service.WorkerServices.VerifyUserWS[0]
      Invalid request format</StdOut>
      </Output>
    </UnitTestResult>
    <UnitTestResult executionId="9a81302d-ea14-44ce-80fb-659f78464eae" testId="22b14c46-db91-4fe8-b03d-c3b879ed7af2" testName="WhenPOAddress2_ThenFailureReturned" computerName="ip-10-8-96-225" duration="00:00:00.0021162" startTime="2023-10-04T13:19:01.3353937+00:00" endTime="2023-10-04T13:19:01.3376199+00:00" testType="13cdc9d9-ddb5-4fa4-a97d-d965ccfc6d4b" outcome="Passed" testListId="8c84fa94-04c1-424b-9868-57a2d4851a1d" relativeResultsDirectory="9a81302d-ea14-44ce-80fb-659f78464eae" />
    <UnitTestResult executionId="a882aad7-0984-4d69-8575-391eb7fa03d5" testId="2e7c2648-a28e-429e-8d0e-39a84580ae8e" testName="EDocsWS_Fake_GetDocumentsByAccount_MultipleDocsWithDifferentAcccount_Success" computerName="ip-10-8-96-225" duration="00:00:02.5864498" startTime="2023-10-04T13:17:07.0412210+00:00" endTime="2023-10-04T13:17:09.6278307+00:00" testType="13cdc9d9-ddb5-4fa4-a97d-d965ccfc6d4b" outcome="Passed" testListId="8c84fa94-04c1-424b-9868-57a2d4851a1d" relativeResultsDirectory="a882aad7-0984-4d69-8575-391eb7fa03d5">
      <Output>
        <StdOut>\u001b[40m\u001b[32minfo\u001b[39m\u001b[22m\u001b[49m: D3.CoreLive.Service.WorkerServices.EDocsWS[0]
      ET:GetAllDocumentsForAccountAsync total time 0ms
\u001b[40m\u001b[32minfo\u001b[39m\u001b[22m\u001b[49m: D3.CoreLive.Service.WorkerServices.EDocsWS[0]
      ET:SetDocumentHostingUris total time 0ms



Debug Trace:
Information - ET:QueryList CoreLive.Common.DB.Queries.AllowedRelationshipStatus total time 281ms
Information - ET:QueryList CoreLive.Common.DB.Queries.AllowedProductCode total time 291ms
Information - ET:QueryList CoreLive.Common.DB.Queries.AllowedRelationshipStatus total time 394ms
Information - ET:QueryList CoreLive.Common.DB.Queries.AllowedProductCode total time 411ms</StdOut>
      </Output>
    </UnitTestResult>
    <UnitTestResult executionId="19c024dd-a24c-4dcc-9122-ead912ce0623" testId="e7dc367e-56e1-4f64-a2c5-02def35eb339" testName="WhenRequiredFieldMissing_ThenBadRequestReturned" computerName="ip-10-8-96-225" duration="00:00:00.0011161" startTime="2023-10-04T13:19:01.6802000+00:00" endTime="2023-10-04T13:19:01.6814038+00:00" testType="13cdc9d9-ddb5-4fa4-a97d-d965ccfc6d4b" outcome="Passed" testListId="8c84fa94-04c1-424b-9868-57a2d4851a1d" relativeResultsDirectory="19c024dd-a24c-4dcc-9122-ead912ce0623" />
    <UnitTestResult executionId="d8e93aa2-a56d-4610-a43d-335765e9a028" testId="a7e925a5-d436-46bc-bc09-8271911761b9" testName="OnDemandController_SyncALL_SingleCreditCardFaked" computerName="ip-10-8-96-225" duration="00:00:00.0356764" startTime="2023-10-04T13:19:47.2811411+00:00" endTime="2023-10-04T13:19:47.6306083+00:00" testType="13cdc9d9-ddb5-4fa4-a97d-d965ccfc6d4b" outcome="Passed" testListId="8c84fa94-04c1-424b-9868-57a2d4851a1d" relativeResultsDirectory="d8e93aa2-a56d-4610-a43d-335765e9a028">
      <Output>
        <StdOut>Debug Trace:
CreditCardAccountInquiryResponse last4 of ElanUID TEST
Could not parse 202107DD as date MMddyyyy System.FormatException: String '202107DD' was not recognized as a valid DateTime.
   at System.DateTime.ParseExact(String s, String format, IFormatProvider provider)
   at AB.EIS.Specification.CreditCardAccountInquiryResponse.get_NextPaymentDueDateAsDate() in /tmp/_work/dbp-d3couple/dbp-d3couple/src/AB.Eis.Specification/CreditCardAccountInquiryResponse.cs:line 81
Could not parse 202107DD as date MMddyyyy System.FormatException: String '202107DD' was not recognized as a valid DateTime.
   at System.DateTime.ParseExact(String s, String format, IFormatProvider provider)
   at AB.EIS.Specification.CreditCardAccountInquiryResponse.get_NextPaymentDueDateAsDate() in /tmp/_work/dbp-d3couple/dbp-d3couple/src/AB.Eis.Specification/CreditCardAccountInquiryResponse.cs:line 81</StdOut>
      </Output>
    </UnitTestResult>
    <UnitTestResult executionId="6bff86fd-7dde-4050-a980-ea2fe194c699" testId="c7592ea5-9c35-49c3-a063-eb1fd6662d0b" testName="WhenCustomerFoundByDebitNumberAndDOBMatches_NoSFCif_NotFoundInSF_FoundInSignature_ThenSuccess (SV,5147515055555016)" computerName="ip-10-8-96-225" duration="00:00:00.1510409" startTime="2023-10-04T13:17:50.9133592+00:00" endTime="2023-10-04T13:17:51.0645937+00:00" testType="13cdc9d9-ddb5-4fa4-a97d-d965ccfc6d4b" outcome="Passed" testListId="8c84fa94-04c1-424b-9868-57a2d4851a1d" relativeResultsDirectory="6bff86fd-7dde-4050-a980-ea2fe194c699">
      <Output>
        <StdOut>\u001b[40m\u001b[32minfo\u001b[39m\u001b[22m\u001b[49m: D3.CoreLive.Service.WorkerServices.VerifyUserWS[0]
      Customer Found With 1 Account(s)
\u001b[40m\u001b[32minfo\u001b[39m\u001b[22m\u001b[49m: D3.CoreLive.Service.WorkerServices.VerifyUserWS[0]
      Customer Verified With Card Account
\u001b[40m\u001b[32minfo\u001b[39m\u001b[22m\u001b[49m: D3.CoreLive.Service.WorkerServices.VerifyUserWS[0]
      User Verification Succeeded with null userId.  New userId has been generated
\u001b[40m\u001b[32minfo\u001b[39m\u001b[22m\u001b[49m: D3.CoreLive.Service.WorkerServices.VerifyUserWS[0]
      User Not Found In Entity



Debug Trace:
Debug - CustomerListInquiryWS:BuildCustomerListInquiryRequest - request id 2a405161-30c1-4304-b59d-7b478ab311ad
Debug - AccountInquiryWS:GetCustomer - request id fc30cd87-a8ab-46a4-b6e2-79a45277f7ae started for UID ABCD2342342342</StdOut>
      </Output>
    </UnitTestResult>
    <UnitTestResult executionId="b8d39334-f094-4821-9721-a49e86a30854" testId="5d61c986-c863-4679-920a-1af34f2780f8" testName="WhenLoanServTransactionIsNotOverridable_ThenDontOverideTranDesc" computerName="ip-10-8-96-225" duration="00:00:00.0033356" startTime="2023-10-04T13:20:17.1779334+00:00" endTime="2023-10-04T13:20:17.1813723+00:00" testType="13cdc9d9-ddb5-4fa4-a97d-d965ccfc6d4b" outcome="Passed" testListId="8c84fa94-04c1-424b-9868-57a2d4851a1d" relativeResultsDirectory="b8d39334-f094-4821-9721-a49e86a30854" />
    <UnitTestResult executionId="346131e5-535c-4513-bfcc-d40d9d9a1b79" testId="1911dc8e-acda-40f0-90e4-7993abdeac8e" testName="IntradayHandler_WrongSnowflakeAccountsReturned" computerName="ip-10-8-96-225" duration="00:00:00.1500123" startTime="2023-10-04T13:19:48.4467065+00:00" endTime="2023-10-04T13:19:48.5967938+00:00" testType="13cdc9d9-ddb5-4fa4-a97d-d965ccfc6d4b" outcome="Passed" testListId="8c84fa94-04c1-424b-9868-57a2d4851a1d" relativeResultsDirectory="346131e5-535c-4513-bfcc-d40d9d9a1b79" />
    <UnitTestResult executionId="97eac77d-7e73-4eb1-9bf1-7d1618430eb9" testId="b3c39340-5882-41c9-949a-0763df5fe7a1" testName="CoreLive_Rest_StopPayment_BadAccount" computerName="ip-10-8-96-225" duration="00:00:01.9431782" startTime="2023-10-04T13:18:31.9831674+00:00" endTime="2023-10-04T13:18:35.9476557+00:00" testType="13cdc9d9-ddb5-4fa4-a97d-d965ccfc6d4b" outcome="Passed" testListId="8c84fa94-04c1-424b-9868-57a2d4851a1d" relativeResultsDirectory="97eac77d-7e73-4eb1-9bf1-7d1618430eb9">
      <Output>
        <StdOut>CommunicatorBaseUri is http://localhost:5011/
loanServ.BaseUri is https://api.sharedsvcs-nonprod.asb.local/
eDocs.NautilusBaseUrl is http://nautilus.d3couple.local/
OpenTelemetry tracing is disabled, make sure the keys (DynaTraceToken, DynaTraceTenantID, DynaTraceTraceUrl) are in the secret/configuration
CommunicatorBaseUri is http://localhost:5011/
loanServ.BaseUri is https://api.sharedsvcs-nonprod.asb.local/
eDocs.NautilusBaseUrl is http://nautilus.d3couple.local/
OpenTelemetry tracing is disabled, make sure the keys (DynaTraceToken, DynaTraceTenantID, DynaTraceTraceUrl) are in the secret/configuration



Debug Trace:
Using EIS Private service at : https://api.sharedsvcs-nonprod.asb.local/
Using EIS Private service at : https://api-origin.dev.associatedbankservices.com/api/dev/addrssparsr
Using EIS Private service at : https://api.sharedsvcs-nonprod.asb.local/
Using EIS Private service at : https://api-origin.dev.associatedbankservices.com/api/dev/addrssparsr</StdOut>
      </Output>
    </UnitTestResult>
    <UnitTestResult executionId="05785819-dc3b-4e29-8b29-33728aa9ec23" testId="a0cf2c51-a2a6-4e0c-ac11-56d51856382a" testName="WhenPO2Address2_ThenFailureReturned" computerName="ip-10-8-96-225" duration="00:00:00.0018683" startTime="2023-10-04T13:19:01.3381055+00:00" endTime="2023-10-04T13:19:01.3400756+00:00" testType="13cdc9d9-ddb5-4fa4-a97d-d965ccfc6d4b" outcome="Passed" testListId="8c84fa94-04c1-424b-9868-57a2d4851a1d" relativeResultsDirectory="05785819-dc3b-4e29-8b29-33728aa9ec23" />
    <UnitTestResult executionId="15f75c80-614d-4768-9199-153e5ecf3deb" testId="3cd8729a-d7f6-4047-95af-73cfbf040133" testName="IntradayHandlerLoanTests_CreateTransactionID" computerName="ip-10-8-96-225" duration="00:00:00.0002776" startTime="2023-10-04T13:19:48.2322085+00:00" endTime="2023-10-04T13:19:48.2325734+00:00" testType="13cdc9d9-ddb5-4fa4-a97d-d965ccfc6d4b" outcome="Passed" testListId="8c84fa94-04c1-424b-9868-57a2d4851a1d" relativeResultsDirectory="15f75c80-614d-4768-9199-153e5ecf3deb" />
    <UnitTestResult executionId="83e82e3f-518e-421e-99bb-785bd737242b" testId="22cf062a-771b-4818-8e9a-8d3152128346" testName="IntradayHandler_GetSignatureAccounts_AccountSummariesStatusTextNullCond" computerName="ip-10-8-96-225" duration="00:00:00.0019691" startTime="2023-10-04T13:19:48.4444292+00:00" endTime="2023-10-04T13:19:48.4464713+00:00" testType="13cdc9d9-ddb5-4fa4-a97d-d965ccfc6d4b" outcome="Passed" testListId="8c84fa94-04c1-424b-9868-57a2d4851a1d" relativeResultsDirectory="83e82e3f-518e-421e-99bb-785bd737242b" />
    <UnitTestResult executionId="9df6ed5d-a902-4b90-b682-0ee573bda180" testId="8cce28e6-d0ce-44ad-a453-7d86af48f8da" testName="UpdateProfile_WI3AddressUpdate" computerName="ip-10-8-96-225" duration="00:00:00.1806196" startTime="2023-10-04T13:17:41.9086165+00:00" endTime="2023-10-04T13:17:42.0893649+00:00" testType="13cdc9d9-ddb5-4fa4-a97d-d965ccfc6d4b" outcome="Passed" testListId="8c84fa94-04c1-424b-9868-57a2d4851a1d" relativeResultsDirectory="9df6ed5d-a902-4b90-b682-0ee573bda180" />
    <UnitTestResult executionId="b875b00b-1af0-42b5-8e2a-3acee1197077" testId="cccc8c54-3717-4b29-8eeb-3ec5a0c6a4cd" testName="WhenCustomerFoundByCreditCardNumberAndDOBMatches_ThenSuccessfulResponse" computerName="ip-10-8-96-225" duration="00:00:00.1715047" startTime="2023-10-04T13:17:48.0844433+00:00" endTime="2023-10-04T13:17:48.2560856+00:00" testType="13cdc9d9-ddb5-4fa4-a97d-d965ccfc6d4b" outcome="Passed" testListId="8c84fa94-04c1-424b-9868-57a2d4851a1d" relativeResultsDirectory="b875b00b-1af0-42b5-8e2a-3acee1197077">
      <Output>
        <StdOut>\u001b[41m\u001b[30mfail\u001b[39m\u001b[22m\u001b[49m: D3.CoreLive.Service.WorkerServices.VerifyUserWS[0]
      Invalid Personal Identifier
\u001b[40m\u001b[32minfo\u001b[39m\u001b[22m\u001b[49m: D3.CoreLive.Service.WorkerServices.VerifyUserWS[0]
      User Verification Succeeded</StdOut>
      </Output>
    </UnitTestResult>
    <UnitTestResult executionId="25435747-68ac-42c1-bb4d-7b242b50dae1" testId="ba79ad66-b277-4402-9842-69cbb6182f9e" testName="CoreLive_Rest_StopPaymentRange_AlreadyPosted_CommunicatorErrorExpected" computerName="ip-10-8-96-225" duration="00:00:02.0714314" startTime="2023-10-04T13:18:29.9100779+00:00" endTime="2023-10-04T13:18:31.9817038+00:00" testType="13cdc9d9-ddb5-4fa4-a97d-d965ccfc6d4b" outcome="Passed" testListId="8c84fa94-04c1-424b-9868-57a2d4851a1d" relativeResultsDirectory="25435747-68ac-42c1-bb4d-7b242b50dae1">
      <Output>
        <StdOut>CommunicatorBaseUri is http://localhost:5011/
loanServ.BaseUri is https://api.sharedsvcs-nonprod.asb.local/
eDocs.NautilusBaseUrl is http://nautilus.d3couple.local/
OpenTelemetry tracing is disabled, make sure the keys (DynaTraceToken, DynaTraceTenantID, DynaTraceTraceUrl) are in the secret/configuration



Debug Trace:
Using EIS Private service at : https://api.sharedsvcs-nonprod.asb.local/
Using EIS Private service at : https://api-origin.dev.associatedbankservices.com/api/dev/addrssparsr</StdOut>
      </Output>
    </UnitTestResult>
    <UnitTestResult executionId="81464e63-969e-465c-a996-610a64cc31a9" testId="0daec889-04ec-493b-a80c-83b438f03fad" testName="IntradayHandler_MixedAccountsNoDuplicates" computerName="ip-10-8-96-225" duration="00:00:00.0075852" startTime="2023-10-04T13:19:48.2491225+00:00" endTime="2023-10-04T13:19:48.4244134+00:00" testType="13cdc9d9-ddb5-4fa4-a97d-d965ccfc6d4b" outcome="Passed" testListId="8c84fa94-04c1-424b-9868-57a2d4851a1d" relativeResultsDirectory="81464e63-969e-465c-a996-610a64cc31a9">
      <Output>
        <StdOut>Debug Trace:
CreditCardAccountInquiryResponse last4 of ElanUID TEST
Could not parse 20210705 as date MMddyyyy System.FormatException: The DateTime represented by the string '20210705' is not supported in calendar 'System.Globalization.GregorianCalendar'.
   at System.DateTime.ParseExact(String s, String format, IFormatProvider provider)
   at AB.EIS.Specification.CreditCardAccountInquiryResponse.get_NextPaymentDueDateAsDate() in /tmp/_work/dbp-d3couple/dbp-d3couple/src/AB.Eis.Specification/CreditCardAccountInquiryResponse.cs:line 81
Could not parse 20210705 as date MMddyyyy System.FormatException: The DateTime represented by the string '20210705' is not supported in calendar 'System.Globalization.GregorianCalendar'.
   at System.DateTime.ParseExact(String s, String format, IFormatProvider provider)
   at AB.EIS.Specification.CreditCardAccountInquiryResponse.get_NextPaymentDueDateAsDate() in /tmp/_work/dbp-d3couple/dbp-d3couple/src/AB.Eis.Specification/CreditCardAccountInquiryResponse.cs:line 81</StdOut>
      </Output>
    </UnitTestResult>
    <UnitTestResult executionId="fc9fe901-d5af-4bed-a818-4e5e67ae5e14" testId="74c2af18-e693-456c-bc02-c71292fc88b4" testName="WhenInternationalAddress_ThenFailureReturned" computerName="ip-10-8-96-225" duration="00:00:00.0019451" startTime="2023-10-04T13:19:07.5652301+00:00" endTime="2023-10-04T13:19:07.5673819+00:00" testType="13cdc9d9-ddb5-4fa4-a97d-d965ccfc6d4b" outcome="Passed" testListId="8c84fa94-04c1-424b-9868-57a2d4851a1d" relativeResultsDirectory="fc9fe901-d5af-4bed-a818-4e5e67ae5e14" />
    <UnitTestResult executionId="7286f2ac-3e6d-4f06-85f9-14e31d147ff3" testId="6484be79-a33a-4682-a435-680a363373f5" testName="IntradayController_AccountRoute_SyncALL_SingleSignatureLoanFaked_Sync" computerName="ip-10-8-96-225" duration="00:00:00.0051803" startTime="2023-10-04T13:19:47.9739943+00:00" endTime="2023-10-04T13:19:47.9792457+00:00" testType="13cdc9d9-ddb5-4fa4-a97d-d965ccfc6d4b" outcome="Passed" testListId="8c84fa94-04c1-424b-9868-57a2d4851a1d" relativeResultsDirectory="7286f2ac-3e6d-4f06-85f9-14e31d147ff3" />
    <UnitTestResult executionId="2e186df3-05f2-40f5-bf04-e762b27587ff" testId="430c6578-0113-4829-98aa-6b04a5a19088" testName="EDocsWS_PutFleGetHostingUrl" computerName="ip-10-8-96-225" duration="00:00:02.0454671" startTime="2023-10-04T13:17:20.6112644+00:00" endTime="2023-10-04T13:17:22.6568834+00:00" testType="13cdc9d9-ddb5-4fa4-a97d-d965ccfc6d4b" outcome="Passed" testListId="8c84fa94-04c1-424b-9868-57a2d4851a1d" relativeResultsDirectory="2e186df3-05f2-40f5-bf04-e762b27587ff">
      <Output>
        <StdOut>\u001b[40m\u001b[32minfo\u001b[39m\u001b[22m\u001b[49m: D3.CoreLive.Service.WorkerServices.EDocsWS[0]
      ET:GenerateDocumentUrl 3 total time 0ms
\u001b[40m\u001b[32minfo\u001b[39m\u001b[22m\u001b[49m: D3.CoreLive.Service.WorkerServices.EDocsWS[0]
      ET:SetDocumentHostingUris total time 3ms



Debug Trace:
Information - ET:QueryList CoreLive.Common.DB.Queries.AllowedRelationshipStatus total time 704ms
Information - ET:QueryList CoreLive.Common.DB.Queries.AllowedProductCode total time 282ms</StdOut>
      </Output>
    </UnitTestResult>
    <UnitTestResult executionId="88803c5e-f32a-46f2-9e85-781260030eaa" testId="875033b2-1ed8-481e-a959-a4094277ac4f" testName="CoreLive_Rest_StopPayment_ZeroCheckNumber_CommunicatorErrorExpceted" computerName="ip-10-8-96-225" duration="00:00:02.0792950" startTime="2023-10-04T13:18:07.1242691+00:00" endTime="2023-10-04T13:18:09.2037104+00:00" testType="13cdc9d9-ddb5-4fa4-a97d-d965ccfc6d4b" outcome="Passed" testListId="8c84fa94-04c1-424b-9868-57a2d4851a1d" relativeResultsDirectory="88803c5e-f32a-46f2-9e85-781260030eaa">
      <Output>
        <StdOut>CommunicatorBaseUri is http://localhost:5011/
loanServ.BaseUri is https://api.sharedsvcs-nonprod.asb.local/
eDocs.NautilusBaseUrl is http://nautilus.d3couple.local/
OpenTelemetry tracing is disabled, make sure the keys (DynaTraceToken, DynaTraceTenantID, DynaTraceTraceUrl) are in the secret/configuration



Debug Trace:
Using EIS Private service at : https://api.sharedsvcs-nonprod.asb.local/
Using EIS Private service at : https://api-origin.dev.associatedbankservices.com/api/dev/addrssparsr</StdOut>
      </Output>
    </UnitTestResult>
    <UnitTestResult executionId="481b5559-1868-4502-a359-955cda544cc3" testId="a01b4589-258d-4e27-91e0-1395291c7811" testName="IntradayREST_BadSyncType" computerName="ip-10-8-96-225" duration="00:00:03.4718075" startTime="2023-10-04T13:19:56.3189932+00:00" endTime="2023-10-04T13:19:59.7909570+00:00" testType="13cdc9d9-ddb5-4fa4-a97d-d965ccfc6d4b" outcome="Passed" testListId="8c84fa94-04c1-424b-9868-57a2d4851a1d" relativeResultsDirectory="481b5559-1868-4502-a359-955cda544cc3">
      <Output>
        <StdOut>CommunicatorBaseUri is http://localhost:5011/
loanServ.BaseUri is https://api.sharedsvcs-nonprod.asb.local/
eDocs.NautilusBaseUrl is http://nautilus.d3couple.local/
OpenTelemetry tracing is disabled, make sure the keys (DynaTraceToken, DynaTraceTenantID, DynaTraceTraceUrl) are in the secret/configuration



Debug Trace:
Using EIS Private service at : https://api.sharedsvcs-nonprod.asb.local/
Using EIS Private service at : https://api-origin.dev.associatedbankservices.com/api/dev/addrssparsr</StdOut>
      </Output>
    </UnitTestResult>
    <UnitTestResult executionId="c9d3527a-1ca1-4974-8df0-6d83c455b9b1" testId="99bc8399-bb8c-47f1-a431-f04e43cd59e7" testName="IntradayHandlerCreditCard_GetAccountsAndTransactionsCCOnly" computerName="ip-10-8-96-225" duration="00:00:00.0057713" startTime="2023-10-04T13:19:48.0183840+00:00" endTime="2023-10-04T13:19:48.0244783+00:00" testType="13cdc9d9-ddb5-4fa4-a97d-d965ccfc6d4b" outcome="Passed" testListId="8c84fa94-04c1-424b-9868-57a2d4851a1d" relativeResultsDirectory="c9d3527a-1ca1-4974-8df0-6d83c455b9b1">
      <Output>
        <StdOut>Debug Trace:
CreditCardAccountInquiryResponse last4 of ElanUID TEST
Could not parse 20210705 as date MMddyyyy System.FormatException: The DateTime represented by the string '20210705' is not supported in calendar 'System.Globalization.GregorianCalendar'.
   at System.DateTime.ParseExact(String s, String format, IFormatProvider provider)
   at AB.EIS.Specification.CreditCardAccountInquiryResponse.get_NextPaymentDueDateAsDate() in /tmp/_work/dbp-d3couple/dbp-d3couple/src/AB.Eis.Specification/CreditCardAccountInquiryResponse.cs:line 81
Could not parse 20210705 as date MMddyyyy System.FormatException: The DateTime represented by the string '20210705' is not supported in calendar 'System.Globalization.GregorianCalendar'.
   at System.DateTime.ParseExact(String s, String format, IFormatProvider provider)
   at AB.EIS.Specification.CreditCardAccountInquiryResponse.get_NextPaymentDueDateAsDate() in /tmp/_work/dbp-d3couple/dbp-d3couple/src/AB.Eis.Specification/CreditCardAccountInquiryResponse.cs:line 81</StdOut>
      </Output>
    </UnitTestResult>
    <UnitTestResult executionId="151ee60e-79eb-4a04-bdcf-ffdf6c83ec80" testId="4e8c7e4b-7539-41a2-9358-754b602e130f" testName="IntradayHandlerHSA_GetAccountsAndTransactionsHSAOnly_WexAccountInquiryHandlerException" computerName="ip-10-8-96-225" duration="00:00:00.0061527" startTime="2023-10-04T13:19:48.8260187+00:00" endTime="2023-10-04T13:19:48.8322459+00:00" testType="13cdc9d9-ddb5-4fa4-a97d-d965ccfc6d4b" outcome="Passed" testListId="8c84fa94-04c1-424b-9868-57a2d4851a1d" relativeResultsDirectory="151ee60e-79eb-4a04-bdcf-ffdf6c83ec80" />
    <UnitTestResult executionId="97213b36-3c39-4612-821d-9366a3dc77a9" testId="e75a40bc-1864-4973-a693-a77ad87c565f" testName="EISClientFDRDebitCardInquiry_BadUserID" computerName="ip-10-8-96-225" duration="00:00:00.0031125" startTime="2023-10-04T13:16:43.5655797+00:00" endTime="2023-10-04T13:16:43.5688160+00:00" testType="13cdc9d9-ddb5-4fa4-a97d-d965ccfc6d4b" outcome="Passed" testListId="8c84fa94-04c1-424b-9868-57a2d4851a1d" relativeResultsDirectory="97213b36-3c39-4612-821d-9366a3dc77a9">
      <Output>
        <StdOut>Debug Trace:
FDRDebitCardInquiry api/fdrcustrecinq - returned errorErrorCode: FS000006, Message: INVALID OR DISABLED USERID, Json: {"responseCode":455,"errorCode":"FS000006","resultCode":"0045","message":"INVALID OR DISABLED USERID","odsMessages":[{"transactionStatus":"ERROR","messageIdentifier":"0045","severityLevel":"2","messageText":"INVALID OR DISABLED USERID","parameterOccurrence":"1","parameterPosition":"","parameterAlias":"","captionName":"","programAndSequenceId":"V2OSXML   23","transactionName":"","timestamp":"08/23/22 09:49:56","tcbAndOperatorId":"XXOL test    ","fileAndReturnCode":"","regionModuleName":"C$CBC27A"}]}
EISClient:FDRDebitCardInquiry failed</StdOut>
      </Output>
    </UnitTestResult>
    <UnitTestResult executionId="c5c9eb46-9814-4b13-bc76-45fb46431197" testId="8407349d-6654-4da2-9423-01e1b3f76834" testName="IntradayHandlerLoanTests_GetAccountsAndTransactions_LNLoanOnly_NoTransactions" computerName="ip-10-8-96-225" duration="00:00:00.0048071" startTime="2023-10-04T13:19:48.2267672+00:00" endTime="2023-10-04T13:19:48.2317150+00:00" testType="13cdc9d9-ddb5-4fa4-a97d-d965ccfc6d4b" outcome="Passed" testListId="8c84fa94-04c1-424b-9868-57a2d4851a1d" relativeResultsDirectory="c5c9eb46-9814-4b13-bc76-45fb46431197" />
    <UnitTestResult executionId="bd8a5a8b-0e41-40a5-96e8-9288db9c35f4" testId="2812f71d-db26-4f5d-a12e-8e344d48a9ee" testName="PersoneticsController_StartChat_Failure" computerName="ip-10-8-96-225" duration="00:00:02.7236666" startTime="2023-10-04T13:19:44.5567295+00:00" endTime="2023-10-04T13:19:47.2805172+00:00" testType="13cdc9d9-ddb5-4fa4-a97d-d965ccfc6d4b" outcome="Passed" testListId="8c84fa94-04c1-424b-9868-57a2d4851a1d" relativeResultsDirectory="bd8a5a8b-0e41-40a5-96e8-9288db9c35f4">
      <Output>
        <StdOut>CommunicatorBaseUri is http://localhost:5011/
loanServ.BaseUri is https://api.sharedsvcs-nonprod.asb.local/
eDocs.NautilusBaseUrl is http://nautilus.d3couple.local/
OpenTelemetry tracing is disabled, make sure the keys (DynaTraceToken, DynaTraceTenantID, DynaTraceTraceUrl) are in the secret/configuration



Debug Trace:
Using EIS Private service at : https://api.sharedsvcs-nonprod.asb.local/
Using EIS Private service at : https://api-origin.dev.associatedbankservices.com/api/dev/addrssparsr</StdOut>
      </Output>
    </UnitTestResult>
    <UnitTestResult executionId="986ed8e8-2979-48c8-8b0a-730c6120b3fb" testId="43792d3e-ebf3-4787-b05c-4f8e00000c48" testName="WhenCustomerNotFoundByDebitCardNumber_ThenUnsuccessfulResponse" computerName="ip-10-8-96-225" duration="00:00:00.1605053" startTime="2023-10-04T13:17:48.5535661+00:00" endTime="2023-10-04T13:17:48.7141863+00:00" testType="13cdc9d9-ddb5-4fa4-a97d-d965ccfc6d4b" outcome="Passed" testListId="8c84fa94-04c1-424b-9868-57a2d4851a1d" relativeResultsDirectory="986ed8e8-2979-48c8-8b0a-730c6120b3fb">
      <Output>
        <StdOut>\u001b[40m\u001b[32minfo\u001b[39m\u001b[22m\u001b[49m: D3.CoreLive.Service.WorkerServices.VerifyUserWS[0]
      User Not Found In Entity
\u001b[40m\u001b[1m\u001b[33mwarn\u001b[39m\u001b[22m\u001b[49m: D3.CoreLive.Service.WorkerServices.VerifyUserWS[0]
      ValidateFDRDebitCard last 4 5555, no accounts found in FDR with given card number
\u001b[40m\u001b[1m\u001b[33mwarn\u001b[39m\u001b[22m\u001b[49m: D3.CoreLive.Service.WorkerServices.VerifyUserWS[0]
      FDR card was not found, validation failed</StdOut>
      </Output>
    </UnitTestResult>
    <UnitTestResult executionId="56d786cb-9ae3-4e1b-aa01-60a72bff34d7" testId="be0d2d02-1b76-48a2-a321-a00841f1a882" testName="IntradayHandlerLoanTests_CreateTransaction_WithTranMemoNull" computerName="ip-10-8-96-225" duration="00:00:00.0002308" startTime="2023-10-04T13:19:48.2423449+00:00" endTime="2023-10-04T13:19:48.2426656+00:00" testType="13cdc9d9-ddb5-4fa4-a97d-d965ccfc6d4b" outcome="Passed" testListId="8c84fa94-04c1-424b-9868-57a2d4851a1d" relativeResultsDirectory="56d786cb-9ae3-4e1b-aa01-60a72bff34d7" />
    <UnitTestResult executionId="9720a03e-39bd-4ef7-b345-21ee6f1b0fd9" testId="26a3f52d-f01f-43ff-a68a-22d816ba2898" testName="TestLogging_ExceptionThrownWithInner" computerName="ip-10-8-96-225" duration="00:00:00.0029070" startTime="2023-10-04T13:19:36.4519564+00:00" endTime="2023-10-04T13:19:36.4549487+00:00" testType="13cdc9d9-ddb5-4fa4-a97d-d965ccfc6d4b" outcome="Passed" testListId="8c84fa94-04c1-424b-9868-57a2d4851a1d" relativeResultsDirectory="9720a03e-39bd-4ef7-b345-21ee6f1b0fd9" />
    <UnitTestResult executionId="d7e60ad8-ca97-4d83-b7e3-59780008bdc4" testId="c33a8b33-9877-49c7-96c1-879fe0e272ed" testName="IntradayHandlerCreditCard_GetAccountsAndTransactionsCCOnly_NoNextPaymentDue" computerName="ip-10-8-96-225" duration="00:00:00.0048840" startTime="2023-10-04T13:19:48.0332232+00:00" endTime="2023-10-04T13:19:48.0381829+00:00" testType="13cdc9d9-ddb5-4fa4-a97d-d965ccfc6d4b" outcome="Passed" testListId="8c84fa94-04c1-424b-9868-57a2d4851a1d" relativeResultsDirectory="d7e60ad8-ca97-4d83-b7e3-59780008bdc4">
      <Output>
        <StdOut>Debug Trace:
CreditCardAccountInquiryResponse last4 of ElanUID TEST</StdOut>
      </Output>
    </UnitTestResult>
    <UnitTestResult executionId="29b31ca6-412a-403d-bb8d-cb39b5ba1145" testId="9a774cce-0cb1-48e4-a25c-8c458be8f5fe" testName="WhenWeirdWI2Address_ThenFailureReturned" computerName="ip-10-8-96-225" duration="00:00:00.1893727" startTime="2023-10-04T13:19:23.7953080+00:00" endTime="2023-10-04T13:19:23.9848256+00:00" testType="13cdc9d9-ddb5-4fa4-a97d-d965ccfc6d4b" outcome="Passed" testListId="8c84fa94-04c1-424b-9868-57a2d4851a1d" relativeResultsDirectory="29b31ca6-412a-403d-bb8d-cb39b5ba1145" />
    <UnitTestResult executionId="22c86bbe-c2a1-44b9-a816-b799ffefe214" testId="c4a6e018-5a6c-4c6e-87d3-80393146d488" testName="WhenCustomerFoundByDebitNumberAndDOBMismatch_NotFoundInSF_FoundInSignature_TheFail (SV)" computerName="ip-10-8-96-225" duration="00:00:00.1508135" startTime="2023-10-04T13:17:49.9845074+00:00" endTime="2023-10-04T13:17:50.1354613+00:00" testType="13cdc9d9-ddb5-4fa4-a97d-d965ccfc6d4b" outcome="Passed" testListId="8c84fa94-04c1-424b-9868-57a2d4851a1d" relativeResultsDirectory="22c86bbe-c2a1-44b9-a816-b799ffefe214">
      <Output>
        <StdOut>\u001b[40m\u001b[32minfo\u001b[39m\u001b[22m\u001b[49m: D3.CoreLive.Service.WorkerServices.VerifyUserWS[0]
      Customer Found With 1 Account(s)
\u001b[40m\u001b[32minfo\u001b[39m\u001b[22m\u001b[49m: D3.CoreLive.Service.WorkerServices.VerifyUserWS[0]
      Customer Verified With Card Account
\u001b[40m\u001b[32minfo\u001b[39m\u001b[22m\u001b[49m: D3.CoreLive.Service.WorkerServices.VerifyUserWS[0]
      User Verification Succeeded
\u001b[40m\u001b[32minfo\u001b[39m\u001b[22m\u001b[49m: D3.CoreLive.Service.WorkerServices.VerifyUserWS[0]
      User Not Found In Entity



Debug Trace:
Debug - CustomerListInquiryWS:BuildCustomerListInquiryRequest - request id 9e013166-7f43-47ae-9b89-b9784e92f08a</StdOut>
      </Output>
    </UnitTestResult>
    <UnitTestResult executionId="de5e31cf-5fea-4000-b157-bc077791ce22" testId="d88a972c-042e-4bbd-9ade-0aa13b9759dd" testName="WhenValidAddressCountryLowerCase_ThenSuccessReturned" computerName="ip-10-8-96-225" duration="00:00:01.8935106" startTime="2023-10-04T13:18:59.2555652+00:00" endTime="2023-10-04T13:19:01.1492171+00:00" testType="13cdc9d9-ddb5-4fa4-a97d-d965ccfc6d4b" outcome="Passed" testListId="8c84fa94-04c1-424b-9868-57a2d4851a1d" relativeResultsDirectory="de5e31cf-5fea-4000-b157-bc077791ce22" />
    <UnitTestResult executionId="719121fa-8379-4f9a-a5af-c0fdd1597114" testId="72b95c3d-705e-40c2-a56c-f4e6160ccf99" testName="EDocs_Retrieve_Document_TestUser" computerName="ip-10-8-96-225" duration="00:00:03.1568447" startTime="2023-10-04T13:21:05.4469017+00:00" endTime="2023-10-04T13:21:08.6039514+00:00" testType="13cdc9d9-ddb5-4fa4-a97d-d965ccfc6d4b" outcome="Passed" testListId="8c84fa94-04c1-424b-9868-57a2d4851a1d" relativeResultsDirectory="719121fa-8379-4f9a-a5af-c0fdd1597114">
      <Output>
        <StdOut>CommunicatorBaseUri is http://localhost:5011/
loanServ.BaseUri is https://api.sharedsvcs-nonprod.asb.local/
eDocs.NautilusBaseUrl is http://nautilus.d3couple.local/
OpenTelemetry tracing is disabled, make sure the keys (DynaTraceToken, DynaTraceTenantID, DynaTraceTraceUrl) are in the secret/configuration
\u001b[40m\u001b[32minfo\u001b[39m\u001b[22m\u001b[49m: D3.CoreLive.Service.NautilusClient[0]
      NautilusClient:GetAllDocumentsForAccountAsync - paddedAccountNumber: 0011223344, accountType: DD
\u001b[40m\u001b[32minfo\u001b[39m\u001b[22m\u001b[49m: D3.CoreLive.Service.NautilusClient[0]
      GetDocumentsByAccountDto: Nautilus.Specification.Models.GetDocumentsByAccountDto



Debug Trace:
Using EIS Private service at : https://api.sharedsvcs-nonprod.asb.local/
Using EIS Private service at : https://api-origin.dev.associatedbankservices.com/api/dev/addrssparsr</StdOut>
      </Output>
    </UnitTestResult>
    <UnitTestResult executionId="f611b636-624e-4d94-9199-5bf111fa0e6d" testId="de30f6e3-e6b5-49e5-a82f-14c73bf043a1" testName="CoreLive_Rest_StopPaymentSingle_AlreadyPosted_CommunicatorErrorExpected" computerName="ip-10-8-96-225" duration="00:00:02.1032040" startTime="2023-10-04T13:18:13.1308159+00:00" endTime="2023-10-04T13:18:15.2341667+00:00" testType="13cdc9d9-ddb5-4fa4-a97d-d965ccfc6d4b" outcome="Passed" testListId="8c84fa94-04c1-424b-9868-57a2d4851a1d" relativeResultsDirectory="f611b636-624e-4d94-9199-5bf111fa0e6d">
      <Output>
        <StdOut>CommunicatorBaseUri is http://localhost:5011/
loanServ.BaseUri is https://api.sharedsvcs-nonprod.asb.local/
eDocs.NautilusBaseUrl is http://nautilus.d3couple.local/
OpenTelemetry tracing is disabled, make sure the keys (DynaTraceToken, DynaTraceTenantID, DynaTraceTraceUrl) are in the secret/configuration



Debug Trace:
Using EIS Private service at : https://api.sharedsvcs-nonprod.asb.local/
Using EIS Private service at : https://api-origin.dev.associatedbankservices.com/api/dev/addrssparsr</StdOut>
      </Output>
    </UnitTestResult>
    <UnitTestResult executionId="43535b79-5aee-4d75-b4b7-4d1272e7b6f3" testId="f9ed7465-55f7-4b4e-915b-84ef91a28ef0" testName="WhenToAccountDoesNotExist_TransferFundsFailsWith404" computerName="ip-10-8-96-225" duration="00:00:00.2293044" startTime="2023-10-04T13:17:31.9362754+00:00" endTime="2023-10-04T13:17:32.1657371+00:00" testType="13cdc9d9-ddb5-4fa4-a97d-d965ccfc6d4b" outcome="Passed" testListId="8c84fa94-04c1-424b-9868-57a2d4851a1d" relativeResultsDirectory="43535b79-5aee-4d75-b4b7-4d1272e7b6f3" />
    <UnitTestResult executionId="81f6a2e7-1d99-4281-a2aa-82ab85e3ef8d" testId="fdea7d11-e45f-4e27-8978-454dae71dce2" testName="Test_Exception" computerName="ip-10-8-96-225" duration="00:00:00.0034970" startTime="2023-10-04T13:16:42.3553019+00:00" endTime="2023-10-04T13:16:42.3590014+00:00" testType="13cdc9d9-ddb5-4fa4-a97d-d965ccfc6d4b" outcome="Passed" testListId="8c84fa94-04c1-424b-9868-57a2d4851a1d" relativeResultsDirectory="81f6a2e7-1d99-4281-a2aa-82ab85e3ef8d" />
    <UnitTestResult executionId="2de2ba30-c432-4075-9a9d-f1e549829f89" testId="5ac1a9a0-c96b-425e-8c0e-0074c7a3f6c8" testName="EDocsWS_GetDocuments_Tax_ReturnResults" computerName="ip-10-8-96-225" duration="00:00:02.6300305" startTime="2023-10-04T13:16:50.7908809+00:00" endTime="2023-10-04T13:16:53.4211922+00:00" testType="13cdc9d9-ddb5-4fa4-a97d-d965ccfc6d4b" outcome="Passed" testListId="8c84fa94-04c1-424b-9868-57a2d4851a1d" relativeResultsDirectory="2de2ba30-c432-4075-9a9d-f1e549829f89">
      <Output>
        <StdOut>\u001b[40m\u001b[32minfo\u001b[39m\u001b[22m\u001b[49m: D3.CoreLive.Service.WorkerServices.EDocsWS[0]
      ET:GenerateDocumentUrl 362 total time 4ms
\u001b[40m\u001b[32minfo\u001b[39m\u001b[22m\u001b[49m: D3.CoreLive.Service.WorkerServices.EDocsWS[0]
      ET:GenerateDocumentUrl 366 total time 0ms
\u001b[40m\u001b[32minfo\u001b[39m\u001b[22m\u001b[49m: D3.CoreLive.Service.WorkerServices.EDocsWS[0]
      ET:GenerateDocumentUrl 371 total time 0ms



Debug Trace:
Information - ET:QueryList CoreLive.Common.DB.Queries.AllowedRelationshipStatus total time 245ms
Information - ET:QueryList CoreLive.Common.DB.Queries.AllowedProductCode total time 213ms
Information - ET:QueryList CoreLive.Common.DB.Queries.AllowedRelationshipStatus total time 242ms
Information - ET:QueryList CoreLive.Common.DB.Queries.AllowedProductCode total time 295ms</StdOut>
      </Output>
    </UnitTestResult>
    <UnitTestResult executionId="b9bbd7e6-75fe-4baa-b266-f85ae6b8b346" testId="f91be8aa-6d07-4352-b7c4-4c1e80cddddc" testName="CustomerListInquiryWS_ElanFailure" computerName="ip-10-8-96-225" duration="00:00:00.3600757" startTime="2023-10-04T13:16:49.8691535+00:00" endTime="2023-10-04T13:16:50.2293633+00:00" testType="13cdc9d9-ddb5-4fa4-a97d-d965ccfc6d4b" outcome="Passed" testListId="8c84fa94-04c1-424b-9868-57a2d4851a1d" relativeResultsDirectory="b9bbd7e6-75fe-4baa-b266-f85ae6b8b346">
      <Output>
        <StdOut>\u001b[41m\u001b[30mfail\u001b[39m\u001b[22m\u001b[49m: D3.CoreLive.Service.WorkerServices.CustomerListInquiryWS[0]
      CustomerListInquiry failed - last 4 accountIdentifier :1594 : &lt;?xml version="1.0" encoding="utf-16"?&gt;
      &lt;IFX xmlns:xsi="http://www.w3.org/2001/XMLSchema-instance" xmlns:xsd="http://www.w3.org/2001/XMLSchema"&gt;
        &lt;GeneralStatus&gt;
          &lt;StatusCode&gt;100&lt;/StatusCode&gt;
          &lt;StatusLevel&gt;Message&lt;/StatusLevel&gt;
          &lt;StatusDesc&gt;General Error&lt;/StatusDesc&gt;
          &lt;ErrNum&gt;HC00117&lt;/ErrNum&gt;
          &lt;ErrDesc&gt;Customer record not found&lt;/ErrDesc&gt;
        &lt;/GeneralStatus&gt;
        &lt;Status&gt;
          &lt;StatusCode&gt;0&lt;/StatusCode&gt;
          &lt;Severity&gt;Info&lt;/Severity&gt;
          &lt;StatusDesc&gt;The request was processed successfully.&lt;/StatusDesc&gt;
          &lt;SupportUID&gt;c898dbce-65bf-4d4a-bfcb-97c8d4008796&lt;/SupportUID&gt;
        &lt;/Status&gt;
        &lt;EnvironmentInfo&gt;
          &lt;EnvironmentName&gt;Mock&lt;/EnvironmentName&gt;
        &lt;/EnvironmentInfo&gt;
        &lt;SignonRs&gt;
          &lt;Status&gt;
            &lt;StatusCode&gt;0&lt;/StatusCode&gt;
            &lt;Severity&gt;Info&lt;/Severity&gt;
            &lt;StatusDesc&gt;The request was processed successfully.&lt;/StatusDesc&gt;
            &lt;SupportUID&gt;a5dc7dc4-f7b5-4228-ac09-f845d0077185&lt;/SupportUID&gt;
          &lt;/Status&gt;
          &lt;SignonRole&gt;CSR&lt;/SignonRole&gt;
          &lt;CustId&gt;
            &lt;SPName&gt;FiservCBS&lt;/SPName&gt;
            &lt;CustLoginId&gt;SVCESBABLUA&lt;/CustLoginId&gt;
          &lt;/CustId&gt;
          &lt;GenSessKey&gt;0&lt;/GenSessKey&gt;
          &lt;ClientDt&gt;
            &lt;Year /&gt;
            &lt;Month /&gt;
            &lt;Day /&gt;
            &lt;Hour /&gt;
            &lt;Minute /&gt;
            &lt;Second /&gt;
          &lt;/ClientDt&gt;
          &lt;ClientApp&gt;
            &lt;Org&gt;Fiserv&lt;/Org&gt;
            &lt;Name&gt;COMMADMIN&lt;/Name&gt;
            &lt;ClientAppKey&gt;ABCWISCOZUSBYNBKWDMWFYICGPREAEPN&lt;/ClientAppKey&gt;
          &lt;/ClientApp&gt;
          &lt;ServerDt&gt;
            &lt;Year&gt;2023&lt;/Year&gt;
            &lt;Month&gt;10&lt;/Month&gt;
            &lt;Day&gt;04&lt;/Day&gt;
            &lt;Hour&gt;13&lt;/Hour&gt;
            &lt;Minute&gt;16&lt;/Minute&gt;
            &lt;Second&gt;50&lt;/Second&gt;
            &lt;Fraction&gt;344000&lt;/Fraction&gt;
            &lt;UTCOffset&gt;-300&lt;/UTCOffset&gt;
          &lt;/ServerDt&gt;
          &lt;Language&gt;en-US&lt;/Language&gt;
          &lt;PersonName&gt;
            &lt;FirstName updateflag="1"&gt;SVCESBABLUA&lt;/FirstName&gt;
            &lt;LastName updateflag="1"&gt;SVCESBABLUA&lt;/LastName&gt;
          &lt;/PersonName&gt;
        &lt;/SignonRs&gt;
        &lt;CIFSvcRs&gt;
          &lt;Status&gt;
            &lt;StatusCode&gt;0&lt;/StatusCode&gt;
            &lt;Severity&gt;Info&lt;/Severity&gt;
            &lt;StatusDesc&gt;The request was processed successfully.&lt;/StatusDesc&gt;
            &lt;SupportUID&gt;c898dbce-65bf-4d4a-bfcb-97c8d4008796&lt;/SupportUID&gt;
          &lt;/Status&gt;
          &lt;CustListInqRs&gt;
            &lt;Status&gt;
              &lt;StatusCode&gt;100&lt;/StatusCode&gt;
              &lt;Severity&gt;Error&lt;/Severity&gt;
              &lt;StatusDesc&gt;General Error&lt;/StatusDesc&gt;
              &lt;StatusType&gt;NonFatal&lt;/StatusType&gt;
              &lt;SupportUID&gt;e6afc2c1-78c2-41d2-a7b8-de5f1a4612ad&lt;/SupportUID&gt;
              &lt;Error&gt;
                &lt;Source&gt;CBS Host&lt;/Source&gt;
                &lt;ErrNum&gt;HC00117&lt;/ErrNum&gt;
                &lt;ErrDesc&gt;Customer record not found&lt;/ErrDesc&gt;
                &lt;ErrField&gt;HCACCESS&lt;/ErrField&gt;
                &lt;SupportUID&gt;e6afc2c1-78c2-41d2-a7b8-de5f1a4612ad&lt;/SupportUID&gt;
              &lt;/Error&gt;
            &lt;/Status&gt;
          &lt;/CustListInqRs&gt;
        &lt;/CIFSvcRs&gt;
      &lt;/IFX&gt;)</StdOut>
      </Output>
    </UnitTestResult>
    <UnitTestResult executionId="ee178413-abbf-49ec-a20b-eb749311eddc" testId="53c1e934-fae7-4c0c-b286-868718676197" testName="IntradayREST_Heloc_Test" computerName="ip-10-8-96-225" duration="00:00:03.5181747" startTime="2023-10-04T13:19:48.8324800+00:00" endTime="2023-10-04T13:19:52.5103521+00:00" testType="13cdc9d9-ddb5-4fa4-a97d-d965ccfc6d4b" outcome="Passed" testListId="8c84fa94-04c1-424b-9868-57a2d4851a1d" relativeResultsDirectory="ee178413-abbf-49ec-a20b-eb749311eddc">
      <Output>
        <StdOut>CommunicatorBaseUri is http://localhost:5011/
loanServ.BaseUri is https://api.sharedsvcs-nonprod.asb.local/
eDocs.NautilusBaseUrl is http://nautilus.d3couple.local/
OpenTelemetry tracing is disabled, make sure the keys (DynaTraceToken, DynaTraceTenantID, DynaTraceTraceUrl) are in the secret/configuration



Debug Trace:
Using EIS Private service at : https://api.sharedsvcs-nonprod.asb.local/
Using EIS Private service at : https://api-origin.dev.associatedbankservices.com/api/dev/addrssparsr</StdOut>
      </Output>
    </UnitTestResult>
    <UnitTestResult executionId="f228fee4-2b51-4189-a11f-0ea7001a401b" testId="2201d327-f42d-4a53-b0b2-68d42ff24fb9" testName="WhenNoEmail_ThenSuccessReturned" computerName="ip-10-8-96-225" duration="00:00:00.4136705" startTime="2023-10-04T13:19:23.0488702+00:00" endTime="2023-10-04T13:19:23.4626878+00:00" testType="13cdc9d9-ddb5-4fa4-a97d-d965ccfc6d4b" outcome="Passed" testListId="8c84fa94-04c1-424b-9868-57a2d4851a1d" relativeResultsDirectory="f228fee4-2b51-4189-a11f-0ea7001a401b" />
    <UnitTestResult executionId="5696234e-0e74-48eb-8872-67681f92028c" testId="564ccb97-268e-46e5-8b47-b2d2b59653eb" testName="StopPaymentRangeTests_CheckAlreadyStoppedPartialOverlap" computerName="ip-10-8-96-225" duration="00:00:00.1520684" startTime="2023-10-04T13:17:39.4041827+00:00" endTime="2023-10-04T13:17:39.5563750+00:00" testType="13cdc9d9-ddb5-4fa4-a97d-d965ccfc6d4b" outcome="Passed" testListId="8c84fa94-04c1-424b-9868-57a2d4851a1d" relativeResultsDirectory="5696234e-0e74-48eb-8872-67681f92028c" />
    <UnitTestResult executionId="593b0c7d-6c45-45e2-9c6b-eb89c69a3976" testId="1dd930ba-6078-4ffa-9159-4385720074e7" testName="IntradayHandler_GetSignatureAccounts_AccountSummariesNull" computerName="ip-10-8-96-225" duration="00:00:00.0042648" startTime="2023-10-04T13:19:48.4398451+00:00" endTime="2023-10-04T13:19:48.4441950+00:00" testType="13cdc9d9-ddb5-4fa4-a97d-d965ccfc6d4b" outcome="Passed" testListId="8c84fa94-04c1-424b-9868-57a2d4851a1d" relativeResultsDirectory="593b0c7d-6c45-45e2-9c6b-eb89c69a3976" />
    <UnitTestResult executionId="e4b5ca7e-0194-419a-a9d1-f8575d8fc51a" testId="cf98054a-919e-4c71-91e7-dd9f843133fe" testName="UpdateProfile_WIAptAddressUpdate" computerName="ip-10-8-96-225" duration="00:00:00.1885505" startTime="2023-10-04T13:17:42.0898154+00:00" endTime="2023-10-04T13:17:42.2784875+00:00" testType="13cdc9d9-ddb5-4fa4-a97d-d965ccfc6d4b" outcome="Passed" testListId="8c84fa94-04c1-424b-9868-57a2d4851a1d" relativeResultsDirectory="e4b5ca7e-0194-419a-a9d1-f8575d8fc51a" />
    <UnitTestResult executionId="c84a1d48-d40e-4236-b074-fa5688c64c64" testId="cf0dbe12-9310-48b1-b543-af7365e283bf" testName="EISClientTruvGetBridgerToken_FailedTest" computerName="ip-10-8-96-225" duration="00:00:00.0013455" startTime="2023-10-04T13:16:43.6287284+00:00" endTime="2023-10-04T13:16:43.6301456+00:00" testType="13cdc9d9-ddb5-4fa4-a97d-d965ccfc6d4b" outcome="Passed" testListId="8c84fa94-04c1-424b-9868-57a2d4851a1d" relativeResultsDirectory="c84a1d48-d40e-4236-b074-fa5688c64c64">
      <Output>
        <StdOut>System.Exception: {"error":{"code":"truv_error","message":"{"apiStatus": "failed", "apiErrorCode": "1", "apiDescription": "Truv user not found."}
   at D3.CoreLive.Service.Clients.EISClient.TruvGetBridgerToken(String User, Object requestBody) in /tmp/_work/dbp-d3couple/dbp-d3couple/src/D3.CoreLive.Service/Clients/EISClient.cs:line 387
   at UnitTests.EISClientTests.TruvGetBridgerToken.EISClientTruvGetBridgerToken_FailedTest() in /tmp/_work/dbp-d3couple/dbp-d3couple/test/UnitTests/EISClientTests/EISClientTruvGetBridgerToken.cs:line 68</StdOut>
      </Output>
    </UnitTestResult>
    <UnitTestResult executionId="f1337d15-c290-4b44-bf19-c46951b28ade" testId="65e4663f-c2e1-4eab-be74-3c0e9564b244" testName="IntradayHandlerTime_GetTransactionsReturnsFailure2" computerName="ip-10-8-96-225" duration="00:00:00.0018537" startTime="2023-10-04T13:19:48.8153016+00:00" endTime="2023-10-04T13:19:48.8172328+00:00" testType="13cdc9d9-ddb5-4fa4-a97d-d965ccfc6d4b" outcome="Passed" testListId="8c84fa94-04c1-424b-9868-57a2d4851a1d" relativeResultsDirectory="f1337d15-c290-4b44-bf19-c46951b28ade" />
    <UnitTestResult executionId="0161c0e8-fb13-475e-b249-61dc2dedbe50" testId="c24f3b6f-ead2-4a86-b39e-c56bd55c8b32" testName="IntradayHandlerLoanTests_CreateTransaction_NullParaml" computerName="ip-10-8-96-225" duration="00:00:00.0002575" startTime="2023-10-04T13:19:48.2467579+00:00" endTime="2023-10-04T13:19:48.2471363+00:00" testType="13cdc9d9-ddb5-4fa4-a97d-d965ccfc6d4b" outcome="Passed" testListId="8c84fa94-04c1-424b-9868-57a2d4851a1d" relativeResultsDirectory="0161c0e8-fb13-475e-b249-61dc2dedbe50" />
    <UnitTestResult executionId="3d4d460d-3218-4a93-827f-24c47f3375db" testId="6ef3948e-cea7-4f85-8a32-4fcd639aa4c8" testName="WhenCustomerFoundByDebitNumberAndDOBMatches_NotFoundInSF_FoundInSignature_ThenSuccess (DD)" computerName="ip-10-8-96-225" duration="00:00:00.1614512" startTime="2023-10-04T13:17:49.8223453+00:00" endTime="2023-10-04T13:17:49.9839759+00:00" testType="13cdc9d9-ddb5-4fa4-a97d-d965ccfc6d4b" outcome="Passed" testListId="8c84fa94-04c1-424b-9868-57a2d4851a1d" relativeResultsDirectory="3d4d460d-3218-4a93-827f-24c47f3375db">
      <Output>
        <StdOut>\u001b[40m\u001b[32minfo\u001b[39m\u001b[22m\u001b[49m: D3.CoreLive.Service.WorkerServices.VerifyUserWS[0]
      User Not Found In Entity



Debug Trace:
Debug - CustomerListInquiryWS:BuildCustomerListInquiryRequest - request id 9b8b7e83-082c-4b25-80e4-868423814943</StdOut>
      </Output>
    </UnitTestResult>
    <UnitTestResult executionId="1cedb92f-d4ec-4740-bf03-1222a5f5caee" testId="f63306e3-70e7-4118-830b-1928fc8e8516" testName="TestLogging_Success" computerName="ip-10-8-96-225" duration="00:00:00.1636297" startTime="2023-10-04T13:19:36.0990989+00:00" endTime="2023-10-04T13:19:36.4364605+00:00" testType="13cdc9d9-ddb5-4fa4-a97d-d965ccfc6d4b" outcome="Passed" testListId="8c84fa94-04c1-424b-9868-57a2d4851a1d" relativeResultsDirectory="1cedb92f-d4ec-4740-bf03-1222a5f5caee" />
    <UnitTestResult executionId="164b229f-b837-4c17-b6bd-e42b17e64b60" testId="d6bb5338-3e9b-4b6c-86f1-4c5b5de40e08" testName="WhenBusinessNotFoundByDebitCardNumber_ThenUnsuccessfulResponse" computerName="ip-10-8-96-225" duration="00:00:00.2219187" startTime="2023-10-04T13:17:49.2354497+00:00" endTime="2023-10-04T13:17:49.4575439+00:00" testType="13cdc9d9-ddb5-4fa4-a97d-d965ccfc6d4b" outcome="Passed" testListId="8c84fa94-04c1-424b-9868-57a2d4851a1d" relativeResultsDirectory="164b229f-b837-4c17-b6bd-e42b17e64b60">
      <Output>
        <StdOut>\u001b[40m\u001b[32minfo\u001b[39m\u001b[22m\u001b[49m: D3.CoreLive.Service.WorkerServices.VerifyUserWS[0]
      User Not Found In Entity
\u001b[40m\u001b[1m\u001b[33mwarn\u001b[39m\u001b[22m\u001b[49m: D3.CoreLive.Service.WorkerServices.VerifyUserWS[0]
      ValidateFDRDebitCard last 4 5555, no accounts found in FDR with given card number
\u001b[40m\u001b[1m\u001b[33mwarn\u001b[39m\u001b[22m\u001b[49m: D3.CoreLive.Service.WorkerServices.VerifyUserWS[0]
      FDR card was not found, validation failed</StdOut>
      </Output>
    </UnitTestResult>
    <UnitTestResult executionId="55044911-7a17-4be1-9f58-8d412e033b0c" testId="0a0f5847-0604-4086-af30-994741881159" testName="SigLoanAccountInquiryHandler_Loan" computerName="ip-10-8-96-225" duration="00:00:00.1773680" startTime="2023-10-04T13:20:17.3698647+00:00" endTime="2023-10-04T13:20:17.5473424+00:00" testType="13cdc9d9-ddb5-4fa4-a97d-d965ccfc6d4b" outcome="Passed" testListId="8c84fa94-04c1-424b-9868-57a2d4851a1d" relativeResultsDirectory="55044911-7a17-4be1-9f58-8d412e033b0c" />
    <UnitTestResult executionId="1e53fe0d-8aab-4275-a61b-712dbe6167a1" testId="5b197bf2-40a1-4c76-832f-aee23c5f8ecb" testName="WhenInvalidRequest_ThenBadResponse (class UserVerificationResponse {&#xA;  AccountType: Business&#xA;  AccountNumber: &#xA;  DebitCardNumber: 5147505055555555&#xA;  DateOfBirth: &#xA;  TaxId: &#xA;  Context: SELF-ENROLLMENT&#xA;}&#xA;)" computerName="ip-10-8-96-225" duration="00:00:00.0000231" startTime="2023-10-04T13:17:45.3700581+00:00" endTime="2023-10-04T13:17:45.3810445+00:00" testType="13cdc9d9-ddb5-4fa4-a97d-d965ccfc6d4b" outcome="Passed" testListId="8c84fa94-04c1-424b-9868-57a2d4851a1d" relativeResultsDirectory="1e53fe0d-8aab-4275-a61b-712dbe6167a1" />
    <UnitTestResult executionId="2ee497c1-2c59-45a9-9666-61fade5a16b8" testId="afc63767-8010-4d98-a0d4-afb61795bc32" testName="already_exists" computerName="ip-10-8-96-225" duration="00:00:00.0025218" startTime="2023-10-04T13:16:42.3363386+00:00" endTime="2023-10-04T13:16:42.3389922+00:00" testType="13cdc9d9-ddb5-4fa4-a97d-d965ccfc6d4b" outcome="Passed" testListId="8c84fa94-04c1-424b-9868-57a2d4851a1d" relativeResultsDirectory="2ee497c1-2c59-45a9-9666-61fade5a16b8" />
    <UnitTestResult executionId="1a5934ae-8063-4d40-9baa-cd07049a4821" testId="809a246e-6946-41b5-9c3d-6b131922e54c" testName="LoanAcctTrnInqWS_ReturnResults2" computerName="ip-10-8-96-225" duration="00:00:00.0019378" startTime="2023-10-04T13:17:36.4046351+00:00" endTime="2023-10-04T13:17:36.4066658+00:00" testType="13cdc9d9-ddb5-4fa4-a97d-d965ccfc6d4b" outcome="Passed" testListId="8c84fa94-04c1-424b-9868-57a2d4851a1d" relativeResultsDirectory="1a5934ae-8063-4d40-9baa-cd07049a4821" />
    <UnitTestResult executionId="17b2a6d9-ebcb-48a6-a02d-6c9b5532fa6d" testId="3fcae3f4-bd6b-46be-a75c-839b83d3155b" testName="WhenBusinessrFoundByDebitNumberAndTaxIdMismatch_NotFoundInSF_FoundInSignature_ThenFail (DD)" computerName="ip-10-8-96-225" duration="00:00:00.1450092" startTime="2023-10-04T13:17:52.5227658+00:00" endTime="2023-10-04T13:17:52.6679018+00:00" testType="13cdc9d9-ddb5-4fa4-a97d-d965ccfc6d4b" outcome="Passed" testListId="8c84fa94-04c1-424b-9868-57a2d4851a1d" relativeResultsDirectory="17b2a6d9-ebcb-48a6-a02d-6c9b5532fa6d">
      <Output>
        <StdOut>\u001b[40m\u001b[32minfo\u001b[39m\u001b[22m\u001b[49m: D3.CoreLive.Service.WorkerServices.VerifyUserWS[0]
      Customer Found With 1 Account(s)
\u001b[40m\u001b[32minfo\u001b[39m\u001b[22m\u001b[49m: D3.CoreLive.Service.WorkerServices.VerifyUserWS[0]
      Customer Verified With Card Account
\u001b[41m\u001b[30mfail\u001b[39m\u001b[22m\u001b[49m: D3.CoreLive.Service.WorkerServices.VerifyUserWS[0]
      CIF not found for taxID
\u001b[41m\u001b[30mfail\u001b[39m\u001b[22m\u001b[49m: D3.CoreLive.Service.WorkerServices.VerifyUserWS[0]
      Invalid Personal Identifier
\u001b[40m\u001b[32minfo\u001b[39m\u001b[22m\u001b[49m: D3.CoreLive.Service.WorkerServices.VerifyUserWS[0]
      User Not Found In Entity



Debug Trace:
Debug - CustomerListInquiryWS:BuildCustomerListInquiryRequest - request id d982b4a6-a650-4137-86f2-6ab8847e7a87</StdOut>
      </Output>
    </UnitTestResult>
    <UnitTestResult executionId="4d7718ed-532b-4502-8cc3-1ecb115da38d" testId="d516601f-1fc4-4b1e-a573-5778019ffc3e" testName="EDocsWS_Fake_GetDocumentsByAccount_NoMatchingAccount_Fail" computerName="ip-10-8-96-225" duration="00:00:02.4541980" startTime="2023-10-04T13:17:09.6285445+00:00" endTime="2023-10-04T13:17:12.0829463+00:00" testType="13cdc9d9-ddb5-4fa4-a97d-d965ccfc6d4b" outcome="Passed" testListId="8c84fa94-04c1-424b-9868-57a2d4851a1d" relativeResultsDirectory="4d7718ed-532b-4502-8cc3-1ecb115da38d">
      <Output>
        <StdOut>\u001b[40m\u001b[32minfo\u001b[39m\u001b[22m\u001b[49m: D3.CoreLive.Service.WorkerServices.EDocsWS[0]
      ET:GetAllDocumentsForAccountAsync total time 0ms



Debug Trace:
Information - ET:QueryList CoreLive.Common.DB.Queries.AllowedRelationshipStatus total time 353ms
Information - ET:QueryList CoreLive.Common.DB.Queries.AllowedProductCode total time 250ms
Information - ET:QueryList CoreLive.Common.DB.Queries.AllowedRelationshipStatus total time 221ms
Information - ET:QueryList CoreLive.Common.DB.Queries.AllowedProductCode total time 366ms</StdOut>
      </Output>
    </UnitTestResult>
    <UnitTestResult executionId="da862159-17aa-42a7-bc6d-4fee03cb1c9d" testId="b8b03a38-ec86-41ac-8dad-2f19ac9b0893" testName="TestHeadersForScope_WithoutD3Headers" computerName="ip-10-8-96-225" duration="00:00:00.0008275" startTime="2023-10-04T13:19:36.6206143+00:00" endTime="2023-10-04T13:19:36.6215185+00:00" testType="13cdc9d9-ddb5-4fa4-a97d-d965ccfc6d4b" outcome="Passed" testListId="8c84fa94-04c1-424b-9868-57a2d4851a1d" relativeResultsDirectory="da862159-17aa-42a7-bc6d-4fee03cb1c9d" />
    <UnitTestResult executionId="5378d4d3-70bf-4d29-ac80-db20bf9aa3a8" testId="4f40f90e-3f08-4c5f-b78c-69024bbc0a5a" testName="CoreLive_Rest_StopPayment_AccountNoStops" computerName="ip-10-8-96-225" duration="00:00:02.3764022" startTime="2023-10-04T13:18:35.9491075+00:00" endTime="2023-10-04T13:18:38.3256315+00:00" testType="13cdc9d9-ddb5-4fa4-a97d-d965ccfc6d4b" outcome="Passed" testListId="8c84fa94-04c1-424b-9868-57a2d4851a1d" relativeResultsDirectory="5378d4d3-70bf-4d29-ac80-db20bf9aa3a8">
      <Output>
        <StdOut>CommunicatorBaseUri is http://localhost:5011/
loanServ.BaseUri is https://api.sharedsvcs-nonprod.asb.local/
eDocs.NautilusBaseUrl is http://nautilus.d3couple.local/
OpenTelemetry tracing is disabled, make sure the keys (DynaTraceToken, DynaTraceTenantID, DynaTraceTraceUrl) are in the secret/configuration



Debug Trace:
Using EIS Private service at : https://api.sharedsvcs-nonprod.asb.local/
Using EIS Private service at : https://api-origin.dev.associatedbankservices.com/api/dev/addrssparsr</StdOut>
      </Output>
    </UnitTestResult>
    <UnitTestResult executionId="d333ffd8-815b-4173-8f04-01de239c9358" testId="e3bef090-1cb4-4f4e-b3e3-29db4376d3fc" testName="WhenMultipleAccountNumberSame_ThenSuccessfulResponse" computerName="ip-10-8-96-225" duration="00:00:00.1491997" startTime="2023-10-04T13:17:49.4578437+00:00" endTime="2023-10-04T13:17:49.6071654+00:00" testType="13cdc9d9-ddb5-4fa4-a97d-d965ccfc6d4b" outcome="Passed" testListId="8c84fa94-04c1-424b-9868-57a2d4851a1d" relativeResultsDirectory="d333ffd8-815b-4173-8f04-01de239c9358" />
    <UnitTestResult executionId="48fae58c-b46e-45e1-9e48-070e4cd62aae" testId="4d29d737-05ad-42e5-949e-8e6f46f2be2c" testName="UpdateProfile_ContactPhone" computerName="ip-10-8-96-225" duration="00:00:00.2338741" startTime="2023-10-04T13:17:43.4861639+00:00" endTime="2023-10-04T13:17:43.7201721+00:00" testType="13cdc9d9-ddb5-4fa4-a97d-d965ccfc6d4b" outcome="Passed" testListId="8c84fa94-04c1-424b-9868-57a2d4851a1d" relativeResultsDirectory="48fae58c-b46e-45e1-9e48-070e4cd62aae" />
    <UnitTestResult executionId="4dd461b2-1de7-484d-85fb-5596b57063d6" testId="35c8ae9e-e1f0-4df3-a2fa-77ec2ce329ef" testName="IntradayController_SyncACCOUNTS_SingleTimeFaked" computerName="ip-10-8-96-225" duration="00:00:00.0037191" startTime="2023-10-04T13:19:47.9926224+00:00" endTime="2023-10-04T13:19:47.9964080+00:00" testType="13cdc9d9-ddb5-4fa4-a97d-d965ccfc6d4b" outcome="Passed" testListId="8c84fa94-04c1-424b-9868-57a2d4851a1d" relativeResultsDirectory="4dd461b2-1de7-484d-85fb-5596b57063d6" />
    <UnitTestResult executionId="8bf7f6a1-3b4b-471a-aa96-227ef377571b" testId="75d9176b-4dd1-40d1-9e3b-e66f1686f923" testName="WhenInvalidRequest_ThenBadResponse (class UserVerificationResponse {&#xA;  AccountType: Personal&#xA;  AccountNumber: &#xA;  DebitCardNumber: 5147505055555555&#xA;  DateOfBirth: &#xA;  TaxId: &#xA;  Context: SELF-ENROLLMENT&#xA;}&#xA;)" computerName="ip-10-8-96-225" duration="00:00:00.0000620" startTime="2023-10-04T13:17:45.3700581+00:00" endTime="2023-10-04T13:17:45.3810445+00:00" testType="13cdc9d9-ddb5-4fa4-a97d-d965ccfc6d4b" outcome="Passed" testListId="8c84fa94-04c1-424b-9868-57a2d4851a1d" relativeResultsDirectory="8bf7f6a1-3b4b-471a-aa96-227ef377571b" />
    <UnitTestResult executionId="f4d47c37-a780-441c-a78c-c719377eeb48" testId="b397f045-1cdd-4b7d-afaf-5d41eba06a9f" testName="WhenValidInputButInvalidRelCodeLLC_ThenUnsuccessfulResponse" computerName="ip-10-8-96-225" duration="00:00:00.1440653" startTime="2023-10-04T13:17:46.0399929+00:00" endTime="2023-10-04T13:17:46.1841926+00:00" testType="13cdc9d9-ddb5-4fa4-a97d-d965ccfc6d4b" outcome="Passed" testListId="8c84fa94-04c1-424b-9868-57a2d4851a1d" relativeResultsDirectory="f4d47c37-a780-441c-a78c-c719377eeb48">
      <Output>
        <StdOut>\u001b[41m\u001b[30mfail\u001b[39m\u001b[22m\u001b[49m: D3.CoreLive.Service.WorkerServices.VerifyUserWS[0]
      Invalid Account Status Code
\u001b[40m\u001b[32minfo\u001b[39m\u001b[22m\u001b[49m: D3.CoreLive.Service.WorkerServices.VerifyUserWS[0]
      User Not Found In Entity
\u001b[41m\u001b[30mfail\u001b[39m\u001b[22m\u001b[49m: D3.CoreLive.Service.WorkerServices.VerifyUserWS[0]
      Invalid Account Status Code



Debug Trace:
Debug - CustomerListInquiryWS:BuildCustomerListInquiryRequest - request id 8be6e40e-bf78-4f10-87fb-6489f85b34bc</StdOut>
      </Output>
    </UnitTestResult>
    <UnitTestResult executionId="5683e162-0bdc-4a1c-8501-cddac85e68ab" testId="9d3a60f9-5810-43fb-9671-edb9cf207146" testName="WhenCustomerDoesNotOwnFromAccount_TransferFundsFailsWith400" computerName="ip-10-8-96-225" duration="00:00:00.1585364" startTime="2023-10-04T13:17:32.6051705+00:00" endTime="2023-10-04T13:17:32.7638197+00:00" testType="13cdc9d9-ddb5-4fa4-a97d-d965ccfc6d4b" outcome="Passed" testListId="8c84fa94-04c1-424b-9868-57a2d4851a1d" relativeResultsDirectory="5683e162-0bdc-4a1c-8501-cddac85e68ab" />
    <UnitTestResult executionId="1ae4684a-6203-4e4f-a975-482e14246e99" testId="fbdc055d-8b60-4a8b-97b4-b75252203eed" testName="WexHSAInquiryHandler_Timeout" computerName="ip-10-8-96-225" duration="00:00:01.9958419" startTime="2023-10-04T13:20:18.3360050+00:00" endTime="2023-10-04T13:20:20.3319297+00:00" testType="13cdc9d9-ddb5-4fa4-a97d-d965ccfc6d4b" outcome="Passed" testListId="8c84fa94-04c1-424b-9868-57a2d4851a1d" relativeResultsDirectory="1ae4684a-6203-4e4f-a975-482e14246e99">
      <Output>
        <StdOut>Debug Trace:
WexAccountInquiryResponse last4 of WexAccountNumber test</StdOut>
      </Output>
    </UnitTestResult>
    <UnitTestResult executionId="72141d7e-4f6e-4f05-96be-2cf7cffb11df" testId="2d647d85-c65f-40b5-af33-879ce040ae4c" testName="IntradayHandlerLoanTests_CreateTransaction_CSPNotLongEnough" computerName="ip-10-8-96-225" duration="00:00:00.0002385" startTime="2023-10-04T13:19:48.2480427+00:00" endTime="2023-10-04T13:19:48.2483559+00:00" testType="13cdc9d9-ddb5-4fa4-a97d-d965ccfc6d4b" outcome="Passed" testListId="8c84fa94-04c1-424b-9868-57a2d4851a1d" relativeResultsDirectory="72141d7e-4f6e-4f05-96be-2cf7cffb11df" />
    <UnitTestResult executionId="fc32c6f7-c4d5-4fa9-b56b-0af959726751" testId="b834fc8d-cf89-46df-8d3c-920eaf0c558a" testName="WhenInvalidRequest_ThenBadResponse (class UserVerificationResponse {&#xA;  AccountType: Personal&#xA;  AccountNumber: &#xA;  DebitCardNumber: 5147505055555555&#xA;  DateOfBirth: 200334&#xA;  TaxId: &#xA;  Context: SELF-ENROLLMENT&#xA;}&#xA;)" computerName="ip-10-8-96-225" duration="00:00:00.0000235" startTime="2023-10-04T13:17:45.3700581+00:00" endTime="2023-10-04T13:17:45.3810445+00:00" testType="13cdc9d9-ddb5-4fa4-a97d-d965ccfc6d4b" outcome="Passed" testListId="8c84fa94-04c1-424b-9868-57a2d4851a1d" relativeResultsDirectory="fc32c6f7-c4d5-4fa9-b56b-0af959726751">
      <Output>
        <StdOut>\u001b[41m\u001b[30mfail\u001b[39m\u001b[22m\u001b[49m: D3.CoreLive.Service.WorkerServices.VerifyUserWS[0]
      Invalid request format</StdOut>
      </Output>
    </UnitTestResult>
    <UnitTestResult executionId="d3a8c8e8-31b4-47a8-8c71-00ab6585842b" testId="e93087fa-09ad-4a48-b28a-409ba3e5d2f0" testName="AccountInquiryWS_GetAccountsFewerThan30" computerName="ip-10-8-96-225" duration="00:00:00.4709483" startTime="2023-10-04T13:16:47.2869923+00:00" endTime="2023-10-04T13:16:47.7580605+00:00" testType="13cdc9d9-ddb5-4fa4-a97d-d965ccfc6d4b" outcome="Passed" testListId="8c84fa94-04c1-424b-9868-57a2d4851a1d" relativeResultsDirectory="d3a8c8e8-31b4-47a8-8c71-00ab6585842b" />
    <UnitTestResult executionId="6f8c7da7-f436-4063-9082-0e3d8625a423" testId="2e060365-fcc6-486d-a019-04a22f4fdbf7" testName="WhenEmptyRequestBody_ThenBadRequestReturned" computerName="ip-10-8-96-225" duration="00:00:00.0033069" startTime="2023-10-04T13:19:01.6764579+00:00" endTime="2023-10-04T13:19:01.6799050+00:00" testType="13cdc9d9-ddb5-4fa4-a97d-d965ccfc6d4b" outcome="Passed" testListId="8c84fa94-04c1-424b-9868-57a2d4851a1d" relativeResultsDirectory="6f8c7da7-f436-4063-9082-0e3d8625a423" />
    <UnitTestResult executionId="dc9f10a1-fbd3-490a-9548-20e03ab69dbc" testId="0528c0fe-1ef9-4084-a49a-01c4c987c470" testName="StopPaymentTests_ErrorNotExpected" computerName="ip-10-8-96-225" duration="00:00:00.1933231" startTime="2023-10-04T13:17:40.0047545+00:00" endTime="2023-10-04T13:17:40.1982029+00:00" testType="13cdc9d9-ddb5-4fa4-a97d-d965ccfc6d4b" outcome="Passed" testListId="8c84fa94-04c1-424b-9868-57a2d4851a1d" relativeResultsDirectory="dc9f10a1-fbd3-490a-9548-20e03ab69dbc" />
    <UnitTestResult executionId="cf5436e4-5c51-4827-b390-ff3217a9d8f2" testId="37fb1009-02ab-4750-b669-25b7c7679877" testName="LoanAcctTrnInqWS_BadAccountType" computerName="ip-10-8-96-225" duration="00:00:00.0005229" startTime="2023-10-04T13:17:36.4080662+00:00" endTime="2023-10-04T13:17:36.4086818+00:00" testType="13cdc9d9-ddb5-4fa4-a97d-d965ccfc6d4b" outcome="Passed" testListId="8c84fa94-04c1-424b-9868-57a2d4851a1d" relativeResultsDirectory="cf5436e4-5c51-4827-b390-ff3217a9d8f2" />
    <UnitTestResult executionId="430d47c6-f232-4662-818a-143ae788074c" testId="befa6c57-b507-4c4b-a93f-3986129fa7f9" testName="IntradayHandlerHSA_GetAccountsAndTransactionsHSAOnly" computerName="ip-10-8-96-225" duration="00:00:00.0037419" startTime="2023-10-04T13:19:48.8217026+00:00" endTime="2023-10-04T13:19:48.8257224+00:00" testType="13cdc9d9-ddb5-4fa4-a97d-d965ccfc6d4b" outcome="Passed" testListId="8c84fa94-04c1-424b-9868-57a2d4851a1d" relativeResultsDirectory="430d47c6-f232-4662-818a-143ae788074c">
      <Output>
        <StdOut>Debug Trace:
WexAccountInquiryResponse last4 of WexAccountNumber 4222</StdOut>
      </Output>
    </UnitTestResult>
    <UnitTestResult executionId="1bdf93dd-128f-420f-9301-dfcdb64b37b5" testId="4399c08a-128f-4847-90f1-0673ba10330a" testName="AccountInquiry_DeserializeResponse_AccountInquiryRs_Detail_Heloc" computerName="ip-10-8-96-225" duration="00:00:00.0024068" startTime="2023-10-04T13:21:08.6532581+00:00" endTime="2023-10-04T13:21:08.6557886+00:00" testType="13cdc9d9-ddb5-4fa4-a97d-d965ccfc6d4b" outcome="Passed" testListId="8c84fa94-04c1-424b-9868-57a2d4851a1d" relativeResultsDirectory="1bdf93dd-128f-420f-9301-dfcdb64b37b5" />
    <UnitTestResult executionId="0329d326-828e-4753-8f53-fc3fccf601c4" testId="938af629-9bb7-4e20-9a91-4d754c6ad387" testName="WhenCustomerDoesNotOwnToAccount_TransferFundsFailsWith400" computerName="ip-10-8-96-225" duration="00:00:00.2332582" startTime="2023-10-04T13:17:32.3714692+00:00" endTime="2023-10-04T13:17:32.6048788+00:00" testType="13cdc9d9-ddb5-4fa4-a97d-d965ccfc6d4b" outcome="Passed" testListId="8c84fa94-04c1-424b-9868-57a2d4851a1d" relativeResultsDirectory="0329d326-828e-4753-8f53-fc3fccf601c4" />
    <UnitTestResult executionId="2c1b0650-a8cf-469b-9aa1-7696b83e0427" testId="198c39a7-767f-4f16-b217-037931250519" testName="CustomerInquiryWS_GetCustomer_Success" computerName="ip-10-8-96-225" duration="00:00:00.7008389" startTime="2023-10-04T13:16:47.7585440+00:00" endTime="2023-10-04T13:16:48.8168720+00:00" testType="13cdc9d9-ddb5-4fa4-a97d-d965ccfc6d4b" outcome="Passed" testListId="8c84fa94-04c1-424b-9868-57a2d4851a1d" relativeResultsDirectory="2c1b0650-a8cf-469b-9aa1-7696b83e0427" />
    <UnitTestResult executionId="a5e94a1a-fd4b-4b1d-8e62-89a872ab84a1" testId="06d9a47f-b550-47b3-9c4e-3287de56c35b" testName="WhenInvalidRequest_ThenBadResponse (class UserVerificationResponse {&#xA;  AccountType: Personal&#xA;  AccountNumber: &#xA;  DebitCardNumber: ABCDEFGHIJKLMNOP&#xA;  DateOfBirth: 1980-01-01&#xA;  TaxId: &#xA;  Context: SELF-ENROLLMENT&#xA;}&#xA;)" computerName="ip-10-8-96-225" duration="00:00:00.0000071" startTime="2023-10-04T13:17:45.3700581+00:00" endTime="2023-10-04T13:17:45.3810445+00:00" testType="13cdc9d9-ddb5-4fa4-a97d-d965ccfc6d4b" outcome="Passed" testListId="8c84fa94-04c1-424b-9868-57a2d4851a1d" relativeResultsDirectory="a5e94a1a-fd4b-4b1d-8e62-89a872ab84a1">
      <Output>
        <StdOut>\u001b[41m\u001b[30mfail\u001b[39m\u001b[22m\u001b[49m: D3.CoreLive.Service.WorkerServices.VerifyUserWS[0]
      Invalid request format</StdOut>
      </Output>
    </UnitTestResult>
    <UnitTestResult executionId="625317f4-b586-4920-b150-aca611853584" testId="e1ea5674-bdea-4429-a31f-350dd6076efc" testName="WhenBusinessrFoundByDebitNumberAndTaxIdMatches_NotFoundInSF_FoundInSignature_ThenSuccess (SV)" computerName="ip-10-8-96-225" duration="00:00:00.2401958" startTime="2023-10-04T13:17:51.9790286+00:00" endTime="2023-10-04T13:17:52.2193580+00:00" testType="13cdc9d9-ddb5-4fa4-a97d-d965ccfc6d4b" outcome="Passed" testListId="8c84fa94-04c1-424b-9868-57a2d4851a1d" relativeResultsDirectory="625317f4-b586-4920-b150-aca611853584">
      <Output>
        <StdOut>\u001b[40m\u001b[32minfo\u001b[39m\u001b[22m\u001b[49m: D3.CoreLive.Service.WorkerServices.VerifyUserWS[0]
      User Verification Succeeded with null userId.  New userId has been generated
\u001b[40m\u001b[32minfo\u001b[39m\u001b[22m\u001b[49m: D3.CoreLive.Service.WorkerServices.VerifyUserWS[0]
      User Not Found In Entity



Debug Trace:
Debug - CustomerListInquiryWS:BuildCustomerListInquiryRequest - request id 693d8165-d499-4ac6-adb9-8bb5dbffaf70</StdOut>
      </Output>
    </UnitTestResult>
    <UnitTestResult executionId="3cd9c1c8-63a6-4100-b817-54b91c0333de" testId="5f5929d0-5b0d-4f20-899c-9be4ed305a73" testName="WhenCustomerFoundByDebitNumberAndDOBMatches2Customers_NotFoundInSF_FoundInSignature_ThenSuccess (SV)" computerName="ip-10-8-96-225" duration="00:00:00.1563520" startTime="2023-10-04T13:17:52.8121591+00:00" endTime="2023-10-04T13:17:52.9686740+00:00" testType="13cdc9d9-ddb5-4fa4-a97d-d965ccfc6d4b" outcome="Passed" testListId="8c84fa94-04c1-424b-9868-57a2d4851a1d" relativeResultsDirectory="3cd9c1c8-63a6-4100-b817-54b91c0333de">
      <Output>
        <StdOut>\u001b[40m\u001b[1m\u001b[33mwarn\u001b[39m\u001b[22m\u001b[49m: D3.CoreLive.Service.WorkerServices.VerifyUserWS[0]
      IsUserVerifiedWithAccount customerBasicsFromInquiry result is 0
\u001b[40m\u001b[32minfo\u001b[39m\u001b[22m\u001b[49m: D3.CoreLive.Service.WorkerServices.VerifyUserWS[0]
      User Not Found In Entity



Debug Trace:
Debug - CustomerListInquiryWS:BuildCustomerListInquiryRequest - request id ce4135ac-2cd7-4011-a9f5-0e40f6b5e8c0</StdOut>
      </Output>
    </UnitTestResult>
    <UnitTestResult executionId="1340d09e-8e04-4a8c-981c-4a838be7ea7b" testId="477bca6d-26f6-424e-a5a2-3c7ff41580b8" testName="TestLogging_ExceptionAggregate" computerName="ip-10-8-96-225" duration="00:00:00.0028632" startTime="2023-10-04T13:19:36.4552150+00:00" endTime="2023-10-04T13:19:36.4581779+00:00" testType="13cdc9d9-ddb5-4fa4-a97d-d965ccfc6d4b" outcome="Passed" testListId="8c84fa94-04c1-424b-9868-57a2d4851a1d" relativeResultsDirectory="1340d09e-8e04-4a8c-981c-4a838be7ea7b" />
    <UnitTestResult executionId="eeaecf7d-345c-4373-90e6-96216c0cdb6f" testId="e7caa241-934c-43dc-a8ef-f420bd151648" testName="WhenPrincipalPaymentIsValid_TransferSucceedsWith200" computerName="ip-10-8-96-225" duration="00:00:00.1670089" startTime="2023-10-04T13:17:33.7072566+00:00" endTime="2023-10-04T13:17:33.8743737+00:00" testType="13cdc9d9-ddb5-4fa4-a97d-d965ccfc6d4b" outcome="Passed" testListId="8c84fa94-04c1-424b-9868-57a2d4851a1d" relativeResultsDirectory="eeaecf7d-345c-4373-90e6-96216c0cdb6f" />
    <UnitTestResult executionId="1d785563-9ef4-4742-b851-25328a84d0ce" testId="f397355b-56cb-4d3b-b699-753106c4609a" testName="EISClientPersoneticsADIEInquiry_FailureTest" computerName="ip-10-8-96-225" duration="00:00:00.0018039" startTime="2023-10-04T13:16:43.5933676+00:00" endTime="2023-10-04T13:16:43.5952568+00:00" testType="13cdc9d9-ddb5-4fa4-a97d-d965ccfc6d4b" outcome="Passed" testListId="8c84fa94-04c1-424b-9868-57a2d4851a1d" relativeResultsDirectory="1d785563-9ef4-4742-b851-25328a84d0ce">
      <Output>
        <StdOut>Debug Trace:
EISClient:PersoneticsADIEInquiry JSONRequest: 
EISClient:PersoneticsADIEInquiry Request failed - Type attribute should always be included - Response {&#xD;
    "apiStatus": "failed",&#xD;
    "apiErrorCode": "1",&#xD;
    "apiDescription": "Type attribute should always be included"&#xD;
}</StdOut>
      </Output>
    </UnitTestResult>
    <UnitTestResult executionId="62d38071-5b79-4cfe-b206-1bb725744b8d" testId="14709219-46b0-4468-a92a-256bc7dca869" testName="WhenLoanServDrawFails_TransferFailsWith400" computerName="ip-10-8-96-225" duration="00:00:00.1519154" startTime="2023-10-04T13:17:34.6735567+00:00" endTime="2023-10-04T13:17:34.8256005+00:00" testType="13cdc9d9-ddb5-4fa4-a97d-d965ccfc6d4b" outcome="Passed" testListId="8c84fa94-04c1-424b-9868-57a2d4851a1d" relativeResultsDirectory="62d38071-5b79-4cfe-b206-1bb725744b8d" />
    <UnitTestResult executionId="cbbfc3f2-0d8e-4521-9005-fa69d403c10c" testId="58a7a5a8-6dda-4478-b9dc-0453befc3567" testName="StopPaymentTests_AccountNotFound" computerName="ip-10-8-96-225" duration="00:00:00.2086442" startTime="2023-10-04T13:17:38.7003516+00:00" endTime="2023-10-04T13:17:38.9091244+00:00" testType="13cdc9d9-ddb5-4fa4-a97d-d965ccfc6d4b" outcome="Passed" testListId="8c84fa94-04c1-424b-9868-57a2d4851a1d" relativeResultsDirectory="cbbfc3f2-0d8e-4521-9005-fa69d403c10c" />
    <UnitTestResult executionId="8a581382-57ff-4e6f-9084-6072bfcee4f1" testId="5fa52c9c-0435-41d3-ae4c-009e177e9789" testName="EISClient_AddressParse_BadSecret" computerName="ip-10-8-96-225" duration="00:00:00.0015626" startTime="2023-10-04T13:16:42.5343210+00:00" endTime="2023-10-04T13:16:42.5360477+00:00" testType="13cdc9d9-ddb5-4fa4-a97d-d965ccfc6d4b" outcome="Passed" testListId="8c84fa94-04c1-424b-9868-57a2d4851a1d" relativeResultsDirectory="8a581382-57ff-4e6f-9084-6072bfcee4f1" />
    <UnitTestResult executionId="9cf7a6fd-a091-4652-a803-dac6780a42e0" testId="813b6e50-4cb9-40b9-bcaa-7517598888b7" testName="EDocs_GetAccountDocumentLinks_AccountWithNoDocs_ExpectEmptyData" computerName="ip-10-8-96-225" duration="00:00:02.9991857" startTime="2023-10-04T13:20:56.3875807+00:00" endTime="2023-10-04T13:20:59.3871088+00:00" testType="13cdc9d9-ddb5-4fa4-a97d-d965ccfc6d4b" outcome="Passed" testListId="8c84fa94-04c1-424b-9868-57a2d4851a1d" relativeResultsDirectory="9cf7a6fd-a091-4652-a803-dac6780a42e0">
      <Output>
        <StdOut>CommunicatorBaseUri is http://localhost:5011/
loanServ.BaseUri is https://api.sharedsvcs-nonprod.asb.local/
eDocs.NautilusBaseUrl is http://nautilus.d3couple.local/
OpenTelemetry tracing is disabled, make sure the keys (DynaTraceToken, DynaTraceTenantID, DynaTraceTraceUrl) are in the secret/configuration
\u001b[40m\u001b[32minfo\u001b[39m\u001b[22m\u001b[49m: D3.CoreLive.Service.NautilusClient[0]
      NautilusClient:GetAllDocumentsForAccountAsync - paddedAccountNumber: 58823331ab, accountType: SV
\u001b[40m\u001b[32minfo\u001b[39m\u001b[22m\u001b[49m: D3.CoreLive.Service.NautilusClient[0]
      GetDocumentsByAccountDto: Nautilus.Specification.Models.GetDocumentsByAccountDto



Debug Trace:
Using EIS Private service at : https://api.sharedsvcs-nonprod.asb.local/
Using EIS Private service at : https://api-origin.dev.associatedbankservices.com/api/dev/addrssparsr</StdOut>
      </Output>
    </UnitTestResult>
    <UnitTestResult executionId="f1590242-a1c7-431e-8ad5-e31048777855" testId="260c73f4-dc60-4ae4-9cf5-773ae7b7ac8c" testName="DestinationAccountNotFound" computerName="ip-10-8-96-225" duration="00:00:00.1573006" startTime="2023-10-04T13:17:36.7616612+00:00" endTime="2023-10-04T13:17:36.9190768+00:00" testType="13cdc9d9-ddb5-4fa4-a97d-d965ccfc6d4b" outcome="Passed" testListId="8c84fa94-04c1-424b-9868-57a2d4851a1d" relativeResultsDirectory="f1590242-a1c7-431e-8ad5-e31048777855" />
    <UnitTestResult executionId="384190ee-9297-4eb5-b2e3-376832c4b055" testId="55bc0d99-0aa8-42e8-99c0-f58e421e875d" testName="WhenNewTranDay_ResetSeqCounter" computerName="ip-10-8-96-225" duration="00:00:00.0023814" startTime="2023-10-04T13:20:17.1670226+00:00" endTime="2023-10-04T13:20:17.1694711+00:00" testType="13cdc9d9-ddb5-4fa4-a97d-d965ccfc6d4b" outcome="Passed" testListId="8c84fa94-04c1-424b-9868-57a2d4851a1d" relativeResultsDirectory="384190ee-9297-4eb5-b2e3-376832c4b055" />
    <UnitTestResult executionId="38685147-256d-4e3a-b99d-2fc55e874315" testId="125e5faa-db39-4616-a7d5-a27fea93fc29" testName="WhenPOAddress_ThenFailureReturned" computerName="ip-10-8-96-225" duration="00:00:00.0026303" startTime="2023-10-04T13:19:01.3291975+00:00" endTime="2023-10-04T13:19:01.3320180+00:00" testType="13cdc9d9-ddb5-4fa4-a97d-d965ccfc6d4b" outcome="Passed" testListId="8c84fa94-04c1-424b-9868-57a2d4851a1d" relativeResultsDirectory="38685147-256d-4e3a-b99d-2fc55e874315" />
    <UnitTestResult executionId="207bd3d4-c0fe-4027-b8c2-621637d6a755" testId="758b36db-c32a-4803-9412-a9a48d17e78c" testName="ConduitControllerCommand" computerName="ip-10-8-96-225" duration="00:00:00.0047434" startTime="2023-10-04T13:21:08.6345866+00:00" endTime="2023-10-04T13:21:08.6394020+00:00" testType="13cdc9d9-ddb5-4fa4-a97d-d965ccfc6d4b" outcome="Passed" testListId="8c84fa94-04c1-424b-9868-57a2d4851a1d" relativeResultsDirectory="207bd3d4-c0fe-4027-b8c2-621637d6a755" />
    <UnitTestResult executionId="a801e4ac-7102-42a9-b529-7646214063a6" testId="31dd5b0f-15c5-4faf-8c9b-15ff7cfe34cf" testName="UpdateProfile_AddressUpdate_NotFoundFromEIS" computerName="ip-10-8-96-225" duration="00:00:00.1907797" startTime="2023-10-04T13:17:40.8101561+00:00" endTime="2023-10-04T13:17:41.0010337+00:00" testType="13cdc9d9-ddb5-4fa4-a97d-d965ccfc6d4b" outcome="Passed" testListId="8c84fa94-04c1-424b-9868-57a2d4851a1d" relativeResultsDirectory="a801e4ac-7102-42a9-b529-7646214063a6" />
    <UnitTestResult executionId="3cb70474-b65b-4563-b07c-eb036153344c" testId="c4be23d4-c487-4e17-97f4-15f3c1634a53" testName="CoreLive_Rest_TransferFunds_MockAccounts_Success" computerName="ip-10-8-96-225" duration="00:00:02.2669759" startTime="2023-10-04T13:18:45.3888637+00:00" endTime="2023-10-04T13:18:47.6559489+00:00" testType="13cdc9d9-ddb5-4fa4-a97d-d965ccfc6d4b" outcome="Passed" testListId="8c84fa94-04c1-424b-9868-57a2d4851a1d" relativeResultsDirectory="3cb70474-b65b-4563-b07c-eb036153344c">
      <Output>
        <StdOut>CommunicatorBaseUri is http://localhost:5011/
loanServ.BaseUri is https://api.sharedsvcs-nonprod.asb.local/
eDocs.NautilusBaseUrl is http://nautilus.d3couple.local/
OpenTelemetry tracing is disabled, make sure the keys (DynaTraceToken, DynaTraceTenantID, DynaTraceTraceUrl) are in the secret/configuration



Debug Trace:
Using EIS Private service at : https://api.sharedsvcs-nonprod.asb.local/
Using EIS Private service at : https://api-origin.dev.associatedbankservices.com/api/dev/addrssparsr</StdOut>
      </Output>
    </UnitTestResult>
    <UnitTestResult executionId="de99e7f9-a466-4dd0-b7a9-e9c3379c5a4e" testId="54c5bfd0-f1a3-4e6e-9e08-baf21c7383ba" testName="IntradayHandlerLoanTests_SignatureLoanPending" computerName="ip-10-8-96-225" duration="00:00:00.0009225" startTime="2023-10-04T13:19:48.2453751+00:00" endTime="2023-10-04T13:19:48.2463772+00:00" testType="13cdc9d9-ddb5-4fa4-a97d-d965ccfc6d4b" outcome="Passed" testListId="8c84fa94-04c1-424b-9868-57a2d4851a1d" relativeResultsDirectory="de99e7f9-a466-4dd0-b7a9-e9c3379c5a4e" />
    <UnitTestResult executionId="f5c56d3b-214b-4e71-b41f-8ff0cc34dd5d" testId="215a24c3-42ad-4bb7-bcb5-3ae813e866dd" testName="IntradayHandlerTime_GetAccounts" computerName="ip-10-8-96-225" duration="00:00:00.0031441" startTime="2023-10-04T13:19:48.6539273+00:00" endTime="2023-10-04T13:19:48.8092185+00:00" testType="13cdc9d9-ddb5-4fa4-a97d-d965ccfc6d4b" outcome="Passed" testListId="8c84fa94-04c1-424b-9868-57a2d4851a1d" relativeResultsDirectory="f5c56d3b-214b-4e71-b41f-8ff0cc34dd5d" />
    <UnitTestResult executionId="4b7d9d16-252d-43bd-9e20-727567520f25" testId="0359101f-26f6-47c2-ad4b-d8f69d586efb" testName="IntradayHandlerLoanTests_CreateTransaction_NoCSP" computerName="ip-10-8-96-225" duration="00:00:00.0002594" startTime="2023-10-04T13:19:48.2474612+00:00" endTime="2023-10-04T13:19:48.2478054+00:00" testType="13cdc9d9-ddb5-4fa4-a97d-d965ccfc6d4b" outcome="Passed" testListId="8c84fa94-04c1-424b-9868-57a2d4851a1d" relativeResultsDirectory="4b7d9d16-252d-43bd-9e20-727567520f25" />
    <UnitTestResult executionId="75be18d2-7eae-46bb-bf40-172ef9bb04d5" testId="30f7bb3f-c48a-4d2c-a2a9-e116e594157b" testName="SigLoanAccountTransInquiryHandler_Loan_NoHistory" computerName="ip-10-8-96-225" duration="00:00:00.2003349" startTime="2023-10-04T13:20:17.8614641+00:00" endTime="2023-10-04T13:20:18.0619819+00:00" testType="13cdc9d9-ddb5-4fa4-a97d-d965ccfc6d4b" outcome="Passed" testListId="8c84fa94-04c1-424b-9868-57a2d4851a1d" relativeResultsDirectory="75be18d2-7eae-46bb-bf40-172ef9bb04d5" />
    <UnitTestResult executionId="b57316eb-e147-4fb4-9383-22311d0e23de" testId="009e340b-c0af-4ce6-b45e-49d42710825e" testName="WhenCustomerAccountNotFound_ThenSuccessfulResponse" computerName="ip-10-8-96-225" duration="00:00:00.3376764" startTime="2023-10-04T13:17:23.0449622+00:00" endTime="2023-10-04T13:17:23.3827430+00:00" testType="13cdc9d9-ddb5-4fa4-a97d-d965ccfc6d4b" outcome="Passed" testListId="8c84fa94-04c1-424b-9868-57a2d4851a1d" relativeResultsDirectory="b57316eb-e147-4fb4-9383-22311d0e23de">
      <Output>
        <StdOut>\u001b[40m\u001b[32minfo\u001b[39m\u001b[22m\u001b[49m: D3.CoreLive.Service.WorkerServices.EStatementEnrollmentWS[0]
      EnrollEstatements : request - Accounts.Count 1
\u001b[40m\u001b[32minfo\u001b[39m\u001b[22m\u001b[49m: D3.CoreLive.Service.WorkerServices.EStatementEnrollmentWS[0]
      GetCustomerEmail: customerInquiryResponse &lt;?xml version="1.0" encoding="utf-16"?&gt;&lt;CustInqRs xmlns:xsi="http://www.w3.org/2001/XMLSchema-instance" xmlns:xsd="http://www.w3.org/2001/XMLSchema"&gt;  &lt;Status&gt;    &lt;StatusCode&gt;0&lt;/StatusCode&gt;    &lt;Severity&gt;Info&lt;/Severity&gt;    &lt;StatusDesc&gt;The request was processed successfully&lt;/StatusDesc&gt;    &lt;SupportUID&gt;21241c8d-42de-4c04-8733-ff9d9cf1c439&lt;/SupportUID&gt;  &lt;/Status&gt;  &lt;RqUID&gt;21241c8d-42de-4c04-8733-ff9d9cf1c439&lt;/RqUID&gt;  &lt;Customer&gt;    &lt;CustId&gt;      &lt;SPName&gt;FIservCBS&lt;/SPName&gt;      &lt;CustPermId&gt;777777777&lt;/CustPermId&gt;    &lt;/CustId&gt;    &lt;CustProf&gt;      &lt;ParseFlag&gt;0&lt;/ParseFlag&gt;      &lt;ParsedAltBankFlag&gt;0&lt;/ParsedAltBankFlag&gt;      &lt;PersonName&gt;        &lt;FirstName updateflag="1"&gt;John&lt;/FirstName&gt;        &lt;LastName updateflag="1"&gt;Doe&lt;/LastName&gt;      &lt;/PersonName&gt;      &lt;EmailAddr updateflag="1"&gt;test@test.com&lt;/EmailAddr&gt;    &lt;/CustProf&gt;  &lt;/Customer&gt;&lt;/CustInqRs&gt;
\u001b[40m\u001b[32minfo\u001b[39m\u001b[22m\u001b[49m: D3.CoreLive.Service.WorkerServices.EStatementEnrollmentWS[0]
      EnrollEstatements: communicatorAccountsCount - 0
\u001b[40m\u001b[32minfo\u001b[39m\u001b[22m\u001b[49m: D3.CoreLive.Service.WorkerServices.EStatementEnrollmentWS[0]
      EnrollEstatements: accountId - 1234567890L
\u001b[40m\u001b[32minfo\u001b[39m\u001b[22m\u001b[49m: D3.CoreLive.Service.WorkerServices.EStatementEnrollmentWS[0]
      EnrollEstatements: signatureAccount - 1234567890L, signatureAccountType - DD</StdOut>
      </Output>
    </UnitTestResult>
    <UnitTestResult executionId="293a23d9-8e60-4ff8-aa96-67a05f2a20fa" testId="24cb3883-5a62-4466-aeb8-3189cd7f1dc5" testName="WhenFromAccountDoesNotExist_TransferFundsFailsWith404" computerName="ip-10-8-96-225" duration="00:00:00.2046611" startTime="2023-10-04T13:17:32.1661908+00:00" endTime="2023-10-04T13:17:32.3710126+00:00" testType="13cdc9d9-ddb5-4fa4-a97d-d965ccfc6d4b" outcome="Passed" testListId="8c84fa94-04c1-424b-9868-57a2d4851a1d" relativeResultsDirectory="293a23d9-8e60-4ff8-aa96-67a05f2a20fa" />
    <UnitTestResult executionId="d57223ac-f130-4940-bfce-400ad22e17a3" testId="fb5abcf1-4123-4cab-990d-e14190392b20" testName="StopPaymentTests_NoCheckNumber" computerName="ip-10-8-96-225" duration="00:00:00.1480632" startTime="2023-10-04T13:17:38.3308628+00:00" endTime="2023-10-04T13:17:38.4790447+00:00" testType="13cdc9d9-ddb5-4fa4-a97d-d965ccfc6d4b" outcome="Passed" testListId="8c84fa94-04c1-424b-9868-57a2d4851a1d" relativeResultsDirectory="d57223ac-f130-4940-bfce-400ad22e17a3" />
    <UnitTestResult executionId="73ff62ed-2679-4cd9-9c3e-ba68ac8dcee1" testId="cff9823f-6d6a-4985-9a61-4e0a758cb104" testName="StopPaymentHistoryTests_AccountNotFoundInDatabase" computerName="ip-10-8-96-225" duration="00:00:00.1486232" startTime="2023-10-04T13:17:36.9195182+00:00" endTime="2023-10-04T13:17:37.0684478+00:00" testType="13cdc9d9-ddb5-4fa4-a97d-d965ccfc6d4b" outcome="Passed" testListId="8c84fa94-04c1-424b-9868-57a2d4851a1d" relativeResultsDirectory="73ff62ed-2679-4cd9-9c3e-ba68ac8dcee1" />
    <UnitTestResult executionId="7dadac7d-7112-4f75-ad95-7137fa123ba6" testId="534504ad-1aad-43d2-add8-7eca4d64ccb3" testName="LoanAcctTrnInqWS_ErrorResult" computerName="ip-10-8-96-225" duration="00:00:00.0007891" startTime="2023-10-04T13:17:36.4069198+00:00" endTime="2023-10-04T13:17:36.4078097+00:00" testType="13cdc9d9-ddb5-4fa4-a97d-d965ccfc6d4b" outcome="Passed" testListId="8c84fa94-04c1-424b-9868-57a2d4851a1d" relativeResultsDirectory="7dadac7d-7112-4f75-ad95-7137fa123ba6" />
    <UnitTestResult executionId="4fd9639e-b158-4f29-8a68-3bb8409603fe" testId="c0ac8e8e-0665-46f3-a31b-7bb7dbd2cb3e" testName="UpdateProfile_AddressUpdatePOBox2_Failure" computerName="ip-10-8-96-225" duration="00:00:00.2248693" startTime="2023-10-04T13:17:42.8881084+00:00" endTime="2023-10-04T13:17:43.1131053+00:00" testType="13cdc9d9-ddb5-4fa4-a97d-d965ccfc6d4b" outcome="Passed" testListId="8c84fa94-04c1-424b-9868-57a2d4851a1d" relativeResultsDirectory="4fd9639e-b158-4f29-8a68-3bb8409603fe" />
    <UnitTestResult executionId="1859e923-de02-45e9-b988-959a09bb7e0c" testId="64680524-22fd-43e2-9d32-63b02681c46e" testName="UpdateProfile_IncompleteAddressUpdate" computerName="ip-10-8-96-225" duration="00:00:00.1600851" startTime="2023-10-04T13:17:42.2787753+00:00" endTime="2023-10-04T13:17:42.4389554+00:00" testType="13cdc9d9-ddb5-4fa4-a97d-d965ccfc6d4b" outcome="Passed" testListId="8c84fa94-04c1-424b-9868-57a2d4851a1d" relativeResultsDirectory="1859e923-de02-45e9-b988-959a09bb7e0c" />
    <UnitTestResult executionId="8d183fb9-3b08-480d-8e1e-3b36efb39361" testId="3a9618c0-8710-4730-9674-6d32ecd2245e" testName="WhenTransIsNoShowType_FilterTrans" computerName="ip-10-8-96-225" duration="00:00:00.0058093" startTime="2023-10-04T13:20:17.1499729+00:00" endTime="2023-10-04T13:20:17.1558655+00:00" testType="13cdc9d9-ddb5-4fa4-a97d-d965ccfc6d4b" outcome="Passed" testListId="8c84fa94-04c1-424b-9868-57a2d4851a1d" relativeResultsDirectory="8d183fb9-3b08-480d-8e1e-3b36efb39361" />
    <UnitTestResult executionId="d0c5f231-3d5c-4a63-985b-8772e609e488" testId="3ca8c7b4-81a9-4a7b-9053-757931364f3b" testName="WhenEmptyRequestBody_ThenBadRequestReturned" computerName="ip-10-8-96-225" duration="00:00:00.0041337" startTime="2023-10-04T13:19:23.4630123+00:00" endTime="2023-10-04T13:19:23.4672465+00:00" testType="13cdc9d9-ddb5-4fa4-a97d-d965ccfc6d4b" outcome="Passed" testListId="8c84fa94-04c1-424b-9868-57a2d4851a1d" relativeResultsDirectory="d0c5f231-3d5c-4a63-985b-8772e609e488" />
    <UnitTestResult executionId="b9228b48-4446-4701-b840-0e6d8b003481" testId="0c9a0d81-fad0-4cad-9374-bbbabdd8cc05" testName="TestAllQueries" computerName="ip-10-8-96-225" duration="00:00:06.4264051" startTime="2023-10-04T13:16:33.0155585+00:00" endTime="2023-10-04T13:16:40.8315490+00:00" testType="13cdc9d9-ddb5-4fa4-a97d-d965ccfc6d4b" outcome="Passed" testListId="8c84fa94-04c1-424b-9868-57a2d4851a1d" relativeResultsDirectory="b9228b48-4446-4701-b840-0e6d8b003481" />
    <UnitTestResult executionId="e2cf6e35-e9de-442f-a8a4-9ee8e55bcf33" testId="90df1961-06a0-402f-9190-b34e17531e70" testName="EISClientTruvUserLookUp_SuccessNotFoundTest" computerName="ip-10-8-96-225" duration="00:00:00.0014486" startTime="2023-10-04T13:16:43.6425510+00:00" endTime="2023-10-04T13:16:43.6441136+00:00" testType="13cdc9d9-ddb5-4fa4-a97d-d965ccfc6d4b" outcome="Passed" testListId="8c84fa94-04c1-424b-9868-57a2d4851a1d" relativeResultsDirectory="e2cf6e35-e9de-442f-a8a4-9ee8e55bcf33" />
    <UnitTestResult executionId="32672881-2d32-471e-aca8-0e4de68d11eb" testId="ded48caa-9bf9-4f43-9998-a971e093e7ad" testName="WhenCustomerFoundByDebitNumberAndDOBMatches_NoSFCif_NotFoundInSF_FoundInSignature_ThenSuccess (DD,5770103000000017)" computerName="ip-10-8-96-225" duration="00:00:00.3275494" startTime="2023-10-04T13:17:50.5850549+00:00" endTime="2023-10-04T13:17:50.9127759+00:00" testType="13cdc9d9-ddb5-4fa4-a97d-d965ccfc6d4b" outcome="Passed" testListId="8c84fa94-04c1-424b-9868-57a2d4851a1d" relativeResultsDirectory="32672881-2d32-471e-aca8-0e4de68d11eb">
      <Output>
        <StdOut>\u001b[40m\u001b[32minfo\u001b[39m\u001b[22m\u001b[49m: D3.CoreLive.Service.WorkerServices.VerifyUserWS[0]
      Customer Found With 1 Account(s)
\u001b[40m\u001b[32minfo\u001b[39m\u001b[22m\u001b[49m: D3.CoreLive.Service.WorkerServices.VerifyUserWS[0]
      Customer Verified With Card Account
\u001b[40m\u001b[32minfo\u001b[39m\u001b[22m\u001b[49m: D3.CoreLive.Service.WorkerServices.VerifyUserWS[0]
      User Verification Succeeded with null userId.  New userId has been generated
\u001b[40m\u001b[32minfo\u001b[39m\u001b[22m\u001b[49m: D3.CoreLive.Service.WorkerServices.VerifyUserWS[0]
      User Not Found In Entity



Debug Trace:
Debug - CustomerListInquiryWS:BuildCustomerListInquiryRequest - request id e71e6059-59ee-4234-a5d8-3bdb12529a3e
Debug - AccountInquiryWS:GetCustomer - request id 67e262ff-1e89-4cc8-bacd-414a7892bb9c started for UID ABCD2342342342</StdOut>
      </Output>
    </UnitTestResult>
    <UnitTestResult executionId="3c860f51-8b92-4a02-9376-014ab378da18" testId="d8db25fe-8352-47df-b8ac-0fa27ff07ecb" testName="CreditCardAccountInquiryHandler_MapResponse_Success" computerName="ip-10-8-96-225" duration="00:00:00.0028225" startTime="2023-10-04T13:20:18.2939632+00:00" endTime="2023-10-04T13:20:18.2969597+00:00" testType="13cdc9d9-ddb5-4fa4-a97d-d965ccfc6d4b" outcome="Passed" testListId="8c84fa94-04c1-424b-9868-57a2d4851a1d" relativeResultsDirectory="3c860f51-8b92-4a02-9376-014ab378da18">
      <Output>
        <StdOut>Debug Trace:
CreditCardAccountInquiryResponse last4 of ElanUID test
Could not parse 20210705 as date MMddyyyy System.FormatException: The DateTime represented by the string '20210705' is not supported in calendar 'System.Globalization.GregorianCalendar'.
   at System.DateTime.ParseExact(String s, String format, IFormatProvider provider)
   at AB.EIS.Specification.CreditCardAccountInquiryResponse.get_NextPaymentDueDateAsDate() in /tmp/_work/dbp-d3couple/dbp-d3couple/src/AB.Eis.Specification/CreditCardAccountInquiryResponse.cs:line 81
Could not parse 20210705 as date MMddyyyy System.FormatException: The DateTime represented by the string '20210705' is not supported in calendar 'System.Globalization.GregorianCalendar'.
   at System.DateTime.ParseExact(String s, String format, IFormatProvider provider)
   at AB.EIS.Specification.CreditCardAccountInquiryResponse.get_NextPaymentDueDateAsDate() in /tmp/_work/dbp-d3couple/dbp-d3couple/src/AB.Eis.Specification/CreditCardAccountInquiryResponse.cs:line 81</StdOut>
      </Output>
    </UnitTestResult>
    <UnitTestResult executionId="d5d51211-d698-4240-95fd-ac74638e23f9" testId="435202cc-c493-498f-9ca9-29e627cb7d05" testName="IntradayController_SyncTRANSACTIONS_SingleCreditCardFaked" computerName="ip-10-8-96-225" duration="00:00:00.0037237" startTime="2023-10-04T13:19:47.9436739+00:00" endTime="2023-10-04T13:19:47.9474847+00:00" testType="13cdc9d9-ddb5-4fa4-a97d-d965ccfc6d4b" outcome="Passed" testListId="8c84fa94-04c1-424b-9868-57a2d4851a1d" relativeResultsDirectory="d5d51211-d698-4240-95fd-ac74638e23f9" />
    <UnitTestResult executionId="07e23f25-457a-4b4d-8101-ece86e53787f" testId="1d9e3a6c-75b6-4f67-a06a-ab8ca4e98746" testName="WhenValidInputButInvalidRelCodeLLP_ThenUnsuccessfulResponse" computerName="ip-10-8-96-225" duration="00:00:00.1573001" startTime="2023-10-04T13:17:46.6558877+00:00" endTime="2023-10-04T13:17:46.8133455+00:00" testType="13cdc9d9-ddb5-4fa4-a97d-d965ccfc6d4b" outcome="Passed" testListId="8c84fa94-04c1-424b-9868-57a2d4851a1d" relativeResultsDirectory="07e23f25-457a-4b4d-8101-ece86e53787f">
      <Output>
        <StdOut>\u001b[41m\u001b[30mfail\u001b[39m\u001b[22m\u001b[49m: D3.CoreLive.Service.WorkerServices.VerifyUserWS[0]
      Invalid Account Status Code
\u001b[41m\u001b[30mfail\u001b[39m\u001b[22m\u001b[49m: D3.CoreLive.Service.WorkerServices.VerifyUserWS[0]
      Invalid Account Status Code
\u001b[40m\u001b[32minfo\u001b[39m\u001b[22m\u001b[49m: D3.CoreLive.Service.WorkerServices.VerifyUserWS[0]
      User Not Found In Entity



Debug Trace:
Debug - CustomerListInquiryWS:BuildCustomerListInquiryRequest - request id 78d0466e-bc47-4d2a-8f6e-1680c00b494c</StdOut>
      </Output>
    </UnitTestResult>
    <UnitTestResult executionId="0b50edf1-776d-4d7d-b519-b5adc46477eb" testId="98177b10-2fc5-42b2-b13a-f8f753466ca9" testName="WhenCustomerFoundByDebitNumberAndDOBMatches_NoSFCif_NotFoundInSF_FoundInSignature_ThenSuccess (SV,5770103000000017)" computerName="ip-10-8-96-225" duration="00:00:00.1471752" startTime="2023-10-04T13:17:50.4371493+00:00" endTime="2023-10-04T13:17:50.5845301+00:00" testType="13cdc9d9-ddb5-4fa4-a97d-d965ccfc6d4b" outcome="Passed" testListId="8c84fa94-04c1-424b-9868-57a2d4851a1d" relativeResultsDirectory="0b50edf1-776d-4d7d-b519-b5adc46477eb">
      <Output>
        <StdOut>\u001b[40m\u001b[32minfo\u001b[39m\u001b[22m\u001b[49m: D3.CoreLive.Service.WorkerServices.VerifyUserWS[0]
      User Not Found In Entity



Debug Trace:
Debug - CustomerListInquiryWS:BuildCustomerListInquiryRequest - request id f634b9fd-c1a7-4638-927b-770e9272fa64
Debug - AccountInquiryWS:GetCustomer - request id c1cb2112-58dd-41d3-9f6d-4755d727b26d started for UID ABCD2342342342</StdOut>
      </Output>
    </UnitTestResult>
    <UnitTestResult executionId="56d2faf3-0c40-4601-abd4-e08a9721569a" testId="6ebaea18-3aae-45aa-906e-6ec9e64fb75b" testName="IntradayREST_Heloc_SNSPublishTimeout" computerName="ip-10-8-96-225" duration="00:00:05.0068924" startTime="2023-10-04T13:20:07.6663300+00:00" endTime="2023-10-04T13:20:12.6733765+00:00" testType="13cdc9d9-ddb5-4fa4-a97d-d965ccfc6d4b" outcome="Passed" testListId="8c84fa94-04c1-424b-9868-57a2d4851a1d" relativeResultsDirectory="56d2faf3-0c40-4601-abd4-e08a9721569a">
      <Output>
        <StdOut>CommunicatorBaseUri is http://localhost:5011/
loanServ.BaseUri is https://api.sharedsvcs-nonprod.asb.local/
eDocs.NautilusBaseUrl is http://nautilus.d3couple.local/
OpenTelemetry tracing is disabled, make sure the keys (DynaTraceToken, DynaTraceTenantID, DynaTraceTraceUrl) are in the secret/configuration



Debug Trace:
Using EIS Private service at : https://api.sharedsvcs-nonprod.asb.local/
Using EIS Private service at : https://api-origin.dev.associatedbankservices.com/api/dev/addrssparsr</StdOut>
      </Output>
    </UnitTestResult>
    <UnitTestResult executionId="bec43d7e-f343-4e33-86c4-b861b27718a0" testId="7ae6233b-9341-4ae3-ba81-d54b60c419b5" testName="AccountFiltering_Success_UsingSnowFlakeProductCodeSelection" computerName="ip-10-8-96-225" duration="00:00:00.0026125" startTime="2023-10-04T13:19:48.6114351+00:00" endTime="2023-10-04T13:19:48.6141596+00:00" testType="13cdc9d9-ddb5-4fa4-a97d-d965ccfc6d4b" outcome="Passed" testListId="8c84fa94-04c1-424b-9868-57a2d4851a1d" relativeResultsDirectory="bec43d7e-f343-4e33-86c4-b861b27718a0" />
    <UnitTestResult executionId="073e79b6-fb04-4044-8021-255597ab2f29" testId="1547c9b3-8a15-4643-aa3d-bdca7cca321c" testName="InternalTransferWS_FromEntityVerificationNotFound" computerName="ip-10-8-96-225" duration="00:00:00.2605965" startTime="2023-10-04T13:17:35.6695231+00:00" endTime="2023-10-04T13:17:35.9302503+00:00" testType="13cdc9d9-ddb5-4fa4-a97d-d965ccfc6d4b" outcome="Passed" testListId="8c84fa94-04c1-424b-9868-57a2d4851a1d" relativeResultsDirectory="073e79b6-fb04-4044-8021-255597ab2f29" />
    <UnitTestResult executionId="b376a1bc-27b6-49c9-8205-f76ace9add41" testId="b4baa6ed-a891-411f-916d-929565563e43" testName="ActivationZoneUserAttrPropertyFalseNoEligibleGetAccountsAndTransactions" computerName="ip-10-8-96-225" duration="00:00:00.0109984" startTime="2023-10-04T13:21:08.6222993+00:00" endTime="2023-10-04T13:21:08.6333631+00:00" testType="13cdc9d9-ddb5-4fa4-a97d-d965ccfc6d4b" outcome="Passed" testListId="8c84fa94-04c1-424b-9868-57a2d4851a1d" relativeResultsDirectory="b376a1bc-27b6-49c9-8205-f76ace9add41" />
    <UnitTestResult executionId="25e3ed39-1791-4906-b761-3ef288658b26" testId="059047e6-45dd-4c82-a57e-9ce4d78d84d6" testName="WhenInvalidRequest_ThenBadResponse (class UserVerificationResponse {&#xA;  AccountType: WRONG_ACCT_TYPE&#xA;  AccountNumber: &#xA;  DebitCardNumber: 5147505055555555&#xA;  DateOfBirth: 1980-01-01&#xA;  TaxId: &#xA;  Context: SELF-ENROLLMENT&#xA;}&#xA;)" computerName="ip-10-8-96-225" duration="00:00:00.0000078" startTime="2023-10-04T13:17:45.3700581+00:00" endTime="2023-10-04T13:17:45.3810445+00:00" testType="13cdc9d9-ddb5-4fa4-a97d-d965ccfc6d4b" outcome="Passed" testListId="8c84fa94-04c1-424b-9868-57a2d4851a1d" relativeResultsDirectory="25e3ed39-1791-4906-b761-3ef288658b26">
      <Output>
        <StdOut>\u001b[41m\u001b[30mfail\u001b[39m\u001b[22m\u001b[49m: D3.CoreLive.Service.WorkerServices.VerifyUserWS[0]
      Invalid request format</StdOut>
      </Output>
    </UnitTestResult>
    <UnitTestResult executionId="1e5ed4ee-b990-4c92-b653-8d0f1c154944" testId="b29303f3-b768-456e-a8e9-fc6ea55fbd23" testName="WhenCommunicatorReturnsNoBody_TransferFundsFailsWith500" computerName="ip-10-8-96-225" duration="00:00:00.2606144" startTime="2023-10-04T13:17:31.5035113+00:00" endTime="2023-10-04T13:17:31.7642458+00:00" testType="13cdc9d9-ddb5-4fa4-a97d-d965ccfc6d4b" outcome="Passed" testListId="8c84fa94-04c1-424b-9868-57a2d4851a1d" relativeResultsDirectory="1e5ed4ee-b990-4c92-b653-8d0f1c154944" />
    <UnitTestResult executionId="33cd6fca-761d-4426-a673-eaf8cb3c42b7" testId="d87df69b-f4f5-4501-82ea-7d4b778af0dd" testName="AccountInquiryWS_WithEmptyAccount" computerName="ip-10-8-96-225" duration="00:00:00.3129302" startTime="2023-10-04T13:16:46.5090087+00:00" endTime="2023-10-04T13:16:46.8221185+00:00" testType="13cdc9d9-ddb5-4fa4-a97d-d965ccfc6d4b" outcome="Passed" testListId="8c84fa94-04c1-424b-9868-57a2d4851a1d" relativeResultsDirectory="33cd6fca-761d-4426-a673-eaf8cb3c42b7" />
    <UnitTestResult executionId="78b12621-60cb-4bd0-bd0b-64e67f68d766" testId="2fdc7838-b14a-4fe1-9b0b-53f0d2ecc45c" testName="WhenInvalidRequest_ThenBadResponse (class UserVerificationResponse {&#xA;  AccountType: Personal&#xA;  AccountNumber: &#xA;  DebitCardNumber: &#xA;  DateOfBirth: 1980-01-01&#xA;  TaxId: &#xA;  Context: SELF-ENROLLMENT&#xA;}&#xA;)" computerName="ip-10-8-96-225" duration="00:00:00.0000090" startTime="2023-10-04T13:17:45.3700581+00:00" endTime="2023-10-04T13:17:45.3810445+00:00" testType="13cdc9d9-ddb5-4fa4-a97d-d965ccfc6d4b" outcome="Passed" testListId="8c84fa94-04c1-424b-9868-57a2d4851a1d" relativeResultsDirectory="78b12621-60cb-4bd0-bd0b-64e67f68d766">
      <Output>
        <StdOut>\u001b[41m\u001b[30mfail\u001b[39m\u001b[22m\u001b[49m: D3.CoreLive.Service.WorkerServices.VerifyUserWS[0]
      Invalid request format</StdOut>
      </Output>
    </UnitTestResult>
    <UnitTestResult executionId="6c2a85ba-ca3c-4059-aab4-4d54b8980a8c" testId="91fd7f91-bb2f-47e7-9545-f353e96d37a6" testName="WhenInvalidRequest_ThenBadResponse (class UserVerificationResponse {&#xA;  AccountType: Business&#xA;  AccountNumber: &#xA;  DebitCardNumber: 5147505055555555&#xA;  DateOfBirth: &#xA;  TaxId: Bob&#xA;  Context: SELF-ENROLLMENT&#xA;}&#xA;)" computerName="ip-10-8-96-225" duration="00:00:00.0000135" startTime="2023-10-04T13:17:45.3700581+00:00" endTime="2023-10-04T13:17:45.3810445+00:00" testType="13cdc9d9-ddb5-4fa4-a97d-d965ccfc6d4b" outcome="Passed" testListId="8c84fa94-04c1-424b-9868-57a2d4851a1d" relativeResultsDirectory="6c2a85ba-ca3c-4059-aab4-4d54b8980a8c">
      <Output>
        <StdOut>\u001b[41m\u001b[30mfail\u001b[39m\u001b[22m\u001b[49m: D3.CoreLive.Service.WorkerServices.VerifyUserWS[0]
      Invalid request format</StdOut>
      </Output>
    </UnitTestResult>
    <UnitTestResult executionId="8546caa3-12e9-4fcc-994a-0d98e7d2bf73" testId="3f0bf6d3-5352-464c-b298-47dc5f20a2cf" testName="WhenLoanServTransactionIsOverridable_ThenOverideTranDesc" computerName="ip-10-8-96-225" duration="00:00:00.0027388" startTime="2023-10-04T13:20:17.1739975+00:00" endTime="2023-10-04T13:20:17.1768082+00:00" testType="13cdc9d9-ddb5-4fa4-a97d-d965ccfc6d4b" outcome="Passed" testListId="8c84fa94-04c1-424b-9868-57a2d4851a1d" relativeResultsDirectory="8546caa3-12e9-4fcc-994a-0d98e7d2bf73" />
    <UnitTestResult executionId="06bfbaa9-d935-47a2-b6f6-daf8c7084b35" testId="9308310e-1e4d-4aea-909d-36f75a29d891" testName="IntradayHandler_GetSignatureAccountsFail" computerName="ip-10-8-96-225" duration="00:00:00.0013915" startTime="2023-10-04T13:19:48.5970789+00:00" endTime="2023-10-04T13:19:48.5985642+00:00" testType="13cdc9d9-ddb5-4fa4-a97d-d965ccfc6d4b" outcome="Passed" testListId="8c84fa94-04c1-424b-9868-57a2d4851a1d" relativeResultsDirectory="06bfbaa9-d935-47a2-b6f6-daf8c7084b35" />
    <UnitTestResult executionId="bae761e8-41eb-400f-bfae-ebf78c7bd721" testId="8d350d1c-32d6-4594-bd53-00ffadb3752e" testName="IntradayController_SyncACCOUNTS_SingleSignatureLoanFaked" computerName="ip-10-8-96-225" duration="00:00:00.0042303" startTime="2023-10-04T13:19:47.9639661+00:00" endTime="2023-10-04T13:19:47.9682705+00:00" testType="13cdc9d9-ddb5-4fa4-a97d-d965ccfc6d4b" outcome="Passed" testListId="8c84fa94-04c1-424b-9868-57a2d4851a1d" relativeResultsDirectory="bae761e8-41eb-400f-bfae-ebf78c7bd721" />
    <UnitTestResult executionId="f7ed1abf-b152-48ee-816c-91464dd18b23" testId="ecb5b304-0f9b-4851-a676-d8ac74db642a" testName="CustomerListInquiryWS_ErrorStatusesinCustListRs" computerName="ip-10-8-96-225" duration="00:00:00.1887489" startTime="2023-10-04T13:16:50.6015776+00:00" endTime="2023-10-04T13:16:50.7904773+00:00" testType="13cdc9d9-ddb5-4fa4-a97d-d965ccfc6d4b" outcome="Passed" testListId="8c84fa94-04c1-424b-9868-57a2d4851a1d" relativeResultsDirectory="f7ed1abf-b152-48ee-816c-91464dd18b23">
      <Output>
        <StdOut>\u001b[41m\u001b[30mfail\u001b[39m\u001b[22m\u001b[49m: D3.CoreLive.Service.WorkerServices.CustomerListInquiryWS[0]
      CustomerListInquiry failed - last 4 accountIdentifier :4231 : &lt;?xml version="1.0" encoding="utf-16"?&gt;
      &lt;IFX xmlns:xsi="http://www.w3.org/2001/XMLSchema-instance" xmlns:xsd="http://www.w3.org/2001/XMLSchema"&gt;
        &lt;GeneralStatus&gt;
          &lt;StatusCode&gt;500&lt;/StatusCode&gt;
          &lt;StatusLevel&gt;Message&lt;/StatusLevel&gt;
          &lt;StatusDesc&gt;General Error&lt;/StatusDesc&gt;
          &lt;ErrNum&gt;HC9999&lt;/ErrNum&gt;
          &lt;ErrDesc /&gt;
        &lt;/GeneralStatus&gt;
        &lt;Status&gt;
          &lt;StatusCode&gt;500&lt;/StatusCode&gt;
          &lt;Severity&gt;Info&lt;/Severity&gt;
          &lt;StatusDesc&gt;General Error&lt;/StatusDesc&gt;
          &lt;SupportUID&gt;a3afca34-821a-48d9-a841-63d8f2a662ae&lt;/SupportUID&gt;
        &lt;/Status&gt;
        &lt;EnvironmentInfo&gt;
          &lt;EnvironmentName&gt;Mock&lt;/EnvironmentName&gt;
        &lt;/EnvironmentInfo&gt;
        &lt;SignonRs&gt;
          &lt;Status&gt;
            &lt;StatusCode&gt;0&lt;/StatusCode&gt;
            &lt;Severity&gt;Info&lt;/Severity&gt;
            &lt;StatusDesc&gt;The request was processed successfully.&lt;/StatusDesc&gt;
            &lt;SupportUID&gt;e91305c8-214e-4699-b94b-a5a16516c775&lt;/SupportUID&gt;
          &lt;/Status&gt;
          &lt;SignonRole&gt;CSR&lt;/SignonRole&gt;
          &lt;CustId&gt;
            &lt;SPName&gt;FiservCBS&lt;/SPName&gt;
            &lt;CustLoginId&gt;SVCESBABLUA&lt;/CustLoginId&gt;
          &lt;/CustId&gt;
          &lt;GenSessKey&gt;0&lt;/GenSessKey&gt;
          &lt;ClientDt&gt;
            &lt;Year&gt;2020&lt;/Year&gt;
            &lt;Month&gt;08&lt;/Month&gt;
            &lt;Day&gt;10&lt;/Day&gt;
            &lt;Hour&gt;17&lt;/Hour&gt;
            &lt;Minute&gt;49&lt;/Minute&gt;
            &lt;Second&gt;42&lt;/Second&gt;
          &lt;/ClientDt&gt;
          &lt;ClientApp&gt;
            &lt;Org&gt;Fiserv&lt;/Org&gt;
            &lt;Name&gt;COMMADMIN&lt;/Name&gt;
            &lt;ClientAppKey&gt;ABCWISCOZUSBYNBKWDMWFYICGPREAEPN&lt;/ClientAppKey&gt;
          &lt;/ClientApp&gt;
          &lt;ServerDt&gt;
            &lt;Year&gt;2021&lt;/Year&gt;
            &lt;Month&gt;01&lt;/Month&gt;
            &lt;Day&gt;15&lt;/Day&gt;
            &lt;Hour&gt;19&lt;/Hour&gt;
            &lt;Minute&gt;52&lt;/Minute&gt;
            &lt;Second&gt;32&lt;/Second&gt;
            &lt;Fraction&gt;344000&lt;/Fraction&gt;
            &lt;UTCOffset&gt;-300&lt;/UTCOffset&gt;
          &lt;/ServerDt&gt;
          &lt;Language&gt;en-US&lt;/Language&gt;
          &lt;PersonName&gt;
            &lt;FirstName&gt;SVCESBABLUA&lt;/FirstName&gt;
            &lt;LastName&gt;SVCESBABLUA&lt;/LastName&gt;
          &lt;/PersonName&gt;
        &lt;/SignonRs&gt;
        &lt;CIFSvcRs&gt;
          &lt;CustListInqRs&gt;
            &lt;Status&gt;
              &lt;StatusCode&gt;100&lt;/StatusCode&gt;
              &lt;Severity&gt;Error&lt;/Severity&gt;
              &lt;StatusDesc&gt;General Error&lt;/StatusDesc&gt;
              &lt;StatusType&gt;NonFatal&lt;/StatusType&gt;
              &lt;SupportUID&gt;ba53066e-13b4-45f4-86ab-945bf021ff26&lt;/SupportUID&gt;
              &lt;Error&gt;
                &lt;Source&gt;CBS Host&lt;/Source&gt;
                &lt;ErrNum&gt;HC9999&lt;/ErrNum&gt;
                &lt;ErrDesc&gt;Some other error&lt;/ErrDesc&gt;
                &lt;ErrField&gt;HCACCESS&lt;/ErrField&gt;
                &lt;SupportUID&gt;ba53066e-13b4-45f4-86ab-945bf021ff26&lt;/SupportUID&gt;
              &lt;/Error&gt;
            &lt;/Status&gt;
          &lt;/CustListInqRs&gt;
        &lt;/CIFSvcRs&gt;
      &lt;/IFX&gt;)</StdOut>
      </Output>
    </UnitTestResult>
    <UnitTestResult executionId="718ebb7a-02c4-4d2f-a9d6-ac79af0e1327" testId="9d8b5af6-a982-47d3-a8e2-6b059825cdca" testName="CreditCardAccountInquiryHandler_InvalidClientID_OK" computerName="ip-10-8-96-225" duration="00:00:00.0032247" startTime="2023-10-04T13:20:18.3170470+00:00" endTime="2023-10-04T13:20:18.3203893+00:00" testType="13cdc9d9-ddb5-4fa4-a97d-d965ccfc6d4b" outcome="Passed" testListId="8c84fa94-04c1-424b-9868-57a2d4851a1d" relativeResultsDirectory="718ebb7a-02c4-4d2f-a9d6-ac79af0e1327">
      <Output>
        <StdOut>Debug Trace:
CreditCardAccountInquiryResponse last4 of ElanUID test</StdOut>
      </Output>
    </UnitTestResult>
    <UnitTestResult executionId="30bbf849-377a-4cd4-ba5d-ec4a3ae4c685" testId="b7a2200a-540d-4983-9e97-5f9fb1965fcd" testName="UpdateProfile_AddressUpdate" computerName="ip-10-8-96-225" duration="00:00:00.2506210" startTime="2023-10-04T13:17:40.4040610+00:00" endTime="2023-10-04T13:17:40.6549612+00:00" testType="13cdc9d9-ddb5-4fa4-a97d-d965ccfc6d4b" outcome="Passed" testListId="8c84fa94-04c1-424b-9868-57a2d4851a1d" relativeResultsDirectory="30bbf849-377a-4cd4-ba5d-ec4a3ae4c685" />
    <UnitTestResult executionId="2a28c57a-696d-4bfa-aa28-2fb85f21609f" testId="371b5fd2-5322-4a30-8a82-0fec8b071264" testName="PersoneticsController_GetInsights_Success" computerName="ip-10-8-96-225" duration="00:00:00.0850638" startTime="2023-10-04T13:19:30.9378357+00:00" endTime="2023-10-04T13:19:36.0941838+00:00" testType="13cdc9d9-ddb5-4fa4-a97d-d965ccfc6d4b" outcome="Passed" testListId="8c84fa94-04c1-424b-9868-57a2d4851a1d" relativeResultsDirectory="2a28c57a-696d-4bfa-aa28-2fb85f21609f">
      <Output>
        <StdOut>CommunicatorBaseUri is http://localhost:5011/
loanServ.BaseUri is https://api.sharedsvcs-nonprod.asb.local/
eDocs.NautilusBaseUrl is http://nautilus.d3couple.local/
OpenTelemetry tracing is disabled, make sure the keys (DynaTraceToken, DynaTraceTenantID, DynaTraceTraceUrl) are in the secret/configuration
CommunicatorBaseUri is http://localhost:5011/
loanServ.BaseUri is https://api.sharedsvcs-nonprod.asb.local/
eDocs.NautilusBaseUrl is http://nautilus.d3couple.local/
OpenTelemetry tracing is disabled, make sure the keys (DynaTraceToken, DynaTraceTenantID, DynaTraceTraceUrl) are in the secret/configuration



Debug Trace:
Using EIS Private service at : https://api.sharedsvcs-nonprod.asb.local/
Using EIS Private service at : https://api-origin.dev.associatedbankservices.com/api/dev/addrssparsr
Using EIS Private service at : https://api.sharedsvcs-nonprod.asb.local/
Using EIS Private service at : https://api-origin.dev.associatedbankservices.com/api/dev/addrssparsr</StdOut>
      </Output>
    </UnitTestResult>
    <UnitTestResult executionId="d6efe9d1-532b-496b-8a89-9175200de48d" testId="c81b8ad1-5e55-4096-887e-64e0205f47ee" testName="CoreLive_Rest_StopPayment_Success" computerName="ip-10-8-96-225" duration="00:00:02.2472475" startTime="2023-10-04T13:18:04.8762634+00:00" endTime="2023-10-04T13:18:07.1236541+00:00" testType="13cdc9d9-ddb5-4fa4-a97d-d965ccfc6d4b" outcome="Passed" testListId="8c84fa94-04c1-424b-9868-57a2d4851a1d" relativeResultsDirectory="d6efe9d1-532b-496b-8a89-9175200de48d">
      <Output>
        <StdOut>CommunicatorBaseUri is http://localhost:5011/
loanServ.BaseUri is https://api.sharedsvcs-nonprod.asb.local/
eDocs.NautilusBaseUrl is http://nautilus.d3couple.local/
OpenTelemetry tracing is disabled, make sure the keys (DynaTraceToken, DynaTraceTenantID, DynaTraceTraceUrl) are in the secret/configuration



Debug Trace:
Using EIS Private service at : https://api.sharedsvcs-nonprod.asb.local/
Using EIS Private service at : https://api-origin.dev.associatedbankservices.com/api/dev/addrssparsr</StdOut>
      </Output>
    </UnitTestResult>
    <UnitTestResult executionId="d89bfa89-ded5-4fc6-8d0c-554ab47d1808" testId="eaca3bbb-2561-44cf-b453-1cdd39bb098a" testName="EDocs_Enrollment_GetPreferences_TestUser" computerName="ip-10-8-96-225" duration="00:00:03.0835341" startTime="2023-10-04T13:21:02.3625500+00:00" endTime="2023-10-04T13:21:05.4461861+00:00" testType="13cdc9d9-ddb5-4fa4-a97d-d965ccfc6d4b" outcome="Passed" testListId="8c84fa94-04c1-424b-9868-57a2d4851a1d" relativeResultsDirectory="d89bfa89-ded5-4fc6-8d0c-554ab47d1808">
      <Output>
        <StdOut>CommunicatorBaseUri is http://localhost:5011/
loanServ.BaseUri is https://api.sharedsvcs-nonprod.asb.local/
eDocs.NautilusBaseUrl is http://nautilus.d3couple.local/
OpenTelemetry tracing is disabled, make sure the keys (DynaTraceToken, DynaTraceTenantID, DynaTraceTraceUrl) are in the secret/configuration



Debug Trace:
Using EIS Private service at : https://api.sharedsvcs-nonprod.asb.local/
Using EIS Private service at : https://api-origin.dev.associatedbankservices.com/api/dev/addrssparsr</StdOut>
      </Output>
    </UnitTestResult>
    <UnitTestResult executionId="367fe898-006f-443e-a4f4-7d2346f55d33" testId="2bf9257c-1c43-4780-bcef-1198d9770f77" testName="EStatementEnrollment_Fake_IsEnrolled_AccountIsNotEnrolled" computerName="ip-10-8-96-225" duration="00:00:00.3523671" startTime="2023-10-04T13:17:28.4423824+00:00" endTime="2023-10-04T13:17:28.7948720+00:00" testType="13cdc9d9-ddb5-4fa4-a97d-d965ccfc6d4b" outcome="Passed" testListId="8c84fa94-04c1-424b-9868-57a2d4851a1d" relativeResultsDirectory="367fe898-006f-443e-a4f4-7d2346f55d33">
      <Output>
        <StdOut>\u001b[40m\u001b[1m\u001b[33mwarn\u001b[39m\u001b[22m\u001b[49m: D3.CoreLive.Service.WorkerServices.EStatementEnrollmentWS[0]
      EStatementEnrollmentWS:Inquire - no preference set.  doctype - 20001</StdOut>
      </Output>
    </UnitTestResult>
    <UnitTestResult executionId="0569531c-7203-46ba-8097-426023b32e2b" testId="328ddce4-2a56-428b-a362-6a111a7f1dd4" testName="EventBridge_Controller_BasicOtherConduit" computerName="ip-10-8-96-225" duration="00:00:02.7582165" startTime="2023-10-04T13:20:33.5103545+00:00" endTime="2023-10-04T13:20:36.2686962+00:00" testType="13cdc9d9-ddb5-4fa4-a97d-d965ccfc6d4b" outcome="Passed" testListId="8c84fa94-04c1-424b-9868-57a2d4851a1d" relativeResultsDirectory="0569531c-7203-46ba-8097-426023b32e2b">
      <Output>
        <StdOut>CommunicatorBaseUri is http://localhost:5011/
loanServ.BaseUri is https://api.sharedsvcs-nonprod.asb.local/
eDocs.NautilusBaseUrl is http://nautilus.d3couple.local/
OpenTelemetry tracing is disabled, make sure the keys (DynaTraceToken, DynaTraceTenantID, DynaTraceTraceUrl) are in the secret/configuration



Debug Trace:
Using EIS Private service at : https://api.sharedsvcs-nonprod.asb.local/
Using EIS Private service at : https://api-origin.dev.associatedbankservices.com/api/dev/addrssparsr</StdOut>
      </Output>
    </UnitTestResult>
    <UnitTestResult executionId="b6661774-b150-4210-8db1-7c63c1777df8" testId="1a4c44c4-93a0-475f-9d2a-18d2b51ca6ee" testName="UpdateProfileAddress_SimulateCIFTranslationFailed" computerName="ip-10-8-96-225" duration="00:00:03.2988721" startTime="2023-10-04T13:19:04.2655597+00:00" endTime="2023-10-04T13:19:07.5645867+00:00" testType="13cdc9d9-ddb5-4fa4-a97d-d965ccfc6d4b" outcome="Passed" testListId="8c84fa94-04c1-424b-9868-57a2d4851a1d" relativeResultsDirectory="b6661774-b150-4210-8db1-7c63c1777df8">
      <Output>
        <StdOut>CommunicatorBaseUri is http://localhost:5011/
loanServ.BaseUri is https://api.sharedsvcs-nonprod.asb.local/
eDocs.NautilusBaseUrl is http://nautilus.d3couple.local/
OpenTelemetry tracing is disabled, make sure the keys (DynaTraceToken, DynaTraceTenantID, DynaTraceTraceUrl) are in the secret/configuration



Debug Trace:
Using EIS Private service at : https://api.sharedsvcs-nonprod.asb.local/
Using EIS Private service at : https://api-origin.dev.associatedbankservices.com/api/dev/addrssparsr</StdOut>
      </Output>
    </UnitTestResult>
    <UnitTestResult executionId="fad7c347-43de-4cf9-8e1d-dd7a308245ca" testId="b2ea88a0-d20c-41d6-9c95-0fef38a41c37" testName="SimpleReader" computerName="ip-10-8-96-225" duration="00:00:00.1176077" startTime="2023-10-04T13:16:42.3601654+00:00" endTime="2023-10-04T13:16:42.4779291+00:00" testType="13cdc9d9-ddb5-4fa4-a97d-d965ccfc6d4b" outcome="Passed" testListId="8c84fa94-04c1-424b-9868-57a2d4851a1d" relativeResultsDirectory="fad7c347-43de-4cf9-8e1d-dd7a308245ca">
      <Output>
        <StdOut>Debug Trace:
-1 &lt; 2
abcd
0 &lt; 2
abcdb
1 &lt; 2</StdOut>
      </Output>
    </UnitTestResult>
    <UnitTestResult executionId="5d31ba5d-1864-4889-b592-c2833983a31f" testId="5f91ada1-13be-453e-8bf0-3245518b4801" testName="IntradayHandlerTimeTests_CreateTransactionID2" computerName="ip-10-8-96-225" duration="00:00:00.0001397" startTime="2023-10-04T13:19:48.8208643+00:00" endTime="2023-10-04T13:19:48.8210587+00:00" testType="13cdc9d9-ddb5-4fa4-a97d-d965ccfc6d4b" outcome="Passed" testListId="8c84fa94-04c1-424b-9868-57a2d4851a1d" relativeResultsDirectory="5d31ba5d-1864-4889-b592-c2833983a31f" />
    <UnitTestResult executionId="f7a8f01d-bda4-4b43-82cc-69dcc3df2a27" testId="9a4ffca8-cbe1-4f25-9e07-71edb560bc6c" testName="SigLoanAccountInquiryHandler_Loan_LargePastDue" computerName="ip-10-8-96-225" duration="00:00:00.1507120" startTime="2023-10-04T13:20:17.5476397+00:00" endTime="2023-10-04T13:20:17.6984659+00:00" testType="13cdc9d9-ddb5-4fa4-a97d-d965ccfc6d4b" outcome="Passed" testListId="8c84fa94-04c1-424b-9868-57a2d4851a1d" relativeResultsDirectory="f7a8f01d-bda4-4b43-82cc-69dcc3df2a27" />
    <UnitTestResult executionId="89a2d6db-8612-467d-9b03-2aeaa70bc9b5" testId="d9f0e5ac-0cd6-44e5-afd0-db82fdebb9ae" testName="WhenRequiredFieldMissing_ThenBadRequestReturned" computerName="ip-10-8-96-225" duration="00:00:00.0016669" startTime="2023-10-04T13:19:23.4676987+00:00" endTime="2023-10-04T13:19:23.4694700+00:00" testType="13cdc9d9-ddb5-4fa4-a97d-d965ccfc6d4b" outcome="Passed" testListId="8c84fa94-04c1-424b-9868-57a2d4851a1d" relativeResultsDirectory="89a2d6db-8612-467d-9b03-2aeaa70bc9b5" />
    <UnitTestResult executionId="14c88844-72aa-41cb-901b-2ba1031c8180" testId="424552ed-c2a2-4ef9-b0e5-5eda1eb9dfa6" testName="WhenInvalidRequest_ThenBadResponse (class UserVerificationResponse {&#xA;  AccountType: Personal&#xA;  AccountNumber: &#xA;  DebitCardNumber: 5147505055555555&#xA;  DateOfBirth: 1980-01-01&#xA;  TaxId: &#xA;  Context: &#xA;}&#xA;)" computerName="ip-10-8-96-225" duration="00:00:00.0000114" startTime="2023-10-04T13:17:45.3700581+00:00" endTime="2023-10-04T13:17:45.3810445+00:00" testType="13cdc9d9-ddb5-4fa4-a97d-d965ccfc6d4b" outcome="Passed" testListId="8c84fa94-04c1-424b-9868-57a2d4851a1d" relativeResultsDirectory="14c88844-72aa-41cb-901b-2ba1031c8180">
      <Output>
        <StdOut>\u001b[41m\u001b[30mfail\u001b[39m\u001b[22m\u001b[49m: D3.CoreLive.Service.WorkerServices.VerifyUserWS[0]
      Invalid request format
\u001b[41m\u001b[30mfail\u001b[39m\u001b[22m\u001b[49m: D3.CoreLive.Service.WorkerServices.VerifyUserWS[0]
      Invalid request format</StdOut>
      </Output>
    </UnitTestResult>
    <UnitTestResult executionId="500b7995-50c9-488d-b14d-f7397f6533dd" testId="f33143c1-8e95-4ffe-b8a9-7ae4b8a0d6c2" testName="CustomerListInquiryWS_ErrorinCustListRs" computerName="ip-10-8-96-225" duration="00:00:00.1752770" startTime="2023-10-04T13:16:50.4257037+00:00" endTime="2023-10-04T13:16:50.6010933+00:00" testType="13cdc9d9-ddb5-4fa4-a97d-d965ccfc6d4b" outcome="Passed" testListId="8c84fa94-04c1-424b-9868-57a2d4851a1d" relativeResultsDirectory="500b7995-50c9-488d-b14d-f7397f6533dd">
      <Output>
        <StdOut>\u001b[41m\u001b[30mfail\u001b[39m\u001b[22m\u001b[49m: D3.CoreLive.Service.WorkerServices.CustomerListInquiryWS[0]
      CustomerListInquiryResponse error - last 4 accountIdentifier :4231 : &lt;?xml version="1.0" encoding="utf-16"?&gt;&lt;IFX xmlns:xsi="http://www.w3.org/2001/XMLSchema-instance" xmlns:xsd="http://www.w3.org/2001/XMLSchema"&gt;  &lt;GeneralStatus&gt;    &lt;StatusCode&gt;0&lt;/StatusCode&gt;    &lt;StatusLevel&gt;Message&lt;/StatusLevel&gt;    &lt;StatusDesc&gt;The request was processed successfully.&lt;/StatusDesc&gt;    &lt;ErrNum&gt;HC9999&lt;/ErrNum&gt;    &lt;ErrDesc /&gt;  &lt;/GeneralStatus&gt;  &lt;Status&gt;    &lt;StatusCode&gt;0&lt;/StatusCode&gt;    &lt;Severity&gt;Info&lt;/Severity&gt;    &lt;StatusDesc&gt;The request was processed successfully.&lt;/StatusDesc&gt;    &lt;SupportUID&gt;a3afca34-821a-48d9-a841-63d8f2a662ae&lt;/SupportUID&gt;  &lt;/Status&gt;  &lt;EnvironmentInfo&gt;    &lt;EnvironmentName&gt;Mock&lt;/EnvironmentName&gt;  &lt;/EnvironmentInfo&gt;  &lt;SignonRs&gt;    &lt;Status&gt;      &lt;StatusCode&gt;0&lt;/StatusCode&gt;      &lt;Severity&gt;Info&lt;/Severity&gt;      &lt;StatusDesc&gt;The request was processed successfully.&lt;/StatusDesc&gt;      &lt;SupportUID&gt;e91305c8-214e-4699-b94b-a5a16516c775&lt;/SupportUID&gt;    &lt;/Status&gt;    &lt;SignonRole&gt;CSR&lt;/SignonRole&gt;    &lt;CustId&gt;      &lt;SPName&gt;FiservCBS&lt;/SPName&gt;      &lt;CustLoginId&gt;SVCESBABLUA&lt;/CustLoginId&gt;    &lt;/CustId&gt;    &lt;GenSessKey&gt;0&lt;/GenSessKey&gt;    &lt;ClientDt&gt;      &lt;Year&gt;2020&lt;/Year&gt;      &lt;Month&gt;08&lt;/Month&gt;      &lt;Day&gt;10&lt;/Day&gt;      &lt;Hour&gt;17&lt;/Hour&gt;      &lt;Minute&gt;49&lt;/Minute&gt;      &lt;Second&gt;42&lt;/Second&gt;    &lt;/ClientDt&gt;    &lt;ClientApp&gt;      &lt;Org&gt;Fiserv&lt;/Org&gt;      &lt;Name&gt;COMMADMIN&lt;/Name&gt;      &lt;ClientAppKey&gt;ABCWISCOZUSBYNBKWDMWFYICGPREAEPN&lt;/ClientAppKey&gt;    &lt;/ClientApp&gt;    &lt;ServerDt&gt;      &lt;Year&gt;2021&lt;/Year&gt;      &lt;Month&gt;01&lt;/Month&gt;      &lt;Day&gt;15&lt;/Day&gt;      &lt;Hour&gt;19&lt;/Hour&gt;      &lt;Minute&gt;52&lt;/Minute&gt;      &lt;Second&gt;32&lt;/Second&gt;      &lt;Fraction&gt;344000&lt;/Fraction&gt;      &lt;UTCOffset&gt;-300&lt;/UTCOffset&gt;    &lt;/ServerDt&gt;    &lt;Language&gt;en-US&lt;/Language&gt;    &lt;PersonName&gt;      &lt;FirstName&gt;SVCESBABLUA&lt;/FirstName&gt;      &lt;LastName&gt;SVCESBABLUA&lt;/LastName&gt;    &lt;/PersonName&gt;  &lt;/SignonRs&gt;  &lt;CIFSvcRs&gt;    &lt;CustListInqRs&gt;      &lt;Status&gt;        &lt;StatusCode&gt;100&lt;/StatusCode&gt;        &lt;Severity&gt;Error&lt;/Severity&gt;        &lt;StatusDesc&gt;General Error&lt;/StatusDesc&gt;        &lt;StatusType&gt;NonFatal&lt;/StatusType&gt;        &lt;SupportUID&gt;ba53066e-13b4-45f4-86ab-945bf021ff26&lt;/SupportUID&gt;        &lt;Error&gt;          &lt;Source&gt;CBS Host&lt;/Source&gt;          &lt;ErrNum&gt;HC9999&lt;/ErrNum&gt;          &lt;ErrDesc&gt;Some other error&lt;/ErrDesc&gt;          &lt;ErrField&gt;HCACCESS&lt;/ErrField&gt;          &lt;SupportUID&gt;ba53066e-13b4-45f4-86ab-945bf021ff26&lt;/SupportUID&gt;        &lt;/Error&gt;      &lt;/Status&gt;    &lt;/CustListInqRs&gt;  &lt;/CIFSvcRs&gt;&lt;/IFX&gt;)</StdOut>
      </Output>
    </UnitTestResult>
    <UnitTestResult executionId="a1f81bde-f788-4ec1-8fe2-4ba025108210" testId="1619ba12-ab3a-4825-a996-a18963d79005" testName="AccountInquiryWS_WithEmptyType" computerName="ip-10-8-96-225" duration="00:00:00.4004411" startTime="2023-10-04T13:16:46.1079535+00:00" endTime="2023-10-04T13:16:46.5085370+00:00" testType="13cdc9d9-ddb5-4fa4-a97d-d965ccfc6d4b" outcome="Passed" testListId="8c84fa94-04c1-424b-9868-57a2d4851a1d" relativeResultsDirectory="a1f81bde-f788-4ec1-8fe2-4ba025108210" />
    <UnitTestResult executionId="8ce61488-9600-4a2f-9728-ee3d0b4e33f2" testId="669fdd75-ec78-4bb5-a7d8-87278ba6f447" testName="CoreLive_Rest_TransferFunds_With_SNS_Mock_TimeoutTest_Success" computerName="ip-10-8-96-225" duration="00:00:02.8431782" startTime="2023-10-04T13:18:50.0226592+00:00" endTime="2023-10-04T13:18:52.8659839+00:00" testType="13cdc9d9-ddb5-4fa4-a97d-d965ccfc6d4b" outcome="Passed" testListId="8c84fa94-04c1-424b-9868-57a2d4851a1d" relativeResultsDirectory="8ce61488-9600-4a2f-9728-ee3d0b4e33f2">
      <Output>
        <StdOut>CommunicatorBaseUri is http://localhost:5011/
loanServ.BaseUri is https://api.sharedsvcs-nonprod.asb.local/
eDocs.NautilusBaseUrl is http://nautilus.d3couple.local/
OpenTelemetry tracing is disabled, make sure the keys (DynaTraceToken, DynaTraceTenantID, DynaTraceTraceUrl) are in the secret/configuration



Debug Trace:
Using EIS Private service at : https://api.sharedsvcs-nonprod.asb.local/
Using EIS Private service at : https://api-origin.dev.associatedbankservices.com/api/dev/addrssparsr</StdOut>
      </Output>
    </UnitTestResult>
    <UnitTestResult executionId="f221eab1-0396-40f4-b35f-a56d1854654c" testId="bc5561e8-06a7-4bec-9091-2f99e611a598" testName="ActivationZoneDisabled" computerName="ip-10-8-96-225" duration="00:00:00.0009594" startTime="2023-10-04T13:21:08.6195892+00:00" endTime="2023-10-04T13:21:08.6206107+00:00" testType="13cdc9d9-ddb5-4fa4-a97d-d965ccfc6d4b" outcome="Passed" testListId="8c84fa94-04c1-424b-9868-57a2d4851a1d" relativeResultsDirectory="f221eab1-0396-40f4-b35f-a56d1854654c" />
    <UnitTestResult executionId="20df1b48-f52b-4547-aa1d-5e943762c48e" testId="a931d83e-268f-446d-a16b-e79470f64b1e" testName="EDocs_GetAccountDocumentLinks_Success" computerName="ip-10-8-96-225" duration="00:00:03.1937710" startTime="2023-10-04T13:20:52.4498327+00:00" endTime="2023-10-04T13:20:55.6437482+00:00" testType="13cdc9d9-ddb5-4fa4-a97d-d965ccfc6d4b" outcome="Passed" testListId="8c84fa94-04c1-424b-9868-57a2d4851a1d" relativeResultsDirectory="20df1b48-f52b-4547-aa1d-5e943762c48e">
      <Output>
        <StdOut>CommunicatorBaseUri is http://localhost:5011/
loanServ.BaseUri is https://api.sharedsvcs-nonprod.asb.local/
eDocs.NautilusBaseUrl is http://nautilus.d3couple.local/
OpenTelemetry tracing is disabled, make sure the keys (DynaTraceToken, DynaTraceTenantID, DynaTraceTraceUrl) are in the secret/configuration
\u001b[40m\u001b[32minfo\u001b[39m\u001b[22m\u001b[49m: D3.CoreLive.Service.NautilusClient[0]
      NautilusClient:GetAllDocumentsForAccountAsync - paddedAccountNumber: 0011223344, accountType: DD
\u001b[40m\u001b[32minfo\u001b[39m\u001b[22m\u001b[49m: D3.CoreLive.Service.NautilusClient[0]
      GetDocumentsByAccountDto: Nautilus.Specification.Models.GetDocumentsByAccountDto



Debug Trace:
Using EIS Private service at : https://api.sharedsvcs-nonprod.asb.local/
Using EIS Private service at : https://api-origin.dev.associatedbankservices.com/api/dev/addrssparsr</StdOut>
      </Output>
    </UnitTestResult>
    <UnitTestResult executionId="72099eda-f718-4fb1-8a4f-da177ef736f4" testId="d87e2b53-9793-4e5f-8d38-96cde615896f" testName="CreateJWT" computerName="ip-10-8-96-225" duration="00:00:00.0094960" startTime="2023-10-04T13:21:11.1301288+00:00" endTime="2023-10-04T13:21:11.1397721+00:00" testType="13cdc9d9-ddb5-4fa4-a97d-d965ccfc6d4b" outcome="Passed" testListId="8c84fa94-04c1-424b-9868-57a2d4851a1d" relativeResultsDirectory="72099eda-f718-4fb1-8a4f-da177ef736f4">
      <Output>
        <StdOut>Debug Trace:
eyJhbGciOiJSUzI1NiIsImtpZCI6IjE5OTk0MzRFOTMwODg0QTgyREI5MzE1Q0U1NUEzODI2RkREMzBDQjYiLCJ0eXAiOiJKV1QifQ.eyJ1c2VyX25hbWUiOiJhMzIzNGU3ZC04MjY5LTQxY2UtYTM0OC1lNzg0MDExMTUwNzMiLCJkM1VzZXJuYW1lIjoiYTMyMzRlN2QtODI2OS00MWNlLWEzNDgtZTc4NDAxMTE1MDczIiwiYWN0aW5nQXNVc2VySWQiOiJhMzIzNGU3ZC04MjY5LTQxY2UtYTM0OC1lNzg0MDExMTUwNzMiLCJhdXRoSWQiOiJhMzIzNGU3ZC04MjY5LTQxY2UtYTM0OC1lNzg0MDExMTUwNzMiLCJuYmYiOjE2OTY0MjU2NzEsImV4cCI6MjEyODQyNTY3MSwiaWF0IjoxNjk2NDI1NjcxfQ.oYrh82Du5esRcQaGSRdAHRYSHyDZohmtDKt0--gPVi-2ipGXr6SfA7imma_wTKGbMBg4fsPVgrZ1yqnDcd13FJBbgkeSBnsmQ7CET3C-CTLzTPTnPTg8SeGjcFjOKraw1ocdNhjgHdRmMoz_DQfXqCvcG9AnF3uofXikArEj335kJ8O5fAaYkB45Ib3GvGjtzClm7rlWPuOHcpbaV_EmShZxHV4wjSD5iyh6SBFSZ9rADyrR6jZ5xKvCrid39CgfDU2l6k6nyabQE5I9OGWoLLvZ67XEliue_2QAxfHI-ZMsq7xpt5N07Y205U9doymF9FXTUl8ngwlGduYbNzpJbA</StdOut>
      </Output>
    </UnitTestResult>
    <UnitTestResult executionId="f3f521f6-b676-4c06-9d45-56fc291efa1a" testId="3d55acc8-3ac1-462f-8b52-769f3761280f" testName="WhenAnyRequestIsSent_ThenForbiddenAlwaysReturned" computerName="ip-10-8-96-225" duration="00:00:00.0088623" startTime="2023-10-04T13:19:16.5833385+00:00" endTime="2023-10-04T13:19:19.1123774+00:00" testType="13cdc9d9-ddb5-4fa4-a97d-d965ccfc6d4b" outcome="Passed" testListId="8c84fa94-04c1-424b-9868-57a2d4851a1d" relativeResultsDirectory="f3f521f6-b676-4c06-9d45-56fc291efa1a">
      <Output>
        <StdOut>CommunicatorBaseUri is http://localhost:5011/
loanServ.BaseUri is https://api.sharedsvcs-nonprod.asb.local/
eDocs.NautilusBaseUrl is http://nautilus.d3couple.local/
OpenTelemetry tracing is disabled, make sure the keys (DynaTraceToken, DynaTraceTenantID, DynaTraceTraceUrl) are in the secret/configuration



Debug Trace:
Using EIS Private service at : https://api.sharedsvcs-nonprod.asb.local/
Using EIS Private service at : https://api-origin.dev.associatedbankservices.com/api/dev/addrssparsr</StdOut>
      </Output>
    </UnitTestResult>
    <UnitTestResult executionId="0e61ce9d-1257-4961-9d07-9674795d55cf" testId="2a71e9c0-c5cd-4858-ad65-4708fff661ec" testName="StopPaymentRangeTests_MissingCheckNum" computerName="ip-10-8-96-225" duration="00:00:00.1445907" startTime="2023-10-04T13:17:39.8597542+00:00" endTime="2023-10-04T13:17:40.0044653+00:00" testType="13cdc9d9-ddb5-4fa4-a97d-d965ccfc6d4b" outcome="Passed" testListId="8c84fa94-04c1-424b-9868-57a2d4851a1d" relativeResultsDirectory="0e61ce9d-1257-4961-9d07-9674795d55cf" />
    <UnitTestResult executionId="4891206c-9c7a-4eed-8501-c71913f72053" testId="8b279792-9a53-4a6c-b410-3b9f81ddd161" testName="ActivationZoneNewAccountPropertyGetAccountsAndTransactions" computerName="ip-10-8-96-225" duration="00:00:00.0090442" startTime="2023-10-04T13:21:08.6050277+00:00" endTime="2023-10-04T13:21:08.6148741+00:00" testType="13cdc9d9-ddb5-4fa4-a97d-d965ccfc6d4b" outcome="Passed" testListId="8c84fa94-04c1-424b-9868-57a2d4851a1d" relativeResultsDirectory="4891206c-9c7a-4eed-8501-c71913f72053" />
    <UnitTestResult executionId="bf10b7d2-fa4b-428f-85a7-fbc01a71ad24" testId="08e5295e-c2db-4d70-910e-26e151717b59" testName="WhenInvalidRequest_ThenBadResponse (class UserVerificationResponse {&#xA;  AccountType: Personal&#xA;  AccountNumber: &#xA;  DebitCardNumber: 5147505055555555&#xA;  DateOfBirth: 1980-01-01&#xA;  TaxId: &#xA;  Context: &#xA;}&#xA;)" computerName="ip-10-8-96-225" duration="00:00:00.0001154" startTime="2023-10-04T13:17:45.3700581+00:00" endTime="2023-10-04T13:17:45.3810445+00:00" testType="13cdc9d9-ddb5-4fa4-a97d-d965ccfc6d4b" outcome="Passed" testListId="8c84fa94-04c1-424b-9868-57a2d4851a1d" relativeResultsDirectory="bf10b7d2-fa4b-428f-85a7-fbc01a71ad24" />
    <UnitTestResult executionId="c193b417-8029-445d-ab80-c0d6848c8b1f" testId="ac9092ce-4d19-48f8-906e-cee69abdece4" testName="WhenInvalidRequest_ThenBadResponse (class UserVerificationResponse {&#xA;  AccountType: Business&#xA;  AccountNumber: &#xA;  DebitCardNumber: 5147505055555555&#xA;  DateOfBirth: &#xA;  TaxId: &#xA;  Context: SELF-ENROLLMENT&#xA;}&#xA;)" computerName="ip-10-8-96-225" duration="00:00:00.0000865" startTime="2023-10-04T13:17:45.3700581+00:00" endTime="2023-10-04T13:17:45.3810445+00:00" testType="13cdc9d9-ddb5-4fa4-a97d-d965ccfc6d4b" outcome="Passed" testListId="8c84fa94-04c1-424b-9868-57a2d4851a1d" relativeResultsDirectory="c193b417-8029-445d-ab80-c0d6848c8b1f" />
    <UnitTestResult executionId="751aef82-26e0-4ad4-a0cd-371c7877de6b" testId="d77734b4-0450-4d5e-9d83-f77afd49f95e" testName="EDocs_GetUserEDocumentListByType_Tax_Success" computerName="ip-10-8-96-225" duration="00:00:02.9437714" startTime="2023-10-04T13:20:59.3908627+00:00" endTime="2023-10-04T13:21:02.3347288+00:00" testType="13cdc9d9-ddb5-4fa4-a97d-d965ccfc6d4b" outcome="Passed" testListId="8c84fa94-04c1-424b-9868-57a2d4851a1d" relativeResultsDirectory="751aef82-26e0-4ad4-a0cd-371c7877de6b">
      <Output>
        <StdOut>CommunicatorBaseUri is http://localhost:5011/
loanServ.BaseUri is https://api.sharedsvcs-nonprod.asb.local/
eDocs.NautilusBaseUrl is http://nautilus.d3couple.local/
OpenTelemetry tracing is disabled, make sure the keys (DynaTraceToken, DynaTraceTenantID, DynaTraceTraceUrl) are in the secret/configuration



Debug Trace:
Using EIS Private service at : https://api.sharedsvcs-nonprod.asb.local/
Using EIS Private service at : https://api-origin.dev.associatedbankservices.com/api/dev/addrssparsr</StdOut>
      </Output>
    </UnitTestResult>
    <UnitTestResult executionId="6e675b22-b709-42ef-b14a-1905f8665825" testId="80fe4d43-8c8a-4c5f-810e-38fe503ae5d1" testName="InternalTransferDDToTime" computerName="ip-10-8-96-225" duration="00:00:00.2184882" startTime="2023-10-04T13:17:35.4506150+00:00" endTime="2023-10-04T13:17:35.6692159+00:00" testType="13cdc9d9-ddb5-4fa4-a97d-d965ccfc6d4b" outcome="Passed" testListId="8c84fa94-04c1-424b-9868-57a2d4851a1d" relativeResultsDirectory="6e675b22-b709-42ef-b14a-1905f8665825" />
    <UnitTestResult executionId="cb690f80-b290-4775-a82a-15b248fe552b" testId="d9f5bd02-46d1-4f3d-b98e-768b22683deb" testName="EDocs_GetAccountDocumentLinks_InvalidAccount_UserHasAccount_TestTempMapping" computerName="ip-10-8-96-225" duration="00:00:00.7234005" startTime="2023-10-04T13:20:55.6444391+00:00" endTime="2023-10-04T13:20:56.3680017+00:00" testType="13cdc9d9-ddb5-4fa4-a97d-d965ccfc6d4b" outcome="Passed" testListId="8c84fa94-04c1-424b-9868-57a2d4851a1d" relativeResultsDirectory="cb690f80-b290-4775-a82a-15b248fe552b" />
    <UnitTestResult executionId="eb5c51ca-ed6e-44ed-999a-e2e9fc3bde7b" testId="c55460eb-acf3-4f6f-9d74-cda514134c93" testName="WhenBothAcctsAreDDA_GenerateTwoTransactions" computerName="ip-10-8-96-225" duration="00:00:00.1682264" startTime="2023-10-04T13:17:35.1092252+00:00" endTime="2023-10-04T13:17:35.2776162+00:00" testType="13cdc9d9-ddb5-4fa4-a97d-d965ccfc6d4b" outcome="Passed" testListId="8c84fa94-04c1-424b-9868-57a2d4851a1d" relativeResultsDirectory="eb5c51ca-ed6e-44ed-999a-e2e9fc3bde7b" />
    <UnitTestResult executionId="4717fdac-3169-4e9d-96b0-1b1438ec4f48" testId="56355584-1685-436b-aa81-f3e662048bb2" testName="EventBridge_Controller_ThowExceptionInSNS" computerName="ip-10-8-96-225" duration="00:00:02.5371031" startTime="2023-10-04T13:20:39.3412730+00:00" endTime="2023-10-04T13:20:41.8785710+00:00" testType="13cdc9d9-ddb5-4fa4-a97d-d965ccfc6d4b" outcome="Passed" testListId="8c84fa94-04c1-424b-9868-57a2d4851a1d" relativeResultsDirectory="4717fdac-3169-4e9d-96b0-1b1438ec4f48">
      <Output>
        <StdOut>CommunicatorBaseUri is http://localhost:5011/
loanServ.BaseUri is https://api.sharedsvcs-nonprod.asb.local/
eDocs.NautilusBaseUrl is http://nautilus.d3couple.local/
OpenTelemetry tracing is disabled, make sure the keys (DynaTraceToken, DynaTraceTenantID, DynaTraceTraceUrl) are in the secret/configuration



Debug Trace:
Using EIS Private service at : https://api.sharedsvcs-nonprod.asb.local/
Using EIS Private service at : https://api-origin.dev.associatedbankservices.com/api/dev/addrssparsr</StdOut>
      </Output>
    </UnitTestResult>
    <UnitTestResult executionId="c0d6a08b-e0b5-4f9d-8c4b-3a063120c5c9" testId="22955bfa-2972-4108-ae4b-906275708659" testName="EStatementEnrollment_IsEnrolled_AccountIsNotEnrolled" computerName="ip-10-8-96-225" duration="00:00:01.4032357" startTime="2023-10-04T13:17:27.0386439+00:00" endTime="2023-10-04T13:17:28.4420569+00:00" testType="13cdc9d9-ddb5-4fa4-a97d-d965ccfc6d4b" outcome="Passed" testListId="8c84fa94-04c1-424b-9868-57a2d4851a1d" relativeResultsDirectory="c0d6a08b-e0b5-4f9d-8c4b-3a063120c5c9">
      <Output>
        <StdOut>\u001b[40m\u001b[1m\u001b[33mwarn\u001b[39m\u001b[22m\u001b[49m: D3.CoreLive.Service.WorkerServices.EStatementEnrollmentWS[0]
      EStatementEnrollmentWS:Inquire - no preference set.  doctype - 20001</StdOut>
      </Output>
    </UnitTestResult>
    <UnitTestResult executionId="01add075-7ffc-4a3b-9a57-a7dd3045a35a" testId="485eb0a8-2d94-4991-a422-cd80bdd61d97" testName="WhenCIFIsEmpty_GetProfileFailsWith400" computerName="ip-10-8-96-225" duration="00:00:00.0003076" startTime="2023-10-04T13:17:30.9590317+00:00" endTime="2023-10-04T13:17:30.9594276+00:00" testType="13cdc9d9-ddb5-4fa4-a97d-d965ccfc6d4b" outcome="Passed" testListId="8c84fa94-04c1-424b-9868-57a2d4851a1d" relativeResultsDirectory="01add075-7ffc-4a3b-9a57-a7dd3045a35a" />
    <UnitTestResult executionId="8b51a599-0870-4eda-8b8f-04bc2036e121" testId="824ba123-24b6-4282-ad25-3a621a041c3e" testName="WhenHELOC_ReturnSuccessfulAccount" computerName="ip-10-8-96-225" duration="00:00:00.0010347" startTime="2023-10-04T13:20:17.1414348+00:00" endTime="2023-10-04T13:20:17.1425256+00:00" testType="13cdc9d9-ddb5-4fa4-a97d-d965ccfc6d4b" outcome="Passed" testListId="8c84fa94-04c1-424b-9868-57a2d4851a1d" relativeResultsDirectory="8b51a599-0870-4eda-8b8f-04bc2036e121" />
    <UnitTestResult executionId="6fe9c9f1-9a48-49af-876c-5839e7cd2011" testId="b96c127a-ef5f-4159-8cb9-a06dbe8e3c35" testName="WhenValidInputButInvalidRelCodeBEN_ThenUnsuccessfulResponse" computerName="ip-10-8-96-225" duration="00:00:00.1500195" startTime="2023-10-04T13:17:45.8895117+00:00" endTime="2023-10-04T13:17:46.0396547+00:00" testType="13cdc9d9-ddb5-4fa4-a97d-d965ccfc6d4b" outcome="Passed" testListId="8c84fa94-04c1-424b-9868-57a2d4851a1d" relativeResultsDirectory="6fe9c9f1-9a48-49af-876c-5839e7cd2011">
      <Output>
        <StdOut>\u001b[40m\u001b[32minfo\u001b[39m\u001b[22m\u001b[49m: D3.CoreLive.Service.WorkerServices.VerifyUserWS[0]
      User Verification Succeeded
\u001b[41m\u001b[30mfail\u001b[39m\u001b[22m\u001b[49m: D3.CoreLive.Service.WorkerServices.VerifyUserWS[0]
      Invalid Account Status Code
\u001b[40m\u001b[32minfo\u001b[39m\u001b[22m\u001b[49m: D3.CoreLive.Service.WorkerServices.VerifyUserWS[0]
      User Not Found In Entity
\u001b[41m\u001b[30mfail\u001b[39m\u001b[22m\u001b[49m: D3.CoreLive.Service.WorkerServices.VerifyUserWS[0]
      Invalid Account Status Code



Debug Trace:
Debug - CustomerListInquiryWS:BuildCustomerListInquiryRequest - request id 275e1462-43e5-4d82-98a8-26aab9014d3d</StdOut>
      </Output>
    </UnitTestResult>
    <UnitTestResult executionId="9762e81b-021d-418c-ae52-c9b175147b30" testId="106d9b3e-ba15-436c-876f-b7e0a3fef3c3" testName="IntradayController_SyncACCOUNTS_SingleHSAFaked_FakeException" computerName="ip-10-8-96-225" duration="00:00:00.0034831" startTime="2023-10-04T13:19:47.9533377+00:00" endTime="2023-10-04T13:19:47.9568996+00:00" testType="13cdc9d9-ddb5-4fa4-a97d-d965ccfc6d4b" outcome="Passed" testListId="8c84fa94-04c1-424b-9868-57a2d4851a1d" relativeResultsDirectory="9762e81b-021d-418c-ae52-c9b175147b30">
      <Output>
        <StdOut>Debug Trace:
WexAccountInquiryResponse last4 of WexAccountNumber 4222</StdOut>
      </Output>
    </UnitTestResult>
    <UnitTestResult executionId="2deb3daa-9a80-4bb6-afd9-deae653aa1a3" testId="b5b9898c-fd14-4ba8-ba7e-9fe806dd2288" testName="ActivationZoneUserAttrPropertyFalseGetAccountsAndTransactions" computerName="ip-10-8-96-225" duration="00:00:00.0010436" startTime="2023-10-04T13:21:08.6209032+00:00" endTime="2023-10-04T13:21:08.6220085+00:00" testType="13cdc9d9-ddb5-4fa4-a97d-d965ccfc6d4b" outcome="Passed" testListId="8c84fa94-04c1-424b-9868-57a2d4851a1d" relativeResultsDirectory="2deb3daa-9a80-4bb6-afd9-deae653aa1a3" />
    <UnitTestResult executionId="d6e1cb67-a8ab-4b8e-8b86-991e0c903c84" testId="22308855-74c3-464f-bb83-53e85dd565c7" testName="EISClientPersoneticsInquiry_FailureTest" computerName="ip-10-8-96-225" duration="00:00:00.0015448" startTime="2023-10-04T13:16:43.5987313+00:00" endTime="2023-10-04T13:16:43.6003587+00:00" testType="13cdc9d9-ddb5-4fa4-a97d-d965ccfc6d4b" outcome="Passed" testListId="8c84fa94-04c1-424b-9868-57a2d4851a1d" relativeResultsDirectory="d6e1cb67-a8ab-4b8e-8b86-991e0c903c84">
      <Output>
        <StdOut>Debug Trace:
EISClient:PersoneticsInquiry JSONRequest: 
EISClient:PersoneticsInquiry Request failed - Type attribute should always be included - Response {&#xD;
    "apiStatus": "failed",&#xD;
    "apiErrorCode": "1",&#xD;
    "apiDescription": "Type attribute should always be included"&#xD;
}</StdOut>
      </Output>
    </UnitTestResult>
    <UnitTestResult executionId="8feab3fb-199b-4558-bb04-1fde0efb3ba5" testId="b3cca640-6837-4581-bcf6-51eedcff60a5" testName="IntradayHandler_GetAccountAssociation" computerName="ip-10-8-96-225" duration="00:00:00.0002711" startTime="2023-10-04T13:19:48.6099826+00:00" endTime="2023-10-04T13:19:48.6103146+00:00" testType="13cdc9d9-ddb5-4fa4-a97d-d965ccfc6d4b" outcome="Passed" testListId="8c84fa94-04c1-424b-9868-57a2d4851a1d" relativeResultsDirectory="8feab3fb-199b-4558-bb04-1fde0efb3ba5" />
    <UnitTestResult executionId="4e128d13-5226-4e12-832e-fb1a54d9ffad" testId="a1b94701-eec7-405c-9423-c27bca0285b7" testName="CoreLive_Rest_TransferFunds_InvalidAccounts_Failing" computerName="ip-10-8-96-225" duration="00:00:00.6519382" startTime="2023-10-04T13:18:44.7364642+00:00" endTime="2023-10-04T13:18:45.3885463+00:00" testType="13cdc9d9-ddb5-4fa4-a97d-d965ccfc6d4b" outcome="Passed" testListId="8c84fa94-04c1-424b-9868-57a2d4851a1d" relativeResultsDirectory="4e128d13-5226-4e12-832e-fb1a54d9ffad" />
    <UnitTestResult executionId="b75599ca-d9fe-461c-9063-90756e2046ba" testId="e57d21b1-96e3-4b4d-a89e-f9f390294663" testName="EISClient_AddressParse_BadResponse" computerName="ip-10-8-96-225" duration="00:00:00.0030512" startTime="2023-10-04T13:16:42.5365388+00:00" endTime="2023-10-04T13:16:42.5397430+00:00" testType="13cdc9d9-ddb5-4fa4-a97d-d965ccfc6d4b" outcome="Passed" testListId="8c84fa94-04c1-424b-9868-57a2d4851a1d" relativeResultsDirectory="b75599ca-d9fe-461c-9063-90756e2046ba" />
    <UnitTestResult executionId="b97dea24-8b50-41e0-8913-f4f1769e54c8" testId="97be8fff-089c-40f9-b23c-02750c2be8ae" testName="UpdateProfile_IncompleteAddress2Update" computerName="ip-10-8-96-225" duration="00:00:00.1513171" startTime="2023-10-04T13:17:42.4392834+00:00" endTime="2023-10-04T13:17:42.5907372+00:00" testType="13cdc9d9-ddb5-4fa4-a97d-d965ccfc6d4b" outcome="Passed" testListId="8c84fa94-04c1-424b-9868-57a2d4851a1d" relativeResultsDirectory="b97dea24-8b50-41e0-8913-f4f1769e54c8" />
    <UnitTestResult executionId="a97b1a7a-7628-4baa-94b2-fc23315693e7" testId="40cddbc6-3000-4d41-b963-cecb0c4193c4" testName="IntradayHandlerTime_GetAccountsAndTransactions" computerName="ip-10-8-96-225" duration="00:00:00.0020565" startTime="2023-10-04T13:19:48.8174853+00:00" endTime="2023-10-04T13:19:48.8196127+00:00" testType="13cdc9d9-ddb5-4fa4-a97d-d965ccfc6d4b" outcome="Passed" testListId="8c84fa94-04c1-424b-9868-57a2d4851a1d" relativeResultsDirectory="a97b1a7a-7628-4baa-94b2-fc23315693e7" />
    <UnitTestResult executionId="b251c4be-9805-4fb6-85c9-564c665604b4" testId="19e13809-7d0f-4f13-aab7-d61d72be6e8a" testName="EISClientFDRDebitCardInquiry_BasicTest" computerName="ip-10-8-96-225" duration="00:00:00.0169618" startTime="2023-10-04T13:16:43.5480887+00:00" endTime="2023-10-04T13:16:43.5652561+00:00" testType="13cdc9d9-ddb5-4fa4-a97d-d965ccfc6d4b" outcome="Passed" testListId="8c84fa94-04c1-424b-9868-57a2d4851a1d" relativeResultsDirectory="b251c4be-9805-4fb6-85c9-564c665604b4" />
    <UnitTestResult executionId="4d3c214c-7fec-4f0d-9a6e-accebc69e9a5" testId="e859d9fb-c7aa-4e0a-97f7-d4c2b59850fa" testName="SigLoanAccountInquiryHandler_Heloc" computerName="ip-10-8-96-225" duration="00:00:00.1878133" startTime="2023-10-04T13:20:17.1816087+00:00" endTime="2023-10-04T13:20:17.3695729+00:00" testType="13cdc9d9-ddb5-4fa4-a97d-d965ccfc6d4b" outcome="Passed" testListId="8c84fa94-04c1-424b-9868-57a2d4851a1d" relativeResultsDirectory="4d3c214c-7fec-4f0d-9a6e-accebc69e9a5" />
    <UnitTestResult executionId="14b47ee8-7638-45c6-bc06-9358c1a4de0f" testId="7c02062a-669f-434b-9b03-3359c89cdb11" testName="IntradayREST_BadSyncType_SNSEnabled" computerName="ip-10-8-96-225" duration="00:00:04.0581766" startTime="2023-10-04T13:19:59.7915796+00:00" endTime="2023-10-04T13:20:03.8499072+00:00" testType="13cdc9d9-ddb5-4fa4-a97d-d965ccfc6d4b" outcome="Passed" testListId="8c84fa94-04c1-424b-9868-57a2d4851a1d" relativeResultsDirectory="14b47ee8-7638-45c6-bc06-9358c1a4de0f">
      <Output>
        <StdOut>CommunicatorBaseUri is http://localhost:5011/
loanServ.BaseUri is https://api.sharedsvcs-nonprod.asb.local/
eDocs.NautilusBaseUrl is http://nautilus.d3couple.local/
OpenTelemetry tracing is disabled, make sure the keys (DynaTraceToken, DynaTraceTenantID, DynaTraceTraceUrl) are in the secret/configuration



Debug Trace:
Using EIS Private service at : https://api.sharedsvcs-nonprod.asb.local/
Using EIS Private service at : https://api-origin.dev.associatedbankservices.com/api/dev/addrssparsr</StdOut>
      </Output>
    </UnitTestResult>
    <UnitTestResult executionId="2103831b-5f58-4263-bd0c-1f7095a6bb49" testId="e189256c-d030-440f-b0a1-fd18b1145db3" testName="UpdateProfile_NonUSCountryAddressUpdate" computerName="ip-10-8-96-225" duration="00:00:00.1430306" startTime="2023-10-04T13:17:42.5910084+00:00" endTime="2023-10-04T13:17:42.7341616+00:00" testType="13cdc9d9-ddb5-4fa4-a97d-d965ccfc6d4b" outcome="Passed" testListId="8c84fa94-04c1-424b-9868-57a2d4851a1d" relativeResultsDirectory="2103831b-5f58-4263-bd0c-1f7095a6bb49" />
    <UnitTestResult executionId="1ecb24aa-ee6f-49f0-b0d0-dfb40e842bf4" testId="7f1bf93c-11aa-475b-823c-90486cea8428" testName="TestHeadersForScope_CaseChanges" computerName="ip-10-8-96-225" duration="00:00:00.0008547" startTime="2023-10-04T13:19:36.6182511+00:00" endTime="2023-10-04T13:19:36.6191853+00:00" testType="13cdc9d9-ddb5-4fa4-a97d-d965ccfc6d4b" outcome="Passed" testListId="8c84fa94-04c1-424b-9868-57a2d4851a1d" relativeResultsDirectory="1ecb24aa-ee6f-49f0-b0d0-dfb40e842bf4" />
    <UnitTestResult executionId="2c21b55d-7543-4675-aa27-b786d2a8f65c" testId="89ac05bf-8fd4-48fc-bf3c-fe8c75112214" testName="CoreLive_Rest_TransferFunds_With_SNS_Mock_Success" computerName="ip-10-8-96-225" duration="00:00:02.3656621" startTime="2023-10-04T13:18:47.6562605+00:00" endTime="2023-10-04T13:18:50.0220248+00:00" testType="13cdc9d9-ddb5-4fa4-a97d-d965ccfc6d4b" outcome="Passed" testListId="8c84fa94-04c1-424b-9868-57a2d4851a1d" relativeResultsDirectory="2c21b55d-7543-4675-aa27-b786d2a8f65c">
      <Output>
        <StdOut>CommunicatorBaseUri is http://localhost:5011/
loanServ.BaseUri is https://api.sharedsvcs-nonprod.asb.local/
eDocs.NautilusBaseUrl is http://nautilus.d3couple.local/
OpenTelemetry tracing is disabled, make sure the keys (DynaTraceToken, DynaTraceTenantID, DynaTraceTraceUrl) are in the secret/configuration



Debug Trace:
Using EIS Private service at : https://api.sharedsvcs-nonprod.asb.local/
Using EIS Private service at : https://api-origin.dev.associatedbankservices.com/api/dev/addrssparsr</StdOut>
      </Output>
    </UnitTestResult>
    <UnitTestResult executionId="31888b4b-6332-4f68-b4ed-0fa37c548c83" testId="b47d16b4-0ef0-4c84-8b85-759d62094508" testName="IntradayHandler_MergeSnowflakeAndSignature" computerName="ip-10-8-96-225" duration="00:00:00.0073889" startTime="2023-10-04T13:19:48.5988130+00:00" endTime="2023-10-04T13:19:48.6062821+00:00" testType="13cdc9d9-ddb5-4fa4-a97d-d965ccfc6d4b" outcome="Passed" testListId="8c84fa94-04c1-424b-9868-57a2d4851a1d" relativeResultsDirectory="31888b4b-6332-4f68-b4ed-0fa37c548c83" />
    <UnitTestResult executionId="b7dfc2d9-b537-4196-81c3-536aa29a526a" testId="0e808ec5-8df0-4583-823b-a1e9a931adb2" testName="WhenBusinessFoundByDebitCardNumberButTaxIdDoesNotMatche_ThenFailureResponse" computerName="ip-10-8-96-225" duration="00:00:00.1543162" startTime="2023-10-04T13:17:49.0791284+00:00" endTime="2023-10-04T13:17:49.2335635+00:00" testType="13cdc9d9-ddb5-4fa4-a97d-d965ccfc6d4b" outcome="Passed" testListId="8c84fa94-04c1-424b-9868-57a2d4851a1d" relativeResultsDirectory="b7dfc2d9-b537-4196-81c3-536aa29a526a">
      <Output>
        <StdOut>\u001b[40m\u001b[32minfo\u001b[39m\u001b[22m\u001b[49m: D3.CoreLive.Service.WorkerServices.VerifyUserWS[0]
      User Not Found In Entity
\u001b[40m\u001b[1m\u001b[33mwarn\u001b[39m\u001b[22m\u001b[49m: D3.CoreLive.Service.WorkerServices.VerifyUserWS[0]
      ValidateFDRDebitCard last 4 5555, no accounts found in FDR with given card number
\u001b[40m\u001b[1m\u001b[33mwarn\u001b[39m\u001b[22m\u001b[49m: D3.CoreLive.Service.WorkerServices.VerifyUserWS[0]
      FDR card was not found, validation failed</StdOut>
      </Output>
    </UnitTestResult>
    <UnitTestResult executionId="f90ced97-6699-4762-bf47-53409e3f94f3" testId="3ff1be72-75a3-41af-a208-4bb632d87983" testName="StopCheckRs" computerName="ip-10-8-96-225" duration="00:00:00.0003673" startTime="2023-10-04T13:16:42.3593250+00:00" endTime="2023-10-04T13:16:42.3598454+00:00" testType="13cdc9d9-ddb5-4fa4-a97d-d965ccfc6d4b" outcome="Passed" testListId="8c84fa94-04c1-424b-9868-57a2d4851a1d" relativeResultsDirectory="f90ced97-6699-4762-bf47-53409e3f94f3" />
    <UnitTestResult executionId="bb459c49-e058-4360-a8bc-ac4350199731" testId="f49bf3a7-5bff-4e9e-acc6-ebc0832c663e" testName="ActivationZoneNewAccountPropertyGetAccountsAndTransactionsFailPostConduit" computerName="ip-10-8-96-225" duration="00:00:00.0026191" startTime="2023-10-04T13:21:08.6151804+00:00" endTime="2023-10-04T13:21:08.6178840+00:00" testType="13cdc9d9-ddb5-4fa4-a97d-d965ccfc6d4b" outcome="Passed" testListId="8c84fa94-04c1-424b-9868-57a2d4851a1d" relativeResultsDirectory="bb459c49-e058-4360-a8bc-ac4350199731" />
    <UnitTestResult executionId="c75a71c5-c33b-4071-b9cf-81451021c90c" testId="21e62ccc-e1e0-483f-822b-7e2d067f16ac" testName="WhenCustomerFoundByAccountNumberAndDOBMatches_ThenSuccessfulResponse" computerName="ip-10-8-96-225" duration="00:00:00.1767081" startTime="2023-10-04T13:17:45.7123569+00:00" endTime="2023-10-04T13:17:45.8891785+00:00" testType="13cdc9d9-ddb5-4fa4-a97d-d965ccfc6d4b" outcome="Passed" testListId="8c84fa94-04c1-424b-9868-57a2d4851a1d" relativeResultsDirectory="c75a71c5-c33b-4071-b9cf-81451021c90c" />
    <UnitTestResult executionId="8027290d-494b-47fb-be58-548b603effab" testId="f72c4d95-59b9-4d92-9cde-4e8ed00f96a6" testName="WhenMultipleCustomersFoundByAccountNumberWithSameDOB_ThenUnsuccessfulResponse" computerName="ip-10-8-96-225" duration="00:00:00.1455380" startTime="2023-10-04T13:17:47.9382682+00:00" endTime="2023-10-04T13:17:48.0839689+00:00" testType="13cdc9d9-ddb5-4fa4-a97d-d965ccfc6d4b" outcome="Passed" testListId="8c84fa94-04c1-424b-9868-57a2d4851a1d" relativeResultsDirectory="8027290d-494b-47fb-be58-548b603effab">
      <Output>
        <StdOut>\u001b[41m\u001b[30mfail\u001b[39m\u001b[22m\u001b[49m: D3.CoreLive.Service.WorkerServices.VerifyUserWS[0]
      Account Not Found
\u001b[40m\u001b[32minfo\u001b[39m\u001b[22m\u001b[49m: D3.CoreLive.Service.WorkerServices.VerifyUserWS[0]
      User Not Found In Entity



Debug Trace:
Debug - CustomerListInquiryWS:BuildCustomerListInquiryRequest - request id c3b39968-4685-4663-ac64-250ba9697f65</StdOut>
      </Output>
    </UnitTestResult>
    <UnitTestResult executionId="db293798-bd5c-406f-bad1-3e30118bb7de" testId="dfbb5b09-212b-4320-a555-7073ef722c3b" testName="InternalTransferWS_TontityVerificationNotFound" computerName="ip-10-8-96-225" duration="00:00:00.1493355" startTime="2023-10-04T13:17:35.9307046+00:00" endTime="2023-10-04T13:17:36.0801929+00:00" testType="13cdc9d9-ddb5-4fa4-a97d-d965ccfc6d4b" outcome="Passed" testListId="8c84fa94-04c1-424b-9868-57a2d4851a1d" relativeResultsDirectory="db293798-bd5c-406f-bad1-3e30118bb7de" />
    <UnitTestResult executionId="660331ee-4056-4139-a85f-9b831d279142" testId="b7d0c663-b227-4d3b-95c5-2af4f726bc3e" testName="EISClient_AddressParse_Timeout" computerName="ip-10-8-96-225" duration="00:00:01.0019754" startTime="2023-10-04T13:16:42.5415689+00:00" endTime="2023-10-04T13:16:43.5436671+00:00" testType="13cdc9d9-ddb5-4fa4-a97d-d965ccfc6d4b" outcome="Passed" testListId="8c84fa94-04c1-424b-9868-57a2d4851a1d" relativeResultsDirectory="660331ee-4056-4139-a85f-9b831d279142" />
    <UnitTestResult executionId="f24a287c-50e0-432e-b3e0-36fa518b072a" testId="956cf8b0-d5af-4a78-b846-f68eece056ac" testName="WhenFalsePositive_FailGetAccount1027" computerName="ip-10-8-96-225" duration="00:00:00.0012431" startTime="2023-10-04T13:20:17.1177524+00:00" endTime="2023-10-04T13:20:17.1190575+00:00" testType="13cdc9d9-ddb5-4fa4-a97d-d965ccfc6d4b" outcome="Passed" testListId="8c84fa94-04c1-424b-9868-57a2d4851a1d" relativeResultsDirectory="f24a287c-50e0-432e-b3e0-36fa518b072a" />
    <UnitTestResult executionId="7661818a-e358-41b6-ae99-3cc55d88d3ae" testId="2a25b1dd-92bb-4848-8a1a-3e0991c8b404" testName="WexHSAInquiryHandler_FailureDescription_Response" computerName="ip-10-8-96-225" duration="00:00:00.0012248" startTime="2023-10-04T13:20:18.3246421+00:00" endTime="2023-10-04T13:20:18.3259578+00:00" testType="13cdc9d9-ddb5-4fa4-a97d-d965ccfc6d4b" outcome="Passed" testListId="8c84fa94-04c1-424b-9868-57a2d4851a1d" relativeResultsDirectory="7661818a-e358-41b6-ae99-3cc55d88d3ae">
      <Output>
        <StdOut>Debug Trace:
WexAccountInquiryResponse last4 of WexAccountNumber test</StdOut>
      </Output>
    </UnitTestResult>
    <UnitTestResult executionId="6eb777f8-7984-4f10-966d-d0350ca9e252" testId="1587b400-b6b6-457c-b4e2-ce601a8a447b" testName="WhenWeirdWI2Address_ThenFailureReturned" computerName="ip-10-8-96-225" duration="00:00:00.1791850" startTime="2023-10-04T13:19:01.4966359+00:00" endTime="2023-10-04T13:19:01.6759905+00:00" testType="13cdc9d9-ddb5-4fa4-a97d-d965ccfc6d4b" outcome="Passed" testListId="8c84fa94-04c1-424b-9868-57a2d4851a1d" relativeResultsDirectory="6eb777f8-7984-4f10-966d-d0350ca9e252" />
    <UnitTestResult executionId="aadc6f5b-446c-486c-8669-dd8d59892356" testId="9b5ba222-c9e4-448b-8341-573343327cce" testName="WhenValidAddress_ThenSuccessReturned" computerName="ip-10-8-96-225" duration="00:00:00.9122246" startTime="2023-10-04T13:18:55.7166442+00:00" endTime="2023-10-04T13:18:59.2549054+00:00" testType="13cdc9d9-ddb5-4fa4-a97d-d965ccfc6d4b" outcome="Passed" testListId="8c84fa94-04c1-424b-9868-57a2d4851a1d" relativeResultsDirectory="aadc6f5b-446c-486c-8669-dd8d59892356">
      <Output>
        <StdOut>CommunicatorBaseUri is http://localhost:5011/
loanServ.BaseUri is https://api.sharedsvcs-nonprod.asb.local/
eDocs.NautilusBaseUrl is http://nautilus.d3couple.local/
OpenTelemetry tracing is disabled, make sure the keys (DynaTraceToken, DynaTraceTenantID, DynaTraceTraceUrl) are in the secret/configuration



Debug Trace:
Using EIS Private service at : https://api.sharedsvcs-nonprod.asb.local/
Using EIS Private service at : https://api-origin.dev.associatedbankservices.com/api/dev/addrssparsr</StdOut>
      </Output>
    </UnitTestResult>
    <UnitTestResult executionId="b36e2508-3126-4485-81e2-e0f1db15b9d1" testId="dcb2aaa6-7f75-48ce-a0cf-0fc432c04bbd" testName="StopPaymentRangeTests_CheckAlreadyStopped" computerName="ip-10-8-96-225" duration="00:00:00.1503197" startTime="2023-10-04T13:17:39.2532630+00:00" endTime="2023-10-04T13:17:39.4037210+00:00" testType="13cdc9d9-ddb5-4fa4-a97d-d965ccfc6d4b" outcome="Passed" testListId="8c84fa94-04c1-424b-9868-57a2d4851a1d" relativeResultsDirectory="b36e2508-3126-4485-81e2-e0f1db15b9d1" />
    <UnitTestResult executionId="9edf9545-9ea3-4881-b7dd-fd6827fe3b97" testId="6e09404d-09c4-4a29-b643-fba31ebcc853" testName="EStatementEnrollment_IsEnrolled_CheckRequestPayload" computerName="ip-10-8-96-225" duration="00:00:01.7772464" startTime="2023-10-04T13:17:23.3830399+00:00" endTime="2023-10-04T13:17:25.1604123+00:00" testType="13cdc9d9-ddb5-4fa4-a97d-d965ccfc6d4b" outcome="Passed" testListId="8c84fa94-04c1-424b-9868-57a2d4851a1d" relativeResultsDirectory="9edf9545-9ea3-4881-b7dd-fd6827fe3b97">
      <Output>
        <StdOut>\u001b[40m\u001b[1m\u001b[33mwarn\u001b[39m\u001b[22m\u001b[49m: D3.CoreLive.Service.WorkerServices.EStatementEnrollmentWS[0]
      EStatementEnrollmentWS:Inquire - no preference set.  doctype - 20001</StdOut>
      </Output>
    </UnitTestResult>
    <UnitTestResult executionId="002e8377-7ce3-4db8-8c39-0876e3f6b59e" testId="eb12622e-1acc-4133-a059-416db1709782" testName="CoreLive_Rest_TestTransferFunds" computerName="ip-10-8-96-225" duration="00:00:00.0154697" startTime="2023-10-04T13:17:53.1201919+00:00" endTime="2023-10-04T13:17:55.3350125+00:00" testType="13cdc9d9-ddb5-4fa4-a97d-d965ccfc6d4b" outcome="Passed" testListId="8c84fa94-04c1-424b-9868-57a2d4851a1d" relativeResultsDirectory="002e8377-7ce3-4db8-8c39-0876e3f6b59e">
      <Output>
        <StdOut>\u001b[40m\u001b[32minfo\u001b[39m\u001b[22m\u001b[49m: D3.CoreLive.Service.WorkerServices.VerifyUserWS[0]
      Customer Found With 1 Account(s)
\u001b[40m\u001b[32minfo\u001b[39m\u001b[22m\u001b[49m: D3.CoreLive.Service.WorkerServices.VerifyUserWS[0]
      Customer Verified With Card Account
\u001b[40m\u001b[32minfo\u001b[39m\u001b[22m\u001b[49m: D3.CoreLive.Service.WorkerServices.VerifyUserWS[0]
      User Verification Succeeded
CommunicatorBaseUri is http://localhost:5011/
loanServ.BaseUri is https://api.sharedsvcs-nonprod.asb.local/
eDocs.NautilusBaseUrl is http://nautilus.d3couple.local/
OpenTelemetry tracing is disabled, make sure the keys (DynaTraceToken, DynaTraceTenantID, DynaTraceTraceUrl) are in the secret/configuration



Debug Trace:
Using EIS Private service at : https://api.sharedsvcs-nonprod.asb.local/
Using EIS Private service at : https://api-origin.dev.associatedbankservices.com/api/dev/addrssparsr</StdOut>
      </Output>
    </UnitTestResult>
    <UnitTestResult executionId="18f72e06-f3c6-44d5-a7bd-8d104929f23c" testId="415e41dd-bbc9-48eb-a811-73caa1ee144b" testName="EDocs_GetAccountDocumentLinks_MissingAccountID_ExpectFailure" computerName="ip-10-8-96-225" duration="00:00:00.0008788" startTime="2023-10-04T13:20:59.3896306+00:00" endTime="2023-10-04T13:20:59.3905984+00:00" testType="13cdc9d9-ddb5-4fa4-a97d-d965ccfc6d4b" outcome="Passed" testListId="8c84fa94-04c1-424b-9868-57a2d4851a1d" relativeResultsDirectory="18f72e06-f3c6-44d5-a7bd-8d104929f23c" />
    <UnitTestResult executionId="d914624c-c04a-4787-a9b8-78f156e92741" testId="07d261f1-6e9a-431c-9669-befbead60fec" testName="TestHeadersForTraceScope" computerName="ip-10-8-96-225" duration="00:00:00.1555522" startTime="2023-10-04T13:19:36.6226359+00:00" endTime="2023-10-04T13:19:36.7783860+00:00" testType="13cdc9d9-ddb5-4fa4-a97d-d965ccfc6d4b" outcome="Passed" testListId="8c84fa94-04c1-424b-9868-57a2d4851a1d" relativeResultsDirectory="d914624c-c04a-4787-a9b8-78f156e92741" />
    <UnitTestResult executionId="8d816170-c90c-4cb3-ae8f-ee5522b8abbf" testId="1ed938fa-d0e1-400e-96e3-70ec2247a841" testName="EDocs_GetAllDocumentsForBadUser_ExpectFailure" computerName="ip-10-8-96-225" duration="00:00:00.0065848" startTime="2023-10-04T13:20:47.4486116+00:00" endTime="2023-10-04T13:20:52.4491466+00:00" testType="13cdc9d9-ddb5-4fa4-a97d-d965ccfc6d4b" outcome="Passed" testListId="8c84fa94-04c1-424b-9868-57a2d4851a1d" relativeResultsDirectory="8d816170-c90c-4cb3-ae8f-ee5522b8abbf">
      <Output>
        <StdOut>CommunicatorBaseUri is http://localhost:5011/
loanServ.BaseUri is https://api.sharedsvcs-nonprod.asb.local/
eDocs.NautilusBaseUrl is http://nautilus.d3couple.local/
OpenTelemetry tracing is disabled, make sure the keys (DynaTraceToken, DynaTraceTenantID, DynaTraceTraceUrl) are in the secret/configuration
CommunicatorBaseUri is http://localhost:5011/
loanServ.BaseUri is https://api.sharedsvcs-nonprod.asb.local/
eDocs.NautilusBaseUrl is http://nautilus.d3couple.local/
OpenTelemetry tracing is disabled, make sure the keys (DynaTraceToken, DynaTraceTenantID, DynaTraceTraceUrl) are in the secret/configuration



Debug Trace:
Using EIS Private service at : https://api.sharedsvcs-nonprod.asb.local/
Using EIS Private service at : https://api-origin.dev.associatedbankservices.com/api/dev/addrssparsr
Using EIS Private service at : https://api.sharedsvcs-nonprod.asb.local/
Using EIS Private service at : https://api-origin.dev.associatedbankservices.com/api/dev/addrssparsr</StdOut>
      </Output>
    </UnitTestResult>
    <UnitTestResult executionId="2b9435f2-6a3e-4b39-9054-3785418f0e2b" testId="a0f5648b-2508-4bc4-adfe-dd937db30a10" testName="IntradayREST_Heloc_Test_SNSEnabled" computerName="ip-10-8-96-225" duration="00:00:03.8072214" startTime="2023-10-04T13:19:52.5109792+00:00" endTime="2023-10-04T13:19:56.3183562+00:00" testType="13cdc9d9-ddb5-4fa4-a97d-d965ccfc6d4b" outcome="Passed" testListId="8c84fa94-04c1-424b-9868-57a2d4851a1d" relativeResultsDirectory="2b9435f2-6a3e-4b39-9054-3785418f0e2b">
      <Output>
        <StdOut>CommunicatorBaseUri is http://localhost:5011/
loanServ.BaseUri is https://api.sharedsvcs-nonprod.asb.local/
eDocs.NautilusBaseUrl is http://nautilus.d3couple.local/
OpenTelemetry tracing is disabled, make sure the keys (DynaTraceToken, DynaTraceTenantID, DynaTraceTraceUrl) are in the secret/configuration



Debug Trace:
Using EIS Private service at : https://api.sharedsvcs-nonprod.asb.local/
Using EIS Private service at : https://api-origin.dev.associatedbankservices.com/api/dev/addrssparsr</StdOut>
      </Output>
    </UnitTestResult>
    <UnitTestResult executionId="7001f781-b6c2-4067-b585-1721036eab70" testId="def4a38c-d01b-43b1-a483-4d8c4ed87321" testName="WexHSAInquiryHandler_BadSecret_Forbidden" computerName="ip-10-8-96-225" duration="00:00:00.0019327" startTime="2023-10-04T13:20:18.3315585+00:00" endTime="2023-10-04T13:20:18.3335602+00:00" testType="13cdc9d9-ddb5-4fa4-a97d-d965ccfc6d4b" outcome="Passed" testListId="8c84fa94-04c1-424b-9868-57a2d4851a1d" relativeResultsDirectory="7001f781-b6c2-4067-b585-1721036eab70">
      <Output>
        <StdOut>Debug Trace:
WexAccountInquiryResponse last4 of WexAccountNumber test</StdOut>
      </Output>
    </UnitTestResult>
    <UnitTestResult executionId="6e594bf8-cabc-4291-8586-df3d4de9995b" testId="8550bd33-0237-4c73-bda9-12e0f2ed3dbf" testName="UpdateProfile_AddressUpdatePOBox_Failure" computerName="ip-10-8-96-225" duration="00:00:00.1532519" startTime="2023-10-04T13:17:42.7344392+00:00" endTime="2023-10-04T13:17:42.8878137+00:00" testType="13cdc9d9-ddb5-4fa4-a97d-d965ccfc6d4b" outcome="Passed" testListId="8c84fa94-04c1-424b-9868-57a2d4851a1d" relativeResultsDirectory="6e594bf8-cabc-4291-8586-df3d4de9995b" />
    <UnitTestResult executionId="dcb8da58-1554-4bc4-b648-1e3dd4c402a0" testId="f81d0a87-6ffd-4e36-95af-b8a01287dcaf" testName="WhenCIFIsNotValidAndDoesNotExist_GetProfileFailsWith404" computerName="ip-10-8-96-225" duration="00:00:00.1602620" startTime="2023-10-04T13:17:30.3476571+00:00" endTime="2023-10-04T13:17:30.5081387+00:00" testType="13cdc9d9-ddb5-4fa4-a97d-d965ccfc6d4b" outcome="Passed" testListId="8c84fa94-04c1-424b-9868-57a2d4851a1d" relativeResultsDirectory="dcb8da58-1554-4bc4-b648-1e3dd4c402a0" />
    <UnitTestResult executionId="de83f77b-a977-4a20-9147-abe9fbc80e2e" testId="f504f327-fe86-477c-b037-1abcbae1d236" testName="TestHeadersForScope" computerName="ip-10-8-96-225" duration="00:00:00.0042245" startTime="2023-10-04T13:19:36.4584142+00:00" endTime="2023-10-04T13:19:36.6179057+00:00" testType="13cdc9d9-ddb5-4fa4-a97d-d965ccfc6d4b" outcome="Passed" testListId="8c84fa94-04c1-424b-9868-57a2d4851a1d" relativeResultsDirectory="de83f77b-a977-4a20-9147-abe9fbc80e2e" />
    <UnitTestResult executionId="e7887367-3d77-40bd-91fc-45c3f8ef3e1a" testId="c93b9970-1132-41c0-bdbf-7c8405583987" testName="NonSufficientFunds" computerName="ip-10-8-96-225" duration="00:00:00.1495752" startTime="2023-10-04T13:17:36.6116456+00:00" endTime="2023-10-04T13:17:36.7613666+00:00" testType="13cdc9d9-ddb5-4fa4-a97d-d965ccfc6d4b" outcome="Passed" testListId="8c84fa94-04c1-424b-9868-57a2d4851a1d" relativeResultsDirectory="e7887367-3d77-40bd-91fc-45c3f8ef3e1a" />
    <UnitTestResult executionId="2913946e-b95d-4a27-880a-7b8a68e76e65" testId="97521708-4636-48c0-8aae-355b32dbd3aa" testName="EDocsWS_GetDocument_DocumentNotFound" computerName="ip-10-8-96-225" duration="00:00:03.2022587" startTime="2023-10-04T13:16:56.0693387+00:00" endTime="2023-10-04T13:16:59.2717615+00:00" testType="13cdc9d9-ddb5-4fa4-a97d-d965ccfc6d4b" outcome="Passed" testListId="8c84fa94-04c1-424b-9868-57a2d4851a1d" relativeResultsDirectory="2913946e-b95d-4a27-880a-7b8a68e76e65">
      <Output>
        <StdOut>\u001b[41m\u001b[30mfail\u001b[39m\u001b[22m\u001b[49m: D3.CoreLive.Service.NautilusClient[0]
      Error returned from http://localhost/api/v1/document: Document File Not Found On Disk Test
\u001b[40m\u001b[1m\u001b[33mwarn\u001b[39m\u001b[22m\u001b[49m: D3.CoreLive.Service.NautilusClient[0]
      Document File Not Found On Disk error, returning empty document Test



Debug Trace:
Information - ET:QueryList CoreLive.Common.DB.Queries.AllowedRelationshipStatus total time 263ms
Information - ET:QueryList CoreLive.Common.DB.Queries.AllowedProductCode total time 245ms
Information - ET:QueryList CoreLive.Common.DB.Queries.AllowedRelationshipStatus total time 590ms
Information - ET:QueryList CoreLive.Common.DB.Queries.AllowedProductCode total time 277ms</StdOut>
      </Output>
    </UnitTestResult>
    <UnitTestResult executionId="8ccdb4ce-2d5b-411b-b883-3b48f01fb32d" testId="ff1eebee-1409-434d-afbf-753a38aeddf4" testName="Success" computerName="ip-10-8-96-225" duration="00:00:00.1966890" startTime="2023-10-04T13:17:36.4135810+00:00" endTime="2023-10-04T13:17:36.6104419+00:00" testType="13cdc9d9-ddb5-4fa4-a97d-d965ccfc6d4b" outcome="Passed" testListId="8c84fa94-04c1-424b-9868-57a2d4851a1d" relativeResultsDirectory="8ccdb4ce-2d5b-411b-b883-3b48f01fb32d" />
    <UnitTestResult executionId="2020917f-93ec-4f41-9fd4-142a07baae5e" testId="63f18f86-ff09-4c19-a848-419cb4c76138" testName="When1012Zero_Use1027" computerName="ip-10-8-96-225" duration="00:00:00.0007205" startTime="2023-10-04T13:20:17.1385766+00:00" endTime="2023-10-04T13:20:17.1393548+00:00" testType="13cdc9d9-ddb5-4fa4-a97d-d965ccfc6d4b" outcome="Passed" testListId="8c84fa94-04c1-424b-9868-57a2d4851a1d" relativeResultsDirectory="2020917f-93ec-4f41-9fd4-142a07baae5e" />
    <UnitTestResult executionId="c6cef8b6-28a0-4e2c-b755-1c7f60ac28e1" testId="5fdb51b2-b9d8-4123-9e15-58609dd02ede" testName="IntradayHandlerCreditCard_GetAccountsAndTransactionsCCOnly_NoCreditCardAccountInquiryInfoHandlerError" computerName="ip-10-8-96-225" duration="00:00:00.0039855" startTime="2023-10-04T13:19:48.0289194+00:00" endTime="2023-10-04T13:19:48.0329781+00:00" testType="13cdc9d9-ddb5-4fa4-a97d-d965ccfc6d4b" outcome="Passed" testListId="8c84fa94-04c1-424b-9868-57a2d4851a1d" relativeResultsDirectory="c6cef8b6-28a0-4e2c-b755-1c7f60ac28e1">
      <Output>
        <StdOut>Debug Trace:
CreditCardAccountInquiryResponse last4 of ElanUID TEST</StdOut>
      </Output>
    </UnitTestResult>
    <UnitTestResult executionId="ec6259a7-540e-429b-b6fa-d87cce475f2d" testId="a6fc4223-34fb-4aea-b33b-b8e4f97f4d09" testName="EDocs_GetUserEDocumentListByType_MissingUID_ExpectEmptyData" computerName="ip-10-8-96-225" duration="00:00:00.0109567" startTime="2023-10-04T13:21:02.3512227+00:00" endTime="2023-10-04T13:21:02.3622700+00:00" testType="13cdc9d9-ddb5-4fa4-a97d-d965ccfc6d4b" outcome="Passed" testListId="8c84fa94-04c1-424b-9868-57a2d4851a1d" relativeResultsDirectory="ec6259a7-540e-429b-b6fa-d87cce475f2d" />
    <UnitTestResult executionId="484aeeae-a1ce-4a38-9734-51a6029aac19" testId="9a0b676a-5ae7-4668-9afb-cc62eb68be03" testName="WhenRegularPaymentIsValid_TransferSucceedsWith200" computerName="ip-10-8-96-225" duration="00:00:00.2751458" startTime="2023-10-04T13:17:33.4316783+00:00" endTime="2023-10-04T13:17:33.7069768+00:00" testType="13cdc9d9-ddb5-4fa4-a97d-d965ccfc6d4b" outcome="Passed" testListId="8c84fa94-04c1-424b-9868-57a2d4851a1d" relativeResultsDirectory="484aeeae-a1ce-4a38-9734-51a6029aac19" />
    <UnitTestResult executionId="3dd2f197-c093-48a1-8481-fee44c610e8c" testId="1b32b77d-ee28-49a1-8497-e542645314aa" testName="IntradayController_AccountRoute_SyncAccounts_SingleSignatureLoanFaked_Sync" computerName="ip-10-8-96-225" duration="00:00:00.0048830" startTime="2023-10-04T13:19:47.9794797+00:00" endTime="2023-10-04T13:19:47.9844318+00:00" testType="13cdc9d9-ddb5-4fa4-a97d-d965ccfc6d4b" outcome="Passed" testListId="8c84fa94-04c1-424b-9868-57a2d4851a1d" relativeResultsDirectory="3dd2f197-c093-48a1-8481-fee44c610e8c" />
    <UnitTestResult executionId="b4acf357-a1f5-42ed-9001-90efedf572ce" testId="a7decd2e-6518-41cf-9d57-dd60028bf174" testName="WhenCIFIsValidAndCommunicatorResponseIsNull_GetProfileFailsWith500" computerName="ip-10-8-96-225" duration="00:00:00.1445108" startTime="2023-10-04T13:17:30.6673516+00:00" endTime="2023-10-04T13:17:30.8119594+00:00" testType="13cdc9d9-ddb5-4fa4-a97d-d965ccfc6d4b" outcome="Passed" testListId="8c84fa94-04c1-424b-9868-57a2d4851a1d" relativeResultsDirectory="b4acf357-a1f5-42ed-9001-90efedf572ce" />
    <UnitTestResult executionId="e8478092-4bf2-46e2-a32e-4d0f4d03be08" testId="227580dd-195e-43c0-bab7-a334d7dd87b2" testName="SnowflakeDBConformTests_EntityCIFByAcctIdAndUserId_Success" computerName="ip-10-8-96-225" duration="00:00:00.0315977" startTime="2023-10-04T13:16:43.6467416+00:00" endTime="2023-10-04T13:16:43.6784645+00:00" testType="13cdc9d9-ddb5-4fa4-a97d-d965ccfc6d4b" outcome="Passed" testListId="8c84fa94-04c1-424b-9868-57a2d4851a1d" relativeResultsDirectory="e8478092-4bf2-46e2-a32e-4d0f4d03be08">
      <Output>
        <StdOut>Debug Trace:
-1 &lt; 1
0 &lt; 1</StdOut>
      </Output>
    </UnitTestResult>
    <UnitTestResult executionId="b9227388-8f98-45fd-b11e-7512624c5123" testId="0f94a1f3-eb48-4eca-89b1-92629828da41" testName="WhenValidInputButInvalidRelCodePOD_ThenUnsuccessfulResponse" computerName="ip-10-8-96-225" duration="00:00:00.1466190" startTime="2023-10-04T13:17:46.5085269+00:00" endTime="2023-10-04T13:17:46.6552926+00:00" testType="13cdc9d9-ddb5-4fa4-a97d-d965ccfc6d4b" outcome="Passed" testListId="8c84fa94-04c1-424b-9868-57a2d4851a1d" relativeResultsDirectory="b9227388-8f98-45fd-b11e-7512624c5123">
      <Output>
        <StdOut>\u001b[41m\u001b[30mfail\u001b[39m\u001b[22m\u001b[49m: D3.CoreLive.Service.WorkerServices.VerifyUserWS[0]
      Invalid Account Status Code
\u001b[40m\u001b[32minfo\u001b[39m\u001b[22m\u001b[49m: D3.CoreLive.Service.WorkerServices.VerifyUserWS[0]
      User Not Found In Entity



Debug Trace:
Debug - CustomerListInquiryWS:BuildCustomerListInquiryRequest - request id e6e5c1ab-8181-4b6f-b80f-da1008af5b03</StdOut>
      </Output>
    </UnitTestResult>
    <UnitTestResult executionId="f05d4c9d-5958-4a4b-a950-1054900602d4" testId="9ceb843c-1190-4f7e-bd2f-2ebb15abcce3" testName="WhenAccountIdentifierToUserIdByCifReturnsNullOrEmpty_ThenSuccessfulResponse" computerName="ip-10-8-96-225" duration="00:00:00.3280764" startTime="2023-10-04T13:17:45.3838454+00:00" endTime="2023-10-04T13:17:45.7120673+00:00" testType="13cdc9d9-ddb5-4fa4-a97d-d965ccfc6d4b" outcome="Passed" testListId="8c84fa94-04c1-424b-9868-57a2d4851a1d" relativeResultsDirectory="f05d4c9d-5958-4a4b-a950-1054900602d4">
      <Output>
        <StdOut>\u001b[40m\u001b[32minfo\u001b[39m\u001b[22m\u001b[49m: D3.CoreLive.Service.WorkerServices.VerifyUserWS[0]
      User Verification Succeeded with null userId.  New userId has been generated</StdOut>
      </Output>
    </UnitTestResult>
    <UnitTestResult executionId="4f6e67c0-0c4d-4574-9ebb-d31543480810" testId="38af07d3-304d-4407-ab7b-9a5c683952ae" testName="IntradayHandlerLoanTests_CreateTransactionID3" computerName="ip-10-8-96-225" duration="00:00:00.0002306" startTime="2023-10-04T13:19:48.2338472+00:00" endTime="2023-10-04T13:19:48.2390818+00:00" testType="13cdc9d9-ddb5-4fa4-a97d-d965ccfc6d4b" outcome="Passed" testListId="8c84fa94-04c1-424b-9868-57a2d4851a1d" relativeResultsDirectory="4f6e67c0-0c4d-4574-9ebb-d31543480810" />
    <UnitTestResult executionId="d5fde4ed-f4d9-4b22-ba7e-15f99aa88e41" testId="66b28a4a-681f-49ad-83a9-e8ce4a2a775c" testName="WhenCIFIsNull_GetProfileFailsWith400" computerName="ip-10-8-96-225" duration="00:00:00.0002096" startTime="2023-10-04T13:17:30.9596854+00:00" endTime="2023-10-04T13:17:30.9599637+00:00" testType="13cdc9d9-ddb5-4fa4-a97d-d965ccfc6d4b" outcome="Passed" testListId="8c84fa94-04c1-424b-9868-57a2d4851a1d" relativeResultsDirectory="d5fde4ed-f4d9-4b22-ba7e-15f99aa88e41" />
    <UnitTestResult executionId="d9b7a0c4-8d5b-465a-97fc-bf352daffbfc" testId="b821832c-9fb7-4860-8da5-434a7825b833" testName="When1037Success_MapResult" computerName="ip-10-8-96-225" duration="00:00:00.0020321" startTime="2023-10-04T13:20:17.1614440+00:00" endTime="2023-10-04T13:20:17.1635436+00:00" testType="13cdc9d9-ddb5-4fa4-a97d-d965ccfc6d4b" outcome="Passed" testListId="8c84fa94-04c1-424b-9868-57a2d4851a1d" relativeResultsDirectory="d9b7a0c4-8d5b-465a-97fc-bf352daffbfc" />
    <UnitTestResult executionId="f2df1aa7-0833-4361-9708-f028331f16da" testId="fdd992e6-67c6-4967-8874-d5ffddcf7adb" testName="WhenSuccess_MapHelocAttributes" computerName="ip-10-8-96-225" duration="00:00:00.0004708" startTime="2023-10-04T13:20:17.1378206+00:00" endTime="2023-10-04T13:20:17.1383494+00:00" testType="13cdc9d9-ddb5-4fa4-a97d-d965ccfc6d4b" outcome="Passed" testListId="8c84fa94-04c1-424b-9868-57a2d4851a1d" relativeResultsDirectory="f2df1aa7-0833-4361-9708-f028331f16da" />
    <UnitTestResult executionId="9f60fbb2-0ec8-4b68-90a4-cb488b4c99c1" testId="81db73e0-6fcb-4681-b66b-3f727251337a" testName="EStatementEnrollment_IsEnrolled_AccountIsNotValid" computerName="ip-10-8-96-225" duration="00:00:01.1955967" startTime="2023-10-04T13:17:28.7951746+00:00" endTime="2023-10-04T13:17:29.9908931+00:00" testType="13cdc9d9-ddb5-4fa4-a97d-d965ccfc6d4b" outcome="Passed" testListId="8c84fa94-04c1-424b-9868-57a2d4851a1d" relativeResultsDirectory="9f60fbb2-0ec8-4b68-90a4-cb488b4c99c1">
      <Output>
        <StdOut>\u001b[40m\u001b[1m\u001b[33mwarn\u001b[39m\u001b[22m\u001b[49m: D3.CoreLive.Service.WorkerServices.EStatementEnrollmentWS[0]
      EStatementEnrollmentWS:Inquire - no preference set.  doctype - 20001</StdOut>
      </Output>
    </UnitTestResult>
    <UnitTestResult executionId="68a5f582-7802-4f2a-a5be-28e5e082388c" testId="92137452-a177-489d-b204-54cad7c6c2b3" testName="EISClientTruvUserLookUp_Fail" computerName="ip-10-8-96-225" duration="00:00:00.0018786" startTime="2023-10-04T13:16:43.6444997+00:00" endTime="2023-10-04T13:16:43.6464766+00:00" testType="13cdc9d9-ddb5-4fa4-a97d-d965ccfc6d4b" outcome="Passed" testListId="8c84fa94-04c1-424b-9868-57a2d4851a1d" relativeResultsDirectory="68a5f582-7802-4f2a-a5be-28e5e082388c">
      <Output>
        <StdOut>System.Exception: {"error":{"code":"truv_error","message":"{"apiStatus": "failed", "apiErrorCode": "1", "apiDescription": "Content-Type is required and should be application/json"}
   at D3.CoreLive.Service.Clients.EISClient.TruvUserLookUp(String User) in /tmp/_work/dbp-d3couple/dbp-d3couple/src/D3.CoreLive.Service/Clients/EISClient.cs:line 330
   at UnitTests.EISClientTests.EISClientTruvUserLookUp.EISClientTruvUserLookUp_Fail() in /tmp/_work/dbp-d3couple/dbp-d3couple/test/UnitTests/EISClientTests/EISClientTruvUserLookUp.cs:line 83</StdOut>
      </Output>
    </UnitTestResult>
    <UnitTestResult executionId="74e99072-2192-4c18-949a-5624e74b0a11" testId="674b7c5b-e1ed-4f20-8124-675430a94539" testName="WhenBusinessrFoundByDebitNumberAndTaxIdMismatch_NotFoundInSF_FoundInSignature_ThenFail (SV)" computerName="ip-10-8-96-225" duration="00:00:00.1538232" startTime="2023-10-04T13:17:52.3683367+00:00" endTime="2023-10-04T13:17:52.5222934+00:00" testType="13cdc9d9-ddb5-4fa4-a97d-d965ccfc6d4b" outcome="Passed" testListId="8c84fa94-04c1-424b-9868-57a2d4851a1d" relativeResultsDirectory="74e99072-2192-4c18-949a-5624e74b0a11">
      <Output>
        <StdOut>\u001b[40m\u001b[32minfo\u001b[39m\u001b[22m\u001b[49m: D3.CoreLive.Service.WorkerServices.VerifyUserWS[0]
      Customer Found With 1 Account(s)
\u001b[40m\u001b[32minfo\u001b[39m\u001b[22m\u001b[49m: D3.CoreLive.Service.WorkerServices.VerifyUserWS[0]
      Customer Verified With Card Account
\u001b[40m\u001b[32minfo\u001b[39m\u001b[22m\u001b[49m: D3.CoreLive.Service.WorkerServices.VerifyUserWS[0]
      User Verification Succeeded
\u001b[40m\u001b[32minfo\u001b[39m\u001b[22m\u001b[49m: D3.CoreLive.Service.WorkerServices.VerifyUserWS[0]
      User Not Found In Entity



Debug Trace:
Debug - CustomerListInquiryWS:BuildCustomerListInquiryRequest - request id 04c35d3f-97f4-473e-9b45-de2d667676de</StdOut>
      </Output>
    </UnitTestResult>
    <UnitTestResult executionId="68ba5e17-eecf-439c-963e-431aa9ebbe0a" testId="4061cebe-69dd-4b2b-893f-2bd63712d41c" testName="CoreLive_Rest_StopPaymentRange_CheckAlreadyExists" computerName="ip-10-8-96-225" duration="00:00:02.0368544" startTime="2023-10-04T13:18:21.3913686+00:00" endTime="2023-10-04T13:18:23.4283669+00:00" testType="13cdc9d9-ddb5-4fa4-a97d-d965ccfc6d4b" outcome="Passed" testListId="8c84fa94-04c1-424b-9868-57a2d4851a1d" relativeResultsDirectory="68ba5e17-eecf-439c-963e-431aa9ebbe0a">
      <Output>
        <StdOut>CommunicatorBaseUri is http://localhost:5011/
loanServ.BaseUri is https://api.sharedsvcs-nonprod.asb.local/
eDocs.NautilusBaseUrl is http://nautilus.d3couple.local/
OpenTelemetry tracing is disabled, make sure the keys (DynaTraceToken, DynaTraceTenantID, DynaTraceTraceUrl) are in the secret/configuration



Debug Trace:
Using EIS Private service at : https://api.sharedsvcs-nonprod.asb.local/
Using EIS Private service at : https://api-origin.dev.associatedbankservices.com/api/dev/addrssparsr</StdOut>
      </Output>
    </UnitTestResult>
    <UnitTestResult executionId="cb00a97b-335b-4841-888e-349b0adb437b" testId="9ce15200-1962-4cdd-a053-ca190864d66b" testName="IntradayHandler_GetSignatureAccountsNoCifsReturnedFromEntityCIFByUserIdWithUUID" computerName="ip-10-8-96-225" duration="00:00:00.0058183" startTime="2023-10-04T13:19:48.4337106+00:00" endTime="2023-10-04T13:19:48.4396034+00:00" testType="13cdc9d9-ddb5-4fa4-a97d-d965ccfc6d4b" outcome="Passed" testListId="8c84fa94-04c1-424b-9868-57a2d4851a1d" relativeResultsDirectory="cb00a97b-335b-4841-888e-349b0adb437b" />
    <UnitTestResult executionId="a88ebe12-3f5a-48d4-9bcc-bc3d9b2c448e" testId="78812b3b-b2c1-4a95-8596-173c084554c8" testName="UpdateProfile_ContactUpdateEmail" computerName="ip-10-8-96-225" duration="00:00:00.2212180" startTime="2023-10-04T13:17:43.2645239+00:00" endTime="2023-10-04T13:17:43.4858599+00:00" testType="13cdc9d9-ddb5-4fa4-a97d-d965ccfc6d4b" outcome="Passed" testListId="8c84fa94-04c1-424b-9868-57a2d4851a1d" relativeResultsDirectory="a88ebe12-3f5a-48d4-9bcc-bc3d9b2c448e" />
    <UnitTestResult executionId="2a2adfea-f48b-49ba-b73f-82c8a86b1df5" testId="70fdfe69-cda0-4984-9cc7-b08152a05e9b" testName="EStatementEnrollment_IsEnrolled_AccountIsEnrolled" computerName="ip-10-8-96-225" duration="00:00:01.4431410" startTime="2023-10-04T13:17:25.1607272+00:00" endTime="2023-10-04T13:17:26.6040043+00:00" testType="13cdc9d9-ddb5-4fa4-a97d-d965ccfc6d4b" outcome="Passed" testListId="8c84fa94-04c1-424b-9868-57a2d4851a1d" relativeResultsDirectory="2a2adfea-f48b-49ba-b73f-82c8a86b1df5" />
    <UnitTestResult executionId="cb91916d-9ba5-4ed3-9594-f8a1d8345c4d" testId="c4dde465-c09b-4bd3-80a6-1186669a74ca" testName="WhenPO2Address_ThenFailureReturned" computerName="ip-10-8-96-225" duration="00:00:00.0022288" startTime="2023-10-04T13:19:01.3325354+00:00" endTime="2023-10-04T13:19:01.3348855+00:00" testType="13cdc9d9-ddb5-4fa4-a97d-d965ccfc6d4b" outcome="Passed" testListId="8c84fa94-04c1-424b-9868-57a2d4851a1d" relativeResultsDirectory="cb91916d-9ba5-4ed3-9594-f8a1d8345c4d" />
    <UnitTestResult executionId="66b5c6de-7b87-4fed-a49d-aa07b76a2e7e" testId="3817ee5b-b054-43fe-bb9e-1c76ea9c4164" testName="WhenCustomerNotFound_ThenSuccessfulResponse" computerName="ip-10-8-96-225" duration="00:00:00.3865601" startTime="2023-10-04T13:17:22.6577469+00:00" endTime="2023-10-04T13:17:23.0446424+00:00" testType="13cdc9d9-ddb5-4fa4-a97d-d965ccfc6d4b" outcome="Passed" testListId="8c84fa94-04c1-424b-9868-57a2d4851a1d" relativeResultsDirectory="66b5c6de-7b87-4fed-a49d-aa07b76a2e7e">
      <Output>
        <StdOut>\u001b[40m\u001b[32minfo\u001b[39m\u001b[22m\u001b[49m: D3.CoreLive.Service.WorkerServices.EDocsWS[0]
      ET:GenerateDocumentUrl 1 total time 0ms
\u001b[40m\u001b[32minfo\u001b[39m\u001b[22m\u001b[49m: D3.CoreLive.Service.WorkerServices.EStatementEnrollmentWS[0]
      EnrollEstatements : request - Accounts.Count 1
\u001b[40m\u001b[32minfo\u001b[39m\u001b[22m\u001b[49m: D3.CoreLive.Service.WorkerServices.EStatementEnrollmentWS[0]
      GetCustomerEmail: customerInquiryResponse &lt;?xml version="1.0" encoding="utf-16"?&gt;&lt;CustInqRs xmlns:xsi="http://www.w3.org/2001/XMLSchema-instance" xmlns:xsd="http://www.w3.org/2001/XMLSchema"&gt;  &lt;Status&gt;    &lt;StatusCode&gt;100&lt;/StatusCode&gt;    &lt;Severity&gt;Error&lt;/Severity&gt;    &lt;StatusDesc&gt;General Error&lt;/StatusDesc&gt;    &lt;StatusType&gt;NonFatal&lt;/StatusType&gt;    &lt;SupportUID&gt;93a0419c-5d7c-4aef-bc73-a1f1474bfc57&lt;/SupportUID&gt;    &lt;Error&gt;      &lt;Source&gt;CBS Host&lt;/Source&gt;      &lt;ErrNum&gt;HC00117&lt;/ErrNum&gt;      &lt;ErrDesc&gt;Customer record not found&lt;/ErrDesc&gt;      &lt;ErrField&gt;YQCUST&lt;/ErrField&gt;      &lt;SupportUID&gt;93a0419c-5d7c-4aef-bc73-a1f1474bfc57&lt;/SupportUID&gt;    &lt;/Error&gt;  &lt;/Status&gt;  &lt;RqUID&gt;93a0419c-5d7c-4aef-bc73-a1f1474bfc57&lt;/RqUID&gt;&lt;/CustInqRs&gt;
\u001b[41m\u001b[30mfail\u001b[39m\u001b[22m\u001b[49m: D3.CoreLive.Service.WorkerServices.EStatementEnrollmentWS[0]
      EnrollEstatements : EmailAddress could not be found for customer.</StdOut>
      </Output>
    </UnitTestResult>
    <UnitTestResult executionId="ff82e344-3b65-4916-8f4e-2242610b76db" testId="abab22af-6aab-427c-a283-d40574ba22ee" testName="EDocsWS_Fake_GetDocumentsByAccount_NoDocs_Success" computerName="ip-10-8-96-225" duration="00:00:02.4801010" startTime="2023-10-04T13:17:02.0528578+00:00" endTime="2023-10-04T13:17:04.5330842+00:00" testType="13cdc9d9-ddb5-4fa4-a97d-d965ccfc6d4b" outcome="Passed" testListId="8c84fa94-04c1-424b-9868-57a2d4851a1d" relativeResultsDirectory="ff82e344-3b65-4916-8f4e-2242610b76db">
      <Output>
        <StdOut>\u001b[40m\u001b[32minfo\u001b[39m\u001b[22m\u001b[49m: D3.CoreLive.Service.WorkerServices.EDocsWS[0]
      ET:GetAllDocumentsForAccountAsync total time 0ms
\u001b[40m\u001b[32minfo\u001b[39m\u001b[22m\u001b[49m: D3.CoreLive.Service.WorkerServices.EDocsWS[0]
      ET:SetDocumentHostingUris total time 0ms



Debug Trace:
Information - ET:QueryList CoreLive.Common.DB.Queries.AllowedRelationshipStatus total time 364ms
Information - ET:QueryList CoreLive.Common.DB.Queries.AllowedProductCode total time 381ms
Information - ET:QueryList CoreLive.Common.DB.Queries.AllowedRelationshipStatus total time 308ms
Information - ET:QueryList CoreLive.Common.DB.Queries.AllowedProductCode total time 298ms</StdOut>
      </Output>
    </UnitTestResult>
    <UnitTestResult executionId="50f434cd-2c3e-4c84-9977-8908e0b6bc88" testId="40d48f81-f077-4ac3-9b4c-a8eb0fdcb88c" testName="WexHSAInquiryHandler_BadAPIKey_Forbidden" computerName="ip-10-8-96-225" duration="00:00:00.0033376" startTime="2023-10-04T13:20:18.3279098+00:00" endTime="2023-10-04T13:20:18.3313207+00:00" testType="13cdc9d9-ddb5-4fa4-a97d-d965ccfc6d4b" outcome="Passed" testListId="8c84fa94-04c1-424b-9868-57a2d4851a1d" relativeResultsDirectory="50f434cd-2c3e-4c84-9977-8908e0b6bc88">
      <Output>
        <StdOut>Debug Trace:
WexAccountInquiryResponse last4 of WexAccountNumber test</StdOut>
      </Output>
    </UnitTestResult>
    <UnitTestResult executionId="099d8461-223a-49ff-952d-8d7866178375" testId="4fcbac2c-0037-4235-8130-95adad1584c9" testName="WexHSAInquiryHandler_ErrorMessage_Response" computerName="ip-10-8-96-225" duration="00:00:00.0015114" startTime="2023-10-04T13:20:18.3227379+00:00" endTime="2023-10-04T13:20:18.3244066+00:00" testType="13cdc9d9-ddb5-4fa4-a97d-d965ccfc6d4b" outcome="Passed" testListId="8c84fa94-04c1-424b-9868-57a2d4851a1d" relativeResultsDirectory="099d8461-223a-49ff-952d-8d7866178375">
      <Output>
        <StdOut>Debug Trace:
WexAccountInquiryResponse last4 of WexAccountNumber test</StdOut>
      </Output>
    </UnitTestResult>
    <UnitTestResult executionId="33c8731a-ba46-4615-8b1f-c07b54d36076" testId="546477d0-eeb2-4e57-8116-30960200f387" testName="EISClient_AddressParse_BadRequest" computerName="ip-10-8-96-225" duration="00:00:00.0034309" startTime="2023-10-04T13:16:42.5273521+00:00" endTime="2023-10-04T13:16:42.5309045+00:00" testType="13cdc9d9-ddb5-4fa4-a97d-d965ccfc6d4b" outcome="Passed" testListId="8c84fa94-04c1-424b-9868-57a2d4851a1d" relativeResultsDirectory="33c8731a-ba46-4615-8b1f-c07b54d36076" />
    <UnitTestResult executionId="bf394c56-47c7-4b9c-844b-2fb72c4ae18a" testId="3249a858-b46c-49c8-9d33-e23fdea45a7f" testName="SetConduitUserAccountAttributes_Success" computerName="ip-10-8-96-225" duration="00:00:00.0040097" startTime="2023-10-04T13:21:08.6426849+00:00" endTime="2023-10-04T13:21:08.6467972+00:00" testType="13cdc9d9-ddb5-4fa4-a97d-d965ccfc6d4b" outcome="Passed" testListId="8c84fa94-04c1-424b-9868-57a2d4851a1d" relativeResultsDirectory="bf394c56-47c7-4b9c-844b-2fb72c4ae18a" />
    <UnitTestResult executionId="bedafd32-4b34-4c5c-93e7-d24c148796e8" testId="2672cad7-42e9-4561-aa13-b15f3c53cc71" testName="WhenMultipleCustomersFoundByDebitCardNumberWithSameDOB_ThenUnsuccessfulResponse" computerName="ip-10-8-96-225" duration="00:00:00.1487128" startTime="2023-10-04T13:17:48.7144886+00:00" endTime="2023-10-04T13:17:48.8633195+00:00" testType="13cdc9d9-ddb5-4fa4-a97d-d965ccfc6d4b" outcome="Passed" testListId="8c84fa94-04c1-424b-9868-57a2d4851a1d" relativeResultsDirectory="bedafd32-4b34-4c5c-93e7-d24c148796e8">
      <Output>
        <StdOut>\u001b[40m\u001b[32minfo\u001b[39m\u001b[22m\u001b[49m: D3.CoreLive.Service.WorkerServices.VerifyUserWS[0]
      User Not Found In Entity
\u001b[40m\u001b[1m\u001b[33mwarn\u001b[39m\u001b[22m\u001b[49m: D3.CoreLive.Service.WorkerServices.VerifyUserWS[0]
      ValidateFDRDebitCard last 4 5555, no accounts found in FDR with given card number
\u001b[40m\u001b[1m\u001b[33mwarn\u001b[39m\u001b[22m\u001b[49m: D3.CoreLive.Service.WorkerServices.VerifyUserWS[0]
      FDR card was not found, validation failed</StdOut>
      </Output>
    </UnitTestResult>
    <UnitTestResult executionId="d7f8d844-7dc5-4e48-8162-5998f612ded1" testId="4fb0e401-0faa-411e-baf2-d927df981d01" testName="StopPaymentRangeTests_Success" computerName="ip-10-8-96-225" duration="00:00:00.1684139" startTime="2023-10-04T13:17:38.9094412+00:00" endTime="2023-10-04T13:17:39.0779599+00:00" testType="13cdc9d9-ddb5-4fa4-a97d-d965ccfc6d4b" outcome="Passed" testListId="8c84fa94-04c1-424b-9868-57a2d4851a1d" relativeResultsDirectory="d7f8d844-7dc5-4e48-8162-5998f612ded1" />
    <UnitTestResult executionId="7b67aeb6-a593-420f-b9f9-e5441a28a2cf" testId="cb8074c0-1449-419c-949f-1d339c26b275" testName="CoreLive_Rest_StopPaymentRange_NoRange2" computerName="ip-10-8-96-225" duration="00:00:02.3115098" startTime="2023-10-04T13:18:27.5966651+00:00" endTime="2023-10-04T13:18:29.9083234+00:00" testType="13cdc9d9-ddb5-4fa4-a97d-d965ccfc6d4b" outcome="Passed" testListId="8c84fa94-04c1-424b-9868-57a2d4851a1d" relativeResultsDirectory="7b67aeb6-a593-420f-b9f9-e5441a28a2cf">
      <Output>
        <StdOut>CommunicatorBaseUri is http://localhost:5011/
loanServ.BaseUri is https://api.sharedsvcs-nonprod.asb.local/
eDocs.NautilusBaseUrl is http://nautilus.d3couple.local/
OpenTelemetry tracing is disabled, make sure the keys (DynaTraceToken, DynaTraceTenantID, DynaTraceTraceUrl) are in the secret/configuration



Debug Trace:
Using EIS Private service at : https://api.sharedsvcs-nonprod.asb.local/
Using EIS Private service at : https://api-origin.dev.associatedbankservices.com/api/dev/addrssparsr</StdOut>
      </Output>
    </UnitTestResult>
    <UnitTestResult executionId="9dcd4d36-e489-4033-9803-946fde564419" testId="312abd42-388f-4bd0-a0b9-f29d20edd258" testName="WhenCustomerFoundByDebitNumberAndDOBMismatch_NotFoundInSF_FoundInSignature_TheFail (DD)" computerName="ip-10-8-96-225" duration="00:00:00.1541746" startTime="2023-10-04T13:17:50.1359608+00:00" endTime="2023-10-04T13:17:50.2902849+00:00" testType="13cdc9d9-ddb5-4fa4-a97d-d965ccfc6d4b" outcome="Passed" testListId="8c84fa94-04c1-424b-9868-57a2d4851a1d" relativeResultsDirectory="9dcd4d36-e489-4033-9803-946fde564419">
      <Output>
        <StdOut>\u001b[40m\u001b[32minfo\u001b[39m\u001b[22m\u001b[49m: D3.CoreLive.Service.WorkerServices.VerifyUserWS[0]
      Customer Found With 1 Account(s)
\u001b[40m\u001b[32minfo\u001b[39m\u001b[22m\u001b[49m: D3.CoreLive.Service.WorkerServices.VerifyUserWS[0]
      Customer Verified With Card Account
\u001b[41m\u001b[30mfail\u001b[39m\u001b[22m\u001b[49m: D3.CoreLive.Service.WorkerServices.VerifyUserWS[0]
      CIF not found for DoB
\u001b[41m\u001b[30mfail\u001b[39m\u001b[22m\u001b[49m: D3.CoreLive.Service.WorkerServices.VerifyUserWS[0]
      Invalid Personal Identifier
\u001b[40m\u001b[32minfo\u001b[39m\u001b[22m\u001b[49m: D3.CoreLive.Service.WorkerServices.VerifyUserWS[0]
      User Not Found In Entity



Debug Trace:
Debug - CustomerListInquiryWS:BuildCustomerListInquiryRequest - request id 26a933c1-66fd-4664-b23a-c1fb35a54edb</StdOut>
      </Output>
    </UnitTestResult>
    <UnitTestResult executionId="61aa2606-a63c-4dd5-92ca-1a4cee1ac960" testId="f81a00e1-98cf-492f-a2cd-bb9ad13a4984" testName="WhenValidAccountAndCard_ThenSuccessReturned" computerName="ip-10-8-96-225" duration="00:00:00.0072550" startTime="2023-10-04T13:21:08.6580359+00:00" endTime="2023-10-04T13:21:11.1298189+00:00" testType="13cdc9d9-ddb5-4fa4-a97d-d965ccfc6d4b" outcome="Passed" testListId="8c84fa94-04c1-424b-9868-57a2d4851a1d" relativeResultsDirectory="61aa2606-a63c-4dd5-92ca-1a4cee1ac960">
      <Output>
        <StdOut>CommunicatorBaseUri is http://localhost:5011/
loanServ.BaseUri is https://api.sharedsvcs-nonprod.asb.local/
eDocs.NautilusBaseUrl is http://nautilus.d3couple.local/
OpenTelemetry tracing is disabled, make sure the keys (DynaTraceToken, DynaTraceTenantID, DynaTraceTraceUrl) are in the secret/configuration



Debug Trace:
Using EIS Private service at : https://api.sharedsvcs-nonprod.asb.local/
Using EIS Private service at : https://api-origin.dev.associatedbankservices.com/api/dev/addrssparsr</StdOut>
      </Output>
    </UnitTestResult>
    <UnitTestResult executionId="6114fe9a-6288-4662-9393-54d27de98930" testId="d5e3a698-796a-464c-87ee-a11afd37cbfe" testName="AccountInquiryWS_GetAccountsMoreThan30" computerName="ip-10-8-96-225" duration="00:00:00.4641414" startTime="2023-10-04T13:16:46.8224419+00:00" endTime="2023-10-04T13:16:47.2866949+00:00" testType="13cdc9d9-ddb5-4fa4-a97d-d965ccfc6d4b" outcome="Passed" testListId="8c84fa94-04c1-424b-9868-57a2d4851a1d" relativeResultsDirectory="6114fe9a-6288-4662-9393-54d27de98930" />
    <UnitTestResult executionId="f08bcc4a-daea-4389-bdf7-88fe24ed4012" testId="fac72fff-49b0-463b-b0f9-0777de31370f" testName="WhenConstructionLoan_ReturnNoAttributes" computerName="ip-10-8-96-225" duration="00:00:00.0196432" startTime="2023-10-04T13:20:17.0961231+00:00" endTime="2023-10-04T13:20:17.1158674+00:00" testType="13cdc9d9-ddb5-4fa4-a97d-d965ccfc6d4b" outcome="Passed" testListId="8c84fa94-04c1-424b-9868-57a2d4851a1d" relativeResultsDirectory="f08bcc4a-daea-4389-bdf7-88fe24ed4012" />
    <UnitTestResult executionId="b604a248-5cc3-44d0-8e7d-92003d1ac16a" testId="b7df0c26-38af-4a47-ab78-46f29facdb2e" testName="EDocsWS_Fake_GetDocuments_Tax_Success" computerName="ip-10-8-96-225" duration="00:00:02.3724128" startTime="2023-10-04T13:17:12.0846036+00:00" endTime="2023-10-04T13:17:14.4571728+00:00" testType="13cdc9d9-ddb5-4fa4-a97d-d965ccfc6d4b" outcome="Passed" testListId="8c84fa94-04c1-424b-9868-57a2d4851a1d" relativeResultsDirectory="b604a248-5cc3-44d0-8e7d-92003d1ac16a">
      <Output>
        <StdOut>\u001b[40m\u001b[32minfo\u001b[39m\u001b[22m\u001b[49m: D3.CoreLive.Service.WorkerServices.EDocsWS[0]
      ET:GenerateDocumentUrl 3 total time 0ms



Debug Trace:
Information - ET:QueryList CoreLive.Common.DB.Queries.AllowedRelationshipStatus total time 264ms
Information - ET:QueryList CoreLive.Common.DB.Queries.AllowedProductCode total time 277ms
Information - ET:QueryList CoreLive.Common.DB.Queries.AllowedRelationshipStatus total time 407ms
Information - ET:QueryList CoreLive.Common.DB.Queries.AllowedProductCode total time 229ms</StdOut>
      </Output>
    </UnitTestResult>
    <UnitTestResult executionId="3a6f1f68-f9b0-42e9-a037-d285a90c5232" testId="ed554971-c67e-439c-aa41-3d29bb659c53" testName="StopPaymentHistoryTests_MultipleStops_OrderTest" computerName="ip-10-8-96-225" duration="00:00:00.1556461" startTime="2023-10-04T13:17:37.5624124+00:00" endTime="2023-10-04T13:17:37.7181553+00:00" testType="13cdc9d9-ddb5-4fa4-a97d-d965ccfc6d4b" outcome="Passed" testListId="8c84fa94-04c1-424b-9868-57a2d4851a1d" relativeResultsDirectory="3a6f1f68-f9b0-42e9-a037-d285a90c5232">
      <Output>
        <StdOut>\u001b[41m\u001b[30mfail\u001b[39m\u001b[22m\u001b[49m: D3.CoreLive.Service.WorkerServices.StopPaymentWS[0]
      Found unmapped StopChkStatusCode, defaulting to Active - Value:  - /tmp/_work/dbp-d3couple/dbp-d3couple/src/D3.CoreLive.Service/WorkerServices/StopPaymentWS.cs@line:401</StdOut>
      </Output>
    </UnitTestResult>
    <UnitTestResult executionId="99854281-2d8b-4030-a6ab-e1a5ac60ad6d" testId="b7bb21dc-7214-4b35-bfe1-66994c293bca" testName="IntradayHandlerTimeTests_CreateTransactionID3" computerName="ip-10-8-96-225" duration="00:00:00.0001340" startTime="2023-10-04T13:19:48.8212798+00:00" endTime="2023-10-04T13:19:48.8214816+00:00" testType="13cdc9d9-ddb5-4fa4-a97d-d965ccfc6d4b" outcome="Passed" testListId="8c84fa94-04c1-424b-9868-57a2d4851a1d" relativeResultsDirectory="99854281-2d8b-4030-a6ab-e1a5ac60ad6d" />
    <UnitTestResult executionId="a6d1d23a-3f63-4f4d-ba59-d42b94d92878" testId="98e8f7f6-c513-4025-a14d-125a75d4617e" testName="WhenTransferFundsDataIsValid_TransferFundsSucceedsWith200" computerName="ip-10-8-96-225" duration="00:00:00.2005888" startTime="2023-10-04T13:17:30.9601954+00:00" endTime="2023-10-04T13:17:31.1610064+00:00" testType="13cdc9d9-ddb5-4fa4-a97d-d965ccfc6d4b" outcome="Passed" testListId="8c84fa94-04c1-424b-9868-57a2d4851a1d" relativeResultsDirectory="a6d1d23a-3f63-4f4d-ba59-d42b94d92878" />
    <UnitTestResult executionId="80314265-4a98-434c-879e-fbd6564eb68d" testId="4a5bbafa-6f71-42ae-ad2f-48752322698b" testName="WhenCustomerDoesNotExist_TransferFundsFailsWith404" computerName="ip-10-8-96-225" duration="00:00:00.1808236" startTime="2023-10-04T13:17:31.1613273+00:00" endTime="2023-10-04T13:17:31.3422665+00:00" testType="13cdc9d9-ddb5-4fa4-a97d-d965ccfc6d4b" outcome="Passed" testListId="8c84fa94-04c1-424b-9868-57a2d4851a1d" relativeResultsDirectory="80314265-4a98-434c-879e-fbd6564eb68d" />
    <UnitTestResult executionId="06d0adf6-280a-4da5-abdd-90b6f68e9e89" testId="8afce654-8dab-47d1-888d-4d0932f13d67" testName="CoreLive_Rest_StopPaymentRange_Success" computerName="ip-10-8-96-225" duration="00:00:01.9977810" startTime="2023-10-04T13:18:17.1416673+00:00" endTime="2023-10-04T13:18:19.1395899+00:00" testType="13cdc9d9-ddb5-4fa4-a97d-d965ccfc6d4b" outcome="Passed" testListId="8c84fa94-04c1-424b-9868-57a2d4851a1d" relativeResultsDirectory="06d0adf6-280a-4da5-abdd-90b6f68e9e89">
      <Output>
        <StdOut>CommunicatorBaseUri is http://localhost:5011/
loanServ.BaseUri is https://api.sharedsvcs-nonprod.asb.local/
eDocs.NautilusBaseUrl is http://nautilus.d3couple.local/
OpenTelemetry tracing is disabled, make sure the keys (DynaTraceToken, DynaTraceTenantID, DynaTraceTraceUrl) are in the secret/configuration



Debug Trace:
Using EIS Private service at : https://api.sharedsvcs-nonprod.asb.local/
Using EIS Private service at : https://api-origin.dev.associatedbankservices.com/api/dev/addrssparsr</StdOut>
      </Output>
    </UnitTestResult>
    <UnitTestResult executionId="856023dc-5f2a-4924-9546-d26d5e262550" testId="23f72508-c2ef-4072-ad83-e2e79949df54" testName="WhenBusinessFoundByDebitNumberAndTaxIdMatches_DD_NoSFCif_NotFoundInSF_FoundInSignature_ThenSuccess (SV)" computerName="ip-10-8-96-225" duration="00:00:00.1780751" startTime="2023-10-04T13:17:51.6160505+00:00" endTime="2023-10-04T13:17:51.7942660+00:00" testType="13cdc9d9-ddb5-4fa4-a97d-d965ccfc6d4b" outcome="Passed" testListId="8c84fa94-04c1-424b-9868-57a2d4851a1d" relativeResultsDirectory="856023dc-5f2a-4924-9546-d26d5e262550">
      <Output>
        <StdOut>\u001b[40m\u001b[32minfo\u001b[39m\u001b[22m\u001b[49m: D3.CoreLive.Service.WorkerServices.VerifyUserWS[0]
      Customer Found With 0 Account(s)
\u001b[41m\u001b[30mfail\u001b[39m\u001b[22m\u001b[49m: D3.CoreLive.Service.WorkerServices.VerifyUserWS[0]
      Invalid Account Status
\u001b[40m\u001b[1m\u001b[33mwarn\u001b[39m\u001b[22m\u001b[49m: D3.CoreLive.Service.WorkerServices.VerifyUserWS[0]
      IsUserVerifiedWithAccount Signature account not found in good status.
\u001b[40m\u001b[32minfo\u001b[39m\u001b[22m\u001b[49m: D3.CoreLive.Service.WorkerServices.VerifyUserWS[0]
      User Not Found In Entity



Debug Trace:
Debug - CustomerListInquiryWS:BuildCustomerListInquiryRequest - request id 8bbbcafd-44bc-4bc2-b963-42d648130c10
Debug - AccountInquiryWS:GetCustomer - request id bba7858d-2d69-4ade-aac7-224c18d0a8eb started for UID ABCD2342342342</StdOut>
      </Output>
    </UnitTestResult>
    <UnitTestResult executionId="39800e74-7fe4-4e73-8375-30c0ceec44f7" testId="12fe5549-05af-400e-9656-dffe53cf9147" testName="EDocsWS_GetDocuments_Tax_WithBadData_ReturnError" computerName="ip-10-8-96-225" duration="00:00:02.6466022" startTime="2023-10-04T13:16:53.4218744+00:00" endTime="2023-10-04T13:16:56.0686419+00:00" testType="13cdc9d9-ddb5-4fa4-a97d-d965ccfc6d4b" outcome="Passed" testListId="8c84fa94-04c1-424b-9868-57a2d4851a1d" relativeResultsDirectory="39800e74-7fe4-4e73-8375-30c0ceec44f7">
      <Output>
        <StdOut>Debug Trace:
Information - ET:QueryList CoreLive.Common.DB.Queries.AllowedRelationshipStatus total time 236ms
Information - ET:QueryList CoreLive.Common.DB.Queries.AllowedProductCode total time 246ms
Information - ET:QueryList CoreLive.Common.DB.Queries.AllowedRelationshipStatus total time 284ms
Information - ET:QueryList CoreLive.Common.DB.Queries.AllowedProductCode total time 266ms</StdOut>
      </Output>
    </UnitTestResult>
    <UnitTestResult executionId="7120f521-cd65-46d8-bb6f-11a0ae919d2f" testId="299b8ee5-db15-4ef0-b22e-9e70053d48ac" testName="LoanAcctTrnInqWS_TestIFXSerialization" computerName="ip-10-8-96-225" duration="00:00:00.0031550" startTime="2023-10-04T13:17:36.4089202+00:00" endTime="2023-10-04T13:17:36.4133179+00:00" testType="13cdc9d9-ddb5-4fa4-a97d-d965ccfc6d4b" outcome="Passed" testListId="8c84fa94-04c1-424b-9868-57a2d4851a1d" relativeResultsDirectory="7120f521-cd65-46d8-bb6f-11a0ae919d2f" />
    <UnitTestResult executionId="711af6d5-db38-47bb-bcb1-2d37a5a68225" testId="1b31a852-d581-4e4f-8d13-7421801ab030" testName="EISClientTruvCreateUser_UserExistTest" computerName="ip-10-8-96-225" duration="00:00:00.0106667" startTime="2023-10-04T13:16:43.6115156+00:00" endTime="2023-10-04T13:16:43.6222806+00:00" testType="13cdc9d9-ddb5-4fa4-a97d-d965ccfc6d4b" outcome="Passed" testListId="8c84fa94-04c1-424b-9868-57a2d4851a1d" relativeResultsDirectory="711af6d5-db38-47bb-bcb1-2d37a5a68225">
      <Output>
        <StdOut>System.Exception: {"error":{"code":"incorrect_parameters","message":"Incorrect request parameters","extra":{"invalid -params":[{"field":"external_user_id","message":"User '' already exists: [user_id: eff96712ce4547bcbdca02f652fda9dd]"}]}}}
   at D3.CoreLive.Service.Clients.EISClient.TruvCreateUser(String User) in /tmp/_work/dbp-d3couple/dbp-d3couple/src/D3.CoreLive.Service/Clients/EISClient.cs:line 440
   at UnitTests.EISClientTests.TruvCreateUser.EISClientTruvCreateUser_UserExistTest() in /tmp/_work/dbp-d3couple/dbp-d3couple/test/UnitTests/EISClientTests/EISClientTruvCreateUser.cs:line 67</StdOut>
      </Output>
    </UnitTestResult>
    <UnitTestResult executionId="cfcfd37d-4f60-4937-b42f-56a52c6314fc" testId="a7f5e805-f7f1-4fa8-9f69-820af99abaa4" testName="IntradayHandler_DepositAccountInterestRateShouldBePresent" computerName="ip-10-8-96-225" duration="00:00:00.0041372" startTime="2023-10-04T13:19:48.6427147+00:00" endTime="2023-10-04T13:19:48.6469216+00:00" testType="13cdc9d9-ddb5-4fa4-a97d-d965ccfc6d4b" outcome="Passed" testListId="8c84fa94-04c1-424b-9868-57a2d4851a1d" relativeResultsDirectory="cfcfd37d-4f60-4937-b42f-56a52c6314fc" />
    <UnitTestResult executionId="f7a35e93-1fd6-48ac-992f-8069b444cee7" testId="5dc0697a-906f-429c-8e7b-97a17bcd92c4" testName="from_account_not_found" computerName="ip-10-8-96-225" duration="00:00:00.0010153" startTime="2023-10-04T13:16:42.3491746+00:00" endTime="2023-10-04T13:16:42.3502927+00:00" testType="13cdc9d9-ddb5-4fa4-a97d-d965ccfc6d4b" outcome="Passed" testListId="8c84fa94-04c1-424b-9868-57a2d4851a1d" relativeResultsDirectory="f7a35e93-1fd6-48ac-992f-8069b444cee7" />
    <UnitTestResult executionId="e8d4193c-2e35-4bed-ab4d-a7e7566d52d1" testId="bc5fbc15-9243-4db6-b41f-849552f09c8b" testName="to_account_not_found" computerName="ip-10-8-96-225" duration="00:00:00.0014013" startTime="2023-10-04T13:16:42.3523843+00:00" endTime="2023-10-04T13:16:42.3539002+00:00" testType="13cdc9d9-ddb5-4fa4-a97d-d965ccfc6d4b" outcome="Passed" testListId="8c84fa94-04c1-424b-9868-57a2d4851a1d" relativeResultsDirectory="e8d4193c-2e35-4bed-ab4d-a7e7566d52d1" />
    <UnitTestResult executionId="bf58b0ca-d30e-44db-84af-014b0e44c8b0" testId="f61b0dba-5514-44d9-ba95-7847e2d56236" testName="GetInsightsBody_Success" computerName="ip-10-8-96-225" duration="00:00:00.0043977" startTime="2023-10-04T13:21:08.6484470+00:00" endTime="2023-10-04T13:21:08.6530270+00:00" testType="13cdc9d9-ddb5-4fa4-a97d-d965ccfc6d4b" outcome="Passed" testListId="8c84fa94-04c1-424b-9868-57a2d4851a1d" relativeResultsDirectory="bf58b0ca-d30e-44db-84af-014b0e44c8b0" />
    <UnitTestResult executionId="c862e2cc-f588-4167-b08a-d854ca7e89d8" testId="05e418e6-0325-4f50-8acc-1909f5f9b04d" testName="IntradayController_SyncALL_SingleSignatureLoanFaked_Sync" computerName="ip-10-8-96-225" duration="00:00:00.0051764" startTime="2023-10-04T13:19:47.9685134+00:00" endTime="2023-10-04T13:19:47.9737602+00:00" testType="13cdc9d9-ddb5-4fa4-a97d-d965ccfc6d4b" outcome="Passed" testListId="8c84fa94-04c1-424b-9868-57a2d4851a1d" relativeResultsDirectory="c862e2cc-f588-4167-b08a-d854ca7e89d8" />
    <UnitTestResult executionId="845dcf20-9903-48a7-81f5-1482d1a395c0" testId="4e0e32d3-bbbc-4d1b-a2db-bb2156ec7540" testName="CoreLive_Rest_StopPayment_BadUserID" computerName="ip-10-8-96-225" duration="00:00:02.0676972" startTime="2023-10-04T13:18:11.0621306+00:00" endTime="2023-10-04T13:18:13.1299704+00:00" testType="13cdc9d9-ddb5-4fa4-a97d-d965ccfc6d4b" outcome="Passed" testListId="8c84fa94-04c1-424b-9868-57a2d4851a1d" relativeResultsDirectory="845dcf20-9903-48a7-81f5-1482d1a395c0">
      <Output>
        <StdOut>CommunicatorBaseUri is http://localhost:5011/
loanServ.BaseUri is https://api.sharedsvcs-nonprod.asb.local/
eDocs.NautilusBaseUrl is http://nautilus.d3couple.local/
OpenTelemetry tracing is disabled, make sure the keys (DynaTraceToken, DynaTraceTenantID, DynaTraceTraceUrl) are in the secret/configuration



Debug Trace:
Using EIS Private service at : https://api.sharedsvcs-nonprod.asb.local/
Using EIS Private service at : https://api-origin.dev.associatedbankservices.com/api/dev/addrssparsr</StdOut>
      </Output>
    </UnitTestResult>
    <UnitTestResult executionId="49c06f66-c98a-4ef6-9d18-da9fa9b1c817" testId="4090dffe-ebc8-428f-88e7-2e269dbcf8e3" testName="WhenCustomerFoundByDebitNumberAndDOBMatches_NoSFCif_NotFoundInSF_FoundInSignature_ThenSuccess (DD,5147515055555016)" computerName="ip-10-8-96-225" duration="00:00:00.1811597" startTime="2023-10-04T13:17:51.0652262+00:00" endTime="2023-10-04T13:17:51.2465560+00:00" testType="13cdc9d9-ddb5-4fa4-a97d-d965ccfc6d4b" outcome="Passed" testListId="8c84fa94-04c1-424b-9868-57a2d4851a1d" relativeResultsDirectory="49c06f66-c98a-4ef6-9d18-da9fa9b1c817">
      <Output>
        <StdOut>\u001b[40m\u001b[32minfo\u001b[39m\u001b[22m\u001b[49m: D3.CoreLive.Service.WorkerServices.VerifyUserWS[0]
      Customer Found With 1 Account(s)
\u001b[40m\u001b[32minfo\u001b[39m\u001b[22m\u001b[49m: D3.CoreLive.Service.WorkerServices.VerifyUserWS[0]
      Customer Verified With Card Account
\u001b[40m\u001b[32minfo\u001b[39m\u001b[22m\u001b[49m: D3.CoreLive.Service.WorkerServices.VerifyUserWS[0]
      User Verification Succeeded with null userId.  New userId has been generated
\u001b[40m\u001b[32minfo\u001b[39m\u001b[22m\u001b[49m: D3.CoreLive.Service.WorkerServices.VerifyUserWS[0]
      User Not Found In Entity
\u001b[40m\u001b[32minfo\u001b[39m\u001b[22m\u001b[49m: D3.CoreLive.Service.WorkerServices.VerifyUserWS[0]
      Customer Found With 1 Account(s)
\u001b[40m\u001b[32minfo\u001b[39m\u001b[22m\u001b[49m: D3.CoreLive.Service.WorkerServices.VerifyUserWS[0]
      Customer Verified With Card Account



Debug Trace:
Debug - CustomerListInquiryWS:BuildCustomerListInquiryRequest - request id 197b64ba-3025-4ebf-8733-b44f4d95081e
Debug - AccountInquiryWS:GetCustomer - request id aebfed9e-e1e3-4493-be89-834a3989c700 started for UID ABCD2342342342</StdOut>
      </Output>
    </UnitTestResult>
    <UnitTestResult executionId="6dc87fb2-0b3f-4dc7-be71-f9db56478bba" testId="e0efdca3-71ea-49db-9b22-dc7981f6a307" testName="WhenGetAccountInfoFail_ThenReturnFail" computerName="ip-10-8-96-225" duration="00:00:00.0013041" startTime="2023-10-04T13:20:17.1161290+00:00" endTime="2023-10-04T13:20:17.1175143+00:00" testType="13cdc9d9-ddb5-4fa4-a97d-d965ccfc6d4b" outcome="Passed" testListId="8c84fa94-04c1-424b-9868-57a2d4851a1d" relativeResultsDirectory="6dc87fb2-0b3f-4dc7-be71-f9db56478bba" />
    <UnitTestResult executionId="2e4a8503-8f25-425f-b889-c630f85141d6" testId="1fd77c0e-1ec1-4497-b467-05359c180f37" testName="IntradayHandlerTime_GetTransactionsReturnsFailure" computerName="ip-10-8-96-225" duration="00:00:00.0020123" startTime="2023-10-04T13:19:48.8125590+00:00" endTime="2023-10-04T13:19:48.8146872+00:00" testType="13cdc9d9-ddb5-4fa4-a97d-d965ccfc6d4b" outcome="Passed" testListId="8c84fa94-04c1-424b-9868-57a2d4851a1d" relativeResultsDirectory="2e4a8503-8f25-425f-b889-c630f85141d6" />
    <UnitTestResult executionId="5ff5084d-92e9-4037-884b-0e9808cd23eb" testId="a719b4ce-808d-4dab-8d6a-8dff57f9167d" testName="WhenInvalidRequest_ThenBadResponse (class UserVerificationResponse {&#xA;  AccountType: &#xA;  AccountNumber: &#xA;  DebitCardNumber: &#xA;  DateOfBirth: &#xA;  TaxId: &#xA;  Context: &#xA;}&#xA;)" computerName="ip-10-8-96-225" duration="00:00:00.0052735" startTime="2023-10-04T13:17:45.3700581+00:00" endTime="2023-10-04T13:17:45.3810445+00:00" testType="13cdc9d9-ddb5-4fa4-a97d-d965ccfc6d4b" outcome="Passed" testListId="8c84fa94-04c1-424b-9868-57a2d4851a1d" relativeResultsDirectory="5ff5084d-92e9-4037-884b-0e9808cd23eb">
      <Output>
        <StdOut>\u001b[41m\u001b[30mfail\u001b[39m\u001b[22m\u001b[49m: D3.CoreLive.Service.WorkerServices.VerifyUserWS[0]
      Invalid request format</StdOut>
      </Output>
    </UnitTestResult>
    <UnitTestResult executionId="30688d9a-a3d5-4368-b174-0efa6b5fec50" testId="bf60a761-de99-4c71-9b3c-fdcd9092cea6" testName="IntradayHandler_ProdIssue_SnowflakeEmpty_SignatureDataPresent" computerName="ip-10-8-96-225" duration="00:00:00.0049640" startTime="2023-10-04T13:19:48.6374425+00:00" endTime="2023-10-04T13:19:48.6424790+00:00" testType="13cdc9d9-ddb5-4fa4-a97d-d965ccfc6d4b" outcome="Passed" testListId="8c84fa94-04c1-424b-9868-57a2d4851a1d" relativeResultsDirectory="30688d9a-a3d5-4368-b174-0efa6b5fec50" />
    <UnitTestResult executionId="2a46e4ce-8f18-47ed-96cd-e599592848ba" testId="98be6ece-820b-42fe-bd48-745f256b6be7" testName="CanDetectSqlInjection" computerName="ip-10-8-96-225" duration="00:00:00.2446624" startTime="2023-10-04T13:16:40.8532260+00:00" endTime="2023-10-04T13:16:41.0984556+00:00" testType="13cdc9d9-ddb5-4fa4-a97d-d965ccfc6d4b" outcome="Passed" testListId="8c84fa94-04c1-424b-9868-57a2d4851a1d" relativeResultsDirectory="2a46e4ce-8f18-47ed-96cd-e599592848ba" />
    <UnitTestResult executionId="237df0c9-0ff3-4305-b60f-5a721b96c08e" testId="8357ec23-8976-4475-a2f3-603fe244c064" testName="OnDemandController_AccountRoute_SyncAll_SingleTimeFaked_Sync" computerName="ip-10-8-96-225" duration="00:00:00.0079917" startTime="2023-10-04T13:19:47.6716320+00:00" endTime="2023-10-04T13:19:47.6797001+00:00" testType="13cdc9d9-ddb5-4fa4-a97d-d965ccfc6d4b" outcome="Passed" testListId="8c84fa94-04c1-424b-9868-57a2d4851a1d" relativeResultsDirectory="237df0c9-0ff3-4305-b60f-5a721b96c08e" />
    <UnitTestResult executionId="3a7f83ba-6e21-4182-a23c-c0c3e12dd8d2" testId="d73083de-7593-4fa8-9dab-07eac032f099" testName="EISClient_AddressParse_EmptyFieldsSerializing2" computerName="ip-10-8-96-225" duration="00:00:00.0015302" startTime="2023-10-04T13:16:43.5461482+00:00" endTime="2023-10-04T13:16:43.5477662+00:00" testType="13cdc9d9-ddb5-4fa4-a97d-d965ccfc6d4b" outcome="Passed" testListId="8c84fa94-04c1-424b-9868-57a2d4851a1d" relativeResultsDirectory="3a7f83ba-6e21-4182-a23c-c0c3e12dd8d2" />
    <UnitTestResult executionId="c1c3717b-d4b0-4fcf-8bcb-3db13fab74a9" testId="acb4abb9-dc3b-430b-b575-2dc87a7a443c" testName="UpdateProfile_AddressUpdate_EmptyMailing" computerName="ip-10-8-96-225" duration="00:00:00.1545310" startTime="2023-10-04T13:17:40.6552455+00:00" endTime="2023-10-04T13:17:40.8098673+00:00" testType="13cdc9d9-ddb5-4fa4-a97d-d965ccfc6d4b" outcome="Passed" testListId="8c84fa94-04c1-424b-9868-57a2d4851a1d" relativeResultsDirectory="c1c3717b-d4b0-4fcf-8bcb-3db13fab74a9" />
    <UnitTestResult executionId="7b5c1a7c-cf17-4122-86b8-3935246c12db" testId="fff7a7f0-bf2d-40a1-86f1-a06a473afbf2" testName="IntradayHandler_InsertSnowflakeRelation_FailureTest" computerName="ip-10-8-96-225" duration="00:00:00.0185218" startTime="2023-10-04T13:19:48.6185931+00:00" endTime="2023-10-04T13:19:48.6371826+00:00" testType="13cdc9d9-ddb5-4fa4-a97d-d965ccfc6d4b" outcome="Passed" testListId="8c84fa94-04c1-424b-9868-57a2d4851a1d" relativeResultsDirectory="7b5c1a7c-cf17-4122-86b8-3935246c12db" />
    <UnitTestResult executionId="9f8a00c0-6070-4594-8b19-240e208be9b1" testId="1b919eb4-f086-4a4f-9135-50cb905f2764" testName="EISClientFDRDebitCardInquiry_BadCycle" computerName="ip-10-8-96-225" duration="00:00:00.0015964" startTime="2023-10-04T13:16:43.5766096+00:00" endTime="2023-10-04T13:16:43.5783486+00:00" testType="13cdc9d9-ddb5-4fa4-a97d-d965ccfc6d4b" outcome="Passed" testListId="8c84fa94-04c1-424b-9868-57a2d4851a1d" relativeResultsDirectory="9f8a00c0-6070-4594-8b19-240e208be9b1">
      <Output>
        <StdOut>Debug Trace:
FDRDebitCardInquiry api/fdrcustrecinq - returned errorErrorCode: FS001002, Message: Only 'M' cycle is allowed., Json: {"responseCode":453,"errorCode":"FS001002","message":"Only 'M' cycle is allowed."}
EISClient:FDRDebitCardInquiry failed</StdOut>
      </Output>
    </UnitTestResult>
    <UnitTestResult executionId="4cc656f9-aa30-4105-ad24-2731d45ccf22" testId="3c9b234b-c494-450f-8fe9-368781fc5385" testName="EDocs_GetAccountDocumentLinks_InvalidUID_ExpectEmptyData" computerName="ip-10-8-96-225" duration="00:00:00.0187398" startTime="2023-10-04T13:20:56.3683478+00:00" endTime="2023-10-04T13:20:56.3872342+00:00" testType="13cdc9d9-ddb5-4fa4-a97d-d965ccfc6d4b" outcome="Passed" testListId="8c84fa94-04c1-424b-9868-57a2d4851a1d" relativeResultsDirectory="4cc656f9-aa30-4105-ad24-2731d45ccf22" />
    <UnitTestResult executionId="9abc83d0-6a81-47b8-a908-153c20f28bc5" testId="5bd2c789-7e24-430e-9dc0-adfef434dce7" testName="StopPaymentHistoryTests_SingleStop" computerName="ip-10-8-96-225" duration="00:00:00.1487121" startTime="2023-10-04T13:17:37.7184469+00:00" endTime="2023-10-04T13:17:37.8672513+00:00" testType="13cdc9d9-ddb5-4fa4-a97d-d965ccfc6d4b" outcome="Passed" testListId="8c84fa94-04c1-424b-9868-57a2d4851a1d" relativeResultsDirectory="9abc83d0-6a81-47b8-a908-153c20f28bc5" />
    <UnitTestResult executionId="e64a3f2c-5883-4d64-8fb5-507c8daa9e9e" testId="ccec3c0c-ec02-4b84-af46-fd6cfdd9a247" testName="WhenCustomerNotFoundByAccountNumber_ThenUnsuccessfulResponse" computerName="ip-10-8-96-225" duration="00:00:00.1521174" startTime="2023-10-04T13:17:47.1145338+00:00" endTime="2023-10-04T13:17:47.2667961+00:00" testType="13cdc9d9-ddb5-4fa4-a97d-d965ccfc6d4b" outcome="Passed" testListId="8c84fa94-04c1-424b-9868-57a2d4851a1d" relativeResultsDirectory="e64a3f2c-5883-4d64-8fb5-507c8daa9e9e">
      <Output>
        <StdOut>\u001b[41m\u001b[30mfail\u001b[39m\u001b[22m\u001b[49m: D3.CoreLive.Service.WorkerServices.VerifyUserWS[0]
      CIF not found for DoB
\u001b[41m\u001b[30mfail\u001b[39m\u001b[22m\u001b[49m: D3.CoreLive.Service.WorkerServices.VerifyUserWS[0]
      Invalid Personal Identifier
\u001b[40m\u001b[32minfo\u001b[39m\u001b[22m\u001b[49m: D3.CoreLive.Service.WorkerServices.VerifyUserWS[0]
      User Not Found In Entity
\u001b[41m\u001b[30mfail\u001b[39m\u001b[22m\u001b[49m: D3.CoreLive.Service.WorkerServices.VerifyUserWS[0]
      Account Not Found



Debug Trace:
Debug - CustomerListInquiryWS:BuildCustomerListInquiryRequest - request id ebb945ce-fa9b-4578-9d73-0ceb62895bf5
Error - CustomerListInquiryResponse error - last 4 accountIdentifier :7890 : &lt;?xml version="1.0" encoding="utf-16"?&gt;&lt;IFX xmlns:xsi="http://www.w3.org/2001/XMLSchema-instance" xmlns:xsd="http://www.w3.org/2001/XMLSchema"&gt;  &lt;GeneralStatus&gt;    &lt;StatusCode&gt;200&lt;/StatusCode&gt;    &lt;StatusDesc&gt;The request was processed successfully.&lt;/StatusDesc&gt;  &lt;/GeneralStatus&gt;  &lt;Status&gt;    &lt;StatusCode&gt;0&lt;/StatusCode&gt;    &lt;Severity&gt;Info&lt;/Severity&gt;    &lt;StatusDesc&gt;The request was processed successfully.&lt;/StatusDesc&gt;    &lt;SupportUID&gt;c9fd6723-19bc-4684-919f-3ad10ed98c52&lt;/SupportUID&gt;  &lt;/Status&gt;  &lt;CIFSvcRs&gt;    &lt;CustListInqRs&gt;      &lt;Status&gt;        &lt;StatusCode&gt;100&lt;/StatusCode&gt;        &lt;Severity&gt;Error&lt;/Severity&gt;        &lt;Error&gt;          &lt;Source&gt;CBS Host&lt;/Source&gt;          &lt;ErrDesc&gt;Customer record not found&lt;/ErrDesc&gt;        &lt;/Error&gt;      &lt;/Status&gt;    &lt;/CustListInqRs&gt;  &lt;/CIFSvcRs&gt;&lt;/IFX&gt;)
Debug - CustomerListInquiryWS:BuildCustomerListInquiryRequest - request id c37fca44-bd59-481c-9e77-3cdf3dfadc0f
Error - CustomerListInquiryResponse error - last 4 accountIdentifier :7890 : &lt;?xml version="1.0" encoding="utf-16"?&gt;&lt;IFX xmlns:xsi="http://www.w3.org/2001/XMLSchema-instance" xmlns:xsd="http://www.w3.org/2001/XMLSchema"&gt;  &lt;GeneralStatus&gt;    &lt;StatusCode&gt;200&lt;/StatusCode&gt;    &lt;StatusDesc&gt;The request was processed successfully.&lt;/StatusDesc&gt;  &lt;/GeneralStatus&gt;  &lt;Status&gt;    &lt;StatusCode&gt;0&lt;/StatusCode&gt;    &lt;Severity&gt;Info&lt;/Severity&gt;    &lt;StatusDesc&gt;The request was processed successfully.&lt;/StatusDesc&gt;    &lt;SupportUID&gt;e24ae738-2fdb-42f6-a071-8d027a417c4f&lt;/SupportUID&gt;  &lt;/Status&gt;  &lt;CIFSvcRs&gt;    &lt;CustListInqRs&gt;      &lt;Status&gt;        &lt;StatusCode&gt;100&lt;/StatusCode&gt;        &lt;Severity&gt;Error&lt;/Severity&gt;        &lt;Error&gt;          &lt;Source&gt;CBS Host&lt;/Source&gt;          &lt;ErrDesc&gt;Customer record not found&lt;/ErrDesc&gt;        &lt;/Error&gt;      &lt;/Status&gt;    &lt;/CustListInqRs&gt;  &lt;/CIFSvcRs&gt;&lt;/IFX&gt;)
Debug - CustomerListInquiryWS:BuildCustomerListInquiryRequest - request id 286740ca-f036-4dac-88b5-52675f77b840
Error - CustomerListInquiryResponse error - last 4 accountIdentifier :7890 : &lt;?xml version="1.0" encoding="utf-16"?&gt;&lt;IFX xmlns:xsi="http://www.w3.org/2001/XMLSchema-instance" xmlns:xsd="http://www.w3.org/2001/XMLSchema"&gt;  &lt;GeneralStatus&gt;    &lt;StatusCode&gt;200&lt;/StatusCode&gt;    &lt;StatusDesc&gt;The request was processed successfully.&lt;/StatusDesc&gt;  &lt;/GeneralStatus&gt;  &lt;Status&gt;    &lt;StatusCode&gt;0&lt;/StatusCode&gt;    &lt;Severity&gt;Info&lt;/Severity&gt;    &lt;StatusDesc&gt;The request was processed successfully.&lt;/StatusDesc&gt;    &lt;SupportUID&gt;c1808606-9950-4311-bf9c-5c9dbc771af0&lt;/SupportUID&gt;  &lt;/Status&gt;  &lt;CIFSvcRs&gt;    &lt;CustListInqRs&gt;      &lt;Status&gt;        &lt;StatusCode&gt;100&lt;/StatusCode&gt;        &lt;Severity&gt;Error&lt;/Severity&gt;        &lt;Error&gt;          &lt;Source&gt;CBS Host&lt;/Source&gt;          &lt;ErrDesc&gt;Customer record not found&lt;/ErrDesc&gt;        &lt;/Error&gt;      &lt;/Status&gt;    &lt;/CustListInqRs&gt;  &lt;/CIFSvcRs&gt;&lt;/IFX&gt;)
Debug - CustomerListInquiryWS:BuildCustomerListInquiryRequest - request id 86d18fe5-0fb1-4fd3-96b4-011096bf1aca
Error - CustomerListInquiryResponse error - last 4 accountIdentifier :7890 : &lt;?xml version="1.0" encoding="utf-16"?&gt;&lt;IFX xmlns:xsi="http://www.w3.org/2001/XMLSchema-instance" xmlns:xsd="http://www.w3.org/2001/XMLSchema"&gt;  &lt;GeneralStatus&gt;    &lt;StatusCode&gt;200&lt;/StatusCode&gt;    &lt;StatusDesc&gt;The request was processed successfully.&lt;/StatusDesc&gt;  &lt;/GeneralStatus&gt;  &lt;Status&gt;    &lt;StatusCode&gt;0&lt;/StatusCode&gt;    &lt;Severity&gt;Info&lt;/Severity&gt;    &lt;StatusDesc&gt;The request was processed successfully.&lt;/StatusDesc&gt;    &lt;SupportUID&gt;148d7805-526f-4b12-8d0b-2911de846527&lt;/SupportUID&gt;  &lt;/Status&gt;  &lt;CIFSvcRs&gt;    &lt;CustListInqRs&gt;      &lt;Status&gt;        &lt;StatusCode&gt;100&lt;/StatusCode&gt;        &lt;Severity&gt;Error&lt;/Severity&gt;        &lt;Error&gt;          &lt;Source&gt;CBS Host&lt;/Source&gt;          &lt;ErrDesc&gt;Customer record not found&lt;/ErrDesc&gt;        &lt;/Error&gt;      &lt;/Status&gt;    &lt;/CustListInqRs&gt;  &lt;/CIFSvcRs&gt;&lt;/IFX&gt;)
Debug - CustomerListInquiryWS:BuildCustomerListInquiryRequest - request id 8aa99c6b-8848-489f-9e5e-4c8ba0bb904c
Error - CustomerListInquiryResponse error - last 4 accountIdentifier :7890 : &lt;?xml version="1.0" encoding="utf-16"?&gt;&lt;IFX xmlns:xsi="http://www.w3.org/2001/XMLSchema-instance" xmlns:xsd="http://www.w3.org/2001/XMLSchema"&gt;  &lt;GeneralStatus&gt;    &lt;StatusCode&gt;200&lt;/StatusCode&gt;    &lt;StatusDesc&gt;The request was processed successfully.&lt;/StatusDesc&gt;  &lt;/GeneralStatus&gt;  &lt;Status&gt;    &lt;StatusCode&gt;0&lt;/StatusCode&gt;    &lt;Severity&gt;Info&lt;/Severity&gt;    &lt;StatusDesc&gt;The request was processed successfully.&lt;/StatusDesc&gt;    &lt;SupportUID&gt;2887a022-985c-40d3-acac-9c01e2555248&lt;/SupportUID&gt;  &lt;/Status&gt;  &lt;CIFSvcRs&gt;    &lt;CustListInqRs&gt;      &lt;Status&gt;        &lt;StatusCode&gt;100&lt;/StatusCode&gt;        &lt;Severity&gt;Error&lt;/Severity&gt;        &lt;Error&gt;          &lt;Source&gt;CBS Host&lt;/Source&gt;          &lt;ErrDesc&gt;Customer record not found&lt;/ErrDesc&gt;        &lt;/Error&gt;      &lt;/Status&gt;    &lt;/CustListInqRs&gt;  &lt;/CIFSvcRs&gt;&lt;/IFX&gt;)
Debug - CustomerListInquiryWS:BuildCustomerListInquiryRequest - request id 209d1610-79a8-45ed-a010-167168d54ddc
Error - CustomerListInquiryResponse error - last 4 accountIdentifier :7890 : &lt;?xml version="1.0" encoding="utf-16"?&gt;&lt;IFX xmlns:xsi="http://www.w3.org/2001/XMLSchema-instance" xmlns:xsd="http://www.w3.org/2001/XMLSchema"&gt;  &lt;GeneralStatus&gt;    &lt;StatusCode&gt;200&lt;/StatusCode&gt;    &lt;StatusDesc&gt;The request was processed successfully.&lt;/StatusDesc&gt;  &lt;/GeneralStatus&gt;  &lt;Status&gt;    &lt;StatusCode&gt;0&lt;/StatusCode&gt;    &lt;Severity&gt;Info&lt;/Severity&gt;    &lt;StatusDesc&gt;The request was processed successfully.&lt;/StatusDesc&gt;    &lt;SupportUID&gt;9ae51e6e-2788-40a1-ab59-0909327d9c37&lt;/SupportUID&gt;  &lt;/Status&gt;  &lt;CIFSvcRs&gt;    &lt;CustListInqRs&gt;      &lt;Status&gt;        &lt;StatusCode&gt;100&lt;/StatusCode&gt;        &lt;Severity&gt;Error&lt;/Severity&gt;        &lt;Error&gt;          &lt;Source&gt;CBS Host&lt;/Source&gt;          &lt;ErrDesc&gt;Customer record not found&lt;/ErrDesc&gt;        &lt;/Error&gt;      &lt;/Status&gt;    &lt;/CustListInqRs&gt;  &lt;/CIFSvcRs&gt;&lt;/IFX&gt;)
Debug - CustomerListInquiryWS:BuildCustomerListInquiryRequest - request id 0f11b5b2-da8e-4f02-a2a2-214cea953056
Error - CustomerListInquiryResponse error - last 4 accountIdentifier :7890 : &lt;?xml version="1.0" encoding="utf-16"?&gt;&lt;IFX xmlns:xsi="http://www.w3.org/2001/XMLSchema-instance" xmlns:xsd="http://www.w3.org/2001/XMLSchema"&gt;  &lt;GeneralStatus&gt;    &lt;StatusCode&gt;200&lt;/StatusCode&gt;    &lt;StatusDesc&gt;The request was processed successfully.&lt;/StatusDesc&gt;  &lt;/GeneralStatus&gt;  &lt;Status&gt;    &lt;StatusCode&gt;0&lt;/StatusCode&gt;    &lt;Severity&gt;Info&lt;/Severity&gt;    &lt;StatusDesc&gt;The request was processed successfully.&lt;/StatusDesc&gt;    &lt;SupportUID&gt;74a238dc-ac51-4998-a43e-770384a9b2e9&lt;/SupportUID&gt;  &lt;/Status&gt;  &lt;CIFSvcRs&gt;    &lt;CustListInqRs&gt;      &lt;Status&gt;        &lt;StatusCode&gt;100&lt;/StatusCode&gt;        &lt;Severity&gt;Error&lt;/Severity&gt;        &lt;Error&gt;          &lt;Source&gt;CBS Host&lt;/Source&gt;          &lt;ErrDesc&gt;Customer record not found&lt;/ErrDesc&gt;        &lt;/Error&gt;      &lt;/Status&gt;    &lt;/CustListInqRs&gt;  &lt;/CIFSvcRs&gt;&lt;/IFX&gt;)</StdOut>
      </Output>
    </UnitTestResult>
    <UnitTestResult executionId="bc2e9cf1-6755-41de-8ec7-8ca72d5a6664" testId="15d56302-a0cc-494e-aaa5-fdf4b59886cc" testName="UpdateProfileAddress_SimulateWSErrorResponse" computerName="ip-10-8-96-225" duration="00:00:03.6726990" startTime="2023-10-04T13:19:23.9868343+00:00" endTime="2023-10-04T13:19:27.6596908+00:00" testType="13cdc9d9-ddb5-4fa4-a97d-d965ccfc6d4b" outcome="Passed" testListId="8c84fa94-04c1-424b-9868-57a2d4851a1d" relativeResultsDirectory="bc2e9cf1-6755-41de-8ec7-8ca72d5a6664">
      <Output>
        <StdOut>CommunicatorBaseUri is http://localhost:5011/
loanServ.BaseUri is https://api.sharedsvcs-nonprod.asb.local/
eDocs.NautilusBaseUrl is http://nautilus.d3couple.local/
OpenTelemetry tracing is disabled, make sure the keys (DynaTraceToken, DynaTraceTenantID, DynaTraceTraceUrl) are in the secret/configuration



Debug Trace:
Using EIS Private service at : https://api.sharedsvcs-nonprod.asb.local/
Using EIS Private service at : https://api-origin.dev.associatedbankservices.com/api/dev/addrssparsr</StdOut>
      </Output>
    </UnitTestResult>
    <UnitTestResult executionId="c4ee4c62-16d9-4524-b159-bffd8d0138ae" testId="9c653f80-68d0-4e96-b510-1d49f2b03745" testName="MockNautilus_GetAllDocuments_WithCustomerWithoutDocs_GetDocs_ShouldBe0" computerName="ip-10-8-96-225" duration="00:00:00.0055880" startTime="2023-10-04T13:16:42.1945488+00:00" endTime="2023-10-04T13:16:42.2003242+00:00" testType="13cdc9d9-ddb5-4fa4-a97d-d965ccfc6d4b" outcome="Passed" testListId="8c84fa94-04c1-424b-9868-57a2d4851a1d" relativeResultsDirectory="c4ee4c62-16d9-4524-b159-bffd8d0138ae">
      <Output>
        <StdOut>Debug Trace:
dbug: 10/4/2023 13:16:42.197 RelationalEventId.CommandCreating[20103] (Microsoft.EntityFrameworkCore.Database.Command) 
      Creating DbCommand for 'ExecuteReader'.
dbug: 10/4/2023 13:16:42.197 RelationalEventId.CommandCreated[20104] (Microsoft.EntityFrameworkCore.Database.Command) 
      Created DbCommand for 'ExecuteReader' (0ms).
dbug: 10/4/2023 13:16:42.197 RelationalEventId.ConnectionOpening[20000] (Microsoft.EntityFrameworkCore.Database.Connection) 
      Opening connection to database 'main' on server 'Databases/MockNautilus.db'.
dbug: 10/4/2023 13:16:42.198 RelationalEventId.ConnectionOpened[20001] (Microsoft.EntityFrameworkCore.Database.Connection) 
      Opened connection to database 'main' on server '/tmp/_work/dbp-d3couple/dbp-d3couple/test/UnitTests/bin/Debug/net6.0/Databases/MockNautilus.db'.
dbug: 10/4/2023 13:16:42.198 RelationalEventId.CommandExecuting[20100] (Microsoft.EntityFrameworkCore.Database.Command) 
      Executing DbCommand [Parameters=[@__uid_0='?' (Size = 9)], CommandType='Text', CommandTimeout='30']
      SELECT "t"."USER_ID", "t"."FIRST_NAME", "t"."LAST_NAME", "t"."MIDDLE_NAME", "t"."TAX_ID"
      FROM "T_MOCK_USER" AS "t"
      WHERE "t"."TAX_ID" = @__uid_0
      LIMIT 1
info: 10/4/2023 13:16:42.198 RelationalEventId.CommandExecuted[20101] (Microsoft.EntityFrameworkCore.Database.Command) 
      Executed DbCommand (0ms) [Parameters=[@__uid_0='?' (Size = 9)], CommandType='Text', CommandTimeout='30']
      SELECT "t"."USER_ID", "t"."FIRST_NAME", "t"."LAST_NAME", "t"."MIDDLE_NAME", "t"."TAX_ID"
      FROM "T_MOCK_USER" AS "t"
      WHERE "t"."TAX_ID" = @__uid_0
      LIMIT 1
dbug: 10/4/2023 13:16:42.198 CoreEventId.StartedTracking[10806] (Microsoft.EntityFrameworkCore.ChangeTracking) 
      Context 'NautilusContext' started tracking 'DbUser' entity. Consider using 'DbContextOptionsBuilder.EnableSensitiveDataLogging' to see key values.
dbug: 10/4/2023 13:16:42.199 RelationalEventId.DataReaderDisposing[20300] (Microsoft.EntityFrameworkCore.Database.Command) 
      A data reader was disposed.
dbug: 10/4/2023 13:16:42.199 RelationalEventId.ConnectionClosing[20002] (Microsoft.EntityFrameworkCore.Database.Connection) 
      Closing connection to database 'main' on server '/tmp/_work/dbp-d3couple/dbp-d3couple/test/UnitTests/bin/Debug/net6.0/Databases/MockNautilus.db'.
dbug: 10/4/2023 13:16:42.199 RelationalEventId.ConnectionClosed[20003] (Microsoft.EntityFrameworkCore.Database.Connection) 
      Closed connection to database 'main' on server 'Databases/MockNautilus.db'.
dbug: 10/4/2023 13:16:42.199 RelationalEventId.CommandCreating[20103] (Microsoft.EntityFrameworkCore.Database.Command) 
      Creating DbCommand for 'ExecuteReader'.
dbug: 10/4/2023 13:16:42.199 RelationalEventId.CommandCreated[20104] (Microsoft.EntityFrameworkCore.Database.Command) 
      Created DbCommand for 'ExecuteReader' (0ms).
dbug: 10/4/2023 13:16:42.199 RelationalEventId.ConnectionOpening[20000] (Microsoft.EntityFrameworkCore.Database.Connection) 
      Opening connection to database 'main' on server 'Databases/MockNautilus.db'.
dbug: 10/4/2023 13:16:42.199 RelationalEventId.ConnectionOpened[20001] (Microsoft.EntityFrameworkCore.Database.Connection) 
      Opened connection to database 'main' on server '/tmp/_work/dbp-d3couple/dbp-d3couple/test/UnitTests/bin/Debug/net6.0/Databases/MockNautilus.db'.
dbug: 10/4/2023 13:16:42.199 RelationalEventId.CommandExecuting[20100] (Microsoft.EntityFrameworkCore.Database.Command) 
      Executing DbCommand [Parameters=[@__user_UserId_0='?' (Size = 8)], CommandType='Text', CommandTimeout='30']
      SELECT "t"."DOCUMENT_ID", "t"."ACCOUNT_ID", "t"."DOCUMENT_DATE", "t"."DOCUMENT_NAME", "t"."DOCUMENT_TYPE", "t"."USER_ID", "t1"."ACCOUNT_ID", "t1"."USER_ID", "t1"."ACCOUNT_NUMBER"
      FROM "T_MOCK_DOCUMENT" AS "t"
      LEFT JOIN "T_MOCK_USER" AS "t0" ON "t"."USER_ID" = "t0"."USER_ID"
      LEFT JOIN "T_MOCK_ACCOUNT" AS "t1" ON ("t"."ACCOUNT_ID" = "t1"."ACCOUNT_ID") AND ("t"."USER_ID" = "t1"."USER_ID")
      WHERE "t0"."USER_ID" = @__user_UserId_0
info: 10/4/2023 13:16:42.200 RelationalEventId.CommandExecuted[20101] (Microsoft.EntityFrameworkCore.Database.Command) 
      Executed DbCommand (0ms) [Parameters=[@__user_UserId_0='?' (Size = 8)], CommandType='Text', CommandTimeout='30']
      SELECT "t"."DOCUMENT_ID", "t"."ACCOUNT_ID", "t"."DOCUMENT_DATE", "t"."DOCUMENT_NAME", "t"."DOCUMENT_TYPE", "t"."USER_ID", "t1"."ACCOUNT_ID", "t1"."USER_ID", "t1"."ACCOUNT_NUMBER"
      FROM "T_MOCK_DOCUMENT" AS "t"
      LEFT JOIN "T_MOCK_USER" AS "t0" ON "t"."USER_ID" = "t0"."USER_ID"
      LEFT JOIN "T_MOCK_ACCOUNT" AS "t1" ON ("t"."ACCOUNT_ID" = "t1"."ACCOUNT_ID") AND ("t"."USER_ID" = "t1"."USER_ID")
      WHERE "t0"."USER_ID" = @__user_UserId_0
dbug: 10/4/2023 13:16:42.200 RelationalEventId.DataReaderDisposing[20300] (Microsoft.EntityFrameworkCore.Database.Command) 
      A data reader was disposed.
dbug: 10/4/2023 13:16:42.200 RelationalEventId.ConnectionClosing[20002] (Microsoft.EntityFrameworkCore.Database.Connection) 
      Closing connection to database 'main' on server '/tmp/_work/dbp-d3couple/dbp-d3couple/test/UnitTests/bin/Debug/net6.0/Databases/MockNautilus.db'.
dbug: 10/4/2023 13:16:42.200 RelationalEventId.ConnectionClosed[20003] (Microsoft.EntityFrameworkCore.Database.Connection) 
      Closed connection to database 'main' on server 'Databases/MockNautilus.db'.</StdOut>
      </Output>
    </UnitTestResult>
    <UnitTestResult executionId="9d7f3bcd-a2de-4f09-a1fe-6323c723d3c2" testId="b093eee7-1563-4ddf-aab6-d28b93ff44f9" testName="WexHSAInquiryHandler_MapResponse_Success" computerName="ip-10-8-96-225" duration="00:00:00.0012962" startTime="2023-10-04T13:20:18.3262399+00:00" endTime="2023-10-04T13:20:18.3276129+00:00" testType="13cdc9d9-ddb5-4fa4-a97d-d965ccfc6d4b" outcome="Passed" testListId="8c84fa94-04c1-424b-9868-57a2d4851a1d" relativeResultsDirectory="9d7f3bcd-a2de-4f09-a1fe-6323c723d3c2">
      <Output>
        <StdOut>Debug Trace:
WexAccountInquiryResponse last4 of WexAccountNumber test</StdOut>
      </Output>
    </UnitTestResult>
    <UnitTestResult executionId="e3cbfe00-d40a-4e76-b2b7-f5577f59b388" testId="db96f608-9094-4c9e-a812-6b5347b2746d" testName="WhenTransCRTypeProductConstructionLoan_FilterTrans" computerName="ip-10-8-96-225" duration="00:00:00.0026678" startTime="2023-10-04T13:20:17.1561026+00:00" endTime="2023-10-04T13:20:17.1588395+00:00" testType="13cdc9d9-ddb5-4fa4-a97d-d965ccfc6d4b" outcome="Passed" testListId="8c84fa94-04c1-424b-9868-57a2d4851a1d" relativeResultsDirectory="e3cbfe00-d40a-4e76-b2b7-f5577f59b388" />
    <UnitTestResult executionId="fefbb3ad-1f5a-4ea2-8da7-cf1dbe10d816" testId="343a3ebe-e576-48c5-a605-4ed1868758c9" testName="UpdateProfile_ContactUpdateFailure" computerName="ip-10-8-96-225" duration="00:00:00.1505982" startTime="2023-10-04T13:17:43.1134113+00:00" endTime="2023-10-04T13:17:43.2642430+00:00" testType="13cdc9d9-ddb5-4fa4-a97d-d965ccfc6d4b" outcome="Passed" testListId="8c84fa94-04c1-424b-9868-57a2d4851a1d" relativeResultsDirectory="fefbb3ad-1f5a-4ea2-8da7-cf1dbe10d816" />
    <UnitTestResult executionId="9aa3c20e-03c1-4bce-bef0-8f357b5ba75e" testId="6a9ae2d1-dd8e-4d5f-90d6-897aeca4cd86" testName="IntradayController_SyncACCOUNTS_SingleHSAFaked" computerName="ip-10-8-96-225" duration="00:00:00.0052434" startTime="2023-10-04T13:19:47.9477378+00:00" endTime="2023-10-04T13:19:47.9530636+00:00" testType="13cdc9d9-ddb5-4fa4-a97d-d965ccfc6d4b" outcome="Passed" testListId="8c84fa94-04c1-424b-9868-57a2d4851a1d" relativeResultsDirectory="9aa3c20e-03c1-4bce-bef0-8f357b5ba75e">
      <Output>
        <StdOut>Debug Trace:
WexAccountInquiryResponse last4 of WexAccountNumber 4222</StdOut>
      </Output>
    </UnitTestResult>
    <UnitTestResult executionId="2c868216-4b52-4114-a958-d353be1140b6" testId="24628bec-fceb-49ee-a79b-c6627b9f089f" testName="WhenBusinessFoundByAccountNumberButTaxIdDoesNotMatch_ThenFailureResponse" computerName="ip-10-8-96-225" duration="00:00:00.1544462" startTime="2023-10-04T13:17:47.5209296+00:00" endTime="2023-10-04T13:17:47.6754988+00:00" testType="13cdc9d9-ddb5-4fa4-a97d-d965ccfc6d4b" outcome="Passed" testListId="8c84fa94-04c1-424b-9868-57a2d4851a1d" relativeResultsDirectory="2c868216-4b52-4114-a958-d353be1140b6">
      <Output>
        <StdOut>\u001b[40m\u001b[32minfo\u001b[39m\u001b[22m\u001b[49m: D3.CoreLive.Service.WorkerServices.VerifyUserWS[0]
      User Not Found In Entity
\u001b[41m\u001b[30mfail\u001b[39m\u001b[22m\u001b[49m: D3.CoreLive.Service.WorkerServices.VerifyUserWS[0]
      CIF not found for taxID
\u001b[41m\u001b[30mfail\u001b[39m\u001b[22m\u001b[49m: D3.CoreLive.Service.WorkerServices.VerifyUserWS[0]
      Invalid Personal Identifier



Debug Trace:
Debug - CustomerListInquiryWS:BuildCustomerListInquiryRequest - request id 33c52aab-e4dc-4f6a-aa57-3374f5be8dc1</StdOut>
      </Output>
    </UnitTestResult>
    <UnitTestResult executionId="85842381-293b-4cf4-a960-812d5f876029" testId="0030b903-b8d6-4e0e-b12d-981c6fa45337" testName="EISClientPersoneticsADIEInquiry_SuccessTest" computerName="ip-10-8-96-225" duration="00:00:00.0132574" startTime="2023-10-04T13:16:43.5796113+00:00" endTime="2023-10-04T13:16:43.5930914+00:00" testType="13cdc9d9-ddb5-4fa4-a97d-d965ccfc6d4b" outcome="Passed" testListId="8c84fa94-04c1-424b-9868-57a2d4851a1d" relativeResultsDirectory="85842381-293b-4cf4-a960-812d5f876029" />
    <UnitTestResult executionId="db19f1de-b88a-4e77-83c7-64e028fe8f10" testId="f2f46c26-9e7d-4985-b34e-0c21ab95b482" testName="WhenRequiredFieldMissing_ThenBadRequestReturned" computerName="ip-10-8-96-225" duration="00:00:00.0016129" startTime="2023-10-04T13:19:10.9946067+00:00" endTime="2023-10-04T13:19:10.9963077+00:00" testType="13cdc9d9-ddb5-4fa4-a97d-d965ccfc6d4b" outcome="Passed" testListId="8c84fa94-04c1-424b-9868-57a2d4851a1d" relativeResultsDirectory="db19f1de-b88a-4e77-83c7-64e028fe8f10" />
    <UnitTestResult executionId="f9b37dfe-cf79-46b9-b926-c3bb4fa4192f" testId="41163f0c-de97-4538-9d80-b2fa6f543d3c" testName="WhenBusinessFoundByDebitCardNumberAndTaxIdMatches_ThenSuccessfulResponse" computerName="ip-10-8-96-225" duration="00:00:00.2150746" startTime="2023-10-04T13:17:48.8636199+00:00" endTime="2023-10-04T13:17:49.0788148+00:00" testType="13cdc9d9-ddb5-4fa4-a97d-d965ccfc6d4b" outcome="Passed" testListId="8c84fa94-04c1-424b-9868-57a2d4851a1d" relativeResultsDirectory="f9b37dfe-cf79-46b9-b926-c3bb4fa4192f">
      <Output>
        <StdOut>\u001b[40m\u001b[32minfo\u001b[39m\u001b[22m\u001b[49m: D3.CoreLive.Service.WorkerServices.VerifyUserWS[0]
      Customer Found With 1 Account(s)</StdOut>
      </Output>
    </UnitTestResult>
    <UnitTestResult executionId="ce2d6a4a-08af-470a-a118-49bf865e5e05" testId="8141ee90-5068-4284-a436-d9b9bccc53ce" testName="EDocsWS_Fake_GetDocumentsByAccount_MultipleDocs_Success" computerName="ip-10-8-96-225" duration="00:00:02.5061094" startTime="2023-10-04T13:17:04.5342806+00:00" endTime="2023-10-04T13:17:07.0405601+00:00" testType="13cdc9d9-ddb5-4fa4-a97d-d965ccfc6d4b" outcome="Passed" testListId="8c84fa94-04c1-424b-9868-57a2d4851a1d" relativeResultsDirectory="ce2d6a4a-08af-470a-a118-49bf865e5e05">
      <Output>
        <StdOut>\u001b[40m\u001b[32minfo\u001b[39m\u001b[22m\u001b[49m: D3.CoreLive.Service.WorkerServices.EDocsWS[0]
      ET:GetAllDocumentsForAccountAsync total time 0ms
\u001b[40m\u001b[32minfo\u001b[39m\u001b[22m\u001b[49m: D3.CoreLive.Service.WorkerServices.EDocsWS[0]
      SetDocumentHostingUris: StatementDocuments Count = 2
\u001b[40m\u001b[32minfo\u001b[39m\u001b[22m\u001b[49m: D3.CoreLive.Service.WorkerServices.EDocsWS[0]
      ET:GenerateDocumentUrl 2 total time 0ms
\u001b[40m\u001b[32minfo\u001b[39m\u001b[22m\u001b[49m: D3.CoreLive.Service.WorkerServices.EDocsWS[0]
      ET:GenerateDocumentUrl 3 total time 0ms
\u001b[40m\u001b[32minfo\u001b[39m\u001b[22m\u001b[49m: D3.CoreLive.Service.WorkerServices.EDocsWS[0]
      SetDocumentHostingUris: NoticeDocuments Count = 2
\u001b[40m\u001b[32minfo\u001b[39m\u001b[22m\u001b[49m: D3.CoreLive.Service.WorkerServices.EDocsWS[0]
      ET:GenerateDocumentUrl 0 total time 0ms
\u001b[40m\u001b[32minfo\u001b[39m\u001b[22m\u001b[49m: D3.CoreLive.Service.WorkerServices.EDocsWS[0]
      ET:GenerateDocumentUrl 1 total time 0ms
\u001b[40m\u001b[32minfo\u001b[39m\u001b[22m\u001b[49m: D3.CoreLive.Service.WorkerServices.EDocsWS[0]
      ET:SetDocumentHostingUris total time 2ms



Debug Trace:
Information - ET:QueryList CoreLive.Common.DB.Queries.AllowedRelationshipStatus total time 358ms
Information - ET:QueryList CoreLive.Common.DB.Queries.AllowedProductCode total time 354ms
Information - ET:QueryList CoreLive.Common.DB.Queries.AllowedRelationshipStatus total time 327ms
Information - ET:QueryList CoreLive.Common.DB.Queries.AllowedProductCode total time 243ms</StdOut>
      </Output>
    </UnitTestResult>
    <UnitTestResult executionId="2861810e-eff9-4bbe-8550-af5fae49906c" testId="8f2950bf-c43e-4653-80d4-3ffa0197feba" testName="WhenAccountHasNoStatus_ThenUnsuccessfulResponse" computerName="ip-10-8-96-225" duration="00:00:00.1463356" startTime="2023-10-04T13:17:46.8137815+00:00" endTime="2023-10-04T13:17:46.9602496+00:00" testType="13cdc9d9-ddb5-4fa4-a97d-d965ccfc6d4b" outcome="Passed" testListId="8c84fa94-04c1-424b-9868-57a2d4851a1d" relativeResultsDirectory="2861810e-eff9-4bbe-8550-af5fae49906c">
      <Output>
        <StdOut>\u001b[41m\u001b[30mfail\u001b[39m\u001b[22m\u001b[49m: D3.CoreLive.Service.WorkerServices.VerifyUserWS[0]
      Invalid Account Status Code
\u001b[41m\u001b[30mfail\u001b[39m\u001b[22m\u001b[49m: D3.CoreLive.Service.WorkerServices.VerifyUserWS[0]
      Invalid Account Status Code
\u001b[40m\u001b[32minfo\u001b[39m\u001b[22m\u001b[49m: D3.CoreLive.Service.WorkerServices.VerifyUserWS[0]
      User Not Found In Entity



Debug Trace:
Debug - CustomerListInquiryWS:BuildCustomerListInquiryRequest - request id 8aa75c08-44a9-4298-856b-bbea2423b6b5</StdOut>
      </Output>
    </UnitTestResult>
    <UnitTestResult executionId="9c6eacab-caa8-4a52-ae86-f74d0fb098b4" testId="0b494bc6-3c51-43aa-b5ea-8a682bbeaebc" testName="IntradayController_SyncACCOUNTS_SingleCreditCardFaked" computerName="ip-10-8-96-225" duration="00:00:00.0056664" startTime="2023-10-04T13:19:47.9375701+00:00" endTime="2023-10-04T13:19:47.9433450+00:00" testType="13cdc9d9-ddb5-4fa4-a97d-d965ccfc6d4b" outcome="Passed" testListId="8c84fa94-04c1-424b-9868-57a2d4851a1d" relativeResultsDirectory="9c6eacab-caa8-4a52-ae86-f74d0fb098b4">
      <Output>
        <StdOut>Debug Trace:
CreditCardAccountInquiryResponse last4 of ElanUID TEST
Could not parse 202107DD as date MMddyyyy System.FormatException: String '202107DD' was not recognized as a valid DateTime.
   at System.DateTime.ParseExact(String s, String format, IFormatProvider provider)
   at AB.EIS.Specification.CreditCardAccountInquiryResponse.get_NextPaymentDueDateAsDate() in /tmp/_work/dbp-d3couple/dbp-d3couple/src/AB.Eis.Specification/CreditCardAccountInquiryResponse.cs:line 81
Could not parse 202107DD as date MMddyyyy System.FormatException: String '202107DD' was not recognized as a valid DateTime.
   at System.DateTime.ParseExact(String s, String format, IFormatProvider provider)
   at AB.EIS.Specification.CreditCardAccountInquiryResponse.get_NextPaymentDueDateAsDate() in /tmp/_work/dbp-d3couple/dbp-d3couple/src/AB.Eis.Specification/CreditCardAccountInquiryResponse.cs:line 81</StdOut>
      </Output>
    </UnitTestResult>
    <UnitTestResult executionId="652414f7-f3b3-4896-b462-f2fd568ef404" testId="33738be6-2ab1-4ce2-b992-331c7cac4aba" testName="WhenWeirdWIAddress_ThenFailureReturned" computerName="ip-10-8-96-225" duration="00:00:00.1554735" startTime="2023-10-04T13:19:01.3405685+00:00" endTime="2023-10-04T13:19:01.4961561+00:00" testType="13cdc9d9-ddb5-4fa4-a97d-d965ccfc6d4b" outcome="Passed" testListId="8c84fa94-04c1-424b-9868-57a2d4851a1d" relativeResultsDirectory="652414f7-f3b3-4896-b462-f2fd568ef404" />
    <UnitTestResult executionId="79fdc9b3-d1a4-4033-aa73-376c85242411" testId="73547727-372d-46ce-83ae-1e405d365567" testName="WhenCustomerListInquiryReturnsNotResults_Fail" computerName="ip-10-8-96-225" duration="00:00:00.1432024" startTime="2023-10-04T13:17:52.6683533+00:00" endTime="2023-10-04T13:17:52.8116929+00:00" testType="13cdc9d9-ddb5-4fa4-a97d-d965ccfc6d4b" outcome="Passed" testListId="8c84fa94-04c1-424b-9868-57a2d4851a1d" relativeResultsDirectory="79fdc9b3-d1a4-4033-aa73-376c85242411">
      <Output>
        <StdOut>\u001b[40m\u001b[32minfo\u001b[39m\u001b[22m\u001b[49m: D3.CoreLive.Service.WorkerServices.VerifyUserWS[0]
      Customer Found With 1 Account(s)
\u001b[40m\u001b[32minfo\u001b[39m\u001b[22m\u001b[49m: D3.CoreLive.Service.WorkerServices.VerifyUserWS[0]
      Customer Verified With Card Account
\u001b[41m\u001b[30mfail\u001b[39m\u001b[22m\u001b[49m: D3.CoreLive.Service.WorkerServices.VerifyUserWS[0]
      CIF not found for taxID
\u001b[41m\u001b[30mfail\u001b[39m\u001b[22m\u001b[49m: D3.CoreLive.Service.WorkerServices.VerifyUserWS[0]
      Invalid Personal Identifier
\u001b[40m\u001b[32minfo\u001b[39m\u001b[22m\u001b[49m: D3.CoreLive.Service.WorkerServices.VerifyUserWS[0]
      User Not Found In Entity



Debug Trace:
Debug - CustomerListInquiryWS:BuildCustomerListInquiryRequest - request id 6133c3e2-d72b-48b9-a77e-98b3e9577f48</StdOut>
      </Output>
    </UnitTestResult>
  </Results>
  <TestDefinitions>
    <UnitTest name="ActivationZoneNewAccountPropertyGetAccountsAndTransactionsFailPostConduit" storage="/tmp/_work/dbp-d3couple/dbp-d3couple/test/unittests/bin/debug/net6.0/unittests.dll" id="f49bf3a7-5bff-4e9e-acc6-ebc0832c663e">
      <Execution id="bb459c49-e058-4360-a8bc-ac4350199731" />
      <TestMethod codeBase="/tmp/_work/dbp-d3couple/dbp-d3couple/test/UnitTests/bin/Debug/net6.0/UnitTests.dll" adapterTypeName="executor://mstestadapter/v2" className="UnitTests.CoreLive.Api.REST.Conduit.ActivationZoneAttributeTests" name="ActivationZoneNewAccountPropertyGetAccountsAndTransactionsFailPostConduit" />
    </UnitTest>
    <UnitTest name="PersoneticsController_StartChat_Failure" storage="/tmp/_work/dbp-d3couple/dbp-d3couple/test/unittests/bin/debug/net6.0/unittests.dll" id="2812f71d-db26-4f5d-a12e-8e344d48a9ee">
      <Execution id="bd8a5a8b-0e41-40a5-96e8-9288db9c35f4" />
      <TestMethod codeBase="/tmp/_work/dbp-d3couple/dbp-d3couple/test/UnitTests/bin/Debug/net6.0/UnitTests.dll" adapterTypeName="executor://mstestadapter/v2" className="UnitTests.CoreLive.Api.REST.EIS.PersonetisADIEControllerTests" name="PersoneticsController_StartChat_Failure" />
    </UnitTest>
    <UnitTest name="WhenCustomerDoesNotOwnFromAccount_TransferFundsFailsWith400" storage="/tmp/_work/dbp-d3couple/dbp-d3couple/test/unittests/bin/debug/net6.0/unittests.dll" id="9d3a60f9-5810-43fb-9671-edb9cf207146">
      <Execution id="5683e162-0bdc-4a1c-8501-cddac85e68ab" />
      <TestMethod codeBase="/tmp/_work/dbp-d3couple/dbp-d3couple/test/UnitTests/bin/Debug/net6.0/UnitTests.dll" adapterTypeName="executor://mstestadapter/v2" className="UnitTests.CoreLive.WorkerServices.InternalTransfersTest" name="WhenCustomerDoesNotOwnFromAccount_TransferFundsFailsWith400" />
    </UnitTest>
    <UnitTest name="IntradayHandlerCreditCard_GetAccountsAndTransactionsCCOnly" storage="/tmp/_work/dbp-d3couple/dbp-d3couple/test/unittests/bin/debug/net6.0/unittests.dll" id="99bc8399-bb8c-47f1-a431-f04e43cd59e7">
      <Execution id="c9d3527a-1ca1-4974-8df0-6d83c455b9b1" />
      <TestMethod codeBase="/tmp/_work/dbp-d3couple/dbp-d3couple/test/UnitTests/bin/Debug/net6.0/UnitTests.dll" adapterTypeName="executor://mstestadapter/v2" className="UnitTests.CoreLive.Api.REST.Intraday.IntradayHandlerCreditCardTests" name="IntradayHandlerCreditCard_GetAccountsAndTransactionsCCOnly" />
    </UnitTest>
    <UnitTest name="EDocsWS_Fake_GetDocumentsByAccount_NoDocs_Success" storage="/tmp/_work/dbp-d3couple/dbp-d3couple/test/unittests/bin/debug/net6.0/unittests.dll" id="abab22af-6aab-427c-a283-d40574ba22ee">
      <TestCategory>
        <TestCategoryItem TestCategory="TestUsesSnowflake" />
      </TestCategory>
      <Execution id="ff82e344-3b65-4916-8f4e-2242610b76db" />
      <TestMethod codeBase="/tmp/_work/dbp-d3couple/dbp-d3couple/test/UnitTests/bin/Debug/net6.0/UnitTests.dll" adapterTypeName="executor://mstestadapter/v2" className="UnitTests.CoreLive.WorkerServices.EDocsWsTest" name="EDocsWS_Fake_GetDocumentsByAccount_NoDocs_Success" />
    </UnitTest>
    <UnitTest name="WhenCustomerNotFoundByAccountNumber_ThenUnsuccessfulResponse" storage="/tmp/_work/dbp-d3couple/dbp-d3couple/test/unittests/bin/debug/net6.0/unittests.dll" id="ccec3c0c-ec02-4b84-af46-fd6cfdd9a247">
      <Execution id="e64a3f2c-5883-4d64-8fb5-507c8daa9e9e" />
      <TestMethod codeBase="/tmp/_work/dbp-d3couple/dbp-d3couple/test/UnitTests/bin/Debug/net6.0/UnitTests.dll" adapterTypeName="executor://mstestadapter/v2" className="UnitTests.CoreLive.WorkerServices.VerifyUserWorkServiceTest" name="WhenCustomerNotFoundByAccountNumber_ThenUnsuccessfulResponse" />
    </UnitTest>
    <UnitTest name="UpdateProfileAddress_SimulateCIFTranslationFailed" storage="/tmp/_work/dbp-d3couple/dbp-d3couple/test/unittests/bin/debug/net6.0/unittests.dll" id="1a4c44c4-93a0-475f-9d2a-18d2b51ca6ee">
      <Execution id="b6661774-b150-4210-8db1-7c63c1777df8" />
      <TestMethod codeBase="/tmp/_work/dbp-d3couple/dbp-d3couple/test/UnitTests/bin/Debug/net6.0/UnitTests.dll" adapterTypeName="executor://mstestadapter/v2" className="UnitTests.CoreLive.Api.REST.v4.UpdateProfileAddress" name="UpdateProfileAddress_SimulateCIFTranslationFailed" />
    </UnitTest>
    <UnitTest name="WhenCustomerListInquiryReturnsNotResults_Fail" storage="/tmp/_work/dbp-d3couple/dbp-d3couple/test/unittests/bin/debug/net6.0/unittests.dll" id="73547727-372d-46ce-83ae-1e405d365567">
      <Execution id="79fdc9b3-d1a4-4033-aa73-376c85242411" />
      <TestMethod codeBase="/tmp/_work/dbp-d3couple/dbp-d3couple/test/UnitTests/bin/Debug/net6.0/UnitTests.dll" adapterTypeName="executor://mstestadapter/v2" className="UnitTests.CoreLive.WorkerServices.VerifyUserWorkServiceTest_InstantIssueDebit" name="WhenCustomerListInquiryReturnsNotResults_Fail" />
    </UnitTest>
    <UnitTest name="UpdateProfile_IncompleteAddress2Update" storage="/tmp/_work/dbp-d3couple/dbp-d3couple/test/unittests/bin/debug/net6.0/unittests.dll" id="97be8fff-089c-40f9-b23c-02750c2be8ae">
      <Execution id="b97dea24-8b50-41e0-8913-f4f1769e54c8" />
      <TestMethod codeBase="/tmp/_work/dbp-d3couple/dbp-d3couple/test/UnitTests/bin/Debug/net6.0/UnitTests.dll" adapterTypeName="executor://mstestadapter/v2" className="UnitTests.CoreLive.WorkerServices.UpdateProfileWorkerServiceAddressTests" name="UpdateProfile_IncompleteAddress2Update" />
    </UnitTest>
    <UnitTest name="WhenValidInputButInvalidRelCodeBEN_ThenUnsuccessfulResponse" storage="/tmp/_work/dbp-d3couple/dbp-d3couple/test/unittests/bin/debug/net6.0/unittests.dll" id="b96c127a-ef5f-4159-8cb9-a06dbe8e3c35">
      <Execution id="6fe9c9f1-9a48-49af-876c-5839e7cd2011" />
      <TestMethod codeBase="/tmp/_work/dbp-d3couple/dbp-d3couple/test/UnitTests/bin/Debug/net6.0/UnitTests.dll" adapterTypeName="executor://mstestadapter/v2" className="UnitTests.CoreLive.WorkerServices.VerifyUserWorkServiceTest" name="WhenValidInputButInvalidRelCodeBEN_ThenUnsuccessfulResponse" />
    </UnitTest>
    <UnitTest name="EDocs_Retrieve_Document_TestUser" storage="/tmp/_work/dbp-d3couple/dbp-d3couple/test/unittests/bin/debug/net6.0/unittests.dll" id="72b95c3d-705e-40c2-a56c-f4e6160ccf99">
      <TestCategory>
        <TestCategoryItem TestCategory="TestUsesSnowflake" />
      </TestCategory>
      <Execution id="719121fa-8379-4f9a-a5af-c0fdd1597114" />
      <TestMethod codeBase="/tmp/_work/dbp-d3couple/dbp-d3couple/test/UnitTests/bin/Debug/net6.0/UnitTests.dll" adapterTypeName="executor://mstestadapter/v2" className="UnitTests.CoreLive.Api.REST.EDocument.EDocumentTests" name="EDocs_Retrieve_Document_TestUser" />
    </UnitTest>
    <UnitTest name="WhenBusinessrFoundByDebitNumberAndTaxIdMismatch_NotFoundInSF_FoundInSignature_ThenFail (SV)" storage="/tmp/_work/dbp-d3couple/dbp-d3couple/test/unittests/bin/debug/net6.0/unittests.dll" id="674b7c5b-e1ed-4f20-8124-675430a94539">
      <Execution id="74e99072-2192-4c18-949a-5624e74b0a11" />
      <TestMethod codeBase="/tmp/_work/dbp-d3couple/dbp-d3couple/test/UnitTests/bin/Debug/net6.0/UnitTests.dll" adapterTypeName="executor://mstestadapter/v2" className="UnitTests.CoreLive.WorkerServices.VerifyUserWorkServiceTest_InstantIssueDebit" name="WhenBusinessrFoundByDebitNumberAndTaxIdMismatch_NotFoundInSF_FoundInSignature_ThenFail" />
    </UnitTest>
    <UnitTest name="WhenCustomerFoundByDebitNumberAndDOBMatches__NotFoundInSF_FoundInSignatureClosedStatus_ThenFail (DD)" storage="/tmp/_work/dbp-d3couple/dbp-d3couple/test/unittests/bin/debug/net6.0/unittests.dll" id="4bfbbaa8-2ca2-4b85-bbd8-1f13edf2f8e8">
      <Execution id="b4c65cd7-b2d9-4f1f-9dca-bda87d4a72d4" />
      <TestMethod codeBase="/tmp/_work/dbp-d3couple/dbp-d3couple/test/UnitTests/bin/Debug/net6.0/UnitTests.dll" adapterTypeName="executor://mstestadapter/v2" className="UnitTests.CoreLive.WorkerServices.VerifyUserWorkServiceTest_InstantIssueDebit" name="WhenCustomerFoundByDebitNumberAndDOBMatches__NotFoundInSF_FoundInSignatureClosedStatus_ThenFail" />
    </UnitTest>
    <UnitTest name="UpdateProfile_WIAddressUpdate" storage="/tmp/_work/dbp-d3couple/dbp-d3couple/test/unittests/bin/debug/net6.0/unittests.dll" id="8b40483a-586d-4f4c-af37-def636ff9b77">
      <Execution id="de0f7493-5a08-4b16-8b5b-fc44508c8e47" />
      <TestMethod codeBase="/tmp/_work/dbp-d3couple/dbp-d3couple/test/UnitTests/bin/Debug/net6.0/UnitTests.dll" adapterTypeName="executor://mstestadapter/v2" className="UnitTests.CoreLive.WorkerServices.UpdateProfileWorkerServiceAddressTests" name="UpdateProfile_WIAddressUpdate" />
    </UnitTest>
    <UnitTest name="EISClient_AddressParse_BadSecret" storage="/tmp/_work/dbp-d3couple/dbp-d3couple/test/unittests/bin/debug/net6.0/unittests.dll" id="5fa52c9c-0435-41d3-ae4c-009e177e9789">
      <Execution id="8a581382-57ff-4e6f-9084-6072bfcee4f1" />
      <TestMethod codeBase="/tmp/_work/dbp-d3couple/dbp-d3couple/test/UnitTests/bin/Debug/net6.0/UnitTests.dll" adapterTypeName="executor://mstestadapter/v2" className="UnitTests.EISClientTests.EISAddressParserClientTests_Mocked" name="EISClient_AddressParse_BadSecret" />
    </UnitTest>
    <UnitTest name="CustomerListInquiryWS_Failure" storage="/tmp/_work/dbp-d3couple/dbp-d3couple/test/unittests/bin/debug/net6.0/unittests.dll" id="48138f40-2c39-4ce6-aae8-2b14c47271cd">
      <TestCategory>
        <TestCategoryItem TestCategory="TestUsesSnowflake" />
      </TestCategory>
      <Execution id="ffadf9fb-477f-4a17-841f-ac38adb1f113" />
      <TestMethod codeBase="/tmp/_work/dbp-d3couple/dbp-d3couple/test/UnitTests/bin/Debug/net6.0/UnitTests.dll" adapterTypeName="executor://mstestadapter/v2" className="UnitTests.CoreLive.WorkerServices.CustomerListInquiryWsTest" name="CustomerListInquiryWS_Failure" />
    </UnitTest>
    <UnitTest name="WhenCustomerFoundByDebitNumberAndDOBMatches_NotFoundInSF_FoundInSignature_ThenSuccess (DD)" storage="/tmp/_work/dbp-d3couple/dbp-d3couple/test/unittests/bin/debug/net6.0/unittests.dll" id="6ef3948e-cea7-4f85-8a32-4fcd639aa4c8">
      <Execution id="3d4d460d-3218-4a93-827f-24c47f3375db" />
      <TestMethod codeBase="/tmp/_work/dbp-d3couple/dbp-d3couple/test/UnitTests/bin/Debug/net6.0/UnitTests.dll" adapterTypeName="executor://mstestadapter/v2" className="UnitTests.CoreLive.WorkerServices.VerifyUserWorkServiceTest_InstantIssueDebit" name="WhenCustomerFoundByDebitNumberAndDOBMatches_NotFoundInSF_FoundInSignature_ThenSuccess" />
    </UnitTest>
    <UnitTest name="StopPaymentRangeTests_MissingCheckNum" storage="/tmp/_work/dbp-d3couple/dbp-d3couple/test/unittests/bin/debug/net6.0/unittests.dll" id="2a71e9c0-c5cd-4858-ad65-4708fff661ec">
      <Execution id="0e61ce9d-1257-4961-9d07-9674795d55cf" />
      <TestMethod codeBase="/tmp/_work/dbp-d3couple/dbp-d3couple/test/UnitTests/bin/Debug/net6.0/UnitTests.dll" adapterTypeName="executor://mstestadapter/v2" className="UnitTests.CoreLive.WorkerServices.StopPaymentWSTests" name="StopPaymentRangeTests_MissingCheckNum" />
    </UnitTest>
    <UnitTest name="UpdateProfile_WI3AddressUpdate" storage="/tmp/_work/dbp-d3couple/dbp-d3couple/test/unittests/bin/debug/net6.0/unittests.dll" id="8cce28e6-d0ce-44ad-a453-7d86af48f8da">
      <Execution id="9df6ed5d-a902-4b90-b682-0ee573bda180" />
      <TestMethod codeBase="/tmp/_work/dbp-d3couple/dbp-d3couple/test/UnitTests/bin/Debug/net6.0/UnitTests.dll" adapterTypeName="executor://mstestadapter/v2" className="UnitTests.CoreLive.WorkerServices.UpdateProfileWorkerServiceAddressTests" name="UpdateProfile_WI3AddressUpdate" />
    </UnitTest>
    <UnitTest name="WhenAnyRequestIsSent_ThenForbiddenAlwaysReturned" storage="/tmp/_work/dbp-d3couple/dbp-d3couple/test/unittests/bin/debug/net6.0/unittests.dll" id="3d55acc8-3ac1-462f-8b52-769f3761280f">
      <TestCategory>
        <TestCategoryItem TestCategory="TestUsesSnowflake" />
      </TestCategory>
      <Execution id="f3f521f6-b676-4c06-9d45-56fc291efa1a" />
      <TestMethod codeBase="/tmp/_work/dbp-d3couple/dbp-d3couple/test/UnitTests/bin/Debug/net6.0/UnitTests.dll" adapterTypeName="executor://mstestadapter/v2" className="UnitTests.CoreLive.Api.REST.v4.UpdateProfileName" name="WhenAnyRequestIsSent_ThenForbiddenAlwaysReturned" />
    </UnitTest>
    <UnitTest name="IntradayController_SyncACCOUNTS_SingleTimeFaked" storage="/tmp/_work/dbp-d3couple/dbp-d3couple/test/unittests/bin/debug/net6.0/unittests.dll" id="35c8ae9e-e1f0-4df3-a2fa-77ec2ce329ef">
      <Execution id="4dd461b2-1de7-484d-85fb-5596b57063d6" />
      <TestMethod codeBase="/tmp/_work/dbp-d3couple/dbp-d3couple/test/UnitTests/bin/Debug/net6.0/UnitTests.dll" adapterTypeName="executor://mstestadapter/v2" className="UnitTests.CoreLive.Api.REST.Intraday.IntradayControllerTests" name="IntradayController_SyncACCOUNTS_SingleTimeFaked" />
    </UnitTest>
    <UnitTest name="TestHeadersForScope_MissingAmzRequestID" storage="/tmp/_work/dbp-d3couple/dbp-d3couple/test/unittests/bin/debug/net6.0/unittests.dll" id="6f3a8770-a153-4e50-83f5-1b1a57c6446d">
      <Execution id="2a17a2fe-332e-4c7a-9e16-cf696e83a4f5" />
      <TestMethod codeBase="/tmp/_work/dbp-d3couple/dbp-d3couple/test/UnitTests/bin/Debug/net6.0/UnitTests.dll" adapterTypeName="executor://mstestadapter/v2" className="UnitTests.CoreLive.Api.REST.Logging.LogScopeMiddlewareTests" name="TestHeadersForScope_MissingAmzRequestID" />
    </UnitTest>
    <UnitTest name="EDocs_GetAccountDocumentLinks_MissingAccountID_ExpectFailure" storage="/tmp/_work/dbp-d3couple/dbp-d3couple/test/unittests/bin/debug/net6.0/unittests.dll" id="415e41dd-bbc9-48eb-a811-73caa1ee144b">
      <TestCategory>
        <TestCategoryItem TestCategory="TestUsesSnowflake" />
      </TestCategory>
      <Execution id="18f72e06-f3c6-44d5-a7bd-8d104929f23c" />
      <TestMethod codeBase="/tmp/_work/dbp-d3couple/dbp-d3couple/test/UnitTests/bin/Debug/net6.0/UnitTests.dll" adapterTypeName="executor://mstestadapter/v2" className="UnitTests.CoreLive.Api.REST.EDocument.EDocumentTests" name="EDocs_GetAccountDocumentLinks_MissingAccountID_ExpectFailure" />
    </UnitTest>
    <UnitTest name="WhenBusinessrFoundByDebitNumberAndTaxIdMatches_NotFoundInSF_FoundInSignature_ThenSuccess (DD)" storage="/tmp/_work/dbp-d3couple/dbp-d3couple/test/unittests/bin/debug/net6.0/unittests.dll" id="d35919ce-a161-47c0-bae7-b77176b64c8b">
      <Execution id="dfd4c653-32dd-41a4-b63c-1d1bf13ed263" />
      <TestMethod codeBase="/tmp/_work/dbp-d3couple/dbp-d3couple/test/UnitTests/bin/Debug/net6.0/UnitTests.dll" adapterTypeName="executor://mstestadapter/v2" className="UnitTests.CoreLive.WorkerServices.VerifyUserWorkServiceTest_InstantIssueDebit" name="WhenBusinessrFoundByDebitNumberAndTaxIdMatches_NotFoundInSF_FoundInSignature_ThenSuccess" />
    </UnitTest>
    <UnitTest name="UpdateProfile_ProfileUpdateNoAddress" storage="/tmp/_work/dbp-d3couple/dbp-d3couple/test/unittests/bin/debug/net6.0/unittests.dll" id="b6c00ccb-02b3-4435-bb8f-bc5e57e4ec3c">
      <Execution id="ed30aef7-70b0-4fc3-9b65-c77cfcc1d87d" />
      <TestMethod codeBase="/tmp/_work/dbp-d3couple/dbp-d3couple/test/UnitTests/bin/Debug/net6.0/UnitTests.dll" adapterTypeName="executor://mstestadapter/v2" className="UnitTests.CoreLive.WorkerServices.UpdateProfileWorkerServiceProfileTests" name="UpdateProfile_ProfileUpdateNoAddress" />
    </UnitTest>
    <UnitTest name="CoreLive_Rest_TransferFunds_InvalidAccounts_Failing" storage="/tmp/_work/dbp-d3couple/dbp-d3couple/test/unittests/bin/debug/net6.0/unittests.dll" id="a1b94701-eec7-405c-9423-c27bca0285b7">
      <TestCategory>
        <TestCategoryItem TestCategory="TestUsesSnowflake" />
      </TestCategory>
      <Execution id="4e128d13-5226-4e12-832e-fb1a54d9ffad" />
      <TestMethod codeBase="/tmp/_work/dbp-d3couple/dbp-d3couple/test/UnitTests/bin/Debug/net6.0/UnitTests.dll" adapterTypeName="executor://mstestadapter/v2" className="UnitTests.CoreLive.Api.REST.v4.TransferFunds" name="CoreLive_Rest_TransferFunds_InvalidAccounts_Failing" />
    </UnitTest>
    <UnitTest name="SetConduitAccountAttributes_Success" storage="/tmp/_work/dbp-d3couple/dbp-d3couple/test/unittests/bin/debug/net6.0/unittests.dll" id="a55e9243-c115-4642-9798-95d6db7b55b2">
      <Execution id="94e26b3e-4114-43a7-b404-010a8f566267" />
      <TestMethod codeBase="/tmp/_work/dbp-d3couple/dbp-d3couple/test/UnitTests/bin/Debug/net6.0/UnitTests.dll" adapterTypeName="executor://mstestadapter/v2" className="UnitTests.CoreLive.Api.REST.Conduit.ConduitHandlerTests" name="SetConduitAccountAttributes_Success" />
    </UnitTest>
    <UnitTest name="EDocs_GetAccountDocumentLinks_BadUrl_ExpectFailure" storage="/tmp/_work/dbp-d3couple/dbp-d3couple/test/unittests/bin/debug/net6.0/unittests.dll" id="645f3c65-40b0-4228-812c-1379cc157f2a">
      <TestCategory>
        <TestCategoryItem TestCategory="TestUsesSnowflake" />
      </TestCategory>
      <Execution id="255ee946-8c44-44a8-9ae1-a96223cc29b0" />
      <TestMethod codeBase="/tmp/_work/dbp-d3couple/dbp-d3couple/test/UnitTests/bin/Debug/net6.0/UnitTests.dll" adapterTypeName="executor://mstestadapter/v2" className="UnitTests.CoreLive.Api.REST.EDocument.EDocumentTests" name="EDocs_GetAccountDocumentLinks_BadUrl_ExpectFailure" />
    </UnitTest>
    <UnitTest name="WhenInvalidRequest_ThenBadResponse (class UserVerificationResponse {&#xA;  AccountType: Personal&#xA;  AccountNumber: &#xA;  DebitCardNumber: &#xA;  DateOfBirth: 1980-01-01&#xA;  TaxId: &#xA;  Context: SELF-ENROLLMENT&#xA;}&#xA;)" storage="/tmp/_work/dbp-d3couple/dbp-d3couple/test/unittests/bin/debug/net6.0/unittests.dll" id="2fdc7838-b14a-4fe1-9b0b-53f0d2ecc45c">
      <Execution id="78b12621-60cb-4bd0-bd0b-64e67f68d766" />
      <TestMethod codeBase="/tmp/_work/dbp-d3couple/dbp-d3couple/test/UnitTests/bin/Debug/net6.0/UnitTests.dll" adapterTypeName="executor://mstestadapter/v2" className="UnitTests.CoreLive.WorkerServices.VerifyUserWorkServiceTest" name="WhenInvalidRequest_ThenBadResponse" />
    </UnitTest>
    <UnitTest name="CoreLive_Rest_StopPayment_AccountNotFound" storage="/tmp/_work/dbp-d3couple/dbp-d3couple/test/unittests/bin/debug/net6.0/unittests.dll" id="ce2cd18e-21b8-4ee1-9266-16d30e1fa95a">
      <Execution id="703ea8c1-042b-4196-92a1-7ee8dc8abf36" />
      <TestMethod codeBase="/tmp/_work/dbp-d3couple/dbp-d3couple/test/UnitTests/bin/Debug/net6.0/UnitTests.dll" adapterTypeName="executor://mstestadapter/v2" className="UnitTests.CoreLive.Api.REST.v4.StopPaymentHistoryApiTests" name="CoreLive_Rest_StopPayment_AccountNotFound" />
    </UnitTest>
    <UnitTest name="WhenValidInputButInvalidRelCodeLLP_ThenUnsuccessfulResponse" storage="/tmp/_work/dbp-d3couple/dbp-d3couple/test/unittests/bin/debug/net6.0/unittests.dll" id="1d9e3a6c-75b6-4f67-a06a-ab8ca4e98746">
      <Execution id="07e23f25-457a-4b4d-8101-ece86e53787f" />
      <TestMethod codeBase="/tmp/_work/dbp-d3couple/dbp-d3couple/test/UnitTests/bin/Debug/net6.0/UnitTests.dll" adapterTypeName="executor://mstestadapter/v2" className="UnitTests.CoreLive.WorkerServices.VerifyUserWorkServiceTest" name="WhenValidInputButInvalidRelCodeLLP_ThenUnsuccessfulResponse" />
    </UnitTest>
    <UnitTest name="StopPaymentTests_NoCSP" storage="/tmp/_work/dbp-d3couple/dbp-d3couple/test/unittests/bin/debug/net6.0/unittests.dll" id="c50c150d-a20d-468c-9fe7-1e4e7a1aa985">
      <Execution id="03290a6c-db94-4d36-8c36-ce3ece31c471" />
      <TestMethod codeBase="/tmp/_work/dbp-d3couple/dbp-d3couple/test/UnitTests/bin/Debug/net6.0/UnitTests.dll" adapterTypeName="executor://mstestadapter/v2" className="UnitTests.CoreLive.WorkerServices.StopPaymentWSTests" name="StopPaymentTests_NoCSP" />
    </UnitTest>
    <UnitTest name="IntradayHandler_GetSignatureAccountsNoCifsReturnedFromEntityCIFByUserIdWithUUID" storage="/tmp/_work/dbp-d3couple/dbp-d3couple/test/unittests/bin/debug/net6.0/unittests.dll" id="9ce15200-1962-4cdd-a053-ca190864d66b">
      <Execution id="cb00a97b-335b-4841-888e-349b0adb437b" />
      <TestMethod codeBase="/tmp/_work/dbp-d3couple/dbp-d3couple/test/UnitTests/bin/Debug/net6.0/UnitTests.dll" adapterTypeName="executor://mstestadapter/v2" className="UnitTests.CoreLive.Api.REST.Intraday.IntradayHandlerTests" name="IntradayHandler_GetSignatureAccountsNoCifsReturnedFromEntityCIFByUserIdWithUUID" />
    </UnitTest>
    <UnitTest name="WhenInvalidRequest_ThenBadResponse (class UserVerificationResponse {&#xA;  AccountType: Business&#xA;  AccountNumber: &#xA;  DebitCardNumber: 5147505055555555&#xA;  DateOfBirth: &#xA;  TaxId: &#xA;  Context: SELF-ENROLLMENT&#xA;}&#xA;)" storage="/tmp/_work/dbp-d3couple/dbp-d3couple/test/unittests/bin/debug/net6.0/unittests.dll" id="ac9092ce-4d19-48f8-906e-cee69abdece4">
      <Execution id="c193b417-8029-445d-ab80-c0d6848c8b1f" />
      <TestMethod codeBase="/tmp/_work/dbp-d3couple/dbp-d3couple/test/UnitTests/bin/Debug/net6.0/UnitTests.dll" adapterTypeName="executor://mstestadapter/v2" className="UnitTests.CoreLive.WorkerServices.VerifyUserWorkServiceTest" name="WhenInvalidRequest_ThenBadResponse" />
    </UnitTest>
    <UnitTest name="GetInsightsBody_Success" storage="/tmp/_work/dbp-d3couple/dbp-d3couple/test/unittests/bin/debug/net6.0/unittests.dll" id="f61b0dba-5514-44d9-ba95-7847e2d56236">
      <Execution id="bf58b0ca-d30e-44db-84af-014b0e44c8b0" />
      <TestMethod codeBase="/tmp/_work/dbp-d3couple/dbp-d3couple/test/UnitTests/bin/Debug/net6.0/UnitTests.dll" adapterTypeName="executor://mstestadapter/v2" className="UnitTests.CoreLive.Api.REST.Conduit.PersoneticsHandlerTests" name="GetInsightsBody_Success" />
    </UnitTest>
    <UnitTest name="IntradayREST_Heloc_Test" storage="/tmp/_work/dbp-d3couple/dbp-d3couple/test/unittests/bin/debug/net6.0/unittests.dll" id="53c1e934-fae7-4c0c-b286-868718676197">
      <Execution id="ee178413-abbf-49ec-a20b-eb749311eddc" />
      <TestMethod codeBase="/tmp/_work/dbp-d3couple/dbp-d3couple/test/UnitTests/bin/Debug/net6.0/UnitTests.dll" adapterTypeName="executor://mstestadapter/v2" className="UnitTests.CoreLive.Api.REST.Intraday.IntradayREST" name="IntradayREST_Heloc_Test" />
    </UnitTest>
    <UnitTest name="WhenInvalidRequest_ThenBadResponse (class UserVerificationResponse {&#xA;  AccountType: Personal&#xA;  AccountNumber: &#xA;  DebitCardNumber: 5147505055555555&#xA;  DateOfBirth: &#xA;  TaxId: &#xA;  Context: SELF-ENROLLMENT&#xA;}&#xA;)" storage="/tmp/_work/dbp-d3couple/dbp-d3couple/test/unittests/bin/debug/net6.0/unittests.dll" id="3ba4703c-7672-4954-a13d-4529d40fcf66">
      <Execution id="93db7918-2a8b-4ad1-958a-44a671298df0" />
      <TestMethod codeBase="/tmp/_work/dbp-d3couple/dbp-d3couple/test/UnitTests/bin/Debug/net6.0/UnitTests.dll" adapterTypeName="executor://mstestadapter/v2" className="UnitTests.CoreLive.WorkerServices.VerifyUserWorkServiceTest" name="WhenInvalidRequest_ThenBadResponse" />
    </UnitTest>
    <UnitTest name="EISClientTruvUserLookUp_SuccessFoundTest" storage="/tmp/_work/dbp-d3couple/dbp-d3couple/test/unittests/bin/debug/net6.0/unittests.dll" id="fe753ba5-a99a-43c9-990d-0741918737a2">
      <Execution id="8023c194-442c-4719-ba1b-a7b516fa8086" />
      <TestMethod codeBase="/tmp/_work/dbp-d3couple/dbp-d3couple/test/UnitTests/bin/Debug/net6.0/UnitTests.dll" adapterTypeName="executor://mstestadapter/v2" className="UnitTests.EISClientTests.EISClientTruvUserLookUp" name="EISClientTruvUserLookUp_SuccessFoundTest" />
    </UnitTest>
    <UnitTest name="OnDemandController_AccountRoute_SyncAll_SingleTimeFaked_Sync" storage="/tmp/_work/dbp-d3couple/dbp-d3couple/test/unittests/bin/debug/net6.0/unittests.dll" id="8357ec23-8976-4475-a2f3-603fe244c064">
      <Execution id="237df0c9-0ff3-4305-b60f-5a721b96c08e" />
      <TestMethod codeBase="/tmp/_work/dbp-d3couple/dbp-d3couple/test/UnitTests/bin/Debug/net6.0/UnitTests.dll" adapterTypeName="executor://mstestadapter/v2" className="UnitTests.CoreLive.Api.REST.OnDemand.OnDemandControllerTests" name="OnDemandController_AccountRoute_SyncAll_SingleTimeFaked_Sync" />
    </UnitTest>
    <UnitTest name="CoreLive_Rest_StopPayment_BadAccount" storage="/tmp/_work/dbp-d3couple/dbp-d3couple/test/unittests/bin/debug/net6.0/unittests.dll" id="b3c39340-5882-41c9-949a-0763df5fe7a1">
      <Execution id="97eac77d-7e73-4eb1-9bf1-7d1618430eb9" />
      <TestMethod codeBase="/tmp/_work/dbp-d3couple/dbp-d3couple/test/UnitTests/bin/Debug/net6.0/UnitTests.dll" adapterTypeName="executor://mstestadapter/v2" className="UnitTests.CoreLive.Api.REST.v4.StopPaymentHistoryApiTests" name="CoreLive_Rest_StopPayment_BadAccount" />
    </UnitTest>
    <UnitTest name="StopPaymentTests_NoCheckNumber" storage="/tmp/_work/dbp-d3couple/dbp-d3couple/test/unittests/bin/debug/net6.0/unittests.dll" id="fb5abcf1-4123-4cab-990d-e14190392b20">
      <Execution id="d57223ac-f130-4940-bfce-400ad22e17a3" />
      <TestMethod codeBase="/tmp/_work/dbp-d3couple/dbp-d3couple/test/UnitTests/bin/Debug/net6.0/UnitTests.dll" adapterTypeName="executor://mstestadapter/v2" className="UnitTests.CoreLive.WorkerServices.StopPaymentWSTests" name="StopPaymentTests_NoCheckNumber" />
    </UnitTest>
    <UnitTest name="WhenConstructionLoan_ReturnNoAttributes" storage="/tmp/_work/dbp-d3couple/dbp-d3couple/test/unittests/bin/debug/net6.0/unittests.dll" id="fac72fff-49b0-463b-b0f9-0777de31370f">
      <Execution id="f08bcc4a-daea-4389-bdf7-88fe24ed4012" />
      <TestMethod codeBase="/tmp/_work/dbp-d3couple/dbp-d3couple/test/UnitTests/bin/Debug/net6.0/UnitTests.dll" adapterTypeName="executor://mstestadapter/v2" className="UnitTests.CoreLive.Api.REST.Intraday.Handler.LoanServAccountInfoTests" name="WhenConstructionLoan_ReturnNoAttributes" />
    </UnitTest>
    <UnitTest name="EISClientPersoneticsADIEInquiry_FailureTest" storage="/tmp/_work/dbp-d3couple/dbp-d3couple/test/unittests/bin/debug/net6.0/unittests.dll" id="f397355b-56cb-4d3b-b699-753106c4609a">
      <Execution id="1d785563-9ef4-4742-b851-25328a84d0ce" />
      <TestMethod codeBase="/tmp/_work/dbp-d3couple/dbp-d3couple/test/UnitTests/bin/Debug/net6.0/UnitTests.dll" adapterTypeName="executor://mstestadapter/v2" className="UnitTests.EISClientTests.EISClientPersoneticsADIEInquiry" name="EISClientPersoneticsADIEInquiry_FailureTest" />
    </UnitTest>
    <UnitTest name="EISClientTruvCreateUser_UserExistTest" storage="/tmp/_work/dbp-d3couple/dbp-d3couple/test/unittests/bin/debug/net6.0/unittests.dll" id="1b31a852-d581-4e4f-8d13-7421801ab030">
      <Execution id="711af6d5-db38-47bb-bcb1-2d37a5a68225" />
      <TestMethod codeBase="/tmp/_work/dbp-d3couple/dbp-d3couple/test/UnitTests/bin/Debug/net6.0/UnitTests.dll" adapterTypeName="executor://mstestadapter/v2" className="UnitTests.EISClientTests.TruvCreateUser" name="EISClientTruvCreateUser_UserExistTest" />
    </UnitTest>
    <UnitTest name="SigLoanAccountTransInquiryHandler_Loan_NoHistory" storage="/tmp/_work/dbp-d3couple/dbp-d3couple/test/unittests/bin/debug/net6.0/unittests.dll" id="30f7bb3f-c48a-4d2c-a2a9-e116e594157b">
      <Execution id="75be18d2-7eae-46bb-bf40-172ef9bb04d5" />
      <TestMethod codeBase="/tmp/_work/dbp-d3couple/dbp-d3couple/test/UnitTests/bin/Debug/net6.0/UnitTests.dll" adapterTypeName="executor://mstestadapter/v2" className="UnitTests.CoreLive.Api.REST.Intraday.Handler.SignatureLoanAccountTransInquiryHandlerTests" name="SigLoanAccountTransInquiryHandler_Loan_NoHistory" />
    </UnitTest>
    <UnitTest name="IntradayHandler_GetSignatureAccountsSuccess" storage="/tmp/_work/dbp-d3couple/dbp-d3couple/test/unittests/bin/debug/net6.0/unittests.dll" id="73a88c6f-821c-42c2-a92b-ac6ceea8eefe">
      <Execution id="17fcd325-ccf7-4a41-876b-85329a74f4da" />
      <TestMethod codeBase="/tmp/_work/dbp-d3couple/dbp-d3couple/test/UnitTests/bin/Debug/net6.0/UnitTests.dll" adapterTypeName="executor://mstestadapter/v2" className="UnitTests.CoreLive.Api.REST.Intraday.IntradayHandlerTests" name="IntradayHandler_GetSignatureAccountsSuccess" />
    </UnitTest>
    <UnitTest name="WhenFromAccountIsFL_TransferFundsFailsWith400" storage="/tmp/_work/dbp-d3couple/dbp-d3couple/test/unittests/bin/debug/net6.0/unittests.dll" id="6993c9fc-9e25-4c67-8033-9d4f17aa3a70">
      <Execution id="5c628fa7-1e65-4b3a-9a6f-edacd2a5d9ee" />
      <TestMethod codeBase="/tmp/_work/dbp-d3couple/dbp-d3couple/test/UnitTests/bin/Debug/net6.0/UnitTests.dll" adapterTypeName="executor://mstestadapter/v2" className="UnitTests.CoreLive.WorkerServices.InternalTransfersTest" name="WhenFromAccountIsFL_TransferFundsFailsWith400" />
    </UnitTest>
    <UnitTest name="WexHSAInquiryHandler_FailureDescription_Response" storage="/tmp/_work/dbp-d3couple/dbp-d3couple/test/unittests/bin/debug/net6.0/unittests.dll" id="2a25b1dd-92bb-4848-8a1a-3e0991c8b404">
      <Execution id="7661818a-e358-41b6-ae99-3cc55d88d3ae" />
      <TestMethod codeBase="/tmp/_work/dbp-d3couple/dbp-d3couple/test/UnitTests/bin/Debug/net6.0/UnitTests.dll" adapterTypeName="executor://mstestadapter/v2" className="UnitTests.CoreLive.Api.REST.Intraday.EIS.WexHSAInquiryHandlerTests" name="WexHSAInquiryHandler_FailureDescription_Response" />
    </UnitTest>
    <UnitTest name="CoreLive_Rest_StopPayment_CheckAlreadyExists" storage="/tmp/_work/dbp-d3couple/dbp-d3couple/test/unittests/bin/debug/net6.0/unittests.dll" id="a23b3592-a4c5-456a-b6f9-cc9b35a84416">
      <Execution id="d83693f8-4117-4512-ab0d-eb62c5f0dd69" />
      <TestMethod codeBase="/tmp/_work/dbp-d3couple/dbp-d3couple/test/UnitTests/bin/Debug/net6.0/UnitTests.dll" adapterTypeName="executor://mstestadapter/v2" className="UnitTests.CoreLive.Api.REST.v4.StopPaymentApiTests" name="CoreLive_Rest_StopPayment_CheckAlreadyExists" />
    </UnitTest>
    <UnitTest name="CreditCardAccountInquiryHandler_BadAPIKey_Forbidden" storage="/tmp/_work/dbp-d3couple/dbp-d3couple/test/unittests/bin/debug/net6.0/unittests.dll" id="2a4b343d-9491-4434-94e7-ec6401f8c676">
      <Execution id="31781106-0ce7-487f-b129-ea8799a458a0" />
      <TestMethod codeBase="/tmp/_work/dbp-d3couple/dbp-d3couple/test/UnitTests/bin/Debug/net6.0/UnitTests.dll" adapterTypeName="executor://mstestadapter/v2" className="UnitTests.CoreLive.Api.REST.Intraday.EIS.CreditCardAccountInquiryHandlerTests" name="CreditCardAccountInquiryHandler_BadAPIKey_Forbidden" />
    </UnitTest>
    <UnitTest name="WhenFromAccountIsNotDDAOrLNAccount_TransferFundsFailsWith400" storage="/tmp/_work/dbp-d3couple/dbp-d3couple/test/unittests/bin/debug/net6.0/unittests.dll" id="bbe1e233-08a4-4f34-8af7-7d9a5768cb65">
      <Execution id="0aee72b6-e114-476c-a803-5bd26c9e4e00" />
      <TestMethod codeBase="/tmp/_work/dbp-d3couple/dbp-d3couple/test/UnitTests/bin/Debug/net6.0/UnitTests.dll" adapterTypeName="executor://mstestadapter/v2" className="UnitTests.CoreLive.WorkerServices.InternalTransfersTest" name="WhenFromAccountIsNotDDAOrLNAccount_TransferFundsFailsWith400" />
    </UnitTest>
    <UnitTest name="WhenCustomerFoundByDebitNumberAndDOBMismatch_NotFoundInSF_FoundInSignature_TheFail (DD)" storage="/tmp/_work/dbp-d3couple/dbp-d3couple/test/unittests/bin/debug/net6.0/unittests.dll" id="312abd42-388f-4bd0-a0b9-f29d20edd258">
      <Execution id="9dcd4d36-e489-4033-9803-946fde564419" />
      <TestMethod codeBase="/tmp/_work/dbp-d3couple/dbp-d3couple/test/UnitTests/bin/Debug/net6.0/UnitTests.dll" adapterTypeName="executor://mstestadapter/v2" className="UnitTests.CoreLive.WorkerServices.VerifyUserWorkServiceTest_InstantIssueDebit" name="WhenCustomerFoundByDebitNumberAndDOBMismatch_NotFoundInSF_FoundInSignature_TheFail" />
    </UnitTest>
    <UnitTest name="WhenCustomerDoesNotOwnToAccount_TransferFundsFailsWith400" storage="/tmp/_work/dbp-d3couple/dbp-d3couple/test/unittests/bin/debug/net6.0/unittests.dll" id="938af629-9bb7-4e20-9a91-4d754c6ad387">
      <Execution id="0329d326-828e-4753-8f53-fc3fccf601c4" />
      <TestMethod codeBase="/tmp/_work/dbp-d3couple/dbp-d3couple/test/UnitTests/bin/Debug/net6.0/UnitTests.dll" adapterTypeName="executor://mstestadapter/v2" className="UnitTests.CoreLive.WorkerServices.InternalTransfersTest" name="WhenCustomerDoesNotOwnToAccount_TransferFundsFailsWith400" />
    </UnitTest>
    <UnitTest name="CoreLive_Rest_StopPayment_Success" storage="/tmp/_work/dbp-d3couple/dbp-d3couple/test/unittests/bin/debug/net6.0/unittests.dll" id="c81b8ad1-5e55-4096-887e-64e0205f47ee">
      <Execution id="d6efe9d1-532b-496b-8a89-9175200de48d" />
      <TestMethod codeBase="/tmp/_work/dbp-d3couple/dbp-d3couple/test/UnitTests/bin/Debug/net6.0/UnitTests.dll" adapterTypeName="executor://mstestadapter/v2" className="UnitTests.CoreLive.Api.REST.v4.StopPaymentApiTests" name="CoreLive_Rest_StopPayment_Success" />
    </UnitTest>
    <UnitTest name="AccountInquiryWS_WithNullDataType" storage="/tmp/_work/dbp-d3couple/dbp-d3couple/test/unittests/bin/debug/net6.0/unittests.dll" id="636ac2da-be3e-49c9-bf34-2e1cac5c3619">
      <TestCategory>
        <TestCategoryItem TestCategory="TestUsesSnowflake" />
      </TestCategory>
      <Execution id="29664fd6-c3e6-4286-9bbe-855937b0555e" />
      <TestMethod codeBase="/tmp/_work/dbp-d3couple/dbp-d3couple/test/UnitTests/bin/Debug/net6.0/UnitTests.dll" adapterTypeName="executor://mstestadapter/v2" className="UnitTests.CoreLive.WorkerServices.AccountInquiryWsTest" name="AccountInquiryWS_WithNullDataType" />
    </UnitTest>
    <UnitTest name="IntradayController_SyncALL_SingleTimeFaked_Sync" storage="/tmp/_work/dbp-d3couple/dbp-d3couple/test/unittests/bin/debug/net6.0/unittests.dll" id="9f12f4b4-a94a-4b1d-883d-443148dac75c">
      <Execution id="d2df1f3c-06c1-4b7e-a8ad-3b0ca1499dae" />
      <TestMethod codeBase="/tmp/_work/dbp-d3couple/dbp-d3couple/test/UnitTests/bin/Debug/net6.0/UnitTests.dll" adapterTypeName="executor://mstestadapter/v2" className="UnitTests.CoreLive.Api.REST.Intraday.IntradayControllerTests" name="IntradayController_SyncALL_SingleTimeFaked_Sync" />
    </UnitTest>
    <UnitTest name="IntradayHandlerLoanTests_CreateTransactionID2" storage="/tmp/_work/dbp-d3couple/dbp-d3couple/test/unittests/bin/debug/net6.0/unittests.dll" id="b5adafa0-27ee-42d4-a325-839aaac58dc5">
      <Execution id="82feec88-ef66-4286-a52e-5b431b7f1850" />
      <TestMethod codeBase="/tmp/_work/dbp-d3couple/dbp-d3couple/test/UnitTests/bin/Debug/net6.0/UnitTests.dll" adapterTypeName="executor://mstestadapter/v2" className="UnitTests.CoreLive.Api.REST.Intraday.IntradayHandlerLNTests" name="IntradayHandlerLoanTests_CreateTransactionID2" />
    </UnitTest>
    <UnitTest name="CoreLive_Rest_StopPaymentSingle_AlreadyPosted_CommunicatorErrorExpected" storage="/tmp/_work/dbp-d3couple/dbp-d3couple/test/unittests/bin/debug/net6.0/unittests.dll" id="de30f6e3-e6b5-49e5-a82f-14c73bf043a1">
      <Execution id="f611b636-624e-4d94-9199-5bf111fa0e6d" />
      <TestMethod codeBase="/tmp/_work/dbp-d3couple/dbp-d3couple/test/UnitTests/bin/Debug/net6.0/UnitTests.dll" adapterTypeName="executor://mstestadapter/v2" className="UnitTests.CoreLive.Api.REST.v4.StopPaymentApiTests" name="CoreLive_Rest_StopPaymentSingle_AlreadyPosted_CommunicatorErrorExpected" />
    </UnitTest>
    <UnitTest name="EDocsWS_GetDocument_DocumentNotFound" storage="/tmp/_work/dbp-d3couple/dbp-d3couple/test/unittests/bin/debug/net6.0/unittests.dll" id="97521708-4636-48c0-8aae-355b32dbd3aa">
      <TestCategory>
        <TestCategoryItem TestCategory="TestUsesSnowflake" />
      </TestCategory>
      <Execution id="2913946e-b95d-4a27-880a-7b8a68e76e65" />
      <TestMethod codeBase="/tmp/_work/dbp-d3couple/dbp-d3couple/test/UnitTests/bin/Debug/net6.0/UnitTests.dll" adapterTypeName="executor://mstestadapter/v2" className="UnitTests.CoreLive.WorkerServices.EDocsWsTest" name="EDocsWS_GetDocument_DocumentNotFound" />
    </UnitTest>
    <UnitTest name="IntradayHandlerTimeTests_CreateTransactionID" storage="/tmp/_work/dbp-d3couple/dbp-d3couple/test/unittests/bin/debug/net6.0/unittests.dll" id="9aa5afff-0937-4365-94a4-fecaa73991f1">
      <Execution id="fe23b523-f03a-46e3-9f11-9d49ddc42814" />
      <TestMethod codeBase="/tmp/_work/dbp-d3couple/dbp-d3couple/test/UnitTests/bin/Debug/net6.0/UnitTests.dll" adapterTypeName="executor://mstestadapter/v2" className="UnitTests.CoreLive.Api.REST.Intraday.IntradayHandlerTimeTests" name="IntradayHandlerTimeTests_CreateTransactionID" />
    </UnitTest>
    <UnitTest name="WhenTransCRTypeProductConstructionLoan_FilterTrans" storage="/tmp/_work/dbp-d3couple/dbp-d3couple/test/unittests/bin/debug/net6.0/unittests.dll" id="db96f608-9094-4c9e-a812-6b5347b2746d">
      <Execution id="e3cbfe00-d40a-4e76-b2b7-f5577f59b388" />
      <TestMethod codeBase="/tmp/_work/dbp-d3couple/dbp-d3couple/test/UnitTests/bin/Debug/net6.0/UnitTests.dll" adapterTypeName="executor://mstestadapter/v2" className="UnitTests.CoreLive.Api.REST.Intraday.Handler.LoanServTransactionsTests" name="WhenTransCRTypeProductConstructionLoan_FilterTrans" />
    </UnitTest>
    <UnitTest name="WhenValidInputButInvalidAccountStatusNull_ThenUnsuccessfulResponse" storage="/tmp/_work/dbp-d3couple/dbp-d3couple/test/unittests/bin/debug/net6.0/unittests.dll" id="fae88ca6-702a-4026-8348-b675d5955b6c">
      <Execution id="11a734b8-ca2a-48ed-bdc1-a363103599a9" />
      <TestMethod codeBase="/tmp/_work/dbp-d3couple/dbp-d3couple/test/UnitTests/bin/Debug/net6.0/UnitTests.dll" adapterTypeName="executor://mstestadapter/v2" className="UnitTests.CoreLive.WorkerServices.VerifyUserWorkServiceTest" name="WhenValidInputButInvalidAccountStatusNull_ThenUnsuccessfulResponse" />
    </UnitTest>
    <UnitTest name="WhenCommunicatorReturnsNoBody_TransferFundsFailsWith500" storage="/tmp/_work/dbp-d3couple/dbp-d3couple/test/unittests/bin/debug/net6.0/unittests.dll" id="b29303f3-b768-456e-a8e9-fc6ea55fbd23">
      <Execution id="1e5ed4ee-b990-4c92-b653-8d0f1c154944" />
      <TestMethod codeBase="/tmp/_work/dbp-d3couple/dbp-d3couple/test/UnitTests/bin/Debug/net6.0/UnitTests.dll" adapterTypeName="executor://mstestadapter/v2" className="UnitTests.CoreLive.WorkerServices.InternalTransfersTest" name="WhenCommunicatorReturnsNoBody_TransferFundsFailsWith500" />
    </UnitTest>
    <UnitTest name="Success" storage="/tmp/_work/dbp-d3couple/dbp-d3couple/test/unittests/bin/debug/net6.0/unittests.dll" id="65659b1e-1ae0-4811-99fa-57a2798c0891">
      <Execution id="ffc5040f-975b-46db-92c9-e9197d13848b" />
      <TestMethod codeBase="/tmp/_work/dbp-d3couple/dbp-d3couple/test/UnitTests/bin/Debug/net6.0/UnitTests.dll" adapterTypeName="executor://mstestadapter/v2" className="UnitTests.MockCommunicatorTests.StopChkAddTests" name="Success" />
    </UnitTest>
    <UnitTest name="UpdateProfileAddress_SimulateWSErrorResponse" storage="/tmp/_work/dbp-d3couple/dbp-d3couple/test/unittests/bin/debug/net6.0/unittests.dll" id="d64e60cc-8a74-47ff-8331-aec1368774c7">
      <Execution id="024580c4-67a0-4a07-bd4b-42cf6bdf30f5" />
      <TestMethod codeBase="/tmp/_work/dbp-d3couple/dbp-d3couple/test/UnitTests/bin/Debug/net6.0/UnitTests.dll" adapterTypeName="executor://mstestadapter/v2" className="UnitTests.CoreLive.Api.REST.v4.UpdateProfileAddress" name="UpdateProfileAddress_SimulateWSErrorResponse" />
    </UnitTest>
    <UnitTest name="EISClientPersoneticsInquiry_SuccessTest" storage="/tmp/_work/dbp-d3couple/dbp-d3couple/test/unittests/bin/debug/net6.0/unittests.dll" id="cc798170-d731-4de3-85c6-1c5b483ad22c">
      <Execution id="97c95f60-308d-4a27-9bce-bc9c31878be2" />
      <TestMethod codeBase="/tmp/_work/dbp-d3couple/dbp-d3couple/test/UnitTests/bin/Debug/net6.0/UnitTests.dll" adapterTypeName="executor://mstestadapter/v2" className="UnitTests.EISClientTests.EISClientPersoneticsInquiry" name="EISClientPersoneticsInquiry_SuccessTest" />
    </UnitTest>
    <UnitTest name="WhenHelocTranDoesntMatchRegex_FilterTranOut" storage="/tmp/_work/dbp-d3couple/dbp-d3couple/test/unittests/bin/debug/net6.0/unittests.dll" id="9d1cea11-2219-43fb-85fb-be1fb1ee1116">
      <Execution id="5ec7fade-15b1-4435-889e-51e23c7de7b3" />
      <TestMethod codeBase="/tmp/_work/dbp-d3couple/dbp-d3couple/test/UnitTests/bin/Debug/net6.0/UnitTests.dll" adapterTypeName="executor://mstestadapter/v2" className="UnitTests.CoreLive.Api.REST.Intraday.Handler.LoanServTransactionsTests" name="WhenHelocTranDoesntMatchRegex_FilterTranOut" />
    </UnitTest>
    <UnitTest name="StopPaymentHistoryTests_NoStops" storage="/tmp/_work/dbp-d3couple/dbp-d3couple/test/unittests/bin/debug/net6.0/unittests.dll" id="7b5ef71f-fd3f-4a88-8a7a-37e560aee3df">
      <Execution id="dac76a1e-f62f-4403-8886-3fe733638d13" />
      <TestMethod codeBase="/tmp/_work/dbp-d3couple/dbp-d3couple/test/UnitTests/bin/Debug/net6.0/UnitTests.dll" adapterTypeName="executor://mstestadapter/v2" className="UnitTests.CoreLive.WorkerServices.StopPaymentHistoryWSTests" name="StopPaymentHistoryTests_NoStops" />
    </UnitTest>
    <UnitTest name="WhenInvalidRequest_ThenBadResponse (class UserVerificationResponse {&#xA;  AccountType: Personal&#xA;  AccountNumber: &#xA;  DebitCardNumber: 5147505055555555&#xA;  DateOfBirth: 1980-01-01&#xA;  TaxId: &#xA;  Context: &#xA;}&#xA;)" storage="/tmp/_work/dbp-d3couple/dbp-d3couple/test/unittests/bin/debug/net6.0/unittests.dll" id="08e5295e-c2db-4d70-910e-26e151717b59">
      <Execution id="bf10b7d2-fa4b-428f-85a7-fbc01a71ad24" />
      <TestMethod codeBase="/tmp/_work/dbp-d3couple/dbp-d3couple/test/UnitTests/bin/Debug/net6.0/UnitTests.dll" adapterTypeName="executor://mstestadapter/v2" className="UnitTests.CoreLive.WorkerServices.VerifyUserWorkServiceTest" name="WhenInvalidRequest_ThenBadResponse" />
    </UnitTest>
    <UnitTest name="CoreLive_Rest_TransferFunds_MockAccounts_Success" storage="/tmp/_work/dbp-d3couple/dbp-d3couple/test/unittests/bin/debug/net6.0/unittests.dll" id="c4be23d4-c487-4e17-97f4-15f3c1634a53">
      <TestCategory>
        <TestCategoryItem TestCategory="TestUsesSnowflake" />
      </TestCategory>
      <Execution id="3cb70474-b65b-4563-b07c-eb036153344c" />
      <TestMethod codeBase="/tmp/_work/dbp-d3couple/dbp-d3couple/test/UnitTests/bin/Debug/net6.0/UnitTests.dll" adapterTypeName="executor://mstestadapter/v2" className="UnitTests.CoreLive.Api.REST.v4.TransferFunds" name="CoreLive_Rest_TransferFunds_MockAccounts_Success" />
    </UnitTest>
    <UnitTest name="IntradayController_AccountRoute_SyncTRANSACTIONS_SingleSignatureLoanFaked_Sync" storage="/tmp/_work/dbp-d3couple/dbp-d3couple/test/unittests/bin/debug/net6.0/unittests.dll" id="ffb86977-a1b9-4889-bb4f-535bef58cb0a">
      <Execution id="7280ffeb-aed8-491f-a330-f057a749eea1" />
      <TestMethod codeBase="/tmp/_work/dbp-d3couple/dbp-d3couple/test/UnitTests/bin/Debug/net6.0/UnitTests.dll" adapterTypeName="executor://mstestadapter/v2" className="UnitTests.CoreLive.Api.REST.Intraday.IntradayControllerTests" name="IntradayController_AccountRoute_SyncTRANSACTIONS_SingleSignatureLoanFaked_Sync" />
    </UnitTest>
    <UnitTest name="OnDemandController_SyncALL_SingleSignatureLoanFaked_Sync" storage="/tmp/_work/dbp-d3couple/dbp-d3couple/test/unittests/bin/debug/net6.0/unittests.dll" id="53497056-e6ee-493e-a6a0-8888d3bb457e">
      <Execution id="4cc912bb-3f48-4a7b-b8b3-5b3e0bd5ff22" />
      <TestMethod codeBase="/tmp/_work/dbp-d3couple/dbp-d3couple/test/UnitTests/bin/Debug/net6.0/UnitTests.dll" adapterTypeName="executor://mstestadapter/v2" className="UnitTests.CoreLive.Api.REST.OnDemand.OnDemandControllerTests" name="OnDemandController_SyncALL_SingleSignatureLoanFaked_Sync" />
    </UnitTest>
    <UnitTest name="WhenCustomerFoundByDebitNumberAndDOBMatches_NotFoundInSF_FoundInSignature_FDRStatusClosed_ThenFailValidation" storage="/tmp/_work/dbp-d3couple/dbp-d3couple/test/unittests/bin/debug/net6.0/unittests.dll" id="c2701e1e-9e51-429d-b498-6198d7106cf3">
      <Execution id="23466bb6-a11a-463a-9bce-746333affedf" />
      <TestMethod codeBase="/tmp/_work/dbp-d3couple/dbp-d3couple/test/UnitTests/bin/Debug/net6.0/UnitTests.dll" adapterTypeName="executor://mstestadapter/v2" className="UnitTests.CoreLive.WorkerServices.VerifyUserWorkServiceTest_InstantIssueDebit" name="WhenCustomerFoundByDebitNumberAndDOBMatches_NotFoundInSF_FoundInSignature_FDRStatusClosed_ThenFailValidation" />
    </UnitTest>
    <UnitTest name="IntradayHandler_GetSignatureAccounts_AccountSummariesNull" storage="/tmp/_work/dbp-d3couple/dbp-d3couple/test/unittests/bin/debug/net6.0/unittests.dll" id="1dd930ba-6078-4ffa-9159-4385720074e7">
      <Execution id="593b0c7d-6c45-45e2-9c6b-eb89c69a3976" />
      <TestMethod codeBase="/tmp/_work/dbp-d3couple/dbp-d3couple/test/UnitTests/bin/Debug/net6.0/UnitTests.dll" adapterTypeName="executor://mstestadapter/v2" className="UnitTests.CoreLive.Api.REST.Intraday.IntradayHandlerTests" name="IntradayHandler_GetSignatureAccounts_AccountSummariesNull" />
    </UnitTest>
    <UnitTest name="CreditCardAccountInquiryHandler_InvalidClientID_OK" storage="/tmp/_work/dbp-d3couple/dbp-d3couple/test/unittests/bin/debug/net6.0/unittests.dll" id="9d8b5af6-a982-47d3-a8e2-6b059825cdca">
      <Execution id="718ebb7a-02c4-4d2f-a9d6-ac79af0e1327" />
      <TestMethod codeBase="/tmp/_work/dbp-d3couple/dbp-d3couple/test/UnitTests/bin/Debug/net6.0/UnitTests.dll" adapterTypeName="executor://mstestadapter/v2" className="UnitTests.CoreLive.Api.REST.Intraday.EIS.CreditCardAccountInquiryHandlerTests" name="CreditCardAccountInquiryHandler_InvalidClientID_OK" />
    </UnitTest>
    <UnitTest name="IntradayHandlerLoanTests_CreateTransactionID" storage="/tmp/_work/dbp-d3couple/dbp-d3couple/test/unittests/bin/debug/net6.0/unittests.dll" id="3cd8729a-d7f6-4047-95af-73cfbf040133">
      <Execution id="15f75c80-614d-4768-9199-153e5ecf3deb" />
      <TestMethod codeBase="/tmp/_work/dbp-d3couple/dbp-d3couple/test/UnitTests/bin/Debug/net6.0/UnitTests.dll" adapterTypeName="executor://mstestadapter/v2" className="UnitTests.CoreLive.Api.REST.Intraday.IntradayHandlerLNTests" name="IntradayHandlerLoanTests_CreateTransactionID" />
    </UnitTest>
    <UnitTest name="AccountInquiryWS_WithEmptyAccount" storage="/tmp/_work/dbp-d3couple/dbp-d3couple/test/unittests/bin/debug/net6.0/unittests.dll" id="d87df69b-f4f5-4501-82ea-7d4b778af0dd">
      <TestCategory>
        <TestCategoryItem TestCategory="TestUsesSnowflake" />
      </TestCategory>
      <Execution id="33cd6fca-761d-4426-a673-eaf8cb3c42b7" />
      <TestMethod codeBase="/tmp/_work/dbp-d3couple/dbp-d3couple/test/UnitTests/bin/Debug/net6.0/UnitTests.dll" adapterTypeName="executor://mstestadapter/v2" className="UnitTests.CoreLive.WorkerServices.AccountInquiryWsTest" name="AccountInquiryWS_WithEmptyAccount" />
    </UnitTest>
    <UnitTest name="UpdateProfile_ProfileUpdate_POBoxFailure" storage="/tmp/_work/dbp-d3couple/dbp-d3couple/test/unittests/bin/debug/net6.0/unittests.dll" id="bfb14e3a-a1d2-4d3c-90d9-a338c9b42cbc">
      <Execution id="1feca81b-ac3a-4d8b-b46e-90d614d5599b" />
      <TestMethod codeBase="/tmp/_work/dbp-d3couple/dbp-d3couple/test/UnitTests/bin/Debug/net6.0/UnitTests.dll" adapterTypeName="executor://mstestadapter/v2" className="UnitTests.CoreLive.WorkerServices.UpdateProfileWorkerServiceProfileTests" name="UpdateProfile_ProfileUpdate_POBoxFailure" />
    </UnitTest>
    <UnitTest name="EDocsWS_Fake_GetDocuments_Tax_Success" storage="/tmp/_work/dbp-d3couple/dbp-d3couple/test/unittests/bin/debug/net6.0/unittests.dll" id="b7df0c26-38af-4a47-ab78-46f29facdb2e">
      <TestCategory>
        <TestCategoryItem TestCategory="TestUsesSnowflake" />
      </TestCategory>
      <Execution id="b604a248-5cc3-44d0-8e7d-92003d1ac16a" />
      <TestMethod codeBase="/tmp/_work/dbp-d3couple/dbp-d3couple/test/UnitTests/bin/Debug/net6.0/UnitTests.dll" adapterTypeName="executor://mstestadapter/v2" className="UnitTests.CoreLive.WorkerServices.EDocsWsTest" name="EDocsWS_Fake_GetDocuments_Tax_Success" />
    </UnitTest>
    <UnitTest name="WhenMultipleAccountNumberSame_ThenSuccessfulResponse" storage="/tmp/_work/dbp-d3couple/dbp-d3couple/test/unittests/bin/debug/net6.0/unittests.dll" id="e3bef090-1cb4-4f4e-b3e3-29db4376d3fc">
      <Execution id="d333ffd8-815b-4173-8f04-01de239c9358" />
      <TestMethod codeBase="/tmp/_work/dbp-d3couple/dbp-d3couple/test/UnitTests/bin/Debug/net6.0/UnitTests.dll" adapterTypeName="executor://mstestadapter/v2" className="UnitTests.CoreLive.WorkerServices.VerifyUserWorkServiceTest" name="WhenMultipleAccountNumberSame_ThenSuccessfulResponse" />
    </UnitTest>
    <UnitTest name="EventBridge_Controller_SNSDisabled" storage="/tmp/_work/dbp-d3couple/dbp-d3couple/test/unittests/bin/debug/net6.0/unittests.dll" id="baec9a34-662b-48ee-819d-dbd9f006be4b">
      <Execution id="d1558697-33ed-49f3-b2bf-32a464ca0e62" />
      <TestMethod codeBase="/tmp/_work/dbp-d3couple/dbp-d3couple/test/UnitTests/bin/Debug/net6.0/UnitTests.dll" adapterTypeName="executor://mstestadapter/v2" className="UnitTests.CoreLive.Api.REST.EventBridge.EventBridge" name="EventBridge_Controller_SNSDisabled" />
    </UnitTest>
    <UnitTest name="WhenCustomerFoundByDebitNumberAndDOBMatches__NotFoundInSF_FoundInSignatureClosedStatus_ThenFail (SV)" storage="/tmp/_work/dbp-d3couple/dbp-d3couple/test/unittests/bin/debug/net6.0/unittests.dll" id="c74d744b-2b01-4f66-86ae-dc922fdabc6d">
      <Execution id="0c8b163a-dee9-46fd-8b64-eba962d1e4d7" />
      <TestMethod codeBase="/tmp/_work/dbp-d3couple/dbp-d3couple/test/UnitTests/bin/Debug/net6.0/UnitTests.dll" adapterTypeName="executor://mstestadapter/v2" className="UnitTests.CoreLive.WorkerServices.VerifyUserWorkServiceTest_InstantIssueDebit" name="WhenCustomerFoundByDebitNumberAndDOBMatches__NotFoundInSF_FoundInSignatureClosedStatus_ThenFail" />
    </UnitTest>
    <UnitTest name="SigLoanAccountTransInquiryHandler_Loan_Error" storage="/tmp/_work/dbp-d3couple/dbp-d3couple/test/unittests/bin/debug/net6.0/unittests.dll" id="05f786e6-128d-4c09-b53c-c6f2d407f5be">
      <Execution id="35e646aa-b7a0-41bc-ad5c-1d1eabe1037a" />
      <TestMethod codeBase="/tmp/_work/dbp-d3couple/dbp-d3couple/test/UnitTests/bin/Debug/net6.0/UnitTests.dll" adapterTypeName="executor://mstestadapter/v2" className="UnitTests.CoreLive.Api.REST.Intraday.Handler.SignatureLoanAccountTransInquiryHandlerTests" name="SigLoanAccountTransInquiryHandler_Loan_Error" />
    </UnitTest>
    <UnitTest name="CreditCardAccountInquiryHandler_500" storage="/tmp/_work/dbp-d3couple/dbp-d3couple/test/unittests/bin/debug/net6.0/unittests.dll" id="e251e6e3-da88-4e91-bfa9-eb12d02f1b33">
      <Execution id="43e98c68-c230-41ab-93c6-07699ef6fdc4" />
      <TestMethod codeBase="/tmp/_work/dbp-d3couple/dbp-d3couple/test/UnitTests/bin/Debug/net6.0/UnitTests.dll" adapterTypeName="executor://mstestadapter/v2" className="UnitTests.CoreLive.Api.REST.Intraday.EIS.CreditCardAccountInquiryHandlerTests" name="CreditCardAccountInquiryHandler_500" />
    </UnitTest>
    <UnitTest name="LoanAcctTrnInqWS_ReturnResults" storage="/tmp/_work/dbp-d3couple/dbp-d3couple/test/unittests/bin/debug/net6.0/unittests.dll" id="67e838ac-6e48-449d-9f2c-25e93d5926fd">
      <Execution id="964b86ea-9f35-46ef-87d6-b88ea7233db3" />
      <TestMethod codeBase="/tmp/_work/dbp-d3couple/dbp-d3couple/test/UnitTests/bin/Debug/net6.0/UnitTests.dll" adapterTypeName="executor://mstestadapter/v2" className="UnitTests.CoreLive.WorkerServices.LoanAcctTrnInqWSTest" name="LoanAcctTrnInqWS_ReturnResults" />
    </UnitTest>
    <UnitTest name="WhenPOAddress_ThenFailureReturned" storage="/tmp/_work/dbp-d3couple/dbp-d3couple/test/unittests/bin/debug/net6.0/unittests.dll" id="125e5faa-db39-4616-a7d5-a27fea93fc29">
      <TestCategory>
        <TestCategoryItem TestCategory="TestUsesSnowflake" />
      </TestCategory>
      <Execution id="38685147-256d-4e3a-b99d-2fc55e874315" />
      <TestMethod codeBase="/tmp/_work/dbp-d3couple/dbp-d3couple/test/UnitTests/bin/Debug/net6.0/UnitTests.dll" adapterTypeName="executor://mstestadapter/v2" className="UnitTests.CoreLive.Api.REST.v4.UpdateProfileAddress" name="WhenPOAddress_ThenFailureReturned" />
    </UnitTest>
    <UnitTest name="IntradayHandlerLoanTests_CreateTransaction_WithTranMemoNull" storage="/tmp/_work/dbp-d3couple/dbp-d3couple/test/unittests/bin/debug/net6.0/unittests.dll" id="be0d2d02-1b76-48a2-a321-a00841f1a882">
      <Execution id="56d786cb-9ae3-4e1b-aa01-60a72bff34d7" />
      <TestMethod codeBase="/tmp/_work/dbp-d3couple/dbp-d3couple/test/UnitTests/bin/Debug/net6.0/UnitTests.dll" adapterTypeName="executor://mstestadapter/v2" className="UnitTests.CoreLive.Api.REST.Intraday.IntradayHandlerLNTests" name="IntradayHandlerLoanTests_CreateTransaction_WithTranMemoNull" />
    </UnitTest>
    <UnitTest name="IntradayHandlerLoanTests_GetAccounts_LNHelocOnly" storage="/tmp/_work/dbp-d3couple/dbp-d3couple/test/unittests/bin/debug/net6.0/unittests.dll" id="b511b714-0e6c-4c65-b161-a9df3a0dfcfe">
      <Execution id="29d412e6-8592-4e42-8ee8-5aeae19238cd" />
      <TestMethod codeBase="/tmp/_work/dbp-d3couple/dbp-d3couple/test/UnitTests/bin/Debug/net6.0/UnitTests.dll" adapterTypeName="executor://mstestadapter/v2" className="UnitTests.CoreLive.Api.REST.Intraday.IntradayHandlerLNTests" name="IntradayHandlerLoanTests_GetAccounts_LNHelocOnly" />
    </UnitTest>
    <UnitTest name="SigLoanAccountInquiryHandler_Loan" storage="/tmp/_work/dbp-d3couple/dbp-d3couple/test/unittests/bin/debug/net6.0/unittests.dll" id="0a0f5847-0604-4086-af30-994741881159">
      <Execution id="55044911-7a17-4be1-9f58-8d412e033b0c" />
      <TestMethod codeBase="/tmp/_work/dbp-d3couple/dbp-d3couple/test/UnitTests/bin/Debug/net6.0/UnitTests.dll" adapterTypeName="executor://mstestadapter/v2" className="UnitTests.CoreLive.Api.REST.Intraday.Handler.SignatureLoanAccountInquiryHandlerTests" name="SigLoanAccountInquiryHandler_Loan" />
    </UnitTest>
    <UnitTest name="StopPaymentHistoryTests_MultipleStops" storage="/tmp/_work/dbp-d3couple/dbp-d3couple/test/unittests/bin/debug/net6.0/unittests.dll" id="37796e50-188c-47f7-a529-a6aa2113ea56">
      <Execution id="95033fc7-cb38-4433-acf5-c3a82140342d" />
      <TestMethod codeBase="/tmp/_work/dbp-d3couple/dbp-d3couple/test/UnitTests/bin/Debug/net6.0/UnitTests.dll" adapterTypeName="executor://mstestadapter/v2" className="UnitTests.CoreLive.WorkerServices.StopPaymentHistoryWSTests" name="StopPaymentHistoryTests_MultipleStops" />
    </UnitTest>
    <UnitTest name="UpdateProfile_WI_ProdIssue2_AddressUpdate" storage="/tmp/_work/dbp-d3couple/dbp-d3couple/test/unittests/bin/debug/net6.0/unittests.dll" id="ffd85935-8d4f-40ac-a9cd-6572c5ba32b6">
      <Execution id="30706849-209e-4624-a9b0-a99c96ad8985" />
      <TestMethod codeBase="/tmp/_work/dbp-d3couple/dbp-d3couple/test/UnitTests/bin/Debug/net6.0/UnitTests.dll" adapterTypeName="executor://mstestadapter/v2" className="UnitTests.CoreLive.WorkerServices.UpdateProfileWorkerServiceAddressTests" name="UpdateProfile_WI_ProdIssue2_AddressUpdate" />
    </UnitTest>
    <UnitTest name="IntradayHandler_TACAccountBalanceShouldBePresent" storage="/tmp/_work/dbp-d3couple/dbp-d3couple/test/unittests/bin/debug/net6.0/unittests.dll" id="05c686c8-6578-4b55-8b2d-0159b5ea07e2">
      <Execution id="99ba227f-0c28-4cb3-8f26-1b14f1dbd2b6" />
      <TestMethod codeBase="/tmp/_work/dbp-d3couple/dbp-d3couple/test/UnitTests/bin/Debug/net6.0/UnitTests.dll" adapterTypeName="executor://mstestadapter/v2" className="UnitTests.CoreLive.Api.REST.Intraday.IntradayHandlerTests" name="IntradayHandler_TACAccountBalanceShouldBePresent" />
    </UnitTest>
    <UnitTest name="SigLoanAccountInquiryHandler_Loan_LargePastDue" storage="/tmp/_work/dbp-d3couple/dbp-d3couple/test/unittests/bin/debug/net6.0/unittests.dll" id="9a4ffca8-cbe1-4f25-9e07-71edb560bc6c">
      <Execution id="f7a8f01d-bda4-4b43-82cc-69dcc3df2a27" />
      <TestMethod codeBase="/tmp/_work/dbp-d3couple/dbp-d3couple/test/UnitTests/bin/Debug/net6.0/UnitTests.dll" adapterTypeName="executor://mstestadapter/v2" className="UnitTests.CoreLive.Api.REST.Intraday.Handler.SignatureLoanAccountInquiryHandlerTests" name="SigLoanAccountInquiryHandler_Loan_LargePastDue" />
    </UnitTest>
    <UnitTest name="EISClient_AddressParse_BadResponse" storage="/tmp/_work/dbp-d3couple/dbp-d3couple/test/unittests/bin/debug/net6.0/unittests.dll" id="e57d21b1-96e3-4b4d-a89e-f9f390294663">
      <Execution id="b75599ca-d9fe-461c-9063-90756e2046ba" />
      <TestMethod codeBase="/tmp/_work/dbp-d3couple/dbp-d3couple/test/UnitTests/bin/Debug/net6.0/UnitTests.dll" adapterTypeName="executor://mstestadapter/v2" className="UnitTests.EISClientTests.EISAddressParserClientTests_Mocked" name="EISClient_AddressParse_BadResponse" />
    </UnitTest>
    <UnitTest name="InternalTransferDDToTime" storage="/tmp/_work/dbp-d3couple/dbp-d3couple/test/unittests/bin/debug/net6.0/unittests.dll" id="80fe4d43-8c8a-4c5f-810e-38fe503ae5d1">
      <Execution id="6e675b22-b709-42ef-b14a-1905f8665825" />
      <TestMethod codeBase="/tmp/_work/dbp-d3couple/dbp-d3couple/test/UnitTests/bin/Debug/net6.0/UnitTests.dll" adapterTypeName="executor://mstestadapter/v2" className="UnitTests.CoreLive.WorkerServices.InternalTransfersTest" name="InternalTransferDDToTime" />
    </UnitTest>
    <UnitTest name="IntradayHandlerLoanTests_GetAccounts_LNLoanOnly" storage="/tmp/_work/dbp-d3couple/dbp-d3couple/test/unittests/bin/debug/net6.0/unittests.dll" id="fe01d506-7947-401d-9eb6-8499e3808ad9">
      <Execution id="600a667c-c3b5-41ae-90fe-f728b11507ad" />
      <TestMethod codeBase="/tmp/_work/dbp-d3couple/dbp-d3couple/test/UnitTests/bin/Debug/net6.0/UnitTests.dll" adapterTypeName="executor://mstestadapter/v2" className="UnitTests.CoreLive.Api.REST.Intraday.IntradayHandlerLNTests" name="IntradayHandlerLoanTests_GetAccounts_LNLoanOnly" />
    </UnitTest>
    <UnitTest name="EISClientFDRDebitCardInquiry_BadCycle" storage="/tmp/_work/dbp-d3couple/dbp-d3couple/test/unittests/bin/debug/net6.0/unittests.dll" id="1b919eb4-f086-4a4f-9135-50cb905f2764">
      <Execution id="9f8a00c0-6070-4594-8b19-240e208be9b1" />
      <TestMethod codeBase="/tmp/_work/dbp-d3couple/dbp-d3couple/test/UnitTests/bin/Debug/net6.0/UnitTests.dll" adapterTypeName="executor://mstestadapter/v2" className="UnitTests.EISClientTests.EISClientFDRDebitCardInquiry" name="EISClientFDRDebitCardInquiry_BadCycle" />
    </UnitTest>
    <UnitTest name="CreateJWT" storage="/tmp/_work/dbp-d3couple/dbp-d3couple/test/unittests/bin/debug/net6.0/unittests.dll" id="d87e2b53-9793-4e5f-8d38-96cde615896f">
      <Execution id="72099eda-f718-4fb1-8a4f-da177ef736f4" />
      <TestMethod codeBase="/tmp/_work/dbp-d3couple/dbp-d3couple/test/UnitTests/bin/Debug/net6.0/UnitTests.dll" adapterTypeName="executor://mstestadapter/v2" className="UnitTests.BearerTestCerts.TokenTest" name="CreateJWT" />
    </UnitTest>
    <UnitTest name="WhenBusinessFoundByAccountNumberAndTaxIdMatches_ThenSuccessfulResponse" storage="/tmp/_work/dbp-d3couple/dbp-d3couple/test/unittests/bin/debug/net6.0/unittests.dll" id="b659abc8-25a1-4310-b469-dfda1b4604dd">
      <Execution id="fbbcb41b-b102-4a46-b8ad-e8ccb0123cbd" />
      <TestMethod codeBase="/tmp/_work/dbp-d3couple/dbp-d3couple/test/UnitTests/bin/Debug/net6.0/UnitTests.dll" adapterTypeName="executor://mstestadapter/v2" className="UnitTests.CoreLive.WorkerServices.VerifyUserWorkServiceTest" name="WhenBusinessFoundByAccountNumberAndTaxIdMatches_ThenSuccessfulResponse" />
    </UnitTest>
    <UnitTest name="EISClient_AddressParse_Timeout" storage="/tmp/_work/dbp-d3couple/dbp-d3couple/test/unittests/bin/debug/net6.0/unittests.dll" id="b7d0c663-b227-4d3b-95c5-2af4f726bc3e">
      <Execution id="660331ee-4056-4139-a85f-9b831d279142" />
      <TestMethod codeBase="/tmp/_work/dbp-d3couple/dbp-d3couple/test/UnitTests/bin/Debug/net6.0/UnitTests.dll" adapterTypeName="executor://mstestadapter/v2" className="UnitTests.EISClientTests.EISAddressParserClientTests_Mocked" name="EISClient_AddressParse_Timeout" />
    </UnitTest>
    <UnitTest name="IntradayController_SyncACCOUNTS_SingleHSAFaked_FakeException" storage="/tmp/_work/dbp-d3couple/dbp-d3couple/test/unittests/bin/debug/net6.0/unittests.dll" id="106d9b3e-ba15-436c-876f-b7e0a3fef3c3">
      <Execution id="9762e81b-021d-418c-ae52-c9b175147b30" />
      <TestMethod codeBase="/tmp/_work/dbp-d3couple/dbp-d3couple/test/UnitTests/bin/Debug/net6.0/UnitTests.dll" adapterTypeName="executor://mstestadapter/v2" className="UnitTests.CoreLive.Api.REST.Intraday.IntradayControllerTests" name="IntradayController_SyncACCOUNTS_SingleHSAFaked_FakeException" />
    </UnitTest>
    <UnitTest name="UpdateProfile_ProfileUpdateFailure" storage="/tmp/_work/dbp-d3couple/dbp-d3couple/test/unittests/bin/debug/net6.0/unittests.dll" id="c9111eca-7307-4783-a161-4a4b2a2fa30f">
      <Execution id="12e6baaa-bed4-459c-b324-32c30b09ab8e" />
      <TestMethod codeBase="/tmp/_work/dbp-d3couple/dbp-d3couple/test/UnitTests/bin/Debug/net6.0/UnitTests.dll" adapterTypeName="executor://mstestadapter/v2" className="UnitTests.CoreLive.WorkerServices.UpdateProfileWorkerServiceProfileTests" name="UpdateProfile_ProfileUpdateFailure" />
    </UnitTest>
    <UnitTest name="WhenCommunicatorFails_TransferFundsFailsWith500" storage="/tmp/_work/dbp-d3couple/dbp-d3couple/test/unittests/bin/debug/net6.0/unittests.dll" id="7e84fda8-99f5-431f-adc1-192ea852f701">
      <Execution id="6da216ae-37ef-409f-aaaf-b5c92e2f7192" />
      <TestMethod codeBase="/tmp/_work/dbp-d3couple/dbp-d3couple/test/UnitTests/bin/Debug/net6.0/UnitTests.dll" adapterTypeName="executor://mstestadapter/v2" className="UnitTests.CoreLive.WorkerServices.InternalTransfersTest" name="WhenCommunicatorFails_TransferFundsFailsWith500" />
    </UnitTest>
    <UnitTest name="WhenInvalidRequest_ThenBadResponse (class UserVerificationResponse {&#xA;  AccountType: &#xA;  AccountNumber: &#xA;  DebitCardNumber: 5147505055555555&#xA;  DateOfBirth: 1980-01-01&#xA;  TaxId: &#xA;  Context: SELF-ENROLLMENT&#xA;}&#xA;)" storage="/tmp/_work/dbp-d3couple/dbp-d3couple/test/unittests/bin/debug/net6.0/unittests.dll" id="b21d1705-a732-45af-8ced-d5fc5763cc7e">
      <Execution id="292ecd55-77b3-4414-b4dd-1d6caa0d4ad3" />
      <TestMethod codeBase="/tmp/_work/dbp-d3couple/dbp-d3couple/test/UnitTests/bin/Debug/net6.0/UnitTests.dll" adapterTypeName="executor://mstestadapter/v2" className="UnitTests.CoreLive.WorkerServices.VerifyUserWorkServiceTest" name="WhenInvalidRequest_ThenBadResponse" />
    </UnitTest>
    <UnitTest name="LoanAcctTrnInqWS_TestIFXSerialization" storage="/tmp/_work/dbp-d3couple/dbp-d3couple/test/unittests/bin/debug/net6.0/unittests.dll" id="299b8ee5-db15-4ef0-b22e-9e70053d48ac">
      <Execution id="7120f521-cd65-46d8-bb6f-11a0ae919d2f" />
      <TestMethod codeBase="/tmp/_work/dbp-d3couple/dbp-d3couple/test/UnitTests/bin/Debug/net6.0/UnitTests.dll" adapterTypeName="executor://mstestadapter/v2" className="UnitTests.CoreLive.WorkerServices.LoanAcctTrnInqWSTest" name="LoanAcctTrnInqWS_TestIFXSerialization" />
    </UnitTest>
    <UnitTest name="WhenInvalidRequest_ThenBadResponse (class UserVerificationResponse {&#xA;  AccountType: Personal&#xA;  AccountNumber: &#xA;  DebitCardNumber: 5147505055555555&#xA;  DateOfBirth: 1980-01-01&#xA;  TaxId: &#xA;  Context: WRONG-CONTEXT-TYPE&#xA;}&#xA;)" storage="/tmp/_work/dbp-d3couple/dbp-d3couple/test/unittests/bin/debug/net6.0/unittests.dll" id="f37057a5-e22e-4885-b5e8-ebfb1bd335ac">
      <Execution id="963201ed-ff5e-4ab3-95a8-8d5e2936b814" />
      <TestMethod codeBase="/tmp/_work/dbp-d3couple/dbp-d3couple/test/UnitTests/bin/Debug/net6.0/UnitTests.dll" adapterTypeName="executor://mstestadapter/v2" className="UnitTests.CoreLive.WorkerServices.VerifyUserWorkServiceTest" name="WhenInvalidRequest_ThenBadResponse" />
    </UnitTest>
    <UnitTest name="ActivationZoneUserAttrPropertyFalseGetAccountsAndTransactions" storage="/tmp/_work/dbp-d3couple/dbp-d3couple/test/unittests/bin/debug/net6.0/unittests.dll" id="b5b9898c-fd14-4ba8-ba7e-9fe806dd2288">
      <Execution id="2deb3daa-9a80-4bb6-afd9-deae653aa1a3" />
      <TestMethod codeBase="/tmp/_work/dbp-d3couple/dbp-d3couple/test/UnitTests/bin/Debug/net6.0/UnitTests.dll" adapterTypeName="executor://mstestadapter/v2" className="UnitTests.CoreLive.Api.REST.Conduit.ActivationZoneAttributeTests" name="ActivationZoneUserAttrPropertyFalseGetAccountsAndTransactions" />
    </UnitTest>
    <UnitTest name="WhenWeirdWIAddress_ThenFailureReturned" storage="/tmp/_work/dbp-d3couple/dbp-d3couple/test/unittests/bin/debug/net6.0/unittests.dll" id="33738be6-2ab1-4ce2-b992-331c7cac4aba">
      <TestCategory>
        <TestCategoryItem TestCategory="TestUsesSnowflake" />
      </TestCategory>
      <Execution id="652414f7-f3b3-4896-b462-f2fd568ef404" />
      <TestMethod codeBase="/tmp/_work/dbp-d3couple/dbp-d3couple/test/UnitTests/bin/Debug/net6.0/UnitTests.dll" adapterTypeName="executor://mstestadapter/v2" className="UnitTests.CoreLive.Api.REST.v4.UpdateProfileAddress" name="WhenWeirdWIAddress_ThenFailureReturned" />
    </UnitTest>
    <UnitTest name="EventBridge_Controller_Basic" storage="/tmp/_work/dbp-d3couple/dbp-d3couple/test/unittests/bin/debug/net6.0/unittests.dll" id="e0985a67-7fb4-4d1c-8645-ea392195e66b">
      <Execution id="b5e6ef8f-b013-4e8c-a103-7dd97a72c59a" />
      <TestMethod codeBase="/tmp/_work/dbp-d3couple/dbp-d3couple/test/UnitTests/bin/Debug/net6.0/UnitTests.dll" adapterTypeName="executor://mstestadapter/v2" className="UnitTests.CoreLive.Api.REST.EventBridge.EventBridge" name="EventBridge_Controller_Basic" />
    </UnitTest>
    <UnitTest name="UpdateProfile_AddressUpdate_EmptyMailing" storage="/tmp/_work/dbp-d3couple/dbp-d3couple/test/unittests/bin/debug/net6.0/unittests.dll" id="acb4abb9-dc3b-430b-b575-2dc87a7a443c">
      <Execution id="c1c3717b-d4b0-4fcf-8bcb-3db13fab74a9" />
      <TestMethod codeBase="/tmp/_work/dbp-d3couple/dbp-d3couple/test/UnitTests/bin/Debug/net6.0/UnitTests.dll" adapterTypeName="executor://mstestadapter/v2" className="UnitTests.CoreLive.WorkerServices.UpdateProfileWorkerServiceAddressTests" name="UpdateProfile_AddressUpdate_EmptyMailing" />
    </UnitTest>
    <UnitTest name="IntradayHandler_DepositAccountInterestRateShouldBePresent" storage="/tmp/_work/dbp-d3couple/dbp-d3couple/test/unittests/bin/debug/net6.0/unittests.dll" id="a7f5e805-f7f1-4fa8-9f69-820af99abaa4">
      <Execution id="cfcfd37d-4f60-4937-b42f-56a52c6314fc" />
      <TestMethod codeBase="/tmp/_work/dbp-d3couple/dbp-d3couple/test/UnitTests/bin/Debug/net6.0/UnitTests.dll" adapterTypeName="executor://mstestadapter/v2" className="UnitTests.CoreLive.Api.REST.Intraday.IntradayHandlerTests" name="IntradayHandler_DepositAccountInterestRateShouldBePresent" />
    </UnitTest>
    <UnitTest name="WhenValidAddress_ThenSuccessReturned" storage="/tmp/_work/dbp-d3couple/dbp-d3couple/test/unittests/bin/debug/net6.0/unittests.dll" id="9b5ba222-c9e4-448b-8341-573343327cce">
      <TestCategory>
        <TestCategoryItem TestCategory="TestUsesSnowflake" />
      </TestCategory>
      <Execution id="aadc6f5b-446c-486c-8669-dd8d59892356" />
      <TestMethod codeBase="/tmp/_work/dbp-d3couple/dbp-d3couple/test/UnitTests/bin/Debug/net6.0/UnitTests.dll" adapterTypeName="executor://mstestadapter/v2" className="UnitTests.CoreLive.Api.REST.v4.UpdateProfileAddress" name="WhenValidAddress_ThenSuccessReturned" />
    </UnitTest>
    <UnitTest name="WexHSAInquiryHandler_ErrorMessage_Response" storage="/tmp/_work/dbp-d3couple/dbp-d3couple/test/unittests/bin/debug/net6.0/unittests.dll" id="4fcbac2c-0037-4235-8130-95adad1584c9">
      <Execution id="099d8461-223a-49ff-952d-8d7866178375" />
      <TestMethod codeBase="/tmp/_work/dbp-d3couple/dbp-d3couple/test/UnitTests/bin/Debug/net6.0/UnitTests.dll" adapterTypeName="executor://mstestadapter/v2" className="UnitTests.CoreLive.Api.REST.Intraday.EIS.WexHSAInquiryHandlerTests" name="WexHSAInquiryHandler_ErrorMessage_Response" />
    </UnitTest>
    <UnitTest name="UpdateProfile_ProfileUpdate_GenderMale" storage="/tmp/_work/dbp-d3couple/dbp-d3couple/test/unittests/bin/debug/net6.0/unittests.dll" id="72baa9e0-efe0-45c1-b020-977d44281876">
      <Execution id="2c4b4b4d-8448-4fcc-a9b8-297a19c142c2" />
      <TestMethod codeBase="/tmp/_work/dbp-d3couple/dbp-d3couple/test/UnitTests/bin/Debug/net6.0/UnitTests.dll" adapterTypeName="executor://mstestadapter/v2" className="UnitTests.CoreLive.WorkerServices.UpdateProfileWorkerServiceProfileTests" name="UpdateProfile_ProfileUpdate_GenderMale" />
    </UnitTest>
    <UnitTest name="EDocsWS_Fake_GetDocumentsByAccount_NoMatchingAccount_Fail" storage="/tmp/_work/dbp-d3couple/dbp-d3couple/test/unittests/bin/debug/net6.0/unittests.dll" id="d516601f-1fc4-4b1e-a573-5778019ffc3e">
      <Execution id="4d7718ed-532b-4502-8cc3-1ecb115da38d" />
      <TestMethod codeBase="/tmp/_work/dbp-d3couple/dbp-d3couple/test/UnitTests/bin/Debug/net6.0/UnitTests.dll" adapterTypeName="executor://mstestadapter/v2" className="UnitTests.CoreLive.WorkerServices.EDocsWsTest" name="EDocsWS_Fake_GetDocumentsByAccount_NoMatchingAccount_Fail" />
    </UnitTest>
    <UnitTest name="WhenBusinessrFoundByDebitNumberAndTaxIdMismatch_NotFoundInSF_FoundInSignature_ThenFail (DD)" storage="/tmp/_work/dbp-d3couple/dbp-d3couple/test/unittests/bin/debug/net6.0/unittests.dll" id="3fcae3f4-bd6b-46be-a75c-839b83d3155b">
      <Execution id="17b2a6d9-ebcb-48a6-a02d-6c9b5532fa6d" />
      <TestMethod codeBase="/tmp/_work/dbp-d3couple/dbp-d3couple/test/UnitTests/bin/Debug/net6.0/UnitTests.dll" adapterTypeName="executor://mstestadapter/v2" className="UnitTests.CoreLive.WorkerServices.VerifyUserWorkServiceTest_InstantIssueDebit" name="WhenBusinessrFoundByDebitNumberAndTaxIdMismatch_NotFoundInSF_FoundInSignature_ThenFail" />
    </UnitTest>
    <UnitTest name="WhenCustomerFoundByDebitCardNumberAndDOBMatches_ThenSuccessfulResponse" storage="/tmp/_work/dbp-d3couple/dbp-d3couple/test/unittests/bin/debug/net6.0/unittests.dll" id="472df1a8-306f-433d-9956-99bb4135005f">
      <Execution id="6a82ff19-d152-4146-bbbe-5d375d6b9a97" />
      <TestMethod codeBase="/tmp/_work/dbp-d3couple/dbp-d3couple/test/UnitTests/bin/Debug/net6.0/UnitTests.dll" adapterTypeName="executor://mstestadapter/v2" className="UnitTests.CoreLive.WorkerServices.VerifyUserWorkServiceTest" name="WhenCustomerFoundByDebitCardNumberAndDOBMatches_ThenSuccessfulResponse" />
    </UnitTest>
    <UnitTest name="CustomerListInquiryWS_ErrorStatusesinCustListRs" storage="/tmp/_work/dbp-d3couple/dbp-d3couple/test/unittests/bin/debug/net6.0/unittests.dll" id="ecb5b304-0f9b-4851-a676-d8ac74db642a">
      <TestCategory>
        <TestCategoryItem TestCategory="TestUsesSnowflake" />
      </TestCategory>
      <Execution id="f7ed1abf-b152-48ee-816c-91464dd18b23" />
      <TestMethod codeBase="/tmp/_work/dbp-d3couple/dbp-d3couple/test/UnitTests/bin/Debug/net6.0/UnitTests.dll" adapterTypeName="executor://mstestadapter/v2" className="UnitTests.CoreLive.WorkerServices.CustomerListInquiryWsTest" name="CustomerListInquiryWS_ErrorStatusesinCustListRs" />
    </UnitTest>
    <UnitTest name="IntradayHandlerTime_GetAccountsAndTransactions" storage="/tmp/_work/dbp-d3couple/dbp-d3couple/test/unittests/bin/debug/net6.0/unittests.dll" id="40cddbc6-3000-4d41-b963-cecb0c4193c4">
      <Execution id="a97b1a7a-7628-4baa-94b2-fc23315693e7" />
      <TestMethod codeBase="/tmp/_work/dbp-d3couple/dbp-d3couple/test/UnitTests/bin/Debug/net6.0/UnitTests.dll" adapterTypeName="executor://mstestadapter/v2" className="UnitTests.CoreLive.Api.REST.Intraday.IntradayHandlerTimeTests" name="IntradayHandlerTime_GetAccountsAndTransactions" />
    </UnitTest>
    <UnitTest name="WhenInvalidRequest_ThenBadResponse (class UserVerificationResponse {&#xA;  AccountType: &#xA;  AccountNumber: &#xA;  DebitCardNumber: 5147505055555555&#xA;  DateOfBirth: 1980-01-01&#xA;  TaxId: &#xA;  Context: SELF-ENROLLMENT&#xA;}&#xA;)" storage="/tmp/_work/dbp-d3couple/dbp-d3couple/test/unittests/bin/debug/net6.0/unittests.dll" id="d6c29e13-b211-4675-b10a-7c9c3d16d42d">
      <Execution id="9db8e421-e86e-45e6-b43f-665a12ee88c7" />
      <TestMethod codeBase="/tmp/_work/dbp-d3couple/dbp-d3couple/test/UnitTests/bin/Debug/net6.0/UnitTests.dll" adapterTypeName="executor://mstestadapter/v2" className="UnitTests.CoreLive.WorkerServices.VerifyUserWorkServiceTest" name="WhenInvalidRequest_ThenBadResponse" />
    </UnitTest>
    <UnitTest name="IntradayHandlerLoanTests_SignatureLoanPending" storage="/tmp/_work/dbp-d3couple/dbp-d3couple/test/unittests/bin/debug/net6.0/unittests.dll" id="54c5bfd0-f1a3-4e6e-9e08-baf21c7383ba">
      <Execution id="de99e7f9-a466-4dd0-b7a9-e9c3379c5a4e" />
      <TestMethod codeBase="/tmp/_work/dbp-d3couple/dbp-d3couple/test/UnitTests/bin/Debug/net6.0/UnitTests.dll" adapterTypeName="executor://mstestadapter/v2" className="UnitTests.CoreLive.Api.REST.Intraday.IntradayHandlerLNTests" name="IntradayHandlerLoanTests_SignatureLoanPending" />
    </UnitTest>
    <UnitTest name="IntradayHandlerTime_GetTransactionsReturnsFailure2" storage="/tmp/_work/dbp-d3couple/dbp-d3couple/test/unittests/bin/debug/net6.0/unittests.dll" id="65e4663f-c2e1-4eab-be74-3c0e9564b244">
      <Execution id="f1337d15-c290-4b44-bf19-c46951b28ade" />
      <TestMethod codeBase="/tmp/_work/dbp-d3couple/dbp-d3couple/test/UnitTests/bin/Debug/net6.0/UnitTests.dll" adapterTypeName="executor://mstestadapter/v2" className="UnitTests.CoreLive.Api.REST.Intraday.IntradayHandlerTimeTests" name="IntradayHandlerTime_GetTransactionsReturnsFailure2" />
    </UnitTest>
    <UnitTest name="WhenGetAccountInfoFail_ThenReturnFail" storage="/tmp/_work/dbp-d3couple/dbp-d3couple/test/unittests/bin/debug/net6.0/unittests.dll" id="e0efdca3-71ea-49db-9b22-dc7981f6a307">
      <Execution id="6dc87fb2-0b3f-4dc7-be71-f9db56478bba" />
      <TestMethod codeBase="/tmp/_work/dbp-d3couple/dbp-d3couple/test/UnitTests/bin/Debug/net6.0/UnitTests.dll" adapterTypeName="executor://mstestadapter/v2" className="UnitTests.CoreLive.Api.REST.Intraday.Handler.LoanServAccountInfoTests" name="WhenGetAccountInfoFail_ThenReturnFail" />
    </UnitTest>
    <UnitTest name="IntradayController_AccountRoute_SyncAccounts_SingleSignatureLoanFaked_Sync" storage="/tmp/_work/dbp-d3couple/dbp-d3couple/test/unittests/bin/debug/net6.0/unittests.dll" id="1b32b77d-ee28-49a1-8497-e542645314aa">
      <Execution id="3dd2f197-c093-48a1-8481-fee44c610e8c" />
      <TestMethod codeBase="/tmp/_work/dbp-d3couple/dbp-d3couple/test/UnitTests/bin/Debug/net6.0/UnitTests.dll" adapterTypeName="executor://mstestadapter/v2" className="UnitTests.CoreLive.Api.REST.Intraday.IntradayControllerTests" name="IntradayController_AccountRoute_SyncAccounts_SingleSignatureLoanFaked_Sync" />
    </UnitTest>
    <UnitTest name="WhenMultipleCustomersFoundByDebitCardNumberWithSameDOB_ThenUnsuccessfulResponse" storage="/tmp/_work/dbp-d3couple/dbp-d3couple/test/unittests/bin/debug/net6.0/unittests.dll" id="2672cad7-42e9-4561-aa13-b15f3c53cc71">
      <Execution id="bedafd32-4b34-4c5c-93e7-d24c148796e8" />
      <TestMethod codeBase="/tmp/_work/dbp-d3couple/dbp-d3couple/test/UnitTests/bin/Debug/net6.0/UnitTests.dll" adapterTypeName="executor://mstestadapter/v2" className="UnitTests.CoreLive.WorkerServices.VerifyUserWorkServiceTest" name="WhenMultipleCustomersFoundByDebitCardNumberWithSameDOB_ThenUnsuccessfulResponse" />
    </UnitTest>
    <UnitTest name="TestHeadersForScope" storage="/tmp/_work/dbp-d3couple/dbp-d3couple/test/unittests/bin/debug/net6.0/unittests.dll" id="f504f327-fe86-477c-b037-1abcbae1d236">
      <Execution id="de83f77b-a977-4a20-9147-abe9fbc80e2e" />
      <TestMethod codeBase="/tmp/_work/dbp-d3couple/dbp-d3couple/test/UnitTests/bin/Debug/net6.0/UnitTests.dll" adapterTypeName="executor://mstestadapter/v2" className="UnitTests.CoreLive.Api.REST.Logging.LogScopeMiddlewareTests" name="TestHeadersForScope" />
    </UnitTest>
    <UnitTest name="When1037Fails_ReturnFailure" storage="/tmp/_work/dbp-d3couple/dbp-d3couple/test/unittests/bin/debug/net6.0/unittests.dll" id="ad7af026-9fae-4f46-a63f-8f8fc805cdcf">
      <Execution id="5ed37ff1-b6fb-4a19-bcec-58a6ba9e0086" />
      <TestMethod codeBase="/tmp/_work/dbp-d3couple/dbp-d3couple/test/UnitTests/bin/Debug/net6.0/UnitTests.dll" adapterTypeName="executor://mstestadapter/v2" className="UnitTests.CoreLive.Api.REST.Intraday.Handler.LoanServTransactionsTests" name="When1037Fails_ReturnFailure" />
    </UnitTest>
    <UnitTest name="WhenCustomerFoundByAccountNumberAndDOBMatches_ThenSuccessfulResponse" storage="/tmp/_work/dbp-d3couple/dbp-d3couple/test/unittests/bin/debug/net6.0/unittests.dll" id="21e62ccc-e1e0-483f-822b-7e2d067f16ac">
      <Execution id="c75a71c5-c33b-4071-b9cf-81451021c90c" />
      <TestMethod codeBase="/tmp/_work/dbp-d3couple/dbp-d3couple/test/UnitTests/bin/Debug/net6.0/UnitTests.dll" adapterTypeName="executor://mstestadapter/v2" className="UnitTests.CoreLive.WorkerServices.VerifyUserWorkServiceTest" name="WhenCustomerFoundByAccountNumberAndDOBMatches_ThenSuccessfulResponse" />
    </UnitTest>
    <UnitTest name="EISClient_AddressParse_EmptyFieldsSerializing" storage="/tmp/_work/dbp-d3couple/dbp-d3couple/test/unittests/bin/debug/net6.0/unittests.dll" id="0ab926dc-1367-4e60-b768-3b89e32f5244">
      <Execution id="e2abc8d2-172d-43fa-b38f-03ce11964ae5" />
      <TestMethod codeBase="/tmp/_work/dbp-d3couple/dbp-d3couple/test/UnitTests/bin/Debug/net6.0/UnitTests.dll" adapterTypeName="executor://mstestadapter/v2" className="UnitTests.EISClientTests.EISAddressParserClientTests_Mocked" name="EISClient_AddressParse_EmptyFieldsSerializing" />
    </UnitTest>
    <UnitTest name="EventBridge_Controller_IncompleteData" storage="/tmp/_work/dbp-d3couple/dbp-d3couple/test/unittests/bin/debug/net6.0/unittests.dll" id="eca72b62-00c4-425b-b14e-610f280c1e9c">
      <Execution id="6b184492-ed11-4b76-8971-9dbdf1b25ea6" />
      <TestMethod codeBase="/tmp/_work/dbp-d3couple/dbp-d3couple/test/UnitTests/bin/Debug/net6.0/UnitTests.dll" adapterTypeName="executor://mstestadapter/v2" className="UnitTests.CoreLive.Api.REST.EventBridge.EventBridge" name="EventBridge_Controller_IncompleteData" />
    </UnitTest>
    <UnitTest name="StopPaymentRangeTests_CheckAlreadyStopped" storage="/tmp/_work/dbp-d3couple/dbp-d3couple/test/unittests/bin/debug/net6.0/unittests.dll" id="dcb2aaa6-7f75-48ce-a0cf-0fc432c04bbd">
      <Execution id="b36e2508-3126-4485-81e2-e0f1db15b9d1" />
      <TestMethod codeBase="/tmp/_work/dbp-d3couple/dbp-d3couple/test/UnitTests/bin/Debug/net6.0/UnitTests.dll" adapterTypeName="executor://mstestadapter/v2" className="UnitTests.CoreLive.WorkerServices.StopPaymentWSTests" name="StopPaymentRangeTests_CheckAlreadyStopped" />
    </UnitTest>
    <UnitTest name="MultipleAccountFiltering_Success_UsingSnowFlakeProductCodeSelection" storage="/tmp/_work/dbp-d3couple/dbp-d3couple/test/unittests/bin/debug/net6.0/unittests.dll" id="d4d75ede-6809-4c98-90e8-742dae843f3c">
      <Execution id="d154e27d-dbe6-43c6-bbbf-66d3dd42d0d0" />
      <TestMethod codeBase="/tmp/_work/dbp-d3couple/dbp-d3couple/test/UnitTests/bin/Debug/net6.0/UnitTests.dll" adapterTypeName="executor://mstestadapter/v2" className="UnitTests.CoreLive.Api.REST.Intraday.IntradayHandlerTests" name="MultipleAccountFiltering_Success_UsingSnowFlakeProductCodeSelection" />
    </UnitTest>
    <UnitTest name="SigLoanAccountInquiryHandler_Error" storage="/tmp/_work/dbp-d3couple/dbp-d3couple/test/unittests/bin/debug/net6.0/unittests.dll" id="90076f20-a517-462e-85fe-0bb0da9c2a1d">
      <Execution id="6c6d6211-0f7f-43dd-aa04-ee1262d0b872" />
      <TestMethod codeBase="/tmp/_work/dbp-d3couple/dbp-d3couple/test/UnitTests/bin/Debug/net6.0/UnitTests.dll" adapterTypeName="executor://mstestadapter/v2" className="UnitTests.CoreLive.Api.REST.Intraday.Handler.SignatureLoanAccountInquiryHandlerTests" name="SigLoanAccountInquiryHandler_Error" />
    </UnitTest>
    <UnitTest name="IntradayController_AccountRoute_SyncALL_SingleSignatureLoanFaked_Sync" storage="/tmp/_work/dbp-d3couple/dbp-d3couple/test/unittests/bin/debug/net6.0/unittests.dll" id="6484be79-a33a-4682-a435-680a363373f5">
      <Execution id="7286f2ac-3e6d-4f06-85f9-14e31d147ff3" />
      <TestMethod codeBase="/tmp/_work/dbp-d3couple/dbp-d3couple/test/UnitTests/bin/Debug/net6.0/UnitTests.dll" adapterTypeName="executor://mstestadapter/v2" className="UnitTests.CoreLive.Api.REST.Intraday.IntradayControllerTests" name="IntradayController_AccountRoute_SyncALL_SingleSignatureLoanFaked_Sync" />
    </UnitTest>
    <UnitTest name="WhenEmptyRequestBody_ThenBadRequestReturned" storage="/tmp/_work/dbp-d3couple/dbp-d3couple/test/unittests/bin/debug/net6.0/unittests.dll" id="28d0e286-9eef-4a6b-9b9e-a1066ef830f4">
      <TestCategory>
        <TestCategoryItem TestCategory="TestUsesSnowflake" />
      </TestCategory>
      <Execution id="a42694d3-5af3-4bf5-8de9-3f21de770b60" />
      <TestMethod codeBase="/tmp/_work/dbp-d3couple/dbp-d3couple/test/UnitTests/bin/Debug/net6.0/UnitTests.dll" adapterTypeName="executor://mstestadapter/v2" className="UnitTests.CoreLive.Api.REST.v4.UpdateProfileContacts" name="WhenEmptyRequestBody_ThenBadRequestReturned" />
    </UnitTest>
    <UnitTest name="SimpleReader" storage="/tmp/_work/dbp-d3couple/dbp-d3couple/test/unittests/bin/debug/net6.0/unittests.dll" id="b2ea88a0-d20c-41d6-9c95-0fef38a41c37">
      <Execution id="fad7c347-43de-4cf9-8e1d-dd7a308245ca" />
      <TestMethod codeBase="/tmp/_work/dbp-d3couple/dbp-d3couple/test/UnitTests/bin/Debug/net6.0/UnitTests.dll" adapterTypeName="executor://mstestadapter/v2" className="UnitTests.Fakes.Tests.MockDataRepositoryTests" name="SimpleReader" />
    </UnitTest>
    <UnitTest name="EISClientTruvGetBridgerToken_SuccessTest" storage="/tmp/_work/dbp-d3couple/dbp-d3couple/test/unittests/bin/debug/net6.0/unittests.dll" id="8c1471e0-4cd5-4e0a-9864-a04a637de5b0">
      <Execution id="4a6419c3-c35e-4c10-93d0-c56875575db1" />
      <TestMethod codeBase="/tmp/_work/dbp-d3couple/dbp-d3couple/test/UnitTests/bin/Debug/net6.0/UnitTests.dll" adapterTypeName="executor://mstestadapter/v2" className="UnitTests.EISClientTests.TruvGetBridgerToken" name="EISClientTruvGetBridgerToken_SuccessTest" />
    </UnitTest>
    <UnitTest name="EDocsWS_Fake_GetDocuments_TAX_UserDoesNotExist_Fail" storage="/tmp/_work/dbp-d3couple/dbp-d3couple/test/unittests/bin/debug/net6.0/unittests.dll" id="a7ae0280-beae-40bc-9cfb-69ef551a0109">
      <Execution id="32b557bb-17ca-4e45-b4c7-71232fbbe520" />
      <TestMethod codeBase="/tmp/_work/dbp-d3couple/dbp-d3couple/test/UnitTests/bin/Debug/net6.0/UnitTests.dll" adapterTypeName="executor://mstestadapter/v2" className="UnitTests.CoreLive.WorkerServices.EDocsWsTest" name="EDocsWS_Fake_GetDocuments_TAX_UserDoesNotExist_Fail" />
    </UnitTest>
    <UnitTest name="WhenPOAddress2_ThenFailureReturned" storage="/tmp/_work/dbp-d3couple/dbp-d3couple/test/unittests/bin/debug/net6.0/unittests.dll" id="dfe6cd9a-cf54-476c-b244-9ad0eb29f0de">
      <TestCategory>
        <TestCategoryItem TestCategory="TestUsesSnowflake" />
      </TestCategory>
      <Execution id="0e715099-e622-4f2f-978a-4fed03dbcbb7" />
      <TestMethod codeBase="/tmp/_work/dbp-d3couple/dbp-d3couple/test/UnitTests/bin/Debug/net6.0/UnitTests.dll" adapterTypeName="executor://mstestadapter/v2" className="UnitTests.CoreLive.Api.REST.v4.UpdateProfile" name="WhenPOAddress2_ThenFailureReturned" />
    </UnitTest>
    <UnitTest name="WhenLoanServPaymentFailsOnCommunicatorTransfer_TransferFailsWith400" storage="/tmp/_work/dbp-d3couple/dbp-d3couple/test/unittests/bin/debug/net6.0/unittests.dll" id="e6253024-4570-4457-9838-2547d8bf5d2b">
      <Execution id="2de4bce6-98ef-48cb-a62b-a7419823139b" />
      <TestMethod codeBase="/tmp/_work/dbp-d3couple/dbp-d3couple/test/UnitTests/bin/Debug/net6.0/UnitTests.dll" adapterTypeName="executor://mstestadapter/v2" className="UnitTests.CoreLive.WorkerServices.InternalTransfersTest" name="WhenLoanServPaymentFailsOnCommunicatorTransfer_TransferFailsWith400" />
    </UnitTest>
    <UnitTest name="IntradayController_SyncACCOUNTS_SingleCreditCardFaked" storage="/tmp/_work/dbp-d3couple/dbp-d3couple/test/unittests/bin/debug/net6.0/unittests.dll" id="0b494bc6-3c51-43aa-b5ea-8a682bbeaebc">
      <Execution id="9c6eacab-caa8-4a52-ae86-f74d0fb098b4" />
      <TestMethod codeBase="/tmp/_work/dbp-d3couple/dbp-d3couple/test/UnitTests/bin/Debug/net6.0/UnitTests.dll" adapterTypeName="executor://mstestadapter/v2" className="UnitTests.CoreLive.Api.REST.Intraday.IntradayControllerTests" name="IntradayController_SyncACCOUNTS_SingleCreditCardFaked" />
    </UnitTest>
    <UnitTest name="TestHeadersForScope_WithoutD3Headers" storage="/tmp/_work/dbp-d3couple/dbp-d3couple/test/unittests/bin/debug/net6.0/unittests.dll" id="b8b03a38-ec86-41ac-8dad-2f19ac9b0893">
      <Execution id="da862159-17aa-42a7-bc6d-4fee03cb1c9d" />
      <TestMethod codeBase="/tmp/_work/dbp-d3couple/dbp-d3couple/test/UnitTests/bin/Debug/net6.0/UnitTests.dll" adapterTypeName="executor://mstestadapter/v2" className="UnitTests.CoreLive.Api.REST.Logging.LogScopeMiddlewareTests" name="TestHeadersForScope_WithoutD3Headers" />
    </UnitTest>
    <UnitTest name="CoreLive_Rest_StopPaymentRange_ReversedToFrom" storage="/tmp/_work/dbp-d3couple/dbp-d3couple/test/unittests/bin/debug/net6.0/unittests.dll" id="cdd61f77-4d00-4f83-b13d-ff83b4e0ec57">
      <Execution id="6ab34c3d-bfea-45e9-8069-299f04f3c6bd" />
      <TestMethod codeBase="/tmp/_work/dbp-d3couple/dbp-d3couple/test/UnitTests/bin/Debug/net6.0/UnitTests.dll" adapterTypeName="executor://mstestadapter/v2" className="UnitTests.CoreLive.Api.REST.v4.StopPaymentApiTests" name="CoreLive_Rest_StopPaymentRange_ReversedToFrom" />
    </UnitTest>
    <UnitTest name="ActivationZoneNewAccountPropertyGetAccountsAndTransactions" storage="/tmp/_work/dbp-d3couple/dbp-d3couple/test/unittests/bin/debug/net6.0/unittests.dll" id="8b279792-9a53-4a6c-b410-3b9f81ddd161">
      <Execution id="4891206c-9c7a-4eed-8501-c71913f72053" />
      <TestMethod codeBase="/tmp/_work/dbp-d3couple/dbp-d3couple/test/UnitTests/bin/Debug/net6.0/UnitTests.dll" adapterTypeName="executor://mstestadapter/v2" className="UnitTests.CoreLive.Api.REST.Conduit.ActivationZoneAttributeTests" name="ActivationZoneNewAccountPropertyGetAccountsAndTransactions" />
    </UnitTest>
    <UnitTest name="WhenInvalidRequest_ThenBadResponse (class UserVerificationResponse {&#xA;  AccountType: &#xA;  AccountNumber: &#xA;  DebitCardNumber: &#xA;  DateOfBirth: &#xA;  TaxId: &#xA;  Context: SELF-ENROLLMENT&#xA;}&#xA;)" storage="/tmp/_work/dbp-d3couple/dbp-d3couple/test/unittests/bin/debug/net6.0/unittests.dll" id="85d345dc-0107-4175-a03b-c270f8ff7576">
      <Execution id="6431b8a7-fabc-4194-8930-159bbd194436" />
      <TestMethod codeBase="/tmp/_work/dbp-d3couple/dbp-d3couple/test/UnitTests/bin/Debug/net6.0/UnitTests.dll" adapterTypeName="executor://mstestadapter/v2" className="UnitTests.CoreLive.WorkerServices.VerifyUserWorkServiceTest" name="WhenInvalidRequest_ThenBadResponse" />
    </UnitTest>
    <UnitTest name="UpdateProfile_ProfileUpdate" storage="/tmp/_work/dbp-d3couple/dbp-d3couple/test/unittests/bin/debug/net6.0/unittests.dll" id="62a3260f-161f-4dd0-9027-965170fa093b">
      <Execution id="a1e2baa1-6139-4686-aa35-30dfe5081941" />
      <TestMethod codeBase="/tmp/_work/dbp-d3couple/dbp-d3couple/test/UnitTests/bin/Debug/net6.0/UnitTests.dll" adapterTypeName="executor://mstestadapter/v2" className="UnitTests.CoreLive.WorkerServices.UpdateProfileWorkerServiceProfileTests" name="UpdateProfile_ProfileUpdate" />
    </UnitTest>
    <UnitTest name="WhenCIFIsNull_GetProfileFailsWith400" storage="/tmp/_work/dbp-d3couple/dbp-d3couple/test/unittests/bin/debug/net6.0/unittests.dll" id="66b28a4a-681f-49ad-83a9-e8ce4a2a775c">
      <Execution id="d5fde4ed-f4d9-4b22-ba7e-15f99aa88e41" />
      <TestMethod codeBase="/tmp/_work/dbp-d3couple/dbp-d3couple/test/UnitTests/bin/Debug/net6.0/UnitTests.dll" adapterTypeName="executor://mstestadapter/v2" className="UnitTests.CoreLive.WorkerServices.GetProfileWorkerServiceTest" name="WhenCIFIsNull_GetProfileFailsWith400" />
    </UnitTest>
    <UnitTest name="WhenBothAcctsAreDDA_GenerateTwoTransactions" storage="/tmp/_work/dbp-d3couple/dbp-d3couple/test/unittests/bin/debug/net6.0/unittests.dll" id="c55460eb-acf3-4f6f-9d74-cda514134c93">
      <Execution id="eb5c51ca-ed6e-44ed-999a-e2e9fc3bde7b" />
      <TestMethod codeBase="/tmp/_work/dbp-d3couple/dbp-d3couple/test/UnitTests/bin/Debug/net6.0/UnitTests.dll" adapterTypeName="executor://mstestadapter/v2" className="UnitTests.CoreLive.WorkerServices.InternalTransfersTest" name="WhenBothAcctsAreDDA_GenerateTwoTransactions" />
    </UnitTest>
    <UnitTest name="WhenCustomerFoundByDebitNumberAndDOBMatches_NoSFCif_NotFoundInSF_FoundInSignature_ThenSuccess (DD,5147515055555016)" storage="/tmp/_work/dbp-d3couple/dbp-d3couple/test/unittests/bin/debug/net6.0/unittests.dll" id="4090dffe-ebc8-428f-88e7-2e269dbcf8e3">
      <Execution id="49c06f66-c98a-4ef6-9d18-da9fa9b1c817" />
      <TestMethod codeBase="/tmp/_work/dbp-d3couple/dbp-d3couple/test/UnitTests/bin/Debug/net6.0/UnitTests.dll" adapterTypeName="executor://mstestadapter/v2" className="UnitTests.CoreLive.WorkerServices.VerifyUserWorkServiceTest_InstantIssueDebit" name="WhenCustomerFoundByDebitNumberAndDOBMatches_NoSFCif_NotFoundInSF_FoundInSignature_ThenSuccess" />
    </UnitTest>
    <UnitTest name="WhenNewTransOutOfOrder_SortDescending" storage="/tmp/_work/dbp-d3couple/dbp-d3couple/test/unittests/bin/debug/net6.0/unittests.dll" id="d4697779-65f6-4272-a182-7f3ede14f936">
      <Execution id="fdfe608f-ad54-40fe-8a6c-4702ede0cbde" />
      <TestMethod codeBase="/tmp/_work/dbp-d3couple/dbp-d3couple/test/UnitTests/bin/Debug/net6.0/UnitTests.dll" adapterTypeName="executor://mstestadapter/v2" className="UnitTests.CoreLive.Api.REST.Intraday.Handler.LoanServTransactionsTests" name="WhenNewTransOutOfOrder_SortDescending" />
    </UnitTest>
    <UnitTest name="UpdateProfileAddress_SimulateCIFTranslationFailed" storage="/tmp/_work/dbp-d3couple/dbp-d3couple/test/unittests/bin/debug/net6.0/unittests.dll" id="7bc83adb-41c5-41a5-b81c-765994612f39">
      <Execution id="d7249fc4-b2ad-4bf6-9bcc-d25b634c1b42" />
      <TestMethod codeBase="/tmp/_work/dbp-d3couple/dbp-d3couple/test/UnitTests/bin/Debug/net6.0/UnitTests.dll" adapterTypeName="executor://mstestadapter/v2" className="UnitTests.CoreLive.Api.REST.v4.UpdateProfile" name="UpdateProfileAddress_SimulateCIFTranslationFailed" />
    </UnitTest>
    <UnitTest name="CoreLive_Rest_TransferFunds_With_SNS_Mock_TimeoutTest_Success" storage="/tmp/_work/dbp-d3couple/dbp-d3couple/test/unittests/bin/debug/net6.0/unittests.dll" id="669fdd75-ec78-4bb5-a7d8-87278ba6f447">
      <Execution id="8ce61488-9600-4a2f-9728-ee3d0b4e33f2" />
      <TestMethod codeBase="/tmp/_work/dbp-d3couple/dbp-d3couple/test/UnitTests/bin/Debug/net6.0/UnitTests.dll" adapterTypeName="executor://mstestadapter/v2" className="UnitTests.CoreLive.Api.REST.v4.TransferFunds" name="CoreLive_Rest_TransferFunds_With_SNS_Mock_TimeoutTest_Success" />
    </UnitTest>
    <UnitTest name="EISClientTruvUserLookUp_Fail" storage="/tmp/_work/dbp-d3couple/dbp-d3couple/test/unittests/bin/debug/net6.0/unittests.dll" id="92137452-a177-489d-b204-54cad7c6c2b3">
      <Execution id="68a5f582-7802-4f2a-a5be-28e5e082388c" />
      <TestMethod codeBase="/tmp/_work/dbp-d3couple/dbp-d3couple/test/UnitTests/bin/Debug/net6.0/UnitTests.dll" adapterTypeName="executor://mstestadapter/v2" className="UnitTests.EISClientTests.EISClientTruvUserLookUp" name="EISClientTruvUserLookUp_Fail" />
    </UnitTest>
    <UnitTest name="UpdateProfileContacts_SimulateWSErrorResponse" storage="/tmp/_work/dbp-d3couple/dbp-d3couple/test/unittests/bin/debug/net6.0/unittests.dll" id="2a3b4547-f342-4317-a82f-fd24ecdaeb44">
      <Execution id="78cd89b5-d88b-4a15-9fd3-b46c9025efea" />
      <TestMethod codeBase="/tmp/_work/dbp-d3couple/dbp-d3couple/test/UnitTests/bin/Debug/net6.0/UnitTests.dll" adapterTypeName="executor://mstestadapter/v2" className="UnitTests.CoreLive.Api.REST.v4.UpdateProfileContacts" name="UpdateProfileContacts_SimulateWSErrorResponse" />
    </UnitTest>
    <UnitTest name="WhenInvalidRequest_ThenBadResponse (class UserVerificationResponse {&#xA;  AccountType: WRONG_ACCT_TYPE&#xA;  AccountNumber: &#xA;  DebitCardNumber: 5147505055555555&#xA;  DateOfBirth: 1980-01-01&#xA;  TaxId: &#xA;  Context: SELF-ENROLLMENT&#xA;}&#xA;)" storage="/tmp/_work/dbp-d3couple/dbp-d3couple/test/unittests/bin/debug/net6.0/unittests.dll" id="059047e6-45dd-4c82-a57e-9ce4d78d84d6">
      <Execution id="25e3ed39-1791-4906-b761-3ef288658b26" />
      <TestMethod codeBase="/tmp/_work/dbp-d3couple/dbp-d3couple/test/UnitTests/bin/Debug/net6.0/UnitTests.dll" adapterTypeName="executor://mstestadapter/v2" className="UnitTests.CoreLive.WorkerServices.VerifyUserWorkServiceTest" name="WhenInvalidRequest_ThenBadResponse" />
    </UnitTest>
    <UnitTest name="EDocs_GetAccountDocumentLinks_InvalidAccount_UserHasAccount_TestTempMapping" storage="/tmp/_work/dbp-d3couple/dbp-d3couple/test/unittests/bin/debug/net6.0/unittests.dll" id="d9f5bd02-46d1-4f3d-b98e-768b22683deb">
      <TestCategory>
        <TestCategoryItem TestCategory="TestUsesSnowflake" />
      </TestCategory>
      <Execution id="cb690f80-b290-4775-a82a-15b248fe552b" />
      <TestMethod codeBase="/tmp/_work/dbp-d3couple/dbp-d3couple/test/UnitTests/bin/Debug/net6.0/UnitTests.dll" adapterTypeName="executor://mstestadapter/v2" className="UnitTests.CoreLive.Api.REST.EDocument.EDocumentTests" name="EDocs_GetAccountDocumentLinks_InvalidAccount_UserHasAccount_TestTempMapping" />
    </UnitTest>
    <UnitTest name="Success" storage="/tmp/_work/dbp-d3couple/dbp-d3couple/test/unittests/bin/debug/net6.0/unittests.dll" id="0522feb5-aefd-441c-90e2-1183a63e2872">
      <Execution id="0a2c0daa-930a-4065-b9ff-5d30367b0c07" />
      <TestMethod codeBase="/tmp/_work/dbp-d3couple/dbp-d3couple/test/UnitTests/bin/Debug/net6.0/UnitTests.dll" adapterTypeName="executor://mstestadapter/v2" className="UnitTests.MockCommunicatorTests.XferAddTests" name="Success" />
    </UnitTest>
    <UnitTest name="AccountInquiryWS_WithNullDataAccount" storage="/tmp/_work/dbp-d3couple/dbp-d3couple/test/unittests/bin/debug/net6.0/unittests.dll" id="2f482f49-507b-4637-80d3-ad20ab132fa4">
      <TestCategory>
        <TestCategoryItem TestCategory="TestUsesSnowflake" />
      </TestCategory>
      <Execution id="450eba7b-7e9d-41aa-9699-3fb20b242567" />
      <TestMethod codeBase="/tmp/_work/dbp-d3couple/dbp-d3couple/test/UnitTests/bin/Debug/net6.0/UnitTests.dll" adapterTypeName="executor://mstestadapter/v2" className="UnitTests.CoreLive.WorkerServices.AccountInquiryWsTest" name="AccountInquiryWS_WithNullDataAccount" />
    </UnitTest>
    <UnitTest name="WhenCustomerFoundByDebitNumberAndDOBMismatch_NotFoundInSF_FoundInSignature_TheFail (SV)" storage="/tmp/_work/dbp-d3couple/dbp-d3couple/test/unittests/bin/debug/net6.0/unittests.dll" id="c4a6e018-5a6c-4c6e-87d3-80393146d488">
      <Execution id="22c86bbe-c2a1-44b9-a816-b799ffefe214" />
      <TestMethod codeBase="/tmp/_work/dbp-d3couple/dbp-d3couple/test/UnitTests/bin/Debug/net6.0/UnitTests.dll" adapterTypeName="executor://mstestadapter/v2" className="UnitTests.CoreLive.WorkerServices.VerifyUserWorkServiceTest_InstantIssueDebit" name="WhenCustomerFoundByDebitNumberAndDOBMismatch_NotFoundInSF_FoundInSignature_TheFail" />
    </UnitTest>
    <UnitTest name="EStatementEnrollment_IsEnrolled_AccountIsNotEnrolled" storage="/tmp/_work/dbp-d3couple/dbp-d3couple/test/unittests/bin/debug/net6.0/unittests.dll" id="22955bfa-2972-4108-ae4b-906275708659">
      <TestCategory>
        <TestCategoryItem TestCategory="TestUsesSnowflake" />
      </TestCategory>
      <Execution id="c0d6a08b-e0b5-4f9d-8c4b-3a063120c5c9" />
      <TestMethod codeBase="/tmp/_work/dbp-d3couple/dbp-d3couple/test/UnitTests/bin/Debug/net6.0/UnitTests.dll" adapterTypeName="executor://mstestadapter/v2" className="UnitTests.CoreLive.WorkerServices.EStatementEnrollmentWorkServiceTest" name="EStatementEnrollment_IsEnrolled_AccountIsNotEnrolled" />
    </UnitTest>
    <UnitTest name="StopPaymentHistoryTests_AccountNotFoundInCommunicatorResponse" storage="/tmp/_work/dbp-d3couple/dbp-d3couple/test/unittests/bin/debug/net6.0/unittests.dll" id="015a1019-83ce-4714-8cc9-59f53caf6231">
      <Execution id="55750d7d-9ffe-40df-81db-23ef98e7e8d8" />
      <TestMethod codeBase="/tmp/_work/dbp-d3couple/dbp-d3couple/test/UnitTests/bin/Debug/net6.0/UnitTests.dll" adapterTypeName="executor://mstestadapter/v2" className="UnitTests.CoreLive.WorkerServices.StopPaymentHistoryWSTests" name="StopPaymentHistoryTests_AccountNotFoundInCommunicatorResponse" />
    </UnitTest>
    <UnitTest name="WhenAccountIdentifierToUserIdByCifReturnsNullOrEmpty_ThenSuccessfulResponse" storage="/tmp/_work/dbp-d3couple/dbp-d3couple/test/unittests/bin/debug/net6.0/unittests.dll" id="9ceb843c-1190-4f7e-bd2f-2ebb15abcce3">
      <Execution id="f05d4c9d-5958-4a4b-a950-1054900602d4" />
      <TestMethod codeBase="/tmp/_work/dbp-d3couple/dbp-d3couple/test/UnitTests/bin/Debug/net6.0/UnitTests.dll" adapterTypeName="executor://mstestadapter/v2" className="UnitTests.CoreLive.WorkerServices.VerifyUserWorkServiceTest" name="WhenAccountIdentifierToUserIdByCifReturnsNullOrEmpty_ThenSuccessfulResponse" />
    </UnitTest>
    <UnitTest name="WhenCustomerNotFound_ThenSuccessfulResponse" storage="/tmp/_work/dbp-d3couple/dbp-d3couple/test/unittests/bin/debug/net6.0/unittests.dll" id="3817ee5b-b054-43fe-bb9e-1c76ea9c4164">
      <Execution id="66b5c6de-7b87-4fed-a49d-aa07b76a2e7e" />
      <TestMethod codeBase="/tmp/_work/dbp-d3couple/dbp-d3couple/test/UnitTests/bin/Debug/net6.0/UnitTests.dll" adapterTypeName="executor://mstestadapter/v2" className="UnitTests.CoreLive.WorkerServices.EStatementEnrollmentWorkServiceTest" name="WhenCustomerNotFound_ThenSuccessfulResponse" />
    </UnitTest>
    <UnitTest name="WhenPOAddress2_ThenFailureReturned" storage="/tmp/_work/dbp-d3couple/dbp-d3couple/test/unittests/bin/debug/net6.0/unittests.dll" id="22b14c46-db91-4fe8-b03d-c3b879ed7af2">
      <TestCategory>
        <TestCategoryItem TestCategory="TestUsesSnowflake" />
      </TestCategory>
      <Execution id="9a81302d-ea14-44ce-80fb-659f78464eae" />
      <TestMethod codeBase="/tmp/_work/dbp-d3couple/dbp-d3couple/test/UnitTests/bin/Debug/net6.0/UnitTests.dll" adapterTypeName="executor://mstestadapter/v2" className="UnitTests.CoreLive.Api.REST.v4.UpdateProfileAddress" name="WhenPOAddress2_ThenFailureReturned" />
    </UnitTest>
    <UnitTest name="CustomerListInquiryWS_ErrorinCustListRs" storage="/tmp/_work/dbp-d3couple/dbp-d3couple/test/unittests/bin/debug/net6.0/unittests.dll" id="f33143c1-8e95-4ffe-b8a9-7ae4b8a0d6c2">
      <TestCategory>
        <TestCategoryItem TestCategory="TestUsesSnowflake" />
      </TestCategory>
      <Execution id="500b7995-50c9-488d-b14d-f7397f6533dd" />
      <TestMethod codeBase="/tmp/_work/dbp-d3couple/dbp-d3couple/test/UnitTests/bin/Debug/net6.0/UnitTests.dll" adapterTypeName="executor://mstestadapter/v2" className="UnitTests.CoreLive.WorkerServices.CustomerListInquiryWsTest" name="CustomerListInquiryWS_ErrorinCustListRs" />
    </UnitTest>
    <UnitTest name="UpdateProfile_ContactPhone" storage="/tmp/_work/dbp-d3couple/dbp-d3couple/test/unittests/bin/debug/net6.0/unittests.dll" id="4d29d737-05ad-42e5-949e-8e6f46f2be2c">
      <Execution id="48fae58c-b46e-45e1-9e48-070e4cd62aae" />
      <TestMethod codeBase="/tmp/_work/dbp-d3couple/dbp-d3couple/test/UnitTests/bin/Debug/net6.0/UnitTests.dll" adapterTypeName="executor://mstestadapter/v2" className="UnitTests.CoreLive.WorkerServices.UpdateProfileWorkerServiceContactTests" name="UpdateProfile_ContactPhone" />
    </UnitTest>
    <UnitTest name="WhenCIFIsNotValidAndDoesNotExist_GetProfileFailsWith404" storage="/tmp/_work/dbp-d3couple/dbp-d3couple/test/unittests/bin/debug/net6.0/unittests.dll" id="f81d0a87-6ffd-4e36-95af-b8a01287dcaf">
      <Execution id="dcb8da58-1554-4bc4-b648-1e3dd4c402a0" />
      <TestMethod codeBase="/tmp/_work/dbp-d3couple/dbp-d3couple/test/UnitTests/bin/Debug/net6.0/UnitTests.dll" adapterTypeName="executor://mstestadapter/v2" className="UnitTests.CoreLive.WorkerServices.GetProfileWorkerServiceTest" name="WhenCIFIsNotValidAndDoesNotExist_GetProfileFailsWith404" />
    </UnitTest>
    <UnitTest name="CoreLive_Rest_TransferFunds_NoHeaders_Failing" storage="/tmp/_work/dbp-d3couple/dbp-d3couple/test/unittests/bin/debug/net6.0/unittests.dll" id="24b35116-0a74-4c9c-b709-8ba665b1820e">
      <TestCategory>
        <TestCategoryItem TestCategory="TestUsesSnowflake" />
      </TestCategory>
      <Execution id="d7de0b4e-1b69-4a43-b091-466ecc1e4c2e" />
      <TestMethod codeBase="/tmp/_work/dbp-d3couple/dbp-d3couple/test/UnitTests/bin/Debug/net6.0/UnitTests.dll" adapterTypeName="executor://mstestadapter/v2" className="UnitTests.CoreLive.Api.REST.v4.TransferFunds" name="CoreLive_Rest_TransferFunds_NoHeaders_Failing" />
    </UnitTest>
    <UnitTest name="AccountFiltering_Success_UsingSnowFlakeProductCodeSelection" storage="/tmp/_work/dbp-d3couple/dbp-d3couple/test/unittests/bin/debug/net6.0/unittests.dll" id="7ae6233b-9341-4ae3-ba81-d54b60c419b5">
      <Execution id="bec43d7e-f343-4e33-86c4-b861b27718a0" />
      <TestMethod codeBase="/tmp/_work/dbp-d3couple/dbp-d3couple/test/UnitTests/bin/Debug/net6.0/UnitTests.dll" adapterTypeName="executor://mstestadapter/v2" className="UnitTests.CoreLive.Api.REST.Intraday.IntradayHandlerTests" name="AccountFiltering_Success_UsingSnowFlakeProductCodeSelection" />
    </UnitTest>
    <UnitTest name="WhenBusinessFoundByDebitCardNumberButTaxIdDoesNotMatche_ThenFailureResponse" storage="/tmp/_work/dbp-d3couple/dbp-d3couple/test/unittests/bin/debug/net6.0/unittests.dll" id="0e808ec5-8df0-4583-823b-a1e9a931adb2">
      <Execution id="b7dfc2d9-b537-4196-81c3-536aa29a526a" />
      <TestMethod codeBase="/tmp/_work/dbp-d3couple/dbp-d3couple/test/UnitTests/bin/Debug/net6.0/UnitTests.dll" adapterTypeName="executor://mstestadapter/v2" className="UnitTests.CoreLive.WorkerServices.VerifyUserWorkServiceTest" name="WhenBusinessFoundByDebitCardNumberButTaxIdDoesNotMatche_ThenFailureResponse" />
    </UnitTest>
    <UnitTest name="Test_Exception" storage="/tmp/_work/dbp-d3couple/dbp-d3couple/test/unittests/bin/debug/net6.0/unittests.dll" id="fdea7d11-e45f-4e27-8978-454dae71dce2">
      <Execution id="81f6a2e7-1d99-4281-a2aa-82ab85e3ef8d" />
      <TestMethod codeBase="/tmp/_work/dbp-d3couple/dbp-d3couple/test/UnitTests/bin/Debug/net6.0/UnitTests.dll" adapterTypeName="executor://mstestadapter/v2" className="UnitTests.Logging.LogTesting" name="Test_Exception" />
    </UnitTest>
    <UnitTest name="CoreLive_Rest_StopPaymentRange_NoRange2" storage="/tmp/_work/dbp-d3couple/dbp-d3couple/test/unittests/bin/debug/net6.0/unittests.dll" id="cb8074c0-1449-419c-949f-1d339c26b275">
      <Execution id="7b67aeb6-a593-420f-b9f9-e5441a28a2cf" />
      <TestMethod codeBase="/tmp/_work/dbp-d3couple/dbp-d3couple/test/UnitTests/bin/Debug/net6.0/UnitTests.dll" adapterTypeName="executor://mstestadapter/v2" className="UnitTests.CoreLive.Api.REST.v4.StopPaymentApiTests" name="CoreLive_Rest_StopPaymentRange_NoRange2" />
    </UnitTest>
    <UnitTest name="UpdateProfile_WI2AddressUpdate" storage="/tmp/_work/dbp-d3couple/dbp-d3couple/test/unittests/bin/debug/net6.0/unittests.dll" id="712d6682-836e-4d7a-9bde-310e3fdb088e">
      <Execution id="53f4c6ca-7829-4a28-bed1-21e720995116" />
      <TestMethod codeBase="/tmp/_work/dbp-d3couple/dbp-d3couple/test/UnitTests/bin/Debug/net6.0/UnitTests.dll" adapterTypeName="executor://mstestadapter/v2" className="UnitTests.CoreLive.WorkerServices.UpdateProfileWorkerServiceAddressTests" name="UpdateProfile_WI2AddressUpdate" />
    </UnitTest>
    <UnitTest name="WhenValidInputButInvalidRelCodeLLC_ThenUnsuccessfulResponse" storage="/tmp/_work/dbp-d3couple/dbp-d3couple/test/unittests/bin/debug/net6.0/unittests.dll" id="b397f045-1cdd-4b7d-afaf-5d41eba06a9f">
      <Execution id="f4d47c37-a780-441c-a78c-c719377eeb48" />
      <TestMethod codeBase="/tmp/_work/dbp-d3couple/dbp-d3couple/test/UnitTests/bin/Debug/net6.0/UnitTests.dll" adapterTypeName="executor://mstestadapter/v2" className="UnitTests.CoreLive.WorkerServices.VerifyUserWorkServiceTest" name="WhenValidInputButInvalidRelCodeLLC_ThenUnsuccessfulResponse" />
    </UnitTest>
    <UnitTest name="EDocsWS_GetDocuments_Tax_ReturnResults" storage="/tmp/_work/dbp-d3couple/dbp-d3couple/test/unittests/bin/debug/net6.0/unittests.dll" id="5ac1a9a0-c96b-425e-8c0e-0074c7a3f6c8">
      <TestCategory>
        <TestCategoryItem TestCategory="TestUsesSnowflake" />
      </TestCategory>
      <Execution id="2de2ba30-c432-4075-9a9d-f1e549829f89" />
      <TestMethod codeBase="/tmp/_work/dbp-d3couple/dbp-d3couple/test/UnitTests/bin/Debug/net6.0/UnitTests.dll" adapterTypeName="executor://mstestadapter/v2" className="UnitTests.CoreLive.WorkerServices.EDocsWsTest" name="EDocsWS_GetDocuments_Tax_ReturnResults" />
    </UnitTest>
    <UnitTest name="EdocEnrollment_EnrollNotices_FailureResponseFromCommunicator" storage="/tmp/_work/dbp-d3couple/dbp-d3couple/test/unittests/bin/debug/net6.0/unittests.dll" id="e81e4999-d4bd-4293-8a40-5630c27f9402">
      <TestCategory>
        <TestCategoryItem TestCategory="TestUsesSnowflake" />
      </TestCategory>
      <Execution id="3c8ecdd4-126d-4470-b91b-db02e9fad44d" />
      <TestMethod codeBase="/tmp/_work/dbp-d3couple/dbp-d3couple/test/UnitTests/bin/Debug/net6.0/UnitTests.dll" adapterTypeName="executor://mstestadapter/v2" className="UnitTests.CoreLive.Api.REST.EDocument.EDocumentErollmentTests" name="EdocEnrollment_EnrollNotices_FailureResponseFromCommunicator" />
    </UnitTest>
    <UnitTest name="WhenInvalidRequest_ThenBadResponse (class UserVerificationResponse {&#xA;  AccountType: &#xA;  AccountNumber: &#xA;  DebitCardNumber: &#xA;  DateOfBirth: &#xA;  TaxId: &#xA;  Context: &#xA;}&#xA;)" storage="/tmp/_work/dbp-d3couple/dbp-d3couple/test/unittests/bin/debug/net6.0/unittests.dll" id="a719b4ce-808d-4dab-8d6a-8dff57f9167d">
      <Execution id="5ff5084d-92e9-4037-884b-0e9808cd23eb" />
      <TestMethod codeBase="/tmp/_work/dbp-d3couple/dbp-d3couple/test/UnitTests/bin/Debug/net6.0/UnitTests.dll" adapterTypeName="executor://mstestadapter/v2" className="UnitTests.CoreLive.WorkerServices.VerifyUserWorkServiceTest" name="WhenInvalidRequest_ThenBadResponse" />
    </UnitTest>
    <UnitTest name="onDemandController_SyncALL_SingleTimeFaked_Sync" storage="/tmp/_work/dbp-d3couple/dbp-d3couple/test/unittests/bin/debug/net6.0/unittests.dll" id="a608b962-29b5-49c6-a432-48535bb6f5ff">
      <Execution id="66492578-5673-4c8c-be4f-6c91cf22e563" />
      <TestMethod codeBase="/tmp/_work/dbp-d3couple/dbp-d3couple/test/UnitTests/bin/Debug/net6.0/UnitTests.dll" adapterTypeName="executor://mstestadapter/v2" className="UnitTests.CoreLive.Api.REST.OnDemand.OnDemandControllerTests" name="onDemandController_SyncALL_SingleTimeFaked_Sync" />
    </UnitTest>
    <UnitTest name="PersoneticsController_StartChat_Success" storage="/tmp/_work/dbp-d3couple/dbp-d3couple/test/unittests/bin/debug/net6.0/unittests.dll" id="45664246-3912-4e84-a2d2-0cf75694f032">
      <Execution id="4746cc97-6a0a-4436-927e-628016131eb9" />
      <TestMethod codeBase="/tmp/_work/dbp-d3couple/dbp-d3couple/test/UnitTests/bin/Debug/net6.0/UnitTests.dll" adapterTypeName="executor://mstestadapter/v2" className="UnitTests.CoreLive.Api.REST.EIS.PersonetisADIEControllerTests" name="PersoneticsController_StartChat_Success" />
    </UnitTest>
    <UnitTest name="WhenPO2Address2_ThenFailureReturned" storage="/tmp/_work/dbp-d3couple/dbp-d3couple/test/unittests/bin/debug/net6.0/unittests.dll" id="a0cf2c51-a2a6-4e0c-ac11-56d51856382a">
      <TestCategory>
        <TestCategoryItem TestCategory="TestUsesSnowflake" />
      </TestCategory>
      <Execution id="05785819-dc3b-4e29-8b29-33728aa9ec23" />
      <TestMethod codeBase="/tmp/_work/dbp-d3couple/dbp-d3couple/test/UnitTests/bin/Debug/net6.0/UnitTests.dll" adapterTypeName="executor://mstestadapter/v2" className="UnitTests.CoreLive.Api.REST.v4.UpdateProfileAddress" name="WhenPO2Address2_ThenFailureReturned" />
    </UnitTest>
    <UnitTest name="WhenInternationalAddress_ThenFailureReturned" storage="/tmp/_work/dbp-d3couple/dbp-d3couple/test/unittests/bin/debug/net6.0/unittests.dll" id="74c2af18-e693-456c-bc02-c71292fc88b4">
      <TestCategory>
        <TestCategoryItem TestCategory="TestUsesSnowflake" />
      </TestCategory>
      <Execution id="fc9fe901-d5af-4bed-a818-4e5e67ae5e14" />
      <TestMethod codeBase="/tmp/_work/dbp-d3couple/dbp-d3couple/test/UnitTests/bin/Debug/net6.0/UnitTests.dll" adapterTypeName="executor://mstestadapter/v2" className="UnitTests.CoreLive.Api.REST.v4.UpdateProfileAddress" name="WhenInternationalAddress_ThenFailureReturned" />
    </UnitTest>
    <UnitTest name="WhenValidInputButInvalidRelCodePOD_ThenUnsuccessfulResponse" storage="/tmp/_work/dbp-d3couple/dbp-d3couple/test/unittests/bin/debug/net6.0/unittests.dll" id="0f94a1f3-eb48-4eca-89b1-92629828da41">
      <Execution id="b9227388-8f98-45fd-b11e-7512624c5123" />
      <TestMethod codeBase="/tmp/_work/dbp-d3couple/dbp-d3couple/test/UnitTests/bin/Debug/net6.0/UnitTests.dll" adapterTypeName="executor://mstestadapter/v2" className="UnitTests.CoreLive.WorkerServices.VerifyUserWorkServiceTest" name="WhenValidInputButInvalidRelCodePOD_ThenUnsuccessfulResponse" />
    </UnitTest>
    <UnitTest name="WhenBusinessFoundByDebitNumberAndTaxIdMatches_DD_NoSFCif_NotFoundInSF_FoundInSignature_ThenSuccess (DD)" storage="/tmp/_work/dbp-d3couple/dbp-d3couple/test/unittests/bin/debug/net6.0/unittests.dll" id="7a07a84f-bb79-4726-9642-5335d24282f6">
      <Execution id="cee45985-52ec-4708-aa31-6251b19a4cf5" />
      <TestMethod codeBase="/tmp/_work/dbp-d3couple/dbp-d3couple/test/UnitTests/bin/Debug/net6.0/UnitTests.dll" adapterTypeName="executor://mstestadapter/v2" className="UnitTests.CoreLive.WorkerServices.VerifyUserWorkServiceTest_InstantIssueDebit" name="WhenBusinessFoundByDebitNumberAndTaxIdMatches_DD_NoSFCif_NotFoundInSF_FoundInSignature_ThenSuccess" />
    </UnitTest>
    <UnitTest name="WhenSuccess_MapHelocAttributes" storage="/tmp/_work/dbp-d3couple/dbp-d3couple/test/unittests/bin/debug/net6.0/unittests.dll" id="fdd992e6-67c6-4967-8874-d5ffddcf7adb">
      <Execution id="f2df1aa7-0833-4361-9708-f028331f16da" />
      <TestMethod codeBase="/tmp/_work/dbp-d3couple/dbp-d3couple/test/UnitTests/bin/Debug/net6.0/UnitTests.dll" adapterTypeName="executor://mstestadapter/v2" className="UnitTests.CoreLive.Api.REST.Intraday.Handler.LoanServAccountInfoTests" name="WhenSuccess_MapHelocAttributes" />
    </UnitTest>
    <UnitTest name="CoreLive_Rest_StopPayment_AccountNotFound" storage="/tmp/_work/dbp-d3couple/dbp-d3couple/test/unittests/bin/debug/net6.0/unittests.dll" id="48807b1d-95e9-4b75-8fb9-71096257b386">
      <Execution id="ec9ad2b1-67fa-4ed5-b787-9cbccc4621ab" />
      <TestMethod codeBase="/tmp/_work/dbp-d3couple/dbp-d3couple/test/UnitTests/bin/Debug/net6.0/UnitTests.dll" adapterTypeName="executor://mstestadapter/v2" className="UnitTests.CoreLive.Api.REST.v4.StopPaymentApiTests" name="CoreLive_Rest_StopPayment_AccountNotFound" />
    </UnitTest>
    <UnitTest name="TestHeadersForTraceScope" storage="/tmp/_work/dbp-d3couple/dbp-d3couple/test/unittests/bin/debug/net6.0/unittests.dll" id="07d261f1-6e9a-431c-9669-befbead60fec">
      <Execution id="d914624c-c04a-4787-a9b8-78f156e92741" />
      <TestMethod codeBase="/tmp/_work/dbp-d3couple/dbp-d3couple/test/UnitTests/bin/Debug/net6.0/UnitTests.dll" adapterTypeName="executor://mstestadapter/v2" className="UnitTests.CoreLive.Api.REST.Logging.TraceScopeMiddlewareTests" name="TestHeadersForTraceScope" />
    </UnitTest>
    <UnitTest name="WhenRequiredFieldMissing_ThenBadRequestReturned" storage="/tmp/_work/dbp-d3couple/dbp-d3couple/test/unittests/bin/debug/net6.0/unittests.dll" id="d9f0e5ac-0cd6-44e5-afd0-db82fdebb9ae">
      <TestCategory>
        <TestCategoryItem TestCategory="TestUsesSnowflake" />
      </TestCategory>
      <Execution id="89a2d6db-8612-467d-9b03-2aeaa70bc9b5" />
      <TestMethod codeBase="/tmp/_work/dbp-d3couple/dbp-d3couple/test/UnitTests/bin/Debug/net6.0/UnitTests.dll" adapterTypeName="executor://mstestadapter/v2" className="UnitTests.CoreLive.Api.REST.v4.UpdateProfile" name="WhenRequiredFieldMissing_ThenBadRequestReturned" />
    </UnitTest>
    <UnitTest name="WhenTransferAmountIsGreaterThanAvailableBalance_TransferSucceeds" storage="/tmp/_work/dbp-d3couple/dbp-d3couple/test/unittests/bin/debug/net6.0/unittests.dll" id="a26e7f25-b72f-47a1-90a4-732499bf8478">
      <Execution id="4579fb86-9d0c-4311-a304-b2c93a1420e5" />
      <TestMethod codeBase="/tmp/_work/dbp-d3couple/dbp-d3couple/test/UnitTests/bin/Debug/net6.0/UnitTests.dll" adapterTypeName="executor://mstestadapter/v2" className="UnitTests.CoreLive.WorkerServices.InternalTransfersTest" name="WhenTransferAmountIsGreaterThanAvailableBalance_TransferSucceeds" />
    </UnitTest>
    <UnitTest name="IntradayHandler_WrongSnowflakeAccountsReturned" storage="/tmp/_work/dbp-d3couple/dbp-d3couple/test/unittests/bin/debug/net6.0/unittests.dll" id="1911dc8e-acda-40f0-90e4-7993abdeac8e">
      <Execution id="346131e5-535c-4513-bfcc-d40d9d9a1b79" />
      <TestMethod codeBase="/tmp/_work/dbp-d3couple/dbp-d3couple/test/UnitTests/bin/Debug/net6.0/UnitTests.dll" adapterTypeName="executor://mstestadapter/v2" className="UnitTests.CoreLive.Api.REST.Intraday.IntradayHandlerTests" name="IntradayHandler_WrongSnowflakeAccountsReturned" />
    </UnitTest>
    <UnitTest name="IntradayHandler_MixedAccountsNoDuplicates" storage="/tmp/_work/dbp-d3couple/dbp-d3couple/test/unittests/bin/debug/net6.0/unittests.dll" id="0daec889-04ec-493b-a80c-83b438f03fad">
      <Execution id="81464e63-969e-465c-a996-610a64cc31a9" />
      <TestMethod codeBase="/tmp/_work/dbp-d3couple/dbp-d3couple/test/UnitTests/bin/Debug/net6.0/UnitTests.dll" adapterTypeName="executor://mstestadapter/v2" className="UnitTests.CoreLive.Api.REST.Intraday.IntradayHandlerTests" name="IntradayHandler_MixedAccountsNoDuplicates" />
    </UnitTest>
    <UnitTest name="ActivationZoneUserAttrPropertyFalseNoEligibleGetAccountsAndTransactions" storage="/tmp/_work/dbp-d3couple/dbp-d3couple/test/unittests/bin/debug/net6.0/unittests.dll" id="b4baa6ed-a891-411f-916d-929565563e43">
      <Execution id="b376a1bc-27b6-49c9-8205-f76ace9add41" />
      <TestMethod codeBase="/tmp/_work/dbp-d3couple/dbp-d3couple/test/UnitTests/bin/Debug/net6.0/UnitTests.dll" adapterTypeName="executor://mstestadapter/v2" className="UnitTests.CoreLive.Api.REST.Conduit.ActivationZoneAttributeTests" name="ActivationZoneUserAttrPropertyFalseNoEligibleGetAccountsAndTransactions" />
    </UnitTest>
    <UnitTest name="WhenLoanServPaymentFails_TransferFundsFailsWith400" storage="/tmp/_work/dbp-d3couple/dbp-d3couple/test/unittests/bin/debug/net6.0/unittests.dll" id="4f11ccbc-d852-4ca1-bc83-52dba3c4c755">
      <Execution id="288a86fe-eabb-4e61-9a14-97563b3f1512" />
      <TestMethod codeBase="/tmp/_work/dbp-d3couple/dbp-d3couple/test/UnitTests/bin/Debug/net6.0/UnitTests.dll" adapterTypeName="executor://mstestadapter/v2" className="UnitTests.CoreLive.WorkerServices.InternalTransfersTest" name="WhenLoanServPaymentFails_TransferFundsFailsWith400" />
    </UnitTest>
    <UnitTest name="When1012Zero_Use1027" storage="/tmp/_work/dbp-d3couple/dbp-d3couple/test/unittests/bin/debug/net6.0/unittests.dll" id="63f18f86-ff09-4c19-a848-419cb4c76138">
      <Execution id="2020917f-93ec-4f41-9fd4-142a07baae5e" />
      <TestMethod codeBase="/tmp/_work/dbp-d3couple/dbp-d3couple/test/UnitTests/bin/Debug/net6.0/UnitTests.dll" adapterTypeName="executor://mstestadapter/v2" className="UnitTests.CoreLive.Api.REST.Intraday.Handler.LoanServAccountInfoTests" name="When1012Zero_Use1027" />
    </UnitTest>
    <UnitTest name="WhenToAccountIsNotDDAOrLNAccount_TransferFundsFailsWith400" storage="/tmp/_work/dbp-d3couple/dbp-d3couple/test/unittests/bin/debug/net6.0/unittests.dll" id="c69f073f-e767-4c30-89b7-bd04b9d0d708">
      <Execution id="c8d750d3-8219-4d76-b139-21164e4c2db6" />
      <TestMethod codeBase="/tmp/_work/dbp-d3couple/dbp-d3couple/test/UnitTests/bin/Debug/net6.0/UnitTests.dll" adapterTypeName="executor://mstestadapter/v2" className="UnitTests.CoreLive.WorkerServices.InternalTransfersTest" name="WhenToAccountIsNotDDAOrLNAccount_TransferFundsFailsWith400" />
    </UnitTest>
    <UnitTest name="CanDetectSqlInjection" storage="/tmp/_work/dbp-d3couple/dbp-d3couple/test/unittests/bin/debug/net6.0/unittests.dll" id="98be6ece-820b-42fe-bd48-745f256b6be7">
      <TestCategory>
        <TestCategoryItem TestCategory="TestUsesSnowflake" />
      </TestCategory>
      <Execution id="2a46e4ce-8f18-47ed-96cd-e599592848ba" />
      <TestMethod codeBase="/tmp/_work/dbp-d3couple/dbp-d3couple/test/UnitTests/bin/Debug/net6.0/UnitTests.dll" adapterTypeName="executor://mstestadapter/v2" className="UnitTests.DbTests" name="CanDetectSqlInjection" />
    </UnitTest>
    <UnitTest name="HealthCheck" storage="/tmp/_work/dbp-d3couple/dbp-d3couple/test/unittests/bin/debug/net6.0/unittests.dll" id="f0953a3a-fde4-42af-a99d-bb298b3de377">
      <TestCategory>
        <TestCategoryItem TestCategory="TestUsesSnowflake" />
      </TestCategory>
      <Execution id="6b3d315c-bc57-4c4c-9957-baa4c583012f" />
      <TestMethod codeBase="/tmp/_work/dbp-d3couple/dbp-d3couple/test/UnitTests/bin/Debug/net6.0/UnitTests.dll" adapterTypeName="executor://mstestadapter/v2" className="UnitTests.CoreLive.Api.REST.HealthCheckTests" name="HealthCheck" />
    </UnitTest>
    <UnitTest name="WhenInvalidRequest_ThenBadResponse (class UserVerificationResponse {&#xA;  AccountType: Business&#xA;  AccountNumber: &#xA;  DebitCardNumber: 5147505055555555&#xA;  DateOfBirth: &#xA;  TaxId: Bob&#xA;  Context: SELF-ENROLLMENT&#xA;}&#xA;)" storage="/tmp/_work/dbp-d3couple/dbp-d3couple/test/unittests/bin/debug/net6.0/unittests.dll" id="91fd7f91-bb2f-47e7-9545-f353e96d37a6">
      <Execution id="6c2a85ba-ca3c-4059-aab4-4d54b8980a8c" />
      <TestMethod codeBase="/tmp/_work/dbp-d3couple/dbp-d3couple/test/UnitTests/bin/Debug/net6.0/UnitTests.dll" adapterTypeName="executor://mstestadapter/v2" className="UnitTests.CoreLive.WorkerServices.VerifyUserWorkServiceTest" name="WhenInvalidRequest_ThenBadResponse" />
    </UnitTest>
    <UnitTest name="StopCheckRs" storage="/tmp/_work/dbp-d3couple/dbp-d3couple/test/unittests/bin/debug/net6.0/unittests.dll" id="3ff1be72-75a3-41af-a208-4bb632d87983">
      <Execution id="f90ced97-6699-4762-bf47-53409e3f94f3" />
      <TestMethod codeBase="/tmp/_work/dbp-d3couple/dbp-d3couple/test/UnitTests/bin/Debug/net6.0/UnitTests.dll" adapterTypeName="executor://mstestadapter/v2" className="UnitTests.IFXTests.DeserializationTests" name="StopCheckRs" />
    </UnitTest>
    <UnitTest name="EStatementEnrollment_Fake_IsEnrolled_AccountIsNotValid" storage="/tmp/_work/dbp-d3couple/dbp-d3couple/test/unittests/bin/debug/net6.0/unittests.dll" id="1295f46d-1934-44af-b5c6-09299ba73385">
      <Execution id="d3421453-aaeb-4d1a-a2b3-1da2c2f28352" />
      <TestMethod codeBase="/tmp/_work/dbp-d3couple/dbp-d3couple/test/UnitTests/bin/Debug/net6.0/UnitTests.dll" adapterTypeName="executor://mstestadapter/v2" className="UnitTests.CoreLive.WorkerServices.EStatementEnrollmentWorkServiceTest" name="EStatementEnrollment_Fake_IsEnrolled_AccountIsNotValid" />
    </UnitTest>
    <UnitTest name="WhenSuccess_MapMortgageAttributes" storage="/tmp/_work/dbp-d3couple/dbp-d3couple/test/unittests/bin/debug/net6.0/unittests.dll" id="b65480e2-194e-4e18-b515-27029d66b905">
      <Execution id="dc8850a6-17fa-4dac-b4f1-7d37d6b5f510" />
      <TestMethod codeBase="/tmp/_work/dbp-d3couple/dbp-d3couple/test/UnitTests/bin/Debug/net6.0/UnitTests.dll" adapterTypeName="executor://mstestadapter/v2" className="UnitTests.CoreLive.Api.REST.Intraday.Handler.LoanServAccountInfoTests" name="WhenSuccess_MapMortgageAttributes" />
    </UnitTest>
    <UnitTest name="IntradayHandler_ProdIssue_SnowflakeEmpty_SignatureDataPresent" storage="/tmp/_work/dbp-d3couple/dbp-d3couple/test/unittests/bin/debug/net6.0/unittests.dll" id="bf60a761-de99-4c71-9b3c-fdcd9092cea6">
      <Execution id="30688d9a-a3d5-4368-b174-0efa6b5fec50" />
      <TestMethod codeBase="/tmp/_work/dbp-d3couple/dbp-d3couple/test/UnitTests/bin/Debug/net6.0/UnitTests.dll" adapterTypeName="executor://mstestadapter/v2" className="UnitTests.CoreLive.Api.REST.Intraday.IntradayHandlerTests" name="IntradayHandler_ProdIssue_SnowflakeEmpty_SignatureDataPresent" />
    </UnitTest>
    <UnitTest name="CoreLive_Rest_StopPayment_BadAccount" storage="/tmp/_work/dbp-d3couple/dbp-d3couple/test/unittests/bin/debug/net6.0/unittests.dll" id="9d3c88f2-31a2-44a1-8d36-83093457e6c9">
      <Execution id="af641bb6-499a-48b6-90b6-a84e8b76939a" />
      <TestMethod codeBase="/tmp/_work/dbp-d3couple/dbp-d3couple/test/UnitTests/bin/Debug/net6.0/UnitTests.dll" adapterTypeName="executor://mstestadapter/v2" className="UnitTests.CoreLive.Api.REST.v4.StopPaymentApiTests" name="CoreLive_Rest_StopPayment_BadAccount" />
    </UnitTest>
    <UnitTest name="EDocsWS_GenerateDocumentUrl" storage="/tmp/_work/dbp-d3couple/dbp-d3couple/test/unittests/bin/debug/net6.0/unittests.dll" id="882b73fa-0f66-4017-bd7e-d53530789081">
      <TestCategory>
        <TestCategoryItem TestCategory="TestUsesSnowflake" />
      </TestCategory>
      <Execution id="b97a1e0e-2708-4399-a212-fb56555dae7d" />
      <TestMethod codeBase="/tmp/_work/dbp-d3couple/dbp-d3couple/test/UnitTests/bin/Debug/net6.0/UnitTests.dll" adapterTypeName="executor://mstestadapter/v2" className="UnitTests.CoreLive.WorkerServices.EDocsWsTest" name="EDocsWS_GenerateDocumentUrl" />
    </UnitTest>
    <UnitTest name="WhenWeirdWI2Address_ThenFailureReturned" storage="/tmp/_work/dbp-d3couple/dbp-d3couple/test/unittests/bin/debug/net6.0/unittests.dll" id="9a774cce-0cb1-48e4-a25c-8c458be8f5fe">
      <TestCategory>
        <TestCategoryItem TestCategory="TestUsesSnowflake" />
      </TestCategory>
      <Execution id="29b31ca6-412a-403d-bb8d-cb39b5ba1145" />
      <TestMethod codeBase="/tmp/_work/dbp-d3couple/dbp-d3couple/test/UnitTests/bin/Debug/net6.0/UnitTests.dll" adapterTypeName="executor://mstestadapter/v2" className="UnitTests.CoreLive.Api.REST.v4.UpdateProfile" name="WhenWeirdWI2Address_ThenFailureReturned" />
    </UnitTest>
    <UnitTest name="WexHSAInquiryHandler_BadAPIKey_Forbidden" storage="/tmp/_work/dbp-d3couple/dbp-d3couple/test/unittests/bin/debug/net6.0/unittests.dll" id="40d48f81-f077-4ac3-9b4c-a8eb0fdcb88c">
      <Execution id="50f434cd-2c3e-4c84-9977-8908e0b6bc88" />
      <TestMethod codeBase="/tmp/_work/dbp-d3couple/dbp-d3couple/test/UnitTests/bin/Debug/net6.0/UnitTests.dll" adapterTypeName="executor://mstestadapter/v2" className="UnitTests.CoreLive.Api.REST.Intraday.EIS.WexHSAInquiryHandlerTests" name="WexHSAInquiryHandler_BadAPIKey_Forbidden" />
    </UnitTest>
    <UnitTest name="WexHSAInquiryHandler_MapResponse_Success" storage="/tmp/_work/dbp-d3couple/dbp-d3couple/test/unittests/bin/debug/net6.0/unittests.dll" id="b093eee7-1563-4ddf-aab6-d28b93ff44f9">
      <Execution id="9d7f3bcd-a2de-4f09-a1fe-6323c723d3c2" />
      <TestMethod codeBase="/tmp/_work/dbp-d3couple/dbp-d3couple/test/UnitTests/bin/Debug/net6.0/UnitTests.dll" adapterTypeName="executor://mstestadapter/v2" className="UnitTests.CoreLive.Api.REST.Intraday.EIS.WexHSAInquiryHandlerTests" name="WexHSAInquiryHandler_MapResponse_Success" />
    </UnitTest>
    <UnitTest name="WhenCustomerFoundByDebitNumberAndDOBMatches_NoSFCif_NotFoundInSF_FoundInSignature_ThenSuccess (SV,5770103000000017)" storage="/tmp/_work/dbp-d3couple/dbp-d3couple/test/unittests/bin/debug/net6.0/unittests.dll" id="98177b10-2fc5-42b2-b13a-f8f753466ca9">
      <Execution id="0b50edf1-776d-4d7d-b519-b5adc46477eb" />
      <TestMethod codeBase="/tmp/_work/dbp-d3couple/dbp-d3couple/test/UnitTests/bin/Debug/net6.0/UnitTests.dll" adapterTypeName="executor://mstestadapter/v2" className="UnitTests.CoreLive.WorkerServices.VerifyUserWorkServiceTest_InstantIssueDebit" name="WhenCustomerFoundByDebitNumberAndDOBMatches_NoSFCif_NotFoundInSF_FoundInSignature_ThenSuccess" />
    </UnitTest>
    <UnitTest name="TestLogging_Success" storage="/tmp/_work/dbp-d3couple/dbp-d3couple/test/unittests/bin/debug/net6.0/unittests.dll" id="f63306e3-70e7-4118-830b-1928fc8e8516">
      <Execution id="1cedb92f-d4ec-4740-bf03-1222a5f5caee" />
      <TestMethod codeBase="/tmp/_work/dbp-d3couple/dbp-d3couple/test/UnitTests/bin/Debug/net6.0/UnitTests.dll" adapterTypeName="executor://mstestadapter/v2" className="UnitTests.CoreLive.Api.REST.Logging.ApiLoggingMiddlewareTests" name="TestLogging_Success" />
    </UnitTest>
    <UnitTest name="WhenCIFIsEmpty_GetProfileFailsWith400" storage="/tmp/_work/dbp-d3couple/dbp-d3couple/test/unittests/bin/debug/net6.0/unittests.dll" id="485eb0a8-2d94-4991-a422-cd80bdd61d97">
      <Execution id="01add075-7ffc-4a3b-9a57-a7dd3045a35a" />
      <TestMethod codeBase="/tmp/_work/dbp-d3couple/dbp-d3couple/test/UnitTests/bin/Debug/net6.0/UnitTests.dll" adapterTypeName="executor://mstestadapter/v2" className="UnitTests.CoreLive.WorkerServices.GetProfileWorkerServiceTest" name="WhenCIFIsEmpty_GetProfileFailsWith400" />
    </UnitTest>
    <UnitTest name="EISClientPersoneticsADIEInquiry_SuccessTest" storage="/tmp/_work/dbp-d3couple/dbp-d3couple/test/unittests/bin/debug/net6.0/unittests.dll" id="0030b903-b8d6-4e0e-b12d-981c6fa45337">
      <Execution id="85842381-293b-4cf4-a960-812d5f876029" />
      <TestMethod codeBase="/tmp/_work/dbp-d3couple/dbp-d3couple/test/UnitTests/bin/Debug/net6.0/UnitTests.dll" adapterTypeName="executor://mstestadapter/v2" className="UnitTests.EISClientTests.EISClientPersoneticsADIEInquiry" name="EISClientPersoneticsADIEInquiry_SuccessTest" />
    </UnitTest>
    <UnitTest name="StopPaymentRangeTests_ReverseToFrom" storage="/tmp/_work/dbp-d3couple/dbp-d3couple/test/unittests/bin/debug/net6.0/unittests.dll" id="b43ae606-2a34-463c-98e3-d1c5aec03ab5">
      <Execution id="0ed1324c-d922-43f2-8c9f-3cde959e8680" />
      <TestMethod codeBase="/tmp/_work/dbp-d3couple/dbp-d3couple/test/UnitTests/bin/Debug/net6.0/UnitTests.dll" adapterTypeName="executor://mstestadapter/v2" className="UnitTests.CoreLive.WorkerServices.StopPaymentWSTests" name="StopPaymentRangeTests_ReverseToFrom" />
    </UnitTest>
    <UnitTest name="WhenInvalidRequest_ThenBadResponse (class UserVerificationResponse {&#xA;  AccountType: Personal&#xA;  AccountNumber: &#xA;  DebitCardNumber: 5147505055555555&#xA;  DateOfBirth: 1980-01-01&#xA;  TaxId: &#xA;  Context: &#xA;}&#xA;)" storage="/tmp/_work/dbp-d3couple/dbp-d3couple/test/unittests/bin/debug/net6.0/unittests.dll" id="424552ed-c2a2-4ef9-b0e5-5eda1eb9dfa6">
      <Execution id="14c88844-72aa-41cb-901b-2ba1031c8180" />
      <TestMethod codeBase="/tmp/_work/dbp-d3couple/dbp-d3couple/test/UnitTests/bin/Debug/net6.0/UnitTests.dll" adapterTypeName="executor://mstestadapter/v2" className="UnitTests.CoreLive.WorkerServices.VerifyUserWorkServiceTest" name="WhenInvalidRequest_ThenBadResponse" />
    </UnitTest>
    <UnitTest name="CustomerInquiryWS_GetCustomer_Success" storage="/tmp/_work/dbp-d3couple/dbp-d3couple/test/unittests/bin/debug/net6.0/unittests.dll" id="198c39a7-767f-4f16-b217-037931250519">
      <TestCategory>
        <TestCategoryItem TestCategory="TestUsesSnowflake" />
      </TestCategory>
      <Execution id="2c1b0650-a8cf-469b-9aa1-7696b83e0427" />
      <TestMethod codeBase="/tmp/_work/dbp-d3couple/dbp-d3couple/test/UnitTests/bin/Debug/net6.0/UnitTests.dll" adapterTypeName="executor://mstestadapter/v2" className="UnitTests.CoreLive.WorkerServices.CustomerInquiryWsTest" name="CustomerInquiryWS_GetCustomer_Success" />
    </UnitTest>
    <UnitTest name="StopPaymentRangeTests_Success" storage="/tmp/_work/dbp-d3couple/dbp-d3couple/test/unittests/bin/debug/net6.0/unittests.dll" id="4fb0e401-0faa-411e-baf2-d927df981d01">
      <Execution id="d7f8d844-7dc5-4e48-8162-5998f612ded1" />
      <TestMethod codeBase="/tmp/_work/dbp-d3couple/dbp-d3couple/test/UnitTests/bin/Debug/net6.0/UnitTests.dll" adapterTypeName="executor://mstestadapter/v2" className="UnitTests.CoreLive.WorkerServices.StopPaymentWSTests" name="StopPaymentRangeTests_Success" />
    </UnitTest>
    <UnitTest name="IntradayController_SyncALL_SingleCreditCardFaked" storage="/tmp/_work/dbp-d3couple/dbp-d3couple/test/unittests/bin/debug/net6.0/unittests.dll" id="cdc29ad0-fdb5-40b2-ad5b-19672cf6eea4">
      <Execution id="7e1ad98e-7b51-498e-92a9-92467781014e" />
      <TestMethod codeBase="/tmp/_work/dbp-d3couple/dbp-d3couple/test/UnitTests/bin/Debug/net6.0/UnitTests.dll" adapterTypeName="executor://mstestadapter/v2" className="UnitTests.CoreLive.Api.REST.Intraday.IntradayControllerTests" name="IntradayController_SyncALL_SingleCreditCardFaked" />
    </UnitTest>
    <UnitTest name="StopPaymentHistoryTests_AccountNotFoundInDatabase" storage="/tmp/_work/dbp-d3couple/dbp-d3couple/test/unittests/bin/debug/net6.0/unittests.dll" id="cff9823f-6d6a-4985-9a61-4e0a758cb104">
      <Execution id="73ff62ed-2679-4cd9-9c3e-ba68ac8dcee1" />
      <TestMethod codeBase="/tmp/_work/dbp-d3couple/dbp-d3couple/test/UnitTests/bin/Debug/net6.0/UnitTests.dll" adapterTypeName="executor://mstestadapter/v2" className="UnitTests.CoreLive.WorkerServices.StopPaymentHistoryWSTests" name="StopPaymentHistoryTests_AccountNotFoundInDatabase" />
    </UnitTest>
    <UnitTest name="EDocs_GetAccountDocumentLinks_Success" storage="/tmp/_work/dbp-d3couple/dbp-d3couple/test/unittests/bin/debug/net6.0/unittests.dll" id="a931d83e-268f-446d-a16b-e79470f64b1e">
      <TestCategory>
        <TestCategoryItem TestCategory="TestUsesSnowflake" />
      </TestCategory>
      <Execution id="20df1b48-f52b-4547-aa1d-5e943762c48e" />
      <TestMethod codeBase="/tmp/_work/dbp-d3couple/dbp-d3couple/test/UnitTests/bin/Debug/net6.0/UnitTests.dll" adapterTypeName="executor://mstestadapter/v2" className="UnitTests.CoreLive.Api.REST.EDocument.EDocumentTests" name="EDocs_GetAccountDocumentLinks_Success" />
    </UnitTest>
    <UnitTest name="TestLogging_ExceptionAggregate" storage="/tmp/_work/dbp-d3couple/dbp-d3couple/test/unittests/bin/debug/net6.0/unittests.dll" id="477bca6d-26f6-424e-a5a2-3c7ff41580b8">
      <Execution id="1340d09e-8e04-4a8c-981c-4a838be7ea7b" />
      <TestMethod codeBase="/tmp/_work/dbp-d3couple/dbp-d3couple/test/UnitTests/bin/Debug/net6.0/UnitTests.dll" adapterTypeName="executor://mstestadapter/v2" className="UnitTests.CoreLive.Api.REST.Logging.ApiLoggingMiddlewareTests" name="TestLogging_ExceptionAggregate" />
    </UnitTest>
    <UnitTest name="IntradayController_AccountRoute_SyncTRANSACTIONS_SingleTimeFaked_SyncFails" storage="/tmp/_work/dbp-d3couple/dbp-d3couple/test/unittests/bin/debug/net6.0/unittests.dll" id="a43ccfc8-160f-495a-8f51-2c003413221e">
      <Execution id="abd53f8e-4faf-49a1-843b-24ffece4dae5" />
      <TestMethod codeBase="/tmp/_work/dbp-d3couple/dbp-d3couple/test/UnitTests/bin/Debug/net6.0/UnitTests.dll" adapterTypeName="executor://mstestadapter/v2" className="UnitTests.CoreLive.Api.REST.Intraday.IntradayControllerTests" name="IntradayController_AccountRoute_SyncTRANSACTIONS_SingleTimeFaked_SyncFails" />
    </UnitTest>
    <UnitTest name="InternalTransferWS_TontityVerificationNotFound" storage="/tmp/_work/dbp-d3couple/dbp-d3couple/test/unittests/bin/debug/net6.0/unittests.dll" id="dfbb5b09-212b-4320-a555-7073ef722c3b">
      <Execution id="db293798-bd5c-406f-bad1-3e30118bb7de" />
      <TestMethod codeBase="/tmp/_work/dbp-d3couple/dbp-d3couple/test/UnitTests/bin/Debug/net6.0/UnitTests.dll" adapterTypeName="executor://mstestadapter/v2" className="UnitTests.CoreLive.WorkerServices.InternalTransfersTest" name="InternalTransferWS_TontityVerificationNotFound" />
    </UnitTest>
    <UnitTest name="WhenCustomerFoundByDebitNumberAndDOBMatches_NotFoundInSF_FoundInSignature_ThenSuccess (SV)" storage="/tmp/_work/dbp-d3couple/dbp-d3couple/test/unittests/bin/debug/net6.0/unittests.dll" id="417dcc19-8fd7-4bed-bad0-c0c4c60fec66">
      <Execution id="842e490a-9d6a-4324-a9fc-1bd47685a0ec" />
      <TestMethod codeBase="/tmp/_work/dbp-d3couple/dbp-d3couple/test/UnitTests/bin/Debug/net6.0/UnitTests.dll" adapterTypeName="executor://mstestadapter/v2" className="UnitTests.CoreLive.WorkerServices.VerifyUserWorkServiceTest_InstantIssueDebit" name="WhenCustomerFoundByDebitNumberAndDOBMatches_NotFoundInSF_FoundInSignature_ThenSuccess" />
    </UnitTest>
    <UnitTest name="IntradayHandler_GetSignatureAccountsFail" storage="/tmp/_work/dbp-d3couple/dbp-d3couple/test/unittests/bin/debug/net6.0/unittests.dll" id="9308310e-1e4d-4aea-909d-36f75a29d891">
      <Execution id="06bfbaa9-d935-47a2-b6f6-daf8c7084b35" />
      <TestMethod codeBase="/tmp/_work/dbp-d3couple/dbp-d3couple/test/UnitTests/bin/Debug/net6.0/UnitTests.dll" adapterTypeName="executor://mstestadapter/v2" className="UnitTests.CoreLive.Api.REST.Intraday.IntradayHandlerTests" name="IntradayHandler_GetSignatureAccountsFail" />
    </UnitTest>
    <UnitTest name="UpdateProfile_ContactUpdateEmail" storage="/tmp/_work/dbp-d3couple/dbp-d3couple/test/unittests/bin/debug/net6.0/unittests.dll" id="78812b3b-b2c1-4a95-8596-173c084554c8">
      <Execution id="a88ebe12-3f5a-48d4-9bcc-bc3d9b2c448e" />
      <TestMethod codeBase="/tmp/_work/dbp-d3couple/dbp-d3couple/test/UnitTests/bin/Debug/net6.0/UnitTests.dll" adapterTypeName="executor://mstestadapter/v2" className="UnitTests.CoreLive.WorkerServices.UpdateProfileWorkerServiceContactTests" name="UpdateProfile_ContactUpdateEmail" />
    </UnitTest>
    <UnitTest name="AccountInquiryWS_WithValidData_ReturnResults" storage="/tmp/_work/dbp-d3couple/dbp-d3couple/test/unittests/bin/debug/net6.0/unittests.dll" id="0488f847-decc-41eb-9e95-cf8d9f4864b8">
      <TestCategory>
        <TestCategoryItem TestCategory="TestUsesSnowflake" />
      </TestCategory>
      <Execution id="bdd34a61-1756-4d8c-af67-fda420874d97" />
      <TestMethod codeBase="/tmp/_work/dbp-d3couple/dbp-d3couple/test/UnitTests/bin/Debug/net6.0/UnitTests.dll" adapterTypeName="executor://mstestadapter/v2" className="UnitTests.CoreLive.WorkerServices.AccountInquiryWsTest" name="AccountInquiryWS_WithValidData_ReturnResults" />
    </UnitTest>
    <UnitTest name="IntradayHandlerLoanTests_CreateTransaction_CSPNotLongEnough" storage="/tmp/_work/dbp-d3couple/dbp-d3couple/test/unittests/bin/debug/net6.0/unittests.dll" id="2d647d85-c65f-40b5-af33-879ce040ae4c">
      <Execution id="72141d7e-4f6e-4f05-96be-2cf7cffb11df" />
      <TestMethod codeBase="/tmp/_work/dbp-d3couple/dbp-d3couple/test/UnitTests/bin/Debug/net6.0/UnitTests.dll" adapterTypeName="executor://mstestadapter/v2" className="UnitTests.CoreLive.Api.REST.Intraday.IntradayHandlerLNTests" name="IntradayHandlerLoanTests_CreateTransaction_CSPNotLongEnough" />
    </UnitTest>
    <UnitTest name="EISClientTruvUserLookUp_SuccessNotFoundTest" storage="/tmp/_work/dbp-d3couple/dbp-d3couple/test/unittests/bin/debug/net6.0/unittests.dll" id="90df1961-06a0-402f-9190-b34e17531e70">
      <Execution id="e2cf6e35-e9de-442f-a8a4-9ee8e55bcf33" />
      <TestMethod codeBase="/tmp/_work/dbp-d3couple/dbp-d3couple/test/UnitTests/bin/Debug/net6.0/UnitTests.dll" adapterTypeName="executor://mstestadapter/v2" className="UnitTests.EISClientTests.EISClientTruvUserLookUp" name="EISClientTruvUserLookUp_SuccessNotFoundTest" />
    </UnitTest>
    <UnitTest name="EDocs_GetUserEDocumentListByType_Tax_Success" storage="/tmp/_work/dbp-d3couple/dbp-d3couple/test/unittests/bin/debug/net6.0/unittests.dll" id="d77734b4-0450-4d5e-9d83-f77afd49f95e">
      <TestCategory>
        <TestCategoryItem TestCategory="TestUsesSnowflake" />
      </TestCategory>
      <Execution id="751aef82-26e0-4ad4-a0cd-371c7877de6b" />
      <TestMethod codeBase="/tmp/_work/dbp-d3couple/dbp-d3couple/test/UnitTests/bin/Debug/net6.0/UnitTests.dll" adapterTypeName="executor://mstestadapter/v2" className="UnitTests.CoreLive.Api.REST.EDocument.EDocumentTests" name="EDocs_GetUserEDocumentListByType_Tax_Success" />
    </UnitTest>
    <UnitTest name="LoanAcctTrnInqWS_ReturnResults2" storage="/tmp/_work/dbp-d3couple/dbp-d3couple/test/unittests/bin/debug/net6.0/unittests.dll" id="809a246e-6946-41b5-9c3d-6b131922e54c">
      <Execution id="1a5934ae-8063-4d40-9baa-cd07049a4821" />
      <TestMethod codeBase="/tmp/_work/dbp-d3couple/dbp-d3couple/test/UnitTests/bin/Debug/net6.0/UnitTests.dll" adapterTypeName="executor://mstestadapter/v2" className="UnitTests.CoreLive.WorkerServices.LoanAcctTrnInqWSTest" name="LoanAcctTrnInqWS_ReturnResults2" />
    </UnitTest>
    <UnitTest name="StopPaymentHistoryTests_MultipleStops_OrderTest" storage="/tmp/_work/dbp-d3couple/dbp-d3couple/test/unittests/bin/debug/net6.0/unittests.dll" id="ed554971-c67e-439c-aa41-3d29bb659c53">
      <Execution id="3a6f1f68-f9b0-42e9-a037-d285a90c5232" />
      <TestMethod codeBase="/tmp/_work/dbp-d3couple/dbp-d3couple/test/UnitTests/bin/Debug/net6.0/UnitTests.dll" adapterTypeName="executor://mstestadapter/v2" className="UnitTests.CoreLive.WorkerServices.StopPaymentHistoryWSTests" name="StopPaymentHistoryTests_MultipleStops_OrderTest" />
    </UnitTest>
    <UnitTest name="WhenMultipleCustomersFoundByAccountNumberWithSameDOB_ThenUnsuccessfulResponse" storage="/tmp/_work/dbp-d3couple/dbp-d3couple/test/unittests/bin/debug/net6.0/unittests.dll" id="f72c4d95-59b9-4d92-9cde-4e8ed00f96a6">
      <Execution id="8027290d-494b-47fb-be58-548b603effab" />
      <TestMethod codeBase="/tmp/_work/dbp-d3couple/dbp-d3couple/test/UnitTests/bin/Debug/net6.0/UnitTests.dll" adapterTypeName="executor://mstestadapter/v2" className="UnitTests.CoreLive.WorkerServices.VerifyUserWorkServiceTest" name="WhenMultipleCustomersFoundByAccountNumberWithSameDOB_ThenUnsuccessfulResponse" />
    </UnitTest>
    <UnitTest name="EDocs_GetAccountDocumentLinks_AccountWithNoDocs_ExpectEmptyData" storage="/tmp/_work/dbp-d3couple/dbp-d3couple/test/unittests/bin/debug/net6.0/unittests.dll" id="813b6e50-4cb9-40b9-bcaa-7517598888b7">
      <TestCategory>
        <TestCategoryItem TestCategory="TestUsesSnowflake" />
      </TestCategory>
      <Execution id="9cf7a6fd-a091-4652-a803-dac6780a42e0" />
      <TestMethod codeBase="/tmp/_work/dbp-d3couple/dbp-d3couple/test/UnitTests/bin/Debug/net6.0/UnitTests.dll" adapterTypeName="executor://mstestadapter/v2" className="UnitTests.CoreLive.Api.REST.EDocument.EDocumentTests" name="EDocs_GetAccountDocumentLinks_AccountWithNoDocs_ExpectEmptyData" />
    </UnitTest>
    <UnitTest name="LoanAcctTrnInqWS_ErrorResult" storage="/tmp/_work/dbp-d3couple/dbp-d3couple/test/unittests/bin/debug/net6.0/unittests.dll" id="534504ad-1aad-43d2-add8-7eca4d64ccb3">
      <Execution id="7dadac7d-7112-4f75-ad95-7137fa123ba6" />
      <TestMethod codeBase="/tmp/_work/dbp-d3couple/dbp-d3couple/test/UnitTests/bin/Debug/net6.0/UnitTests.dll" adapterTypeName="executor://mstestadapter/v2" className="UnitTests.CoreLive.WorkerServices.LoanAcctTrnInqWSTest" name="LoanAcctTrnInqWS_ErrorResult" />
    </UnitTest>
    <UnitTest name="from_account_not_found" storage="/tmp/_work/dbp-d3couple/dbp-d3couple/test/unittests/bin/debug/net6.0/unittests.dll" id="5dc0697a-906f-429c-8e7b-97a17bcd92c4">
      <Execution id="f7a35e93-1fd6-48ac-992f-8069b444cee7" />
      <TestMethod codeBase="/tmp/_work/dbp-d3couple/dbp-d3couple/test/UnitTests/bin/Debug/net6.0/UnitTests.dll" adapterTypeName="executor://mstestadapter/v2" className="UnitTests.MockCommunicatorTests.XferAddTests" name="from_account_not_found" />
    </UnitTest>
    <UnitTest name="IntradayController_SyncACCOUNTS_SingleCreditCardFaked_FakeException" storage="/tmp/_work/dbp-d3couple/dbp-d3couple/test/unittests/bin/debug/net6.0/unittests.dll" id="38021581-a786-4238-9f09-d7d2c6cd9063">
      <Execution id="aa42c3f7-1c95-4d00-8726-00f8f6d840f7" />
      <TestMethod codeBase="/tmp/_work/dbp-d3couple/dbp-d3couple/test/UnitTests/bin/Debug/net6.0/UnitTests.dll" adapterTypeName="executor://mstestadapter/v2" className="UnitTests.CoreLive.Api.REST.Intraday.IntradayControllerTests" name="IntradayController_SyncACCOUNTS_SingleCreditCardFaked_FakeException" />
    </UnitTest>
    <UnitTest name="Success" storage="/tmp/_work/dbp-d3couple/dbp-d3couple/test/unittests/bin/debug/net6.0/unittests.dll" id="ff1eebee-1409-434d-afbf-753a38aeddf4">
      <Execution id="8ccdb4ce-2d5b-411b-b883-3b48f01fb32d" />
      <TestMethod codeBase="/tmp/_work/dbp-d3couple/dbp-d3couple/test/UnitTests/bin/Debug/net6.0/UnitTests.dll" adapterTypeName="executor://mstestadapter/v2" className="UnitTests.CoreLive.WorkerServices.OnUsTransferTests" name="Success" />
    </UnitTest>
    <UnitTest name="both_accounts_not_found" storage="/tmp/_work/dbp-d3couple/dbp-d3couple/test/unittests/bin/debug/net6.0/unittests.dll" id="9b6f7d8d-ee53-477e-b8bc-e4dd55d00548">
      <Execution id="11c64ee3-a61c-4418-acb9-7f7e5bc0e4a0" />
      <TestMethod codeBase="/tmp/_work/dbp-d3couple/dbp-d3couple/test/UnitTests/bin/Debug/net6.0/UnitTests.dll" adapterTypeName="executor://mstestadapter/v2" className="UnitTests.MockCommunicatorTests.XferAddTests" name="both_accounts_not_found" />
    </UnitTest>
    <UnitTest name="When1037Success_MapResult" storage="/tmp/_work/dbp-d3couple/dbp-d3couple/test/unittests/bin/debug/net6.0/unittests.dll" id="b821832c-9fb7-4860-8da5-434a7825b833">
      <Execution id="d9b7a0c4-8d5b-465a-97fc-bf352daffbfc" />
      <TestMethod codeBase="/tmp/_work/dbp-d3couple/dbp-d3couple/test/UnitTests/bin/Debug/net6.0/UnitTests.dll" adapterTypeName="executor://mstestadapter/v2" className="UnitTests.CoreLive.Api.REST.Intraday.Handler.LoanServTransactionsTests" name="When1037Success_MapResult" />
    </UnitTest>
    <UnitTest name="IntradayHandlerLoanTests_CreateTransaction_CSPNotNumbers" storage="/tmp/_work/dbp-d3couple/dbp-d3couple/test/unittests/bin/debug/net6.0/unittests.dll" id="4bdf38cd-dcc7-4cf6-97b6-eb695ef9cad8">
      <Execution id="6da910d6-ed25-4536-979a-43d9e76b1e68" />
      <TestMethod codeBase="/tmp/_work/dbp-d3couple/dbp-d3couple/test/UnitTests/bin/Debug/net6.0/UnitTests.dll" adapterTypeName="executor://mstestadapter/v2" className="UnitTests.CoreLive.Api.REST.Intraday.IntradayHandlerLNTests" name="IntradayHandlerLoanTests_CreateTransaction_CSPNotNumbers" />
    </UnitTest>
    <UnitTest name="StopPaymentTests_ErrorNotExpected" storage="/tmp/_work/dbp-d3couple/dbp-d3couple/test/unittests/bin/debug/net6.0/unittests.dll" id="0528c0fe-1ef9-4084-a49a-01c4c987c470">
      <Execution id="dc9f10a1-fbd3-490a-9548-20e03ab69dbc" />
      <TestMethod codeBase="/tmp/_work/dbp-d3couple/dbp-d3couple/test/UnitTests/bin/Debug/net6.0/UnitTests.dll" adapterTypeName="executor://mstestadapter/v2" className="UnitTests.CoreLive.WorkerServices.StopPaymentWSTests" name="StopPaymentTests_ErrorNotExpected" />
    </UnitTest>
    <UnitTest name="StopPaymentRangeTests_AccountNotFound" storage="/tmp/_work/dbp-d3couple/dbp-d3couple/test/unittests/bin/debug/net6.0/unittests.dll" id="3aba3159-bb4a-49b8-89e2-dc35ae89065a">
      <Execution id="9083c770-d7bf-4296-8f75-2eefb12c5fc6" />
      <TestMethod codeBase="/tmp/_work/dbp-d3couple/dbp-d3couple/test/UnitTests/bin/Debug/net6.0/UnitTests.dll" adapterTypeName="executor://mstestadapter/v2" className="UnitTests.CoreLive.WorkerServices.StopPaymentWSTests" name="StopPaymentRangeTests_AccountNotFound" />
    </UnitTest>
    <UnitTest name="WhenRegularPaymentIsValid_TransferSucceedsWith200" storage="/tmp/_work/dbp-d3couple/dbp-d3couple/test/unittests/bin/debug/net6.0/unittests.dll" id="9a0b676a-5ae7-4668-9afb-cc62eb68be03">
      <Execution id="484aeeae-a1ce-4a38-9734-51a6029aac19" />
      <TestMethod codeBase="/tmp/_work/dbp-d3couple/dbp-d3couple/test/UnitTests/bin/Debug/net6.0/UnitTests.dll" adapterTypeName="executor://mstestadapter/v2" className="UnitTests.CoreLive.WorkerServices.InternalTransfersTest" name="WhenRegularPaymentIsValid_TransferSucceedsWith200" />
    </UnitTest>
    <UnitTest name="WexHSAInquiryHandler_BadSecret_Forbidden" storage="/tmp/_work/dbp-d3couple/dbp-d3couple/test/unittests/bin/debug/net6.0/unittests.dll" id="def4a38c-d01b-43b1-a483-4d8c4ed87321">
      <Execution id="7001f781-b6c2-4067-b585-1721036eab70" />
      <TestMethod codeBase="/tmp/_work/dbp-d3couple/dbp-d3couple/test/UnitTests/bin/Debug/net6.0/UnitTests.dll" adapterTypeName="executor://mstestadapter/v2" className="UnitTests.CoreLive.Api.REST.Intraday.EIS.WexHSAInquiryHandlerTests" name="WexHSAInquiryHandler_BadSecret_Forbidden" />
    </UnitTest>
    <UnitTest name="When1037TransHasSameFields_CreateUniqueKey" storage="/tmp/_work/dbp-d3couple/dbp-d3couple/test/unittests/bin/debug/net6.0/unittests.dll" id="f638e80b-aa9d-4609-bea9-aa8001da0adb">
      <Execution id="c322bc5d-7d22-4db9-9a50-aa96fe21ac24" />
      <TestMethod codeBase="/tmp/_work/dbp-d3couple/dbp-d3couple/test/UnitTests/bin/Debug/net6.0/UnitTests.dll" adapterTypeName="executor://mstestadapter/v2" className="UnitTests.CoreLive.Api.REST.Intraday.Handler.LoanServTransactionsTests" name="When1037TransHasSameFields_CreateUniqueKey" />
    </UnitTest>
    <UnitTest name="IntradayREST_BadSyncType_SNSEnabled" storage="/tmp/_work/dbp-d3couple/dbp-d3couple/test/unittests/bin/debug/net6.0/unittests.dll" id="7c02062a-669f-434b-9b03-3359c89cdb11">
      <Execution id="14b47ee8-7638-45c6-bc06-9358c1a4de0f" />
      <TestMethod codeBase="/tmp/_work/dbp-d3couple/dbp-d3couple/test/UnitTests/bin/Debug/net6.0/UnitTests.dll" adapterTypeName="executor://mstestadapter/v2" className="UnitTests.CoreLive.Api.REST.Intraday.IntradayREST" name="IntradayREST_BadSyncType_SNSEnabled" />
    </UnitTest>
    <UnitTest name="CoreLive_Rest_TransferFunds_With_SNS_Mock_Success" storage="/tmp/_work/dbp-d3couple/dbp-d3couple/test/unittests/bin/debug/net6.0/unittests.dll" id="89ac05bf-8fd4-48fc-bf3c-fe8c75112214">
      <Execution id="2c21b55d-7543-4675-aa27-b786d2a8f65c" />
      <TestMethod codeBase="/tmp/_work/dbp-d3couple/dbp-d3couple/test/UnitTests/bin/Debug/net6.0/UnitTests.dll" adapterTypeName="executor://mstestadapter/v2" className="UnitTests.CoreLive.Api.REST.v4.TransferFunds" name="CoreLive_Rest_TransferFunds_With_SNS_Mock_Success" />
    </UnitTest>
    <UnitTest name="AccountInquiryWS_GetAccountsFewerThan30" storage="/tmp/_work/dbp-d3couple/dbp-d3couple/test/unittests/bin/debug/net6.0/unittests.dll" id="e93087fa-09ad-4a48-b28a-409ba3e5d2f0">
      <Execution id="d3a8c8e8-31b4-47a8-8c71-00ab6585842b" />
      <TestMethod codeBase="/tmp/_work/dbp-d3couple/dbp-d3couple/test/UnitTests/bin/Debug/net6.0/UnitTests.dll" adapterTypeName="executor://mstestadapter/v2" className="UnitTests.CoreLive.WorkerServices.AccountInquiryWsTest" name="AccountInquiryWS_GetAccountsFewerThan30" />
    </UnitTest>
    <UnitTest name="WhenValidAddress_ThenSuccessReturned" storage="/tmp/_work/dbp-d3couple/dbp-d3couple/test/unittests/bin/debug/net6.0/unittests.dll" id="5a5d131e-21df-4f94-a0a6-a46b7247b7c8">
      <TestCategory>
        <TestCategoryItem TestCategory="TestUsesSnowflake" />
      </TestCategory>
      <Execution id="d652d161-9d0a-40ac-8748-fb95223adfd5" />
      <TestMethod codeBase="/tmp/_work/dbp-d3couple/dbp-d3couple/test/UnitTests/bin/Debug/net6.0/UnitTests.dll" adapterTypeName="executor://mstestadapter/v2" className="UnitTests.CoreLive.Api.REST.v4.UpdateProfileContacts" name="WhenValidAddress_ThenSuccessReturned" />
    </UnitTest>
    <UnitTest name="WhenCustomerDoesNotExist_TransferFundsFailsWith404" storage="/tmp/_work/dbp-d3couple/dbp-d3couple/test/unittests/bin/debug/net6.0/unittests.dll" id="4a5bbafa-6f71-42ae-ad2f-48752322698b">
      <Execution id="80314265-4a98-434c-879e-fbd6564eb68d" />
      <TestMethod codeBase="/tmp/_work/dbp-d3couple/dbp-d3couple/test/UnitTests/bin/Debug/net6.0/UnitTests.dll" adapterTypeName="executor://mstestadapter/v2" className="UnitTests.CoreLive.WorkerServices.InternalTransfersTest" name="WhenCustomerDoesNotExist_TransferFundsFailsWith404" />
    </UnitTest>
    <UnitTest name="IntradayHandler_MergeSnowflakeAndSignatureIncludesNotSignatureType" storage="/tmp/_work/dbp-d3couple/dbp-d3couple/test/unittests/bin/debug/net6.0/unittests.dll" id="8e1c34a6-175a-4e12-a806-265df9ec9080">
      <Execution id="0e166845-dec0-4886-9304-b90b09500fc7" />
      <TestMethod codeBase="/tmp/_work/dbp-d3couple/dbp-d3couple/test/UnitTests/bin/Debug/net6.0/UnitTests.dll" adapterTypeName="executor://mstestadapter/v2" className="UnitTests.CoreLive.Api.REST.Intraday.IntradayHandlerTests" name="IntradayHandler_MergeSnowflakeAndSignatureIncludesNotSignatureType" />
    </UnitTest>
    <UnitTest name="StopPaymentTests_ZeroCheckNumberRange_CommunicatorErrorExpected" storage="/tmp/_work/dbp-d3couple/dbp-d3couple/test/unittests/bin/debug/net6.0/unittests.dll" id="ebb95dae-bb68-497b-a035-b5418e8359a4">
      <Execution id="e8172dde-1ec3-4144-b1cb-8bc74f415856" />
      <TestMethod codeBase="/tmp/_work/dbp-d3couple/dbp-d3couple/test/UnitTests/bin/Debug/net6.0/UnitTests.dll" adapterTypeName="executor://mstestadapter/v2" className="UnitTests.CoreLive.WorkerServices.StopPaymentWSTests" name="StopPaymentTests_ZeroCheckNumberRange_CommunicatorErrorExpected" />
    </UnitTest>
    <UnitTest name="PersoneticsController_NotGetInsightsLanguageModifier_Success" storage="/tmp/_work/dbp-d3couple/dbp-d3couple/test/unittests/bin/debug/net6.0/unittests.dll" id="945f5d33-f3fa-47c6-928e-7604afcfae23">
      <Execution id="42469f8d-e237-418d-be6b-723ad9b4c8e9" />
      <TestMethod codeBase="/tmp/_work/dbp-d3couple/dbp-d3couple/test/UnitTests/bin/Debug/net6.0/UnitTests.dll" adapterTypeName="executor://mstestadapter/v2" className="UnitTests.CoreLive.Api.REST.Personetics.PersonetisControllerTests" name="PersoneticsController_NotGetInsightsLanguageModifier_Success" />
    </UnitTest>
    <UnitTest name="WhenPOAddress_ThenFailureReturned" storage="/tmp/_work/dbp-d3couple/dbp-d3couple/test/unittests/bin/debug/net6.0/unittests.dll" id="1905cb94-3075-444e-992d-b4d1f5dcb6cb">
      <TestCategory>
        <TestCategoryItem TestCategory="TestUsesSnowflake" />
      </TestCategory>
      <Execution id="34570cd4-a562-4d27-bd04-6f8bf0bd32b2" />
      <TestMethod codeBase="/tmp/_work/dbp-d3couple/dbp-d3couple/test/UnitTests/bin/Debug/net6.0/UnitTests.dll" adapterTypeName="executor://mstestadapter/v2" className="UnitTests.CoreLive.Api.REST.v4.UpdateProfile" name="WhenPOAddress_ThenFailureReturned" />
    </UnitTest>
    <UnitTest name="EDocs_Enrollment_GetPreferences_TestUser" storage="/tmp/_work/dbp-d3couple/dbp-d3couple/test/unittests/bin/debug/net6.0/unittests.dll" id="eaca3bbb-2561-44cf-b453-1cdd39bb098a">
      <TestCategory>
        <TestCategoryItem TestCategory="TestUsesSnowflake" />
      </TestCategory>
      <Execution id="d89bfa89-ded5-4fc6-8d0c-554ab47d1808" />
      <TestMethod codeBase="/tmp/_work/dbp-d3couple/dbp-d3couple/test/UnitTests/bin/Debug/net6.0/UnitTests.dll" adapterTypeName="executor://mstestadapter/v2" className="UnitTests.CoreLive.Api.REST.EDocument.EDocumentTests" name="EDocs_Enrollment_GetPreferences_TestUser" />
    </UnitTest>
    <UnitTest name="WhenValidAddress_ThenSuccessReturned" storage="/tmp/_work/dbp-d3couple/dbp-d3couple/test/unittests/bin/debug/net6.0/unittests.dll" id="613e83b6-77fe-4ab4-b44c-a72c2f02d517">
      <TestCategory>
        <TestCategoryItem TestCategory="TestUsesSnowflake" />
      </TestCategory>
      <Execution id="5088c116-af50-4f36-8d18-623c83549efa" />
      <TestMethod codeBase="/tmp/_work/dbp-d3couple/dbp-d3couple/test/UnitTests/bin/Debug/net6.0/UnitTests.dll" adapterTypeName="executor://mstestadapter/v2" className="UnitTests.CoreLive.Api.REST.v4.UpdateProfile" name="WhenValidAddress_ThenSuccessReturned" />
    </UnitTest>
    <UnitTest name="AccountInquiryWS_GetAccountsMoreThan30" storage="/tmp/_work/dbp-d3couple/dbp-d3couple/test/unittests/bin/debug/net6.0/unittests.dll" id="d5e3a698-796a-464c-87ee-a11afd37cbfe">
      <Execution id="6114fe9a-6288-4662-9393-54d27de98930" />
      <TestMethod codeBase="/tmp/_work/dbp-d3couple/dbp-d3couple/test/UnitTests/bin/Debug/net6.0/UnitTests.dll" adapterTypeName="executor://mstestadapter/v2" className="UnitTests.CoreLive.WorkerServices.AccountInquiryWsTest" name="AccountInquiryWS_GetAccountsMoreThan30" />
    </UnitTest>
    <UnitTest name="WhenInvalidRequest_ThenBadResponse (class UserVerificationResponse {&#xA;  AccountType: Business&#xA;  AccountNumber: &#xA;  DebitCardNumber: 5147505055555555&#xA;  DateOfBirth: &#xA;  TaxId: &#xA;  Context: SELF-ENROLLMENT&#xA;}&#xA;)" storage="/tmp/_work/dbp-d3couple/dbp-d3couple/test/unittests/bin/debug/net6.0/unittests.dll" id="5b197bf2-40a1-4c76-832f-aee23c5f8ecb">
      <Execution id="1e53fe0d-8aab-4275-a61b-712dbe6167a1" />
      <TestMethod codeBase="/tmp/_work/dbp-d3couple/dbp-d3couple/test/UnitTests/bin/Debug/net6.0/UnitTests.dll" adapterTypeName="executor://mstestadapter/v2" className="UnitTests.CoreLive.WorkerServices.VerifyUserWorkServiceTest" name="WhenInvalidRequest_ThenBadResponse" />
    </UnitTest>
    <UnitTest name="EISClient_AddressParse_AddressNotFound" storage="/tmp/_work/dbp-d3couple/dbp-d3couple/test/unittests/bin/debug/net6.0/unittests.dll" id="504ad165-73de-4026-8b72-96ea514f9890">
      <Execution id="cf61d574-6cb7-4396-983d-2070d0d3be2d" />
      <TestMethod codeBase="/tmp/_work/dbp-d3couple/dbp-d3couple/test/UnitTests/bin/Debug/net6.0/UnitTests.dll" adapterTypeName="executor://mstestadapter/v2" className="UnitTests.EISClientTests.EISAddressParserClientTests_Mocked" name="EISClient_AddressParse_AddressNotFound" />
    </UnitTest>
    <UnitTest name="UpdateProfile_ProfileUpdate_BadDOB" storage="/tmp/_work/dbp-d3couple/dbp-d3couple/test/unittests/bin/debug/net6.0/unittests.dll" id="ed5b0dcb-4956-48c5-be9e-d824e7ca9b99">
      <Execution id="63cd8ccb-7b8c-44ef-a553-549885e4d054" />
      <TestMethod codeBase="/tmp/_work/dbp-d3couple/dbp-d3couple/test/UnitTests/bin/Debug/net6.0/UnitTests.dll" adapterTypeName="executor://mstestadapter/v2" className="UnitTests.CoreLive.WorkerServices.UpdateProfileWorkerServiceProfileTests" name="UpdateProfile_ProfileUpdate_BadDOB" />
    </UnitTest>
    <UnitTest name="IntradayREST_BadSyncType" storage="/tmp/_work/dbp-d3couple/dbp-d3couple/test/unittests/bin/debug/net6.0/unittests.dll" id="a01b4589-258d-4e27-91e0-1395291c7811">
      <Execution id="481b5559-1868-4502-a359-955cda544cc3" />
      <TestMethod codeBase="/tmp/_work/dbp-d3couple/dbp-d3couple/test/UnitTests/bin/Debug/net6.0/UnitTests.dll" adapterTypeName="executor://mstestadapter/v2" className="UnitTests.CoreLive.Api.REST.Intraday.IntradayREST" name="IntradayREST_BadSyncType" />
    </UnitTest>
    <UnitTest name="MultipleAccounts_Success_DisassociatedAndChargedOff" storage="/tmp/_work/dbp-d3couple/dbp-d3couple/test/unittests/bin/debug/net6.0/unittests.dll" id="454e8c2a-8a5f-487d-bfe9-1eb578ee7c15">
      <Execution id="e77d36da-fcb2-49a9-8957-e7eba4f6f100" />
      <TestMethod codeBase="/tmp/_work/dbp-d3couple/dbp-d3couple/test/UnitTests/bin/Debug/net6.0/UnitTests.dll" adapterTypeName="executor://mstestadapter/v2" className="UnitTests.CoreLive.Api.REST.Intraday.IntradayHandlerTests" name="MultipleAccounts_Success_DisassociatedAndChargedOff" />
    </UnitTest>
    <UnitTest name="DestinationAccountNotFound" storage="/tmp/_work/dbp-d3couple/dbp-d3couple/test/unittests/bin/debug/net6.0/unittests.dll" id="260c73f4-dc60-4ae4-9cf5-773ae7b7ac8c">
      <Execution id="f1590242-a1c7-431e-8ad5-e31048777855" />
      <TestMethod codeBase="/tmp/_work/dbp-d3couple/dbp-d3couple/test/UnitTests/bin/Debug/net6.0/UnitTests.dll" adapterTypeName="executor://mstestadapter/v2" className="UnitTests.CoreLive.WorkerServices.OnUsTransferTests" name="DestinationAccountNotFound" />
    </UnitTest>
    <UnitTest name="StopPaymentRangeTests_CheckAlreadyStoppedPartialOverlap" storage="/tmp/_work/dbp-d3couple/dbp-d3couple/test/unittests/bin/debug/net6.0/unittests.dll" id="564ccb97-268e-46e5-8b47-b2d2b59653eb">
      <Execution id="5696234e-0e74-48eb-8872-67681f92028c" />
      <TestMethod codeBase="/tmp/_work/dbp-d3couple/dbp-d3couple/test/UnitTests/bin/Debug/net6.0/UnitTests.dll" adapterTypeName="executor://mstestadapter/v2" className="UnitTests.CoreLive.WorkerServices.StopPaymentWSTests" name="StopPaymentRangeTests_CheckAlreadyStoppedPartialOverlap" />
    </UnitTest>
    <UnitTest name="UpdateProfile_IncompleteAddressUpdate" storage="/tmp/_work/dbp-d3couple/dbp-d3couple/test/unittests/bin/debug/net6.0/unittests.dll" id="64680524-22fd-43e2-9d32-63b02681c46e">
      <Execution id="1859e923-de02-45e9-b988-959a09bb7e0c" />
      <TestMethod codeBase="/tmp/_work/dbp-d3couple/dbp-d3couple/test/UnitTests/bin/Debug/net6.0/UnitTests.dll" adapterTypeName="executor://mstestadapter/v2" className="UnitTests.CoreLive.WorkerServices.UpdateProfileWorkerServiceAddressTests" name="UpdateProfile_IncompleteAddressUpdate" />
    </UnitTest>
    <UnitTest name="CoreLive_Rest_TransferFunds_With_SNS_Mock_CancelRequest_Success" storage="/tmp/_work/dbp-d3couple/dbp-d3couple/test/unittests/bin/debug/net6.0/unittests.dll" id="ed1bd8fa-74e7-4946-a423-2f351cebb747">
      <Execution id="b95f0445-3d3e-4790-bfb0-1eec101bec22" />
      <TestMethod codeBase="/tmp/_work/dbp-d3couple/dbp-d3couple/test/UnitTests/bin/Debug/net6.0/UnitTests.dll" adapterTypeName="executor://mstestadapter/v2" className="UnitTests.CoreLive.Api.REST.v4.TransferFunds" name="CoreLive_Rest_TransferFunds_With_SNS_Mock_CancelRequest_Success" />
    </UnitTest>
    <UnitTest name="EDocsWS_GetDocuments_Tax_WithBadData_ReturnError" storage="/tmp/_work/dbp-d3couple/dbp-d3couple/test/unittests/bin/debug/net6.0/unittests.dll" id="12fe5549-05af-400e-9656-dffe53cf9147">
      <Execution id="39800e74-7fe4-4e73-8375-30c0ceec44f7" />
      <TestMethod codeBase="/tmp/_work/dbp-d3couple/dbp-d3couple/test/UnitTests/bin/Debug/net6.0/UnitTests.dll" adapterTypeName="executor://mstestadapter/v2" className="UnitTests.CoreLive.WorkerServices.EDocsWsTest" name="EDocsWS_GetDocuments_Tax_WithBadData_ReturnError" />
    </UnitTest>
    <UnitTest name="EDocsWS_PutFleGetHostingUrl" storage="/tmp/_work/dbp-d3couple/dbp-d3couple/test/unittests/bin/debug/net6.0/unittests.dll" id="430c6578-0113-4829-98aa-6b04a5a19088">
      <Execution id="2e186df3-05f2-40f5-bf04-e762b27587ff" />
      <TestMethod codeBase="/tmp/_work/dbp-d3couple/dbp-d3couple/test/UnitTests/bin/Debug/net6.0/UnitTests.dll" adapterTypeName="executor://mstestadapter/v2" className="UnitTests.CoreLive.WorkerServices.EDocsWsTest" name="EDocsWS_PutFleGetHostingUrl" />
    </UnitTest>
    <UnitTest name="WhenLoanServDrawToAccountIsNotDDA_TransferFailsWith400" storage="/tmp/_work/dbp-d3couple/dbp-d3couple/test/unittests/bin/debug/net6.0/unittests.dll" id="ad441c52-fc92-475c-bc9f-fb02c245a542">
      <Execution id="9b55987c-f21c-4d85-828c-f36f5ba31e6c" />
      <TestMethod codeBase="/tmp/_work/dbp-d3couple/dbp-d3couple/test/UnitTests/bin/Debug/net6.0/UnitTests.dll" adapterTypeName="executor://mstestadapter/v2" className="UnitTests.CoreLive.WorkerServices.InternalTransfersTest" name="WhenLoanServDrawToAccountIsNotDDA_TransferFailsWith400" />
    </UnitTest>
    <UnitTest name="IntradayHandlerLoanTests_CreateTransactionID3" storage="/tmp/_work/dbp-d3couple/dbp-d3couple/test/unittests/bin/debug/net6.0/unittests.dll" id="38af07d3-304d-4407-ab7b-9a5c683952ae">
      <Execution id="4f6e67c0-0c4d-4574-9ebb-d31543480810" />
      <TestMethod codeBase="/tmp/_work/dbp-d3couple/dbp-d3couple/test/UnitTests/bin/Debug/net6.0/UnitTests.dll" adapterTypeName="executor://mstestadapter/v2" className="UnitTests.CoreLive.Api.REST.Intraday.IntradayHandlerLNTests" name="IntradayHandlerLoanTests_CreateTransactionID3" />
    </UnitTest>
    <UnitTest name="UpdateProfile_AddressUpdateFailure" storage="/tmp/_work/dbp-d3couple/dbp-d3couple/test/unittests/bin/debug/net6.0/unittests.dll" id="63c36fd4-ef08-48bd-b8bc-1c9c6d72dc5e">
      <Execution id="28b4050c-8a2b-4220-9d51-a49740efa2ca" />
      <TestMethod codeBase="/tmp/_work/dbp-d3couple/dbp-d3couple/test/UnitTests/bin/Debug/net6.0/UnitTests.dll" adapterTypeName="executor://mstestadapter/v2" className="UnitTests.CoreLive.WorkerServices.UpdateProfileWorkerServiceAddressTests" name="UpdateProfile_AddressUpdateFailure" />
    </UnitTest>
    <UnitTest name="WhenCustomerFoundByDebitNumberAndDOBMatches2Customers_NotFoundInSF_FoundInSignature_ThenSuccess (DD)" storage="/tmp/_work/dbp-d3couple/dbp-d3couple/test/unittests/bin/debug/net6.0/unittests.dll" id="7554cd50-b76e-4670-a2ab-10a8b903bcae">
      <Execution id="df83dbca-54f8-41f6-ae8b-0e9b055271ab" />
      <TestMethod codeBase="/tmp/_work/dbp-d3couple/dbp-d3couple/test/UnitTests/bin/Debug/net6.0/UnitTests.dll" adapterTypeName="executor://mstestadapter/v2" className="UnitTests.CoreLive.WorkerServices.VerifyUserWorkServiceTest_InstantIssueDebit" name="WhenCustomerFoundByDebitNumberAndDOBMatches2Customers_NotFoundInSF_FoundInSignature_ThenSuccess" />
    </UnitTest>
    <UnitTest name="EStatementEnrollment_Fake_IsEnrolled_AccountIsNotEnrolled" storage="/tmp/_work/dbp-d3couple/dbp-d3couple/test/unittests/bin/debug/net6.0/unittests.dll" id="2bf9257c-1c43-4780-bcef-1198d9770f77">
      <Execution id="367fe898-006f-443e-a4f4-7d2346f55d33" />
      <TestMethod codeBase="/tmp/_work/dbp-d3couple/dbp-d3couple/test/UnitTests/bin/Debug/net6.0/UnitTests.dll" adapterTypeName="executor://mstestadapter/v2" className="UnitTests.CoreLive.WorkerServices.EStatementEnrollmentWorkServiceTest" name="EStatementEnrollment_Fake_IsEnrolled_AccountIsNotEnrolled" />
    </UnitTest>
    <UnitTest name="CoreLive_Rest_StopPayment_ZeroCheckNumber_CommunicatorErrorExpceted" storage="/tmp/_work/dbp-d3couple/dbp-d3couple/test/unittests/bin/debug/net6.0/unittests.dll" id="875033b2-1ed8-481e-a959-a4094277ac4f">
      <Execution id="88803c5e-f32a-46f2-9e85-781260030eaa" />
      <TestMethod codeBase="/tmp/_work/dbp-d3couple/dbp-d3couple/test/UnitTests/bin/Debug/net6.0/UnitTests.dll" adapterTypeName="executor://mstestadapter/v2" className="UnitTests.CoreLive.Api.REST.v4.StopPaymentApiTests" name="CoreLive_Rest_StopPayment_ZeroCheckNumber_CommunicatorErrorExpceted" />
    </UnitTest>
    <UnitTest name="OnDemandController_SyncALL_SingleCreditCardFaked" storage="/tmp/_work/dbp-d3couple/dbp-d3couple/test/unittests/bin/debug/net6.0/unittests.dll" id="a7e925a5-d436-46bc-bc09-8271911761b9">
      <Execution id="d8e93aa2-a56d-4610-a43d-335765e9a028" />
      <TestMethod codeBase="/tmp/_work/dbp-d3couple/dbp-d3couple/test/UnitTests/bin/Debug/net6.0/UnitTests.dll" adapterTypeName="executor://mstestadapter/v2" className="UnitTests.CoreLive.Api.REST.OnDemand.OnDemandControllerTests" name="OnDemandController_SyncALL_SingleCreditCardFaked" />
    </UnitTest>
    <UnitTest name="WhenPO2Address_ThenFailureReturned" storage="/tmp/_work/dbp-d3couple/dbp-d3couple/test/unittests/bin/debug/net6.0/unittests.dll" id="aa229049-8c40-4116-8ee9-08b654937494">
      <TestCategory>
        <TestCategoryItem TestCategory="TestUsesSnowflake" />
      </TestCategory>
      <Execution id="3faf9f9f-f245-463c-b6eb-174fb2013e2f" />
      <TestMethod codeBase="/tmp/_work/dbp-d3couple/dbp-d3couple/test/UnitTests/bin/Debug/net6.0/UnitTests.dll" adapterTypeName="executor://mstestadapter/v2" className="UnitTests.CoreLive.Api.REST.v4.UpdateProfile" name="WhenPO2Address_ThenFailureReturned" />
    </UnitTest>
    <UnitTest name="CoreLive_Rest_StopPaymentRange_NoRange" storage="/tmp/_work/dbp-d3couple/dbp-d3couple/test/unittests/bin/debug/net6.0/unittests.dll" id="17d6223d-d4c5-49f9-8b7a-65974252b40c">
      <Execution id="e889b782-5fcb-4522-8bbb-eda0115faad4" />
      <TestMethod codeBase="/tmp/_work/dbp-d3couple/dbp-d3couple/test/UnitTests/bin/Debug/net6.0/UnitTests.dll" adapterTypeName="executor://mstestadapter/v2" className="UnitTests.CoreLive.Api.REST.v4.StopPaymentApiTests" name="CoreLive_Rest_StopPaymentRange_NoRange" />
    </UnitTest>
    <UnitTest name="EDocs_GetUserEDocumentListByType_InvalidUID_ExpectEmptyData" storage="/tmp/_work/dbp-d3couple/dbp-d3couple/test/unittests/bin/debug/net6.0/unittests.dll" id="723beb85-c963-47bb-a8db-ed1bfbfd07b1">
      <TestCategory>
        <TestCategoryItem TestCategory="TestUsesSnowflake" />
      </TestCategory>
      <Execution id="20e7902a-4c4e-494c-b847-d35e1d9c86bf" />
      <TestMethod codeBase="/tmp/_work/dbp-d3couple/dbp-d3couple/test/UnitTests/bin/Debug/net6.0/UnitTests.dll" adapterTypeName="executor://mstestadapter/v2" className="UnitTests.CoreLive.Api.REST.EDocument.EDocumentTests" name="EDocs_GetUserEDocumentListByType_InvalidUID_ExpectEmptyData" />
    </UnitTest>
    <UnitTest name="WhenCustomerFoundByDebitNumberAndDOBMatches2Customers_NotFoundInSF_FoundInSignature_ThenSuccess (SV)" storage="/tmp/_work/dbp-d3couple/dbp-d3couple/test/unittests/bin/debug/net6.0/unittests.dll" id="5f5929d0-5b0d-4f20-899c-9be4ed305a73">
      <Execution id="3cd9c1c8-63a6-4100-b817-54b91c0333de" />
      <TestMethod codeBase="/tmp/_work/dbp-d3couple/dbp-d3couple/test/UnitTests/bin/Debug/net6.0/UnitTests.dll" adapterTypeName="executor://mstestadapter/v2" className="UnitTests.CoreLive.WorkerServices.VerifyUserWorkServiceTest_InstantIssueDebit" name="WhenCustomerFoundByDebitNumberAndDOBMatches2Customers_NotFoundInSF_FoundInSignature_ThenSuccess" />
    </UnitTest>
    <UnitTest name="WhenCustomerFoundByDebitNumberAndDOBMatches_NoSFCif_NotFoundInSF_FoundInSignature_ThenSuccess (DD,5770103000000017)" storage="/tmp/_work/dbp-d3couple/dbp-d3couple/test/unittests/bin/debug/net6.0/unittests.dll" id="ded48caa-9bf9-4f43-9998-a971e093e7ad">
      <Execution id="32672881-2d32-471e-aca8-0e4de68d11eb" />
      <TestMethod codeBase="/tmp/_work/dbp-d3couple/dbp-d3couple/test/UnitTests/bin/Debug/net6.0/UnitTests.dll" adapterTypeName="executor://mstestadapter/v2" className="UnitTests.CoreLive.WorkerServices.VerifyUserWorkServiceTest_InstantIssueDebit" name="WhenCustomerFoundByDebitNumberAndDOBMatches_NoSFCif_NotFoundInSF_FoundInSignature_ThenSuccess" />
    </UnitTest>
    <UnitTest name="WhenWeirdWIAddress_ThenFailureReturned" storage="/tmp/_work/dbp-d3couple/dbp-d3couple/test/unittests/bin/debug/net6.0/unittests.dll" id="774106c2-a620-42ef-85c3-273796fa98ff">
      <TestCategory>
        <TestCategoryItem TestCategory="TestUsesSnowflake" />
      </TestCategory>
      <Execution id="868cb37c-079c-40a2-8c7f-de22ee53361d" />
      <TestMethod codeBase="/tmp/_work/dbp-d3couple/dbp-d3couple/test/UnitTests/bin/Debug/net6.0/UnitTests.dll" adapterTypeName="executor://mstestadapter/v2" className="UnitTests.CoreLive.Api.REST.v4.UpdateProfile" name="WhenWeirdWIAddress_ThenFailureReturned" />
    </UnitTest>
    <UnitTest name="UpdateProfileContacts_SimulateCIFTranslationFailed" storage="/tmp/_work/dbp-d3couple/dbp-d3couple/test/unittests/bin/debug/net6.0/unittests.dll" id="0c29c8d2-8bcc-44e7-9eb3-775ba23be80d">
      <Execution id="faddcd15-36c5-4ac0-92e4-a6ebe51df7d8" />
      <TestMethod codeBase="/tmp/_work/dbp-d3couple/dbp-d3couple/test/UnitTests/bin/Debug/net6.0/UnitTests.dll" adapterTypeName="executor://mstestadapter/v2" className="UnitTests.CoreLive.Api.REST.v4.UpdateProfileContacts" name="UpdateProfileContacts_SimulateCIFTranslationFailed" />
    </UnitTest>
    <UnitTest name="IntradayController_AccountRoute_SyncACCOUNTS_SingleTimeFakedLS_Sync" storage="/tmp/_work/dbp-d3couple/dbp-d3couple/test/unittests/bin/debug/net6.0/unittests.dll" id="fb5ff83c-e6e0-4ce9-9846-1136cb8befb9">
      <Execution id="8b2adb6c-4fbf-4673-a5ca-ae9af12828fd" />
      <TestMethod codeBase="/tmp/_work/dbp-d3couple/dbp-d3couple/test/UnitTests/bin/Debug/net6.0/UnitTests.dll" adapterTypeName="executor://mstestadapter/v2" className="UnitTests.CoreLive.Api.REST.Intraday.IntradayControllerTests" name="IntradayController_AccountRoute_SyncACCOUNTS_SingleTimeFakedLS_Sync" />
    </UnitTest>
    <UnitTest name="CoreLive_Rest_StopPayment_BadUserID" storage="/tmp/_work/dbp-d3couple/dbp-d3couple/test/unittests/bin/debug/net6.0/unittests.dll" id="a2804c77-52e4-4e80-88e6-022d150f1006">
      <Execution id="02fb0736-84f2-4a1b-aff9-f8e0694209d5" />
      <TestMethod codeBase="/tmp/_work/dbp-d3couple/dbp-d3couple/test/UnitTests/bin/Debug/net6.0/UnitTests.dll" adapterTypeName="executor://mstestadapter/v2" className="UnitTests.CoreLive.Api.REST.v4.StopPaymentHistoryApiTests" name="CoreLive_Rest_StopPayment_BadUserID" />
    </UnitTest>
    <UnitTest name="SnowflakeDBConformTests_EntityCIFByAcctIdAndUserId_Success" storage="/tmp/_work/dbp-d3couple/dbp-d3couple/test/unittests/bin/debug/net6.0/unittests.dll" id="227580dd-195e-43c0-bab7-a334d7dd87b2">
      <Execution id="e8478092-4bf2-46e2-a32e-4d0f4d03be08" />
      <TestMethod codeBase="/tmp/_work/dbp-d3couple/dbp-d3couple/test/UnitTests/bin/Debug/net6.0/UnitTests.dll" adapterTypeName="executor://mstestadapter/v2" className="UnitTests.DB.SnowflakeDBConformTests" name="SnowflakeDBConformTests_EntityCIFByAcctIdAndUserId_Success" />
    </UnitTest>
    <UnitTest name="WhenCommunicatorReturnsOtherError_TransferFundsFailsWith400" storage="/tmp/_work/dbp-d3couple/dbp-d3couple/test/unittests/bin/debug/net6.0/unittests.dll" id="f3b35ed6-1645-4b94-a096-710315cda910">
      <Execution id="bc1563a3-dcd4-4ddf-8d5f-ea73cd7ec8a0" />
      <TestMethod codeBase="/tmp/_work/dbp-d3couple/dbp-d3couple/test/UnitTests/bin/Debug/net6.0/UnitTests.dll" adapterTypeName="executor://mstestadapter/v2" className="UnitTests.CoreLive.WorkerServices.InternalTransfersTest" name="WhenCommunicatorReturnsOtherError_TransferFundsFailsWith400" />
    </UnitTest>
    <UnitTest name="WhenNotValidSagentProduct_ReturnNull" storage="/tmp/_work/dbp-d3couple/dbp-d3couple/test/unittests/bin/debug/net6.0/unittests.dll" id="17c2f601-a888-40f5-87cb-d7212d5badf7">
      <Execution id="b18d74e9-1d72-476b-b282-c720bcc414ee" />
      <TestMethod codeBase="/tmp/_work/dbp-d3couple/dbp-d3couple/test/UnitTests/bin/Debug/net6.0/UnitTests.dll" adapterTypeName="executor://mstestadapter/v2" className="UnitTests.CoreLive.Api.REST.Intraday.Handler.LoanServAccountInfoTests" name="WhenNotValidSagentProduct_ReturnNull" />
    </UnitTest>
    <UnitTest name="WhenNeitherAcctsAreDDA_GenerateZeroTransactions" storage="/tmp/_work/dbp-d3couple/dbp-d3couple/test/unittests/bin/debug/net6.0/unittests.dll" id="f4c0622f-3b31-4bbf-8904-7ce87b4476d8">
      <Execution id="da00b4e4-ec28-4665-99b7-5374d326add6" />
      <TestMethod codeBase="/tmp/_work/dbp-d3couple/dbp-d3couple/test/UnitTests/bin/Debug/net6.0/UnitTests.dll" adapterTypeName="executor://mstestadapter/v2" className="UnitTests.CoreLive.WorkerServices.InternalTransfersTest" name="WhenNeitherAcctsAreDDA_GenerateZeroTransactions" />
    </UnitTest>
    <UnitTest name="WhenAccountHasNoStatus_ThenUnsuccessfulResponse" storage="/tmp/_work/dbp-d3couple/dbp-d3couple/test/unittests/bin/debug/net6.0/unittests.dll" id="8f2950bf-c43e-4653-80d4-3ffa0197feba">
      <Execution id="2861810e-eff9-4bbe-8550-af5fae49906c" />
      <TestMethod codeBase="/tmp/_work/dbp-d3couple/dbp-d3couple/test/UnitTests/bin/Debug/net6.0/UnitTests.dll" adapterTypeName="executor://mstestadapter/v2" className="UnitTests.CoreLive.WorkerServices.VerifyUserWorkServiceTest" name="WhenAccountHasNoStatus_ThenUnsuccessfulResponse" />
    </UnitTest>
    <UnitTest name="TestLogging_ExceptionThrown" storage="/tmp/_work/dbp-d3couple/dbp-d3couple/test/unittests/bin/debug/net6.0/unittests.dll" id="a0ccd1a0-7f21-407e-8d45-e33222c2002c">
      <Execution id="e5725651-43e7-437f-bd73-d52d8c5a038c" />
      <TestMethod codeBase="/tmp/_work/dbp-d3couple/dbp-d3couple/test/UnitTests/bin/Debug/net6.0/UnitTests.dll" adapterTypeName="executor://mstestadapter/v2" className="UnitTests.CoreLive.Api.REST.Logging.ApiLoggingMiddlewareTests" name="TestLogging_ExceptionThrown" />
    </UnitTest>
    <UnitTest name="IntradayController_SyncALL_SingleSignatureLoanFaked_Sync" storage="/tmp/_work/dbp-d3couple/dbp-d3couple/test/unittests/bin/debug/net6.0/unittests.dll" id="05e418e6-0325-4f50-8acc-1909f5f9b04d">
      <Execution id="c862e2cc-f588-4167-b08a-d854ca7e89d8" />
      <TestMethod codeBase="/tmp/_work/dbp-d3couple/dbp-d3couple/test/UnitTests/bin/Debug/net6.0/UnitTests.dll" adapterTypeName="executor://mstestadapter/v2" className="UnitTests.CoreLive.Api.REST.Intraday.IntradayControllerTests" name="IntradayController_SyncALL_SingleSignatureLoanFaked_Sync" />
    </UnitTest>
    <UnitTest name="TestAllQueries" storage="/tmp/_work/dbp-d3couple/dbp-d3couple/test/unittests/bin/debug/net6.0/unittests.dll" id="0c9a0d81-fad0-4cad-9374-bbbabdd8cc05">
      <TestCategory>
        <TestCategoryItem TestCategory="TestUsesSnowflake" />
      </TestCategory>
      <Execution id="b9228b48-4446-4701-b840-0e6d8b003481" />
      <TestMethod codeBase="/tmp/_work/dbp-d3couple/dbp-d3couple/test/UnitTests/bin/Debug/net6.0/UnitTests.dll" adapterTypeName="executor://mstestadapter/v2" className="UnitTests.DbTests" name="TestAllQueries" />
    </UnitTest>
    <UnitTest name="EISClientTruvGetBridgerToken_FailedTest" storage="/tmp/_work/dbp-d3couple/dbp-d3couple/test/unittests/bin/debug/net6.0/unittests.dll" id="cf0dbe12-9310-48b1-b543-af7365e283bf">
      <Execution id="c84a1d48-d40e-4236-b074-fa5688c64c64" />
      <TestMethod codeBase="/tmp/_work/dbp-d3couple/dbp-d3couple/test/UnitTests/bin/Debug/net6.0/UnitTests.dll" adapterTypeName="executor://mstestadapter/v2" className="UnitTests.EISClientTests.TruvGetBridgerToken" name="EISClientTruvGetBridgerToken_FailedTest" />
    </UnitTest>
    <UnitTest name="WhenBusinessrFoundByDebitNumberAndTaxIdMatches_NotFoundInSF_FoundInSignature_ThenSuccess (SV)" storage="/tmp/_work/dbp-d3couple/dbp-d3couple/test/unittests/bin/debug/net6.0/unittests.dll" id="e1ea5674-bdea-4429-a31f-350dd6076efc">
      <Execution id="625317f4-b586-4920-b150-aca611853584" />
      <TestMethod codeBase="/tmp/_work/dbp-d3couple/dbp-d3couple/test/UnitTests/bin/Debug/net6.0/UnitTests.dll" adapterTypeName="executor://mstestadapter/v2" className="UnitTests.CoreLive.WorkerServices.VerifyUserWorkServiceTest_InstantIssueDebit" name="WhenBusinessrFoundByDebitNumberAndTaxIdMatches_NotFoundInSF_FoundInSignature_ThenSuccess" />
    </UnitTest>
    <UnitTest name="StopPaymentTests_AccountNotFound" storage="/tmp/_work/dbp-d3couple/dbp-d3couple/test/unittests/bin/debug/net6.0/unittests.dll" id="58a7a5a8-6dda-4478-b9dc-0453befc3567">
      <Execution id="cbbfc3f2-0d8e-4521-9005-fa69d403c10c" />
      <TestMethod codeBase="/tmp/_work/dbp-d3couple/dbp-d3couple/test/UnitTests/bin/Debug/net6.0/UnitTests.dll" adapterTypeName="executor://mstestadapter/v2" className="UnitTests.CoreLive.WorkerServices.StopPaymentWSTests" name="StopPaymentTests_AccountNotFound" />
    </UnitTest>
    <UnitTest name="AccountInquiryWS_WithBadData_ReturnError" storage="/tmp/_work/dbp-d3couple/dbp-d3couple/test/unittests/bin/debug/net6.0/unittests.dll" id="8e19caee-fde0-420b-a129-5bed13954267">
      <TestCategory>
        <TestCategoryItem TestCategory="TestUsesSnowflake" />
      </TestCategory>
      <Execution id="5c7a9831-26f4-411e-8c9e-33cc2845c940" />
      <TestMethod codeBase="/tmp/_work/dbp-d3couple/dbp-d3couple/test/UnitTests/bin/Debug/net6.0/UnitTests.dll" adapterTypeName="executor://mstestadapter/v2" className="UnitTests.CoreLive.WorkerServices.AccountInquiryWsTest" name="AccountInquiryWS_WithBadData_ReturnError" />
    </UnitTest>
    <UnitTest name="CreditCardAccountInquiryHandler_MapResponse_Success" storage="/tmp/_work/dbp-d3couple/dbp-d3couple/test/unittests/bin/debug/net6.0/unittests.dll" id="d8db25fe-8352-47df-b8ac-0fa27ff07ecb">
      <Execution id="3c860f51-8b92-4a02-9376-014ab378da18" />
      <TestMethod codeBase="/tmp/_work/dbp-d3couple/dbp-d3couple/test/UnitTests/bin/Debug/net6.0/UnitTests.dll" adapterTypeName="executor://mstestadapter/v2" className="UnitTests.CoreLive.Api.REST.Intraday.EIS.CreditCardAccountInquiryHandlerTests" name="CreditCardAccountInquiryHandler_MapResponse_Success" />
    </UnitTest>
    <UnitTest name="StopPaymentTests_ZeroCheckNumber_CommunicatorErrorExpected" storage="/tmp/_work/dbp-d3couple/dbp-d3couple/test/unittests/bin/debug/net6.0/unittests.dll" id="72e0afc7-a57a-4234-9c73-f1194fe1e5b2">
      <Execution id="22651acd-bc75-47f7-b2ab-4cb63b7b5b65" />
      <TestMethod codeBase="/tmp/_work/dbp-d3couple/dbp-d3couple/test/UnitTests/bin/Debug/net6.0/UnitTests.dll" adapterTypeName="executor://mstestadapter/v2" className="UnitTests.CoreLive.WorkerServices.StopPaymentWSTests" name="StopPaymentTests_ZeroCheckNumber_CommunicatorErrorExpected" />
    </UnitTest>
    <UnitTest name="WhenLoanServTransactionIsNotOverridable_ThenDontOverideTranDesc" storage="/tmp/_work/dbp-d3couple/dbp-d3couple/test/unittests/bin/debug/net6.0/unittests.dll" id="5d61c986-c863-4679-920a-1af34f2780f8">
      <Execution id="b8d39334-f094-4821-9721-a49e86a30854" />
      <TestMethod codeBase="/tmp/_work/dbp-d3couple/dbp-d3couple/test/UnitTests/bin/Debug/net6.0/UnitTests.dll" adapterTypeName="executor://mstestadapter/v2" className="UnitTests.CoreLive.Api.REST.Intraday.Handler.LoanServTransactionsTests" name="WhenLoanServTransactionIsNotOverridable_ThenDontOverideTranDesc" />
    </UnitTest>
    <UnitTest name="EventBridge_Controller_BasicOtherConduit" storage="/tmp/_work/dbp-d3couple/dbp-d3couple/test/unittests/bin/debug/net6.0/unittests.dll" id="328ddce4-2a56-428b-a362-6a111a7f1dd4">
      <Execution id="0569531c-7203-46ba-8097-426023b32e2b" />
      <TestMethod codeBase="/tmp/_work/dbp-d3couple/dbp-d3couple/test/UnitTests/bin/Debug/net6.0/UnitTests.dll" adapterTypeName="executor://mstestadapter/v2" className="UnitTests.CoreLive.Api.REST.EventBridge.EventBridge" name="EventBridge_Controller_BasicOtherConduit" />
    </UnitTest>
    <UnitTest name="EDocsWS_Fake_GetDocumentsByAccount_MultipleDocsWithDifferentAcccount_Success" storage="/tmp/_work/dbp-d3couple/dbp-d3couple/test/unittests/bin/debug/net6.0/unittests.dll" id="2e7c2648-a28e-429e-8d0e-39a84580ae8e">
      <TestCategory>
        <TestCategoryItem TestCategory="TestUsesSnowflake" />
      </TestCategory>
      <Execution id="a882aad7-0984-4d69-8575-391eb7fa03d5" />
      <TestMethod codeBase="/tmp/_work/dbp-d3couple/dbp-d3couple/test/UnitTests/bin/Debug/net6.0/UnitTests.dll" adapterTypeName="executor://mstestadapter/v2" className="UnitTests.CoreLive.WorkerServices.EDocsWsTest" name="EDocsWS_Fake_GetDocumentsByAccount_MultipleDocsWithDifferentAcccount_Success" />
    </UnitTest>
    <UnitTest name="WhenBusinessNotFoundByAccountNumber_ThenUnsuccessfulResponse" storage="/tmp/_work/dbp-d3couple/dbp-d3couple/test/unittests/bin/debug/net6.0/unittests.dll" id="0d5c8dcd-1649-4a81-898d-0f65be8f2a8e">
      <Execution id="e03f40d6-ccea-4e29-b5eb-8c9561f620d9" />
      <TestMethod codeBase="/tmp/_work/dbp-d3couple/dbp-d3couple/test/UnitTests/bin/Debug/net6.0/UnitTests.dll" adapterTypeName="executor://mstestadapter/v2" className="UnitTests.CoreLive.WorkerServices.VerifyUserWorkServiceTest" name="WhenBusinessNotFoundByAccountNumber_ThenUnsuccessfulResponse" />
    </UnitTest>
    <UnitTest name="UpdateProfile_NoAddr1AddressUpdateFailure" storage="/tmp/_work/dbp-d3couple/dbp-d3couple/test/unittests/bin/debug/net6.0/unittests.dll" id="8b3ce315-e3d5-451b-8bd8-57d2b7685a5c">
      <Execution id="cf24df17-324f-4886-8686-6e76c2a93097" />
      <TestMethod codeBase="/tmp/_work/dbp-d3couple/dbp-d3couple/test/UnitTests/bin/Debug/net6.0/UnitTests.dll" adapterTypeName="executor://mstestadapter/v2" className="UnitTests.CoreLive.WorkerServices.UpdateProfileWorkerServiceAddressTests" name="UpdateProfile_NoAddr1AddressUpdateFailure" />
    </UnitTest>
    <UnitTest name="IntradayHandlerTime_GetTransactionsReturnsFailure" storage="/tmp/_work/dbp-d3couple/dbp-d3couple/test/unittests/bin/debug/net6.0/unittests.dll" id="1fd77c0e-1ec1-4497-b467-05359c180f37">
      <Execution id="2e4a8503-8f25-425f-b889-c630f85141d6" />
      <TestMethod codeBase="/tmp/_work/dbp-d3couple/dbp-d3couple/test/UnitTests/bin/Debug/net6.0/UnitTests.dll" adapterTypeName="executor://mstestadapter/v2" className="UnitTests.CoreLive.Api.REST.Intraday.IntradayHandlerTimeTests" name="IntradayHandlerTime_GetTransactionsReturnsFailure" />
    </UnitTest>
    <UnitTest name="WhenFromAccountDoesNotExist_TransferFundsFailsWith404" storage="/tmp/_work/dbp-d3couple/dbp-d3couple/test/unittests/bin/debug/net6.0/unittests.dll" id="24cb3883-5a62-4466-aeb8-3189cd7f1dc5">
      <Execution id="293a23d9-8e60-4ff8-aa96-67a05f2a20fa" />
      <TestMethod codeBase="/tmp/_work/dbp-d3couple/dbp-d3couple/test/UnitTests/bin/Debug/net6.0/UnitTests.dll" adapterTypeName="executor://mstestadapter/v2" className="UnitTests.CoreLive.WorkerServices.InternalTransfersTest" name="WhenFromAccountDoesNotExist_TransferFundsFailsWith404" />
    </UnitTest>
    <UnitTest name="EDocs_GetAllDocumentsForBadUser_ExpectFailure" storage="/tmp/_work/dbp-d3couple/dbp-d3couple/test/unittests/bin/debug/net6.0/unittests.dll" id="1ed938fa-d0e1-400e-96e3-70ec2247a841">
      <TestCategory>
        <TestCategoryItem TestCategory="TestUsesSnowflake" />
      </TestCategory>
      <Execution id="8d816170-c90c-4cb3-ae8f-ee5522b8abbf" />
      <TestMethod codeBase="/tmp/_work/dbp-d3couple/dbp-d3couple/test/UnitTests/bin/Debug/net6.0/UnitTests.dll" adapterTypeName="executor://mstestadapter/v2" className="UnitTests.CoreLive.Api.REST.EDocument.EDocumentTests" name="EDocs_GetAllDocumentsForBadUser_ExpectFailure" />
    </UnitTest>
    <UnitTest name="IntradayController_AccountRoute_SyncACCOUNTS_SingleTimeFaked_Sync" storage="/tmp/_work/dbp-d3couple/dbp-d3couple/test/unittests/bin/debug/net6.0/unittests.dll" id="ec595201-9fc7-4c4a-baa7-7f08e252cbf6">
      <Execution id="35eb5ad1-70ba-4edb-856e-b805d2b8caef" />
      <TestMethod codeBase="/tmp/_work/dbp-d3couple/dbp-d3couple/test/UnitTests/bin/Debug/net6.0/UnitTests.dll" adapterTypeName="executor://mstestadapter/v2" className="UnitTests.CoreLive.Api.REST.Intraday.IntradayControllerTests" name="IntradayController_AccountRoute_SyncACCOUNTS_SingleTimeFaked_Sync" />
    </UnitTest>
    <UnitTest name="PersoneticsController_GetInsights_Success" storage="/tmp/_work/dbp-d3couple/dbp-d3couple/test/unittests/bin/debug/net6.0/unittests.dll" id="371b5fd2-5322-4a30-8a82-0fec8b071264">
      <Execution id="2a28c57a-696d-4bfa-aa28-2fb85f21609f" />
      <TestMethod codeBase="/tmp/_work/dbp-d3couple/dbp-d3couple/test/UnitTests/bin/Debug/net6.0/UnitTests.dll" adapterTypeName="executor://mstestadapter/v2" className="UnitTests.CoreLive.Api.REST.Personetics.PersonetisControllerTests" name="PersoneticsController_GetInsights_Success" />
    </UnitTest>
    <UnitTest name="to_account_not_found" storage="/tmp/_work/dbp-d3couple/dbp-d3couple/test/unittests/bin/debug/net6.0/unittests.dll" id="bc5fbc15-9243-4db6-b41f-849552f09c8b">
      <Execution id="e8d4193c-2e35-4bed-ab4d-a7e7566d52d1" />
      <TestMethod codeBase="/tmp/_work/dbp-d3couple/dbp-d3couple/test/UnitTests/bin/Debug/net6.0/UnitTests.dll" adapterTypeName="executor://mstestadapter/v2" className="UnitTests.MockCommunicatorTests.XferAddTests" name="to_account_not_found" />
    </UnitTest>
    <UnitTest name="IntradayREST_Heloc_SNSPublishCancel" storage="/tmp/_work/dbp-d3couple/dbp-d3couple/test/unittests/bin/debug/net6.0/unittests.dll" id="948f2364-2720-44b0-a01c-ded086fe2e0a">
      <Execution id="e1fafff6-16e5-4ec3-8212-39f3261b1250" />
      <TestMethod codeBase="/tmp/_work/dbp-d3couple/dbp-d3couple/test/UnitTests/bin/Debug/net6.0/UnitTests.dll" adapterTypeName="executor://mstestadapter/v2" className="UnitTests.CoreLive.Api.REST.Intraday.IntradayREST" name="IntradayREST_Heloc_SNSPublishCancel" />
    </UnitTest>
    <UnitTest name="CoreLive_Rest_StopPaymentRange_Success" storage="/tmp/_work/dbp-d3couple/dbp-d3couple/test/unittests/bin/debug/net6.0/unittests.dll" id="8afce654-8dab-47d1-888d-4d0932f13d67">
      <Execution id="06d0adf6-280a-4da5-abdd-90b6f68e9e89" />
      <TestMethod codeBase="/tmp/_work/dbp-d3couple/dbp-d3couple/test/UnitTests/bin/Debug/net6.0/UnitTests.dll" adapterTypeName="executor://mstestadapter/v2" className="UnitTests.CoreLive.Api.REST.v4.StopPaymentApiTests" name="CoreLive_Rest_StopPaymentRange_Success" />
    </UnitTest>
    <UnitTest name="SetConduitUserAccountAttributes_Success" storage="/tmp/_work/dbp-d3couple/dbp-d3couple/test/unittests/bin/debug/net6.0/unittests.dll" id="3249a858-b46c-49c8-9d33-e23fdea45a7f">
      <Execution id="bf394c56-47c7-4b9c-844b-2fb72c4ae18a" />
      <TestMethod codeBase="/tmp/_work/dbp-d3couple/dbp-d3couple/test/UnitTests/bin/Debug/net6.0/UnitTests.dll" adapterTypeName="executor://mstestadapter/v2" className="UnitTests.CoreLive.Api.REST.Conduit.ConduitHandlerTests" name="SetConduitUserAccountAttributes_Success" />
    </UnitTest>
    <UnitTest name="WexHSAInquiryHandler_Timeout" storage="/tmp/_work/dbp-d3couple/dbp-d3couple/test/unittests/bin/debug/net6.0/unittests.dll" id="fbdc055d-8b60-4a8b-97b4-b75252203eed">
      <Execution id="1ae4684a-6203-4e4f-a975-482e14246e99" />
      <TestMethod codeBase="/tmp/_work/dbp-d3couple/dbp-d3couple/test/UnitTests/bin/Debug/net6.0/UnitTests.dll" adapterTypeName="executor://mstestadapter/v2" className="UnitTests.CoreLive.Api.REST.Intraday.EIS.WexHSAInquiryHandlerTests" name="WexHSAInquiryHandler_Timeout" />
    </UnitTest>
    <UnitTest name="MockNautilus_GetAllDocuments_WithCustomer_GetDocs" storage="/tmp/_work/dbp-d3couple/dbp-d3couple/test/unittests/bin/debug/net6.0/unittests.dll" id="28edbef2-3490-4148-8ce8-c4e54c351f85">
      <Execution id="589d29c1-9278-40ca-b9f9-8a21d8135320" />
      <TestMethod codeBase="/tmp/_work/dbp-d3couple/dbp-d3couple/test/UnitTests/bin/Debug/net6.0/UnitTests.dll" adapterTypeName="executor://mstestadapter/v2" className="UnitTests.MockTests.MockNautilusTests" name="MockNautilus_GetAllDocuments_WithCustomer_GetDocs" />
    </UnitTest>
    <UnitTest name="EventBridge_Controller_NoContent" storage="/tmp/_work/dbp-d3couple/dbp-d3couple/test/unittests/bin/debug/net6.0/unittests.dll" id="18d70aff-7482-44a6-8460-b0fdae09602f">
      <Execution id="b10d789c-cfa2-4361-9118-0bdcbbfc7006" />
      <TestMethod codeBase="/tmp/_work/dbp-d3couple/dbp-d3couple/test/UnitTests/bin/Debug/net6.0/UnitTests.dll" adapterTypeName="executor://mstestadapter/v2" className="UnitTests.CoreLive.Api.REST.EventBridge.EventBridge" name="EventBridge_Controller_NoContent" />
    </UnitTest>
    <UnitTest name="MockNautilus_GetAllDocuments_WithCustomerWithoutDocs_GetDocs_ShouldBe0" storage="/tmp/_work/dbp-d3couple/dbp-d3couple/test/unittests/bin/debug/net6.0/unittests.dll" id="9c653f80-68d0-4e96-b510-1d49f2b03745">
      <Execution id="c4ee4c62-16d9-4524-b159-bffd8d0138ae" />
      <TestMethod codeBase="/tmp/_work/dbp-d3couple/dbp-d3couple/test/UnitTests/bin/Debug/net6.0/UnitTests.dll" adapterTypeName="executor://mstestadapter/v2" className="UnitTests.MockTests.MockNautilusTests" name="MockNautilus_GetAllDocuments_WithCustomerWithoutDocs_GetDocs_ShouldBe0" />
    </UnitTest>
    <UnitTest name="EStatementEnrollment_IsEnrolled_AccountIsNotValid" storage="/tmp/_work/dbp-d3couple/dbp-d3couple/test/unittests/bin/debug/net6.0/unittests.dll" id="81db73e0-6fcb-4681-b66b-3f727251337a">
      <TestCategory>
        <TestCategoryItem TestCategory="TestUsesSnowflake" />
      </TestCategory>
      <Execution id="9f60fbb2-0ec8-4b68-90a4-cb488b4c99c1" />
      <TestMethod codeBase="/tmp/_work/dbp-d3couple/dbp-d3couple/test/UnitTests/bin/Debug/net6.0/UnitTests.dll" adapterTypeName="executor://mstestadapter/v2" className="UnitTests.CoreLive.WorkerServices.EStatementEnrollmentWorkServiceTest" name="EStatementEnrollment_IsEnrolled_AccountIsNotValid" />
    </UnitTest>
    <UnitTest name="IntradayController_AccountRoute_SyncAll_SingleTimeFaked_Sync" storage="/tmp/_work/dbp-d3couple/dbp-d3couple/test/unittests/bin/debug/net6.0/unittests.dll" id="01e967b6-2f9b-41e8-9c95-558ef860b7c4">
      <Execution id="4f2327f9-e369-4546-8c3e-d914387119b1" />
      <TestMethod codeBase="/tmp/_work/dbp-d3couple/dbp-d3couple/test/UnitTests/bin/Debug/net6.0/UnitTests.dll" adapterTypeName="executor://mstestadapter/v2" className="UnitTests.CoreLive.Api.REST.Intraday.IntradayControllerTests" name="IntradayController_AccountRoute_SyncAll_SingleTimeFaked_Sync" />
    </UnitTest>
    <UnitTest name="EISClientFDRDebitCardInquiry_BadUserID" storage="/tmp/_work/dbp-d3couple/dbp-d3couple/test/unittests/bin/debug/net6.0/unittests.dll" id="e75a40bc-1864-4973-a693-a77ad87c565f">
      <Execution id="97213b36-3c39-4612-821d-9366a3dc77a9" />
      <TestMethod codeBase="/tmp/_work/dbp-d3couple/dbp-d3couple/test/UnitTests/bin/Debug/net6.0/UnitTests.dll" adapterTypeName="executor://mstestadapter/v2" className="UnitTests.EISClientTests.EISClientFDRDebitCardInquiry" name="EISClientFDRDebitCardInquiry_BadUserID" />
    </UnitTest>
    <UnitTest name="UpdateProfile_ProfileUpdate_GenderNotMaleOrFemale" storage="/tmp/_work/dbp-d3couple/dbp-d3couple/test/unittests/bin/debug/net6.0/unittests.dll" id="da6f2218-e96b-49d1-8ac3-5f1e2fb11cb9">
      <Execution id="d2b9902d-945a-4b9e-b06a-213b7073186f" />
      <TestMethod codeBase="/tmp/_work/dbp-d3couple/dbp-d3couple/test/UnitTests/bin/Debug/net6.0/UnitTests.dll" adapterTypeName="executor://mstestadapter/v2" className="UnitTests.CoreLive.WorkerServices.UpdateProfileWorkerServiceProfileTests" name="UpdateProfile_ProfileUpdate_GenderNotMaleOrFemale" />
    </UnitTest>
    <UnitTest name="EISClient_AddressParse_BasicTest" storage="/tmp/_work/dbp-d3couple/dbp-d3couple/test/unittests/bin/debug/net6.0/unittests.dll" id="2fcd3405-689f-42c7-83c5-1a57f0e37c60">
      <Execution id="f018a2fc-61c8-437e-87a0-8a2c9e07bd6c" />
      <TestMethod codeBase="/tmp/_work/dbp-d3couple/dbp-d3couple/test/UnitTests/bin/Debug/net6.0/UnitTests.dll" adapterTypeName="executor://mstestadapter/v2" className="UnitTests.EISClientTests.EISAddressParserClientTests_Mocked" name="EISClient_AddressParse_BasicTest" />
    </UnitTest>
    <UnitTest name="CoreLive_Rest_StopPaymentRange_BadAccount" storage="/tmp/_work/dbp-d3couple/dbp-d3couple/test/unittests/bin/debug/net6.0/unittests.dll" id="083a1cc1-b254-477c-b074-dcfbb8f879dd">
      <Execution id="56ac0ef6-855d-4d8d-aa0f-4cafff8ad47f" />
      <TestMethod codeBase="/tmp/_work/dbp-d3couple/dbp-d3couple/test/UnitTests/bin/Debug/net6.0/UnitTests.dll" adapterTypeName="executor://mstestadapter/v2" className="UnitTests.CoreLive.Api.REST.v4.StopPaymentApiTests" name="CoreLive_Rest_StopPaymentRange_BadAccount" />
    </UnitTest>
    <UnitTest name="WhenFalsePositive_FailGetAccount1027" storage="/tmp/_work/dbp-d3couple/dbp-d3couple/test/unittests/bin/debug/net6.0/unittests.dll" id="956cf8b0-d5af-4a78-b846-f68eece056ac">
      <Execution id="f24a287c-50e0-432e-b3e0-36fa518b072a" />
      <TestMethod codeBase="/tmp/_work/dbp-d3couple/dbp-d3couple/test/UnitTests/bin/Debug/net6.0/UnitTests.dll" adapterTypeName="executor://mstestadapter/v2" className="UnitTests.CoreLive.Api.REST.Intraday.Handler.LoanServAccountInfoTests" name="WhenFalsePositive_FailGetAccount1027" />
    </UnitTest>
    <UnitTest name="WhenNewTranDay_ResetSeqCounter" storage="/tmp/_work/dbp-d3couple/dbp-d3couple/test/unittests/bin/debug/net6.0/unittests.dll" id="55bc0d99-0aa8-42e8-99c0-f58e421e875d">
      <Execution id="384190ee-9297-4eb5-b2e3-376832c4b055" />
      <TestMethod codeBase="/tmp/_work/dbp-d3couple/dbp-d3couple/test/UnitTests/bin/Debug/net6.0/UnitTests.dll" adapterTypeName="executor://mstestadapter/v2" className="UnitTests.CoreLive.Api.REST.Intraday.Handler.LoanServTransactionsTests" name="WhenNewTranDay_ResetSeqCounter" />
    </UnitTest>
    <UnitTest name="WhenCIFIsValidAndSomeOtherErrorOccurs_GetProfileFailsWith400" storage="/tmp/_work/dbp-d3couple/dbp-d3couple/test/unittests/bin/debug/net6.0/unittests.dll" id="7b46d1a5-3abe-401a-b2c1-4a5d59dbabce">
      <Execution id="3853bbd2-6d97-4219-a946-10f698f12e98" />
      <TestMethod codeBase="/tmp/_work/dbp-d3couple/dbp-d3couple/test/UnitTests/bin/Debug/net6.0/UnitTests.dll" adapterTypeName="executor://mstestadapter/v2" className="UnitTests.CoreLive.WorkerServices.GetProfileWorkerServiceTest" name="WhenCIFIsValidAndSomeOtherErrorOccurs_GetProfileFailsWith400" />
    </UnitTest>
    <UnitTest name="IntradayHandlerLoanTests_CreateTransaction_WithTranMemoDescEmpty" storage="/tmp/_work/dbp-d3couple/dbp-d3couple/test/unittests/bin/debug/net6.0/unittests.dll" id="84db8def-6df6-4a09-9aac-b1257b71a7b9">
      <Execution id="387e0110-0e41-405a-bfef-dd51731a5540" />
      <TestMethod codeBase="/tmp/_work/dbp-d3couple/dbp-d3couple/test/UnitTests/bin/Debug/net6.0/UnitTests.dll" adapterTypeName="executor://mstestadapter/v2" className="UnitTests.CoreLive.Api.REST.Intraday.IntradayHandlerLNTests" name="IntradayHandlerLoanTests_CreateTransaction_WithTranMemoDescEmpty" />
    </UnitTest>
    <UnitTest name="UpdateProfileAddress_SimulateWSErrorResponse" storage="/tmp/_work/dbp-d3couple/dbp-d3couple/test/unittests/bin/debug/net6.0/unittests.dll" id="15d56302-a0cc-494e-aaa5-fdf4b59886cc">
      <Execution id="bc2e9cf1-6755-41de-8ec7-8ca72d5a6664" />
      <TestMethod codeBase="/tmp/_work/dbp-d3couple/dbp-d3couple/test/UnitTests/bin/Debug/net6.0/UnitTests.dll" adapterTypeName="executor://mstestadapter/v2" className="UnitTests.CoreLive.Api.REST.v4.UpdateProfile" name="UpdateProfileAddress_SimulateWSErrorResponse" />
    </UnitTest>
    <UnitTest name="CustomerListInquiryWS_Success" storage="/tmp/_work/dbp-d3couple/dbp-d3couple/test/unittests/bin/debug/net6.0/unittests.dll" id="fd5d7c65-c2e8-4ba8-aa4b-e36e139557ad">
      <TestCategory>
        <TestCategoryItem TestCategory="TestUsesSnowflake" />
      </TestCategory>
      <Execution id="b5a9300a-90c1-41dc-90ac-f81f7d1c3888" />
      <TestMethod codeBase="/tmp/_work/dbp-d3couple/dbp-d3couple/test/UnitTests/bin/Debug/net6.0/UnitTests.dll" adapterTypeName="executor://mstestadapter/v2" className="UnitTests.CoreLive.WorkerServices.CustomerListInquiryWsTest" name="CustomerListInquiryWS_Success" />
    </UnitTest>
    <UnitTest name="EventBridge_Controller_Basic_RequestCancelled" storage="/tmp/_work/dbp-d3couple/dbp-d3couple/test/unittests/bin/debug/net6.0/unittests.dll" id="8d980f2f-514e-4429-bc36-94d9542a09ed">
      <Execution id="52494d04-ed3a-48fc-852c-e0c010178b8f" />
      <TestMethod codeBase="/tmp/_work/dbp-d3couple/dbp-d3couple/test/UnitTests/bin/Debug/net6.0/UnitTests.dll" adapterTypeName="executor://mstestadapter/v2" className="UnitTests.CoreLive.Api.REST.EventBridge.EventBridge" name="EventBridge_Controller_Basic_RequestCancelled" />
    </UnitTest>
    <UnitTest name="WexHSAInquiryHandler_BadAccount_NotFound" storage="/tmp/_work/dbp-d3couple/dbp-d3couple/test/unittests/bin/debug/net6.0/unittests.dll" id="07afc5b7-d1d6-467a-9f7e-209cc7f1da1c">
      <Execution id="5dd685b9-6127-4102-9c0c-001866b6088c" />
      <TestMethod codeBase="/tmp/_work/dbp-d3couple/dbp-d3couple/test/UnitTests/bin/Debug/net6.0/UnitTests.dll" adapterTypeName="executor://mstestadapter/v2" className="UnitTests.CoreLive.Api.REST.Intraday.EIS.WexHSAInquiryHandlerTests" name="WexHSAInquiryHandler_BadAccount_NotFound" />
    </UnitTest>
    <UnitTest name="IntradayREST_Heloc_Test_SNSEnabled" storage="/tmp/_work/dbp-d3couple/dbp-d3couple/test/unittests/bin/debug/net6.0/unittests.dll" id="a0f5648b-2508-4bc4-adfe-dd937db30a10">
      <Execution id="2b9435f2-6a3e-4b39-9054-3785418f0e2b" />
      <TestMethod codeBase="/tmp/_work/dbp-d3couple/dbp-d3couple/test/UnitTests/bin/Debug/net6.0/UnitTests.dll" adapterTypeName="executor://mstestadapter/v2" className="UnitTests.CoreLive.Api.REST.Intraday.IntradayREST" name="IntradayREST_Heloc_Test_SNSEnabled" />
    </UnitTest>
    <UnitTest name="UpdateProfile_NonUSCountryAddressUpdate" storage="/tmp/_work/dbp-d3couple/dbp-d3couple/test/unittests/bin/debug/net6.0/unittests.dll" id="e189256c-d030-440f-b0a1-fd18b1145db3">
      <Execution id="2103831b-5f58-4263-bd0c-1f7095a6bb49" />
      <TestMethod codeBase="/tmp/_work/dbp-d3couple/dbp-d3couple/test/UnitTests/bin/Debug/net6.0/UnitTests.dll" adapterTypeName="executor://mstestadapter/v2" className="UnitTests.CoreLive.WorkerServices.UpdateProfileWorkerServiceAddressTests" name="UpdateProfile_NonUSCountryAddressUpdate" />
    </UnitTest>
    <UnitTest name="WhenValidAccountAndCard_ThenSuccessReturned" storage="/tmp/_work/dbp-d3couple/dbp-d3couple/test/unittests/bin/debug/net6.0/unittests.dll" id="f81a00e1-98cf-492f-a2cd-bb9ad13a4984">
      <TestCategory>
        <TestCategoryItem TestCategory="TestUsesSnowflake" />
      </TestCategory>
      <Execution id="61aa2606-a63c-4dd5-92ca-1a4cee1ac960" />
      <TestMethod codeBase="/tmp/_work/dbp-d3couple/dbp-d3couple/test/UnitTests/bin/Debug/net6.0/UnitTests.dll" adapterTypeName="executor://mstestadapter/v2" className="UnitTests.CardControls.v3.ActivateCard" name="WhenValidAccountAndCard_ThenSuccessReturned" />
    </UnitTest>
    <UnitTest name="IntradayHandlerCreditCard_GetAccountsAndTransactionsCCOnly_NoGetCreditCardAccountInfoResultsError" storage="/tmp/_work/dbp-d3couple/dbp-d3couple/test/unittests/bin/debug/net6.0/unittests.dll" id="b7fd13e8-9b24-40e0-9dcd-d39fe65404b0">
      <Execution id="5045ee9a-c944-49b6-9e86-1994e827c4c1" />
      <TestMethod codeBase="/tmp/_work/dbp-d3couple/dbp-d3couple/test/UnitTests/bin/Debug/net6.0/UnitTests.dll" adapterTypeName="executor://mstestadapter/v2" className="UnitTests.CoreLive.Api.REST.Intraday.IntradayHandlerCreditCardTests" name="IntradayHandlerCreditCard_GetAccountsAndTransactionsCCOnly_NoGetCreditCardAccountInfoResultsError" />
    </UnitTest>
    <UnitTest name="WhenPO2Address_ThenFailureReturned" storage="/tmp/_work/dbp-d3couple/dbp-d3couple/test/unittests/bin/debug/net6.0/unittests.dll" id="c4dde465-c09b-4bd3-80a6-1186669a74ca">
      <TestCategory>
        <TestCategoryItem TestCategory="TestUsesSnowflake" />
      </TestCategory>
      <Execution id="cb91916d-9ba5-4ed3-9594-f8a1d8345c4d" />
      <TestMethod codeBase="/tmp/_work/dbp-d3couple/dbp-d3couple/test/UnitTests/bin/Debug/net6.0/UnitTests.dll" adapterTypeName="executor://mstestadapter/v2" className="UnitTests.CoreLive.Api.REST.v4.UpdateProfileAddress" name="WhenPO2Address_ThenFailureReturned" />
    </UnitTest>
    <UnitTest name="WhenValidAddressCountryLowerCase_ThenSuccessReturned" storage="/tmp/_work/dbp-d3couple/dbp-d3couple/test/unittests/bin/debug/net6.0/unittests.dll" id="d88a972c-042e-4bbd-9ade-0aa13b9759dd">
      <TestCategory>
        <TestCategoryItem TestCategory="TestUsesSnowflake" />
      </TestCategory>
      <Execution id="de5e31cf-5fea-4000-b157-bc077791ce22" />
      <TestMethod codeBase="/tmp/_work/dbp-d3couple/dbp-d3couple/test/UnitTests/bin/Debug/net6.0/UnitTests.dll" adapterTypeName="executor://mstestadapter/v2" className="UnitTests.CoreLive.Api.REST.v4.UpdateProfileAddress" name="WhenValidAddressCountryLowerCase_ThenSuccessReturned" />
    </UnitTest>
    <UnitTest name="WhenInvalidRequest_ThenBadResponse (class UserVerificationResponse {&#xA;  AccountType: Personal&#xA;  AccountNumber: &#xA;  DebitCardNumber: 5147505055555555&#xA;  DateOfBirth: 200334&#xA;  TaxId: &#xA;  Context: SELF-ENROLLMENT&#xA;}&#xA;)" storage="/tmp/_work/dbp-d3couple/dbp-d3couple/test/unittests/bin/debug/net6.0/unittests.dll" id="b834fc8d-cf89-46df-8d3c-920eaf0c558a">
      <Execution id="fc32c6f7-c4d5-4fa9-b56b-0af959726751" />
      <TestMethod codeBase="/tmp/_work/dbp-d3couple/dbp-d3couple/test/UnitTests/bin/Debug/net6.0/UnitTests.dll" adapterTypeName="executor://mstestadapter/v2" className="UnitTests.CoreLive.WorkerServices.VerifyUserWorkServiceTest" name="WhenInvalidRequest_ThenBadResponse" />
    </UnitTest>
    <UnitTest name="WhenPrincipalPaymentIsValid_TransferSucceedsWith200" storage="/tmp/_work/dbp-d3couple/dbp-d3couple/test/unittests/bin/debug/net6.0/unittests.dll" id="e7caa241-934c-43dc-a8ef-f420bd151648">
      <Execution id="eeaecf7d-345c-4373-90e6-96216c0cdb6f" />
      <TestMethod codeBase="/tmp/_work/dbp-d3couple/dbp-d3couple/test/UnitTests/bin/Debug/net6.0/UnitTests.dll" adapterTypeName="executor://mstestadapter/v2" className="UnitTests.CoreLive.WorkerServices.InternalTransfersTest" name="WhenPrincipalPaymentIsValid_TransferSucceedsWith200" />
    </UnitTest>
    <UnitTest name="CoreLive_Rest_StopPaymentRange_ZeroCheckNumber_CommunicatorErrorExpected" storage="/tmp/_work/dbp-d3couple/dbp-d3couple/test/unittests/bin/debug/net6.0/unittests.dll" id="0b22363f-f6fc-4484-80e1-7fdd1030f496">
      <Execution id="52f179ae-2b67-4d03-9f84-b74fdfbad452" />
      <TestMethod codeBase="/tmp/_work/dbp-d3couple/dbp-d3couple/test/UnitTests/bin/Debug/net6.0/UnitTests.dll" adapterTypeName="executor://mstestadapter/v2" className="UnitTests.CoreLive.Api.REST.v4.StopPaymentApiTests" name="CoreLive_Rest_StopPaymentRange_ZeroCheckNumber_CommunicatorErrorExpected" />
    </UnitTest>
    <UnitTest name="WhenNoEmail_ThenSuccessReturned" storage="/tmp/_work/dbp-d3couple/dbp-d3couple/test/unittests/bin/debug/net6.0/unittests.dll" id="2201d327-f42d-4a53-b0b2-68d42ff24fb9">
      <TestCategory>
        <TestCategoryItem TestCategory="TestUsesSnowflake" />
      </TestCategory>
      <Execution id="f228fee4-2b51-4189-a11f-0ea7001a401b" />
      <TestMethod codeBase="/tmp/_work/dbp-d3couple/dbp-d3couple/test/UnitTests/bin/Debug/net6.0/UnitTests.dll" adapterTypeName="executor://mstestadapter/v2" className="UnitTests.CoreLive.Api.REST.v4.UpdateProfile" name="WhenNoEmail_ThenSuccessReturned" />
    </UnitTest>
    <UnitTest name="WhenOneAcctIsDDA_GenerateOneTransaction" storage="/tmp/_work/dbp-d3couple/dbp-d3couple/test/unittests/bin/debug/net6.0/unittests.dll" id="29db4c79-905c-479c-b778-7a52b00c2913">
      <Execution id="ed64c72f-d926-44b0-b476-732e1e965430" />
      <TestMethod codeBase="/tmp/_work/dbp-d3couple/dbp-d3couple/test/UnitTests/bin/Debug/net6.0/UnitTests.dll" adapterTypeName="executor://mstestadapter/v2" className="UnitTests.CoreLive.WorkerServices.InternalTransfersTest" name="WhenOneAcctIsDDA_GenerateOneTransaction" />
    </UnitTest>
    <UnitTest name="WhenLoanServTransactionIsOverridable_ThenOverideTranDesc" storage="/tmp/_work/dbp-d3couple/dbp-d3couple/test/unittests/bin/debug/net6.0/unittests.dll" id="3f0bf6d3-5352-464c-b298-47dc5f20a2cf">
      <Execution id="8546caa3-12e9-4fcc-994a-0d98e7d2bf73" />
      <TestMethod codeBase="/tmp/_work/dbp-d3couple/dbp-d3couple/test/UnitTests/bin/Debug/net6.0/UnitTests.dll" adapterTypeName="executor://mstestadapter/v2" className="UnitTests.CoreLive.Api.REST.Intraday.Handler.LoanServTransactionsTests" name="WhenLoanServTransactionIsOverridable_ThenOverideTranDesc" />
    </UnitTest>
    <UnitTest name="EISClientPersoneticsInquiry_FailureTest" storage="/tmp/_work/dbp-d3couple/dbp-d3couple/test/unittests/bin/debug/net6.0/unittests.dll" id="22308855-74c3-464f-bb83-53e85dd565c7">
      <Execution id="d6e1cb67-a8ab-4b8e-8b86-991e0c903c84" />
      <TestMethod codeBase="/tmp/_work/dbp-d3couple/dbp-d3couple/test/UnitTests/bin/Debug/net6.0/UnitTests.dll" adapterTypeName="executor://mstestadapter/v2" className="UnitTests.EISClientTests.EISClientPersoneticsInquiry" name="EISClientPersoneticsInquiry_FailureTest" />
    </UnitTest>
    <UnitTest name="WhenRequiredFieldMissing_ThenBadRequestReturned" storage="/tmp/_work/dbp-d3couple/dbp-d3couple/test/unittests/bin/debug/net6.0/unittests.dll" id="f2f46c26-9e7d-4985-b34e-0c21ab95b482">
      <TestCategory>
        <TestCategoryItem TestCategory="TestUsesSnowflake" />
      </TestCategory>
      <Execution id="db19f1de-b88a-4e77-83c7-64e028fe8f10" />
      <TestMethod codeBase="/tmp/_work/dbp-d3couple/dbp-d3couple/test/UnitTests/bin/Debug/net6.0/UnitTests.dll" adapterTypeName="executor://mstestadapter/v2" className="UnitTests.CoreLive.Api.REST.v4.UpdateProfileContacts" name="WhenRequiredFieldMissing_ThenBadRequestReturned" />
    </UnitTest>
    <UnitTest name="EStatementEnrollment_IsEnrolled_AccountIsEnrolled" storage="/tmp/_work/dbp-d3couple/dbp-d3couple/test/unittests/bin/debug/net6.0/unittests.dll" id="70fdfe69-cda0-4984-9cc7-b08152a05e9b">
      <TestCategory>
        <TestCategoryItem TestCategory="TestUsesSnowflake" />
      </TestCategory>
      <Execution id="2a2adfea-f48b-49ba-b73f-82c8a86b1df5" />
      <TestMethod codeBase="/tmp/_work/dbp-d3couple/dbp-d3couple/test/UnitTests/bin/Debug/net6.0/UnitTests.dll" adapterTypeName="executor://mstestadapter/v2" className="UnitTests.CoreLive.WorkerServices.EStatementEnrollmentWorkServiceTest" name="EStatementEnrollment_IsEnrolled_AccountIsEnrolled" />
    </UnitTest>
    <UnitTest name="CoreLive_Rest_StopPayment_AccountNoStops" storage="/tmp/_work/dbp-d3couple/dbp-d3couple/test/unittests/bin/debug/net6.0/unittests.dll" id="4f40f90e-3f08-4c5f-b78c-69024bbc0a5a">
      <Execution id="5378d4d3-70bf-4d29-ac80-db20bf9aa3a8" />
      <TestMethod codeBase="/tmp/_work/dbp-d3couple/dbp-d3couple/test/UnitTests/bin/Debug/net6.0/UnitTests.dll" adapterTypeName="executor://mstestadapter/v2" className="UnitTests.CoreLive.Api.REST.v4.StopPaymentHistoryApiTests" name="CoreLive_Rest_StopPayment_AccountNoStops" />
    </UnitTest>
    <UnitTest name="IntradayController_AccountRoute_SyncTypeBob_Invalid" storage="/tmp/_work/dbp-d3couple/dbp-d3couple/test/unittests/bin/debug/net6.0/unittests.dll" id="fbec9bbf-0799-4b84-9215-5a9630504797">
      <Execution id="f5c237fd-560f-49cc-85ac-a2c9e1e1c007" />
      <TestMethod codeBase="/tmp/_work/dbp-d3couple/dbp-d3couple/test/UnitTests/bin/Debug/net6.0/UnitTests.dll" adapterTypeName="executor://mstestadapter/v2" className="UnitTests.CoreLive.Api.REST.Intraday.IntradayControllerTests" name="IntradayController_AccountRoute_SyncTypeBob_Invalid" />
    </UnitTest>
    <UnitTest name="IntradayHandler_GetSignatureAccounts_AccountSummariesStatusTextNullCond" storage="/tmp/_work/dbp-d3couple/dbp-d3couple/test/unittests/bin/debug/net6.0/unittests.dll" id="22cf062a-771b-4818-8e9a-8d3152128346">
      <Execution id="83e82e3f-518e-421e-99bb-785bd737242b" />
      <TestMethod codeBase="/tmp/_work/dbp-d3couple/dbp-d3couple/test/UnitTests/bin/Debug/net6.0/UnitTests.dll" adapterTypeName="executor://mstestadapter/v2" className="UnitTests.CoreLive.Api.REST.Intraday.IntradayHandlerTests" name="IntradayHandler_GetSignatureAccounts_AccountSummariesStatusTextNullCond" />
    </UnitTest>
    <UnitTest name="StopPaymentHistoryTests_GeneralError" storage="/tmp/_work/dbp-d3couple/dbp-d3couple/test/unittests/bin/debug/net6.0/unittests.dll" id="e185afd7-967f-456e-a939-9ee699d4dc3b">
      <Execution id="a17ffccd-6ee0-4b17-bc48-db2f2d1a1e54" />
      <TestMethod codeBase="/tmp/_work/dbp-d3couple/dbp-d3couple/test/UnitTests/bin/Debug/net6.0/UnitTests.dll" adapterTypeName="executor://mstestadapter/v2" className="UnitTests.CoreLive.WorkerServices.StopPaymentHistoryWSTests" name="StopPaymentHistoryTests_GeneralError" />
    </UnitTest>
    <UnitTest name="IntradayHandlerLoanTests_GetAccountsAndTransactions_LNHelocOnly" storage="/tmp/_work/dbp-d3couple/dbp-d3couple/test/unittests/bin/debug/net6.0/unittests.dll" id="6b4c2b18-d4a0-45f1-b856-ae8413d34c87">
      <Execution id="6098b81f-c417-4d26-bec9-075793f969b5" />
      <TestMethod codeBase="/tmp/_work/dbp-d3couple/dbp-d3couple/test/UnitTests/bin/Debug/net6.0/UnitTests.dll" adapterTypeName="executor://mstestadapter/v2" className="UnitTests.CoreLive.Api.REST.Intraday.IntradayHandlerLNTests" name="IntradayHandlerLoanTests_GetAccountsAndTransactions_LNHelocOnly" />
    </UnitTest>
    <UnitTest name="IntradayHandler_AccountsByUserIdAllStatus_CatchBadSnowflakeResult" storage="/tmp/_work/dbp-d3couple/dbp-d3couple/test/unittests/bin/debug/net6.0/unittests.dll" id="d51a80bc-1052-4784-9a04-0bba5d4dc82c">
      <Execution id="28cc9146-6ed4-4d61-a61e-00198833c63c" />
      <TestMethod codeBase="/tmp/_work/dbp-d3couple/dbp-d3couple/test/UnitTests/bin/Debug/net6.0/UnitTests.dll" adapterTypeName="executor://mstestadapter/v2" className="UnitTests.CoreLive.Api.REST.Intraday.IntradayHandlerTests" name="IntradayHandler_AccountsByUserIdAllStatus_CatchBadSnowflakeResult" />
    </UnitTest>
    <UnitTest name="WhenCustomerNotFoundByDebitCardNumber_ThenUnsuccessfulResponse" storage="/tmp/_work/dbp-d3couple/dbp-d3couple/test/unittests/bin/debug/net6.0/unittests.dll" id="43792d3e-ebf3-4787-b05c-4f8e00000c48">
      <Execution id="986ed8e8-2979-48c8-8b0a-730c6120b3fb" />
      <TestMethod codeBase="/tmp/_work/dbp-d3couple/dbp-d3couple/test/UnitTests/bin/Debug/net6.0/UnitTests.dll" adapterTypeName="executor://mstestadapter/v2" className="UnitTests.CoreLive.WorkerServices.VerifyUserWorkServiceTest" name="WhenCustomerNotFoundByDebitCardNumber_ThenUnsuccessfulResponse" />
    </UnitTest>
    <UnitTest name="WhenHELOC_ReturnSuccessfulAccount" storage="/tmp/_work/dbp-d3couple/dbp-d3couple/test/unittests/bin/debug/net6.0/unittests.dll" id="824ba123-24b6-4282-ad25-3a621a041c3e">
      <Execution id="8b51a599-0870-4eda-8b8f-04bc2036e121" />
      <TestMethod codeBase="/tmp/_work/dbp-d3couple/dbp-d3couple/test/UnitTests/bin/Debug/net6.0/UnitTests.dll" adapterTypeName="executor://mstestadapter/v2" className="UnitTests.CoreLive.Api.REST.Intraday.Handler.LoanServAccountInfoTests" name="WhenHELOC_ReturnSuccessfulAccount" />
    </UnitTest>
    <UnitTest name="EventBridge_Controller_TimedOutWaitingOnSNS" storage="/tmp/_work/dbp-d3couple/dbp-d3couple/test/unittests/bin/debug/net6.0/unittests.dll" id="33159039-8a11-464c-b353-d093b603c913">
      <Execution id="fa71433c-f126-4386-ab2e-d37332180182" />
      <TestMethod codeBase="/tmp/_work/dbp-d3couple/dbp-d3couple/test/UnitTests/bin/Debug/net6.0/UnitTests.dll" adapterTypeName="executor://mstestadapter/v2" className="UnitTests.CoreLive.Api.REST.EventBridge.EventBridge" name="EventBridge_Controller_TimedOutWaitingOnSNS" />
    </UnitTest>
    <UnitTest name="IntradayHandlerHSA_GetAccountsAndTransactionsHSAOnly_WexAccountInquiryHandlerException" storage="/tmp/_work/dbp-d3couple/dbp-d3couple/test/unittests/bin/debug/net6.0/unittests.dll" id="4e8c7e4b-7539-41a2-9358-754b602e130f">
      <Execution id="151ee60e-79eb-4a04-bdcf-ffdf6c83ec80" />
      <TestMethod codeBase="/tmp/_work/dbp-d3couple/dbp-d3couple/test/UnitTests/bin/Debug/net6.0/UnitTests.dll" adapterTypeName="executor://mstestadapter/v2" className="UnitTests.CoreLive.Api.REST.Intraday.IntradayHandlerWexHSATests" name="IntradayHandlerHSA_GetAccountsAndTransactionsHSAOnly_WexAccountInquiryHandlerException" />
    </UnitTest>
    <UnitTest name="IntradayHandler_InsertSnowflakeRelation_FailureTest" storage="/tmp/_work/dbp-d3couple/dbp-d3couple/test/unittests/bin/debug/net6.0/unittests.dll" id="fff7a7f0-bf2d-40a1-86f1-a06a473afbf2">
      <Execution id="7b5c1a7c-cf17-4122-86b8-3935246c12db" />
      <TestMethod codeBase="/tmp/_work/dbp-d3couple/dbp-d3couple/test/UnitTests/bin/Debug/net6.0/UnitTests.dll" adapterTypeName="executor://mstestadapter/v2" className="UnitTests.CoreLive.Api.REST.Intraday.IntradayHandlerTests" name="IntradayHandler_InsertSnowflakeRelation_FailureTest" />
    </UnitTest>
    <UnitTest name="IntradayHandlerLoanTests_CreateTransaction_NoCSP" storage="/tmp/_work/dbp-d3couple/dbp-d3couple/test/unittests/bin/debug/net6.0/unittests.dll" id="0359101f-26f6-47c2-ad4b-d8f69d586efb">
      <Execution id="4b7d9d16-252d-43bd-9e20-727567520f25" />
      <TestMethod codeBase="/tmp/_work/dbp-d3couple/dbp-d3couple/test/UnitTests/bin/Debug/net6.0/UnitTests.dll" adapterTypeName="executor://mstestadapter/v2" className="UnitTests.CoreLive.Api.REST.Intraday.IntradayHandlerLNTests" name="IntradayHandlerLoanTests_CreateTransaction_NoCSP" />
    </UnitTest>
    <UnitTest name="WhenBusinessNotFoundByDebitCardNumber_ThenUnsuccessfulResponse" storage="/tmp/_work/dbp-d3couple/dbp-d3couple/test/unittests/bin/debug/net6.0/unittests.dll" id="d6bb5338-3e9b-4b6c-86f1-4c5b5de40e08">
      <Execution id="164b229f-b837-4c17-b6bd-e42b17e64b60" />
      <TestMethod codeBase="/tmp/_work/dbp-d3couple/dbp-d3couple/test/UnitTests/bin/Debug/net6.0/UnitTests.dll" adapterTypeName="executor://mstestadapter/v2" className="UnitTests.CoreLive.WorkerServices.VerifyUserWorkServiceTest" name="WhenBusinessNotFoundByDebitCardNumber_ThenUnsuccessfulResponse" />
    </UnitTest>
    <UnitTest name="WhenLoanServPaymentAvailableBalanceLow_TransferFailsWith400" storage="/tmp/_work/dbp-d3couple/dbp-d3couple/test/unittests/bin/debug/net6.0/unittests.dll" id="fe9d1f4f-858c-40c4-a5a2-e49be7b1b463">
      <Execution id="157aecf3-d1d7-49ee-afb9-316803067120" />
      <TestMethod codeBase="/tmp/_work/dbp-d3couple/dbp-d3couple/test/UnitTests/bin/Debug/net6.0/UnitTests.dll" adapterTypeName="executor://mstestadapter/v2" className="UnitTests.CoreLive.WorkerServices.InternalTransfersTest" name="WhenLoanServPaymentAvailableBalanceLow_TransferFailsWith400" />
    </UnitTest>
    <UnitTest name="IntradayHandlerLoanTests_GetAccountsAndTransactions_LNLoanOnly_NoTransactions" storage="/tmp/_work/dbp-d3couple/dbp-d3couple/test/unittests/bin/debug/net6.0/unittests.dll" id="8407349d-6654-4da2-9423-01e1b3f76834">
      <Execution id="c5c9eb46-9814-4b13-bc76-45fb46431197" />
      <TestMethod codeBase="/tmp/_work/dbp-d3couple/dbp-d3couple/test/UnitTests/bin/Debug/net6.0/UnitTests.dll" adapterTypeName="executor://mstestadapter/v2" className="UnitTests.CoreLive.Api.REST.Intraday.IntradayHandlerLNTests" name="IntradayHandlerLoanTests_GetAccountsAndTransactions_LNLoanOnly_NoTransactions" />
    </UnitTest>
    <UnitTest name="CustomerInquiryWS_GetCustomer_BadUid_Fail" storage="/tmp/_work/dbp-d3couple/dbp-d3couple/test/unittests/bin/debug/net6.0/unittests.dll" id="6a5ad898-6d01-4358-8579-ebb234b69f3d">
      <TestCategory>
        <TestCategoryItem TestCategory="TestUsesSnowflake" />
      </TestCategory>
      <Execution id="7e61a4a1-4de1-4325-b0bd-e100d0090ec9" />
      <TestMethod codeBase="/tmp/_work/dbp-d3couple/dbp-d3couple/test/UnitTests/bin/Debug/net6.0/UnitTests.dll" adapterTypeName="executor://mstestadapter/v2" className="UnitTests.CoreLive.WorkerServices.CustomerInquiryWsTest" name="CustomerInquiryWS_GetCustomer_BadUid_Fail" />
    </UnitTest>
    <UnitTest name="WhenTransIsNoShowType_FilterTrans" storage="/tmp/_work/dbp-d3couple/dbp-d3couple/test/unittests/bin/debug/net6.0/unittests.dll" id="3a9618c0-8710-4730-9674-6d32ecd2245e">
      <Execution id="8d183fb9-3b08-480d-8e1e-3b36efb39361" />
      <TestMethod codeBase="/tmp/_work/dbp-d3couple/dbp-d3couple/test/UnitTests/bin/Debug/net6.0/UnitTests.dll" adapterTypeName="executor://mstestadapter/v2" className="UnitTests.CoreLive.Api.REST.Intraday.Handler.LoanServTransactionsTests" name="WhenTransIsNoShowType_FilterTrans" />
    </UnitTest>
    <UnitTest name="EStatementEnrollment_Fake_IsEnrolled_AccountIsEnrolled" storage="/tmp/_work/dbp-d3couple/dbp-d3couple/test/unittests/bin/debug/net6.0/unittests.dll" id="ce11aa68-a2ba-48a8-b738-3f6f72740552">
      <Execution id="fc6f7239-e5a1-45f1-8a5d-7a03b43d8525" />
      <TestMethod codeBase="/tmp/_work/dbp-d3couple/dbp-d3couple/test/UnitTests/bin/Debug/net6.0/UnitTests.dll" adapterTypeName="executor://mstestadapter/v2" className="UnitTests.CoreLive.WorkerServices.EStatementEnrollmentWorkServiceTest" name="EStatementEnrollment_Fake_IsEnrolled_AccountIsEnrolled" />
    </UnitTest>
    <UnitTest name="WhenInvalidRequest_ThenBadResponse (class UserVerificationResponse {&#xA;  AccountType: Personal&#xA;  AccountNumber: &#xA;  DebitCardNumber: ABCDEFGHIJKLMNOP&#xA;  DateOfBirth: 1980-01-01&#xA;  TaxId: &#xA;  Context: SELF-ENROLLMENT&#xA;}&#xA;)" storage="/tmp/_work/dbp-d3couple/dbp-d3couple/test/unittests/bin/debug/net6.0/unittests.dll" id="06d9a47f-b550-47b3-9c4e-3287de56c35b">
      <Execution id="a5e94a1a-fd4b-4b1d-8e62-89a872ab84a1" />
      <TestMethod codeBase="/tmp/_work/dbp-d3couple/dbp-d3couple/test/UnitTests/bin/Debug/net6.0/UnitTests.dll" adapterTypeName="executor://mstestadapter/v2" className="UnitTests.CoreLive.WorkerServices.VerifyUserWorkServiceTest" name="WhenInvalidRequest_ThenBadResponse" />
    </UnitTest>
    <UnitTest name="WhenBusinessFoundByDebitCardNumberAndTaxIdMatches_ThenSuccessfulResponse" storage="/tmp/_work/dbp-d3couple/dbp-d3couple/test/unittests/bin/debug/net6.0/unittests.dll" id="41163f0c-de97-4538-9d80-b2fa6f543d3c">
      <Execution id="f9b37dfe-cf79-46b9-b926-c3bb4fa4192f" />
      <TestMethod codeBase="/tmp/_work/dbp-d3couple/dbp-d3couple/test/UnitTests/bin/Debug/net6.0/UnitTests.dll" adapterTypeName="executor://mstestadapter/v2" className="UnitTests.CoreLive.WorkerServices.VerifyUserWorkServiceTest" name="WhenBusinessFoundByDebitCardNumberAndTaxIdMatches_ThenSuccessfulResponse" />
    </UnitTest>
    <UnitTest name="NonSufficientFunds" storage="/tmp/_work/dbp-d3couple/dbp-d3couple/test/unittests/bin/debug/net6.0/unittests.dll" id="c93b9970-1132-41c0-bdbf-7c8405583987">
      <Execution id="e7887367-3d77-40bd-91fc-45c3f8ef3e1a" />
      <TestMethod codeBase="/tmp/_work/dbp-d3couple/dbp-d3couple/test/UnitTests/bin/Debug/net6.0/UnitTests.dll" adapterTypeName="executor://mstestadapter/v2" className="UnitTests.CoreLive.WorkerServices.OnUsTransferTests" name="NonSufficientFunds" />
    </UnitTest>
    <UnitTest name="EDocs_GetAccountDocumentLinks_InvalidUID_ExpectEmptyData" storage="/tmp/_work/dbp-d3couple/dbp-d3couple/test/unittests/bin/debug/net6.0/unittests.dll" id="3c9b234b-c494-450f-8fe9-368781fc5385">
      <TestCategory>
        <TestCategoryItem TestCategory="TestUsesSnowflake" />
      </TestCategory>
      <Execution id="4cc656f9-aa30-4105-ad24-2731d45ccf22" />
      <TestMethod codeBase="/tmp/_work/dbp-d3couple/dbp-d3couple/test/UnitTests/bin/Debug/net6.0/UnitTests.dll" adapterTypeName="executor://mstestadapter/v2" className="UnitTests.CoreLive.Api.REST.EDocument.EDocumentTests" name="EDocs_GetAccountDocumentLinks_InvalidUID_ExpectEmptyData" />
    </UnitTest>
    <UnitTest name="EdocEnrollment_EnrollNotices_NoAccounts" storage="/tmp/_work/dbp-d3couple/dbp-d3couple/test/unittests/bin/debug/net6.0/unittests.dll" id="f287f127-da90-4cb3-a5fc-34e4d6b436a5">
      <TestCategory>
        <TestCategoryItem TestCategory="TestUsesSnowflake" />
      </TestCategory>
      <Execution id="32ee8923-3ae6-4842-993f-500c54752183" />
      <TestMethod codeBase="/tmp/_work/dbp-d3couple/dbp-d3couple/test/UnitTests/bin/Debug/net6.0/UnitTests.dll" adapterTypeName="executor://mstestadapter/v2" className="UnitTests.CoreLive.Api.REST.EDocument.EDocumentErollmentTests" name="EdocEnrollment_EnrollNotices_NoAccounts" />
    </UnitTest>
    <UnitTest name="WhenMortgage_ReturnSuccessfulAccount" storage="/tmp/_work/dbp-d3couple/dbp-d3couple/test/unittests/bin/debug/net6.0/unittests.dll" id="029d2a59-73d7-4bcd-815d-e567a640e011">
      <Execution id="7e195b8b-aa7c-4899-a7a1-68ae066c5abe" />
      <TestMethod codeBase="/tmp/_work/dbp-d3couple/dbp-d3couple/test/UnitTests/bin/Debug/net6.0/UnitTests.dll" adapterTypeName="executor://mstestadapter/v2" className="UnitTests.CoreLive.Api.REST.Intraday.Handler.LoanServAccountInfoTests" name="WhenMortgage_ReturnSuccessfulAccount" />
    </UnitTest>
    <UnitTest name="WhenInvalidRequest_ThenBadResponse (class UserVerificationResponse {&#xA;  AccountType: Personal&#xA;  AccountNumber: &#xA;  DebitCardNumber: 4584309887598580&#xA;  DateOfBirth: 1980-01-01&#xA;  TaxId: &#xA;  Context: SELF-ENROLLMENT&#xA;}&#xA;)" storage="/tmp/_work/dbp-d3couple/dbp-d3couple/test/unittests/bin/debug/net6.0/unittests.dll" id="9b641d67-4902-4987-9ca2-a0348673f610">
      <Execution id="8c1fd2bc-4fb6-4449-8ad6-dff7b65939ef" />
      <TestMethod codeBase="/tmp/_work/dbp-d3couple/dbp-d3couple/test/UnitTests/bin/Debug/net6.0/UnitTests.dll" adapterTypeName="executor://mstestadapter/v2" className="UnitTests.CoreLive.WorkerServices.VerifyUserWorkServiceTest" name="WhenInvalidRequest_ThenBadResponse" />
    </UnitTest>
    <UnitTest name="SigLoanAccountInquiryHandler_Heloc" storage="/tmp/_work/dbp-d3couple/dbp-d3couple/test/unittests/bin/debug/net6.0/unittests.dll" id="e859d9fb-c7aa-4e0a-97f7-d4c2b59850fa">
      <Execution id="4d3c214c-7fec-4f0d-9a6e-accebc69e9a5" />
      <TestMethod codeBase="/tmp/_work/dbp-d3couple/dbp-d3couple/test/UnitTests/bin/Debug/net6.0/UnitTests.dll" adapterTypeName="executor://mstestadapter/v2" className="UnitTests.CoreLive.Api.REST.Intraday.Handler.SignatureLoanAccountInquiryHandlerTests" name="SigLoanAccountInquiryHandler_Heloc" />
    </UnitTest>
    <UnitTest name="IntradayHandlerTimeTests_CreateTransactionID3" storage="/tmp/_work/dbp-d3couple/dbp-d3couple/test/unittests/bin/debug/net6.0/unittests.dll" id="b7bb21dc-7214-4b35-bfe1-66994c293bca">
      <Execution id="99854281-2d8b-4030-a6ab-e1a5ac60ad6d" />
      <TestMethod codeBase="/tmp/_work/dbp-d3couple/dbp-d3couple/test/UnitTests/bin/Debug/net6.0/UnitTests.dll" adapterTypeName="executor://mstestadapter/v2" className="UnitTests.CoreLive.Api.REST.Intraday.IntradayHandlerTimeTests" name="IntradayHandlerTimeTests_CreateTransactionID3" />
    </UnitTest>
    <UnitTest name="WhenCustomerFoundByDebitNumberAndDOBMatches_NoSFCif_NotFoundInSF_FoundInSignature_ThenSuccess (SV,5147515055555016)" storage="/tmp/_work/dbp-d3couple/dbp-d3couple/test/unittests/bin/debug/net6.0/unittests.dll" id="c7592ea5-9c35-49c3-a063-eb1fd6662d0b">
      <Execution id="6bff86fd-7dde-4050-a980-ea2fe194c699" />
      <TestMethod codeBase="/tmp/_work/dbp-d3couple/dbp-d3couple/test/UnitTests/bin/Debug/net6.0/UnitTests.dll" adapterTypeName="executor://mstestadapter/v2" className="UnitTests.CoreLive.WorkerServices.VerifyUserWorkServiceTest_InstantIssueDebit" name="WhenCustomerFoundByDebitNumberAndDOBMatches_NoSFCif_NotFoundInSF_FoundInSignature_ThenSuccess" />
    </UnitTest>
    <UnitTest name="WexHSAInquiryHandler_500" storage="/tmp/_work/dbp-d3couple/dbp-d3couple/test/unittests/bin/debug/net6.0/unittests.dll" id="14d70e9b-2322-4613-82aa-b4d67fbfff70">
      <Execution id="eec33cfa-4349-4885-8d6d-156368b38cc6" />
      <TestMethod codeBase="/tmp/_work/dbp-d3couple/dbp-d3couple/test/UnitTests/bin/Debug/net6.0/UnitTests.dll" adapterTypeName="executor://mstestadapter/v2" className="UnitTests.CoreLive.Api.REST.Intraday.EIS.WexHSAInquiryHandlerTests" name="WexHSAInquiryHandler_500" />
    </UnitTest>
    <UnitTest name="ConduitControllerCommand" storage="/tmp/_work/dbp-d3couple/dbp-d3couple/test/unittests/bin/debug/net6.0/unittests.dll" id="758b36db-c32a-4803-9412-a9a48d17e78c">
      <Execution id="207bd3d4-c0fe-4027-b8c2-621637d6a755" />
      <TestMethod codeBase="/tmp/_work/dbp-d3couple/dbp-d3couple/test/UnitTests/bin/Debug/net6.0/UnitTests.dll" adapterTypeName="executor://mstestadapter/v2" className="UnitTests.CoreLive.Api.REST.Conduit.ConduitControllerTests" name="ConduitControllerCommand" />
    </UnitTest>
    <UnitTest name="IntradayREST_Heloc_SNSPublishTimeout" storage="/tmp/_work/dbp-d3couple/dbp-d3couple/test/unittests/bin/debug/net6.0/unittests.dll" id="6ebaea18-3aae-45aa-906e-6ec9e64fb75b">
      <Execution id="56d2faf3-0c40-4601-abd4-e08a9721569a" />
      <TestMethod codeBase="/tmp/_work/dbp-d3couple/dbp-d3couple/test/UnitTests/bin/Debug/net6.0/UnitTests.dll" adapterTypeName="executor://mstestadapter/v2" className="UnitTests.CoreLive.Api.REST.Intraday.IntradayREST" name="IntradayREST_Heloc_SNSPublishTimeout" />
    </UnitTest>
    <UnitTest name="SnowflakeDBConformTests_EntityCIFByAcctIdAndUserId_MultipleCifsExceptionExpected" storage="/tmp/_work/dbp-d3couple/dbp-d3couple/test/unittests/bin/debug/net6.0/unittests.dll" id="44619b33-8945-417e-803a-632649dac802">
      <Execution id="2180dfe1-8664-4628-8320-5512993e4d39" />
      <TestMethod codeBase="/tmp/_work/dbp-d3couple/dbp-d3couple/test/UnitTests/bin/Debug/net6.0/UnitTests.dll" adapterTypeName="executor://mstestadapter/v2" className="UnitTests.DB.SnowflakeDBConformTests" name="SnowflakeDBConformTests_EntityCIFByAcctIdAndUserId_MultipleCifsExceptionExpected" />
    </UnitTest>
    <UnitTest name="WhenCIFIsValidAndCommunicatorResponseIsNull_GetProfileFailsWith500" storage="/tmp/_work/dbp-d3couple/dbp-d3couple/test/unittests/bin/debug/net6.0/unittests.dll" id="a7decd2e-6518-41cf-9d57-dd60028bf174">
      <Execution id="b4acf357-a1f5-42ed-9001-90efedf572ce" />
      <TestMethod codeBase="/tmp/_work/dbp-d3couple/dbp-d3couple/test/UnitTests/bin/Debug/net6.0/UnitTests.dll" adapterTypeName="executor://mstestadapter/v2" className="UnitTests.CoreLive.WorkerServices.GetProfileWorkerServiceTest" name="WhenCIFIsValidAndCommunicatorResponseIsNull_GetProfileFailsWith500" />
    </UnitTest>
    <UnitTest name="WhenTransferFundsDataIsValid_TransferFundsSucceedsWith200" storage="/tmp/_work/dbp-d3couple/dbp-d3couple/test/unittests/bin/debug/net6.0/unittests.dll" id="98e8f7f6-c513-4025-a14d-125a75d4617e">
      <Execution id="a6d1d23a-3f63-4f4d-ba59-d42b94d92878" />
      <TestMethod codeBase="/tmp/_work/dbp-d3couple/dbp-d3couple/test/UnitTests/bin/Debug/net6.0/UnitTests.dll" adapterTypeName="executor://mstestadapter/v2" className="UnitTests.CoreLive.WorkerServices.InternalTransfersTest" name="WhenTransferFundsDataIsValid_TransferFundsSucceedsWith200" />
    </UnitTest>
    <UnitTest name="UpdateProfile_AddressUpdatePOBox2_Failure" storage="/tmp/_work/dbp-d3couple/dbp-d3couple/test/unittests/bin/debug/net6.0/unittests.dll" id="c0ac8e8e-0665-46f3-a31b-7bb7dbd2cb3e">
      <Execution id="4fd9639e-b158-4f29-8a68-3bb8409603fe" />
      <TestMethod codeBase="/tmp/_work/dbp-d3couple/dbp-d3couple/test/UnitTests/bin/Debug/net6.0/UnitTests.dll" adapterTypeName="executor://mstestadapter/v2" className="UnitTests.CoreLive.WorkerServices.UpdateProfileWorkerServiceAddressTests" name="UpdateProfile_AddressUpdatePOBox2_Failure" />
    </UnitTest>
    <UnitTest name="TestHeadersForTraceScope_MissingFile" storage="/tmp/_work/dbp-d3couple/dbp-d3couple/test/unittests/bin/debug/net6.0/unittests.dll" id="9451785e-684f-44db-8ba6-f47c8421fb36">
      <Execution id="bbd14c02-2351-473e-a83c-09cd7b21e54e" />
      <TestMethod codeBase="/tmp/_work/dbp-d3couple/dbp-d3couple/test/UnitTests/bin/Debug/net6.0/UnitTests.dll" adapterTypeName="executor://mstestadapter/v2" className="UnitTests.CoreLive.Api.REST.Logging.TraceScopeMiddlewareTests" name="TestHeadersForTraceScope_MissingFile" />
    </UnitTest>
    <UnitTest name="LoanAcctTrnInqWS_BadAccountType" storage="/tmp/_work/dbp-d3couple/dbp-d3couple/test/unittests/bin/debug/net6.0/unittests.dll" id="37fb1009-02ab-4750-b669-25b7c7679877">
      <Execution id="cf5436e4-5c51-4827-b390-ff3217a9d8f2" />
      <TestMethod codeBase="/tmp/_work/dbp-d3couple/dbp-d3couple/test/UnitTests/bin/Debug/net6.0/UnitTests.dll" adapterTypeName="executor://mstestadapter/v2" className="UnitTests.CoreLive.WorkerServices.LoanAcctTrnInqWSTest" name="LoanAcctTrnInqWS_BadAccountType" />
    </UnitTest>
    <UnitTest name="EISClientTruvCreateUser_SuccessTest" storage="/tmp/_work/dbp-d3couple/dbp-d3couple/test/unittests/bin/debug/net6.0/unittests.dll" id="085e3bc7-7442-4b7f-ae46-a89426609936">
      <Execution id="529f786d-8154-4161-924e-8d1a76e0cf12" />
      <TestMethod codeBase="/tmp/_work/dbp-d3couple/dbp-d3couple/test/UnitTests/bin/Debug/net6.0/UnitTests.dll" adapterTypeName="executor://mstestadapter/v2" className="UnitTests.EISClientTests.TruvCreateUser" name="EISClientTruvCreateUser_SuccessTest" />
    </UnitTest>
    <UnitTest name="WhenCustomerFoundByDebitCardNumberButDOBDoesNotMatche_ThenFailureResponse" storage="/tmp/_work/dbp-d3couple/dbp-d3couple/test/unittests/bin/debug/net6.0/unittests.dll" id="fa30a79b-7edf-4e18-91ec-7559a2c111be">
      <Execution id="00f5258b-08f6-47c3-9370-86a7d6ac9dfd" />
      <TestMethod codeBase="/tmp/_work/dbp-d3couple/dbp-d3couple/test/UnitTests/bin/Debug/net6.0/UnitTests.dll" adapterTypeName="executor://mstestadapter/v2" className="UnitTests.CoreLive.WorkerServices.VerifyUserWorkServiceTest" name="WhenCustomerFoundByDebitCardNumberButDOBDoesNotMatche_ThenFailureResponse" />
    </UnitTest>
    <UnitTest name="CoreLive_Rest_StopPaymentRange_AlreadyPosted_CommunicatorErrorExpected" storage="/tmp/_work/dbp-d3couple/dbp-d3couple/test/unittests/bin/debug/net6.0/unittests.dll" id="ba79ad66-b277-4402-9842-69cbb6182f9e">
      <Execution id="25435747-68ac-42c1-bb4d-7b242b50dae1" />
      <TestMethod codeBase="/tmp/_work/dbp-d3couple/dbp-d3couple/test/UnitTests/bin/Debug/net6.0/UnitTests.dll" adapterTypeName="executor://mstestadapter/v2" className="UnitTests.CoreLive.Api.REST.v4.StopPaymentApiTests" name="CoreLive_Rest_StopPaymentRange_AlreadyPosted_CommunicatorErrorExpected" />
    </UnitTest>
    <UnitTest name="IntradayHandlerHSA_GetAccountsAndTransactionsHSAOnly" storage="/tmp/_work/dbp-d3couple/dbp-d3couple/test/unittests/bin/debug/net6.0/unittests.dll" id="befa6c57-b507-4c4b-a93f-3986129fa7f9">
      <Execution id="430d47c6-f232-4662-818a-143ae788074c" />
      <TestMethod codeBase="/tmp/_work/dbp-d3couple/dbp-d3couple/test/UnitTests/bin/Debug/net6.0/UnitTests.dll" adapterTypeName="executor://mstestadapter/v2" className="UnitTests.CoreLive.Api.REST.Intraday.IntradayHandlerWexHSATests" name="IntradayHandlerHSA_GetAccountsAndTransactionsHSAOnly" />
    </UnitTest>
    <UnitTest name="WhenLoanServDrawSucceeds_TransferSucceedsWith200" storage="/tmp/_work/dbp-d3couple/dbp-d3couple/test/unittests/bin/debug/net6.0/unittests.dll" id="55a86bab-7c87-418f-8638-c95c66b09cc9">
      <Execution id="d0995823-cb6f-4be7-802e-7314ceebd170" />
      <TestMethod codeBase="/tmp/_work/dbp-d3couple/dbp-d3couple/test/UnitTests/bin/Debug/net6.0/UnitTests.dll" adapterTypeName="executor://mstestadapter/v2" className="UnitTests.CoreLive.WorkerServices.InternalTransfersTest" name="WhenLoanServDrawSucceeds_TransferSucceedsWith200" />
    </UnitTest>
    <UnitTest name="EDocsWS_Fake_GetDocumentsByAccount_MultipleDocs_Success" storage="/tmp/_work/dbp-d3couple/dbp-d3couple/test/unittests/bin/debug/net6.0/unittests.dll" id="8141ee90-5068-4284-a436-d9b9bccc53ce">
      <TestCategory>
        <TestCategoryItem TestCategory="TestUsesSnowflake" />
      </TestCategory>
      <Execution id="ce2d6a4a-08af-470a-a118-49bf865e5e05" />
      <TestMethod codeBase="/tmp/_work/dbp-d3couple/dbp-d3couple/test/UnitTests/bin/Debug/net6.0/UnitTests.dll" adapterTypeName="executor://mstestadapter/v2" className="UnitTests.CoreLive.WorkerServices.EDocsWsTest" name="EDocsWS_Fake_GetDocumentsByAccount_MultipleDocs_Success" />
    </UnitTest>
    <UnitTest name="CoreLive_Rest_StopPayment_BadUserID" storage="/tmp/_work/dbp-d3couple/dbp-d3couple/test/unittests/bin/debug/net6.0/unittests.dll" id="4e0e32d3-bbbc-4d1b-a2db-bb2156ec7540">
      <Execution id="845dcf20-9903-48a7-81f5-1482d1a395c0" />
      <TestMethod codeBase="/tmp/_work/dbp-d3couple/dbp-d3couple/test/UnitTests/bin/Debug/net6.0/UnitTests.dll" adapterTypeName="executor://mstestadapter/v2" className="UnitTests.CoreLive.Api.REST.v4.StopPaymentApiTests" name="CoreLive_Rest_StopPayment_BadUserID" />
    </UnitTest>
    <UnitTest name="SetConduitUserAttribute_Success" storage="/tmp/_work/dbp-d3couple/dbp-d3couple/test/unittests/bin/debug/net6.0/unittests.dll" id="32aadd26-41a5-4172-885d-123d1e326d2d">
      <Execution id="4fb2831e-cd8e-4f7d-a2be-759c1a812804" />
      <TestMethod codeBase="/tmp/_work/dbp-d3couple/dbp-d3couple/test/UnitTests/bin/Debug/net6.0/UnitTests.dll" adapterTypeName="executor://mstestadapter/v2" className="UnitTests.CoreLive.Api.REST.Conduit.ConduitHandlerTests" name="SetConduitUserAttribute_Success" />
    </UnitTest>
    <UnitTest name="WhenCustomerFoundByAccountNumberButDOBDoesNotMatch_ThenUnsuccessfulResponse" storage="/tmp/_work/dbp-d3couple/dbp-d3couple/test/unittests/bin/debug/net6.0/unittests.dll" id="a9d50e23-442a-409f-9641-2aed436bff33">
      <Execution id="7f67de5e-5d9b-4bcd-b8d4-0dfb91a53b54" />
      <TestMethod codeBase="/tmp/_work/dbp-d3couple/dbp-d3couple/test/UnitTests/bin/Debug/net6.0/UnitTests.dll" adapterTypeName="executor://mstestadapter/v2" className="UnitTests.CoreLive.WorkerServices.VerifyUserWorkServiceTest" name="WhenCustomerFoundByAccountNumberButDOBDoesNotMatch_ThenUnsuccessfulResponse" />
    </UnitTest>
    <UnitTest name="EventBridge_Controller_ThowExceptionInSNS" storage="/tmp/_work/dbp-d3couple/dbp-d3couple/test/unittests/bin/debug/net6.0/unittests.dll" id="56355584-1685-436b-aa81-f3e662048bb2">
      <Execution id="4717fdac-3169-4e9d-96b0-1b1438ec4f48" />
      <TestMethod codeBase="/tmp/_work/dbp-d3couple/dbp-d3couple/test/UnitTests/bin/Debug/net6.0/UnitTests.dll" adapterTypeName="executor://mstestadapter/v2" className="UnitTests.CoreLive.Api.REST.EventBridge.EventBridge" name="EventBridge_Controller_ThowExceptionInSNS" />
    </UnitTest>
    <UnitTest name="IntradayHandlerLoanTests_CreateTransaction_WithTranMemoDesc" storage="/tmp/_work/dbp-d3couple/dbp-d3couple/test/unittests/bin/debug/net6.0/unittests.dll" id="b3aeb2bc-5712-43ce-9e24-37cfe1907ca8">
      <Execution id="f24520bb-2a2f-4708-be9b-fcfd19faff8d" />
      <TestMethod codeBase="/tmp/_work/dbp-d3couple/dbp-d3couple/test/UnitTests/bin/Debug/net6.0/UnitTests.dll" adapterTypeName="executor://mstestadapter/v2" className="UnitTests.CoreLive.Api.REST.Intraday.IntradayHandlerLNTests" name="IntradayHandlerLoanTests_CreateTransaction_WithTranMemoDesc" />
    </UnitTest>
    <UnitTest name="WhenWeirdWI2Address_ThenFailureReturned" storage="/tmp/_work/dbp-d3couple/dbp-d3couple/test/unittests/bin/debug/net6.0/unittests.dll" id="1587b400-b6b6-457c-b4e2-ce601a8a447b">
      <TestCategory>
        <TestCategoryItem TestCategory="TestUsesSnowflake" />
      </TestCategory>
      <Execution id="6eb777f8-7984-4f10-966d-d0350ca9e252" />
      <TestMethod codeBase="/tmp/_work/dbp-d3couple/dbp-d3couple/test/UnitTests/bin/Debug/net6.0/UnitTests.dll" adapterTypeName="executor://mstestadapter/v2" className="UnitTests.CoreLive.Api.REST.v4.UpdateProfileAddress" name="WhenWeirdWI2Address_ThenFailureReturned" />
    </UnitTest>
    <UnitTest name="WhenEmptyRequestBody_ThenBadRequestReturned" storage="/tmp/_work/dbp-d3couple/dbp-d3couple/test/unittests/bin/debug/net6.0/unittests.dll" id="3ca8c7b4-81a9-4a7b-9053-757931364f3b">
      <TestCategory>
        <TestCategoryItem TestCategory="TestUsesSnowflake" />
      </TestCategory>
      <Execution id="d0c5f231-3d5c-4a63-985b-8772e609e488" />
      <TestMethod codeBase="/tmp/_work/dbp-d3couple/dbp-d3couple/test/UnitTests/bin/Debug/net6.0/UnitTests.dll" adapterTypeName="executor://mstestadapter/v2" className="UnitTests.CoreLive.Api.REST.v4.UpdateProfile" name="WhenEmptyRequestBody_ThenBadRequestReturned" />
    </UnitTest>
    <UnitTest name="AccountInquiry_DeserializeResponse_AccountInquiryRs_Detail_Heloc" storage="/tmp/_work/dbp-d3couple/dbp-d3couple/test/unittests/bin/debug/net6.0/unittests.dll" id="4399c08a-128f-4847-90f1-0673ba10330a">
      <Execution id="1bdf93dd-128f-420f-9301-dfcdb64b37b5" />
      <TestMethod codeBase="/tmp/_work/dbp-d3couple/dbp-d3couple/test/UnitTests/bin/Debug/net6.0/UnitTests.dll" adapterTypeName="executor://mstestadapter/v2" className="UnitTests.Communicator.AccountInquirySerialization" name="AccountInquiry_DeserializeResponse_AccountInquiryRs_Detail_Heloc" />
    </UnitTest>
    <UnitTest name="StopPaymentTests_CheckAlreadyStopped" storage="/tmp/_work/dbp-d3couple/dbp-d3couple/test/unittests/bin/debug/net6.0/unittests.dll" id="8a497868-b929-4895-bf22-8e2f70772ef2">
      <Execution id="d9fc51e7-0442-43d0-95e2-d49434de7c10" />
      <TestMethod codeBase="/tmp/_work/dbp-d3couple/dbp-d3couple/test/UnitTests/bin/Debug/net6.0/UnitTests.dll" adapterTypeName="executor://mstestadapter/v2" className="UnitTests.CoreLive.WorkerServices.StopPaymentWSTests" name="StopPaymentTests_CheckAlreadyStopped" />
    </UnitTest>
    <UnitTest name="StopPaymentHistoryTests_SingleStop" storage="/tmp/_work/dbp-d3couple/dbp-d3couple/test/unittests/bin/debug/net6.0/unittests.dll" id="5bd2c789-7e24-430e-9dc0-adfef434dce7">
      <Execution id="9abc83d0-6a81-47b8-a908-153c20f28bc5" />
      <TestMethod codeBase="/tmp/_work/dbp-d3couple/dbp-d3couple/test/UnitTests/bin/Debug/net6.0/UnitTests.dll" adapterTypeName="executor://mstestadapter/v2" className="UnitTests.CoreLive.WorkerServices.StopPaymentHistoryWSTests" name="StopPaymentHistoryTests_SingleStop" />
    </UnitTest>
    <UnitTest name="IntradayHandlerTime_GetAccounts_OnlyClosed" storage="/tmp/_work/dbp-d3couple/dbp-d3couple/test/unittests/bin/debug/net6.0/unittests.dll" id="a2fbd2ff-b8f6-4e01-afcb-fa8de0672b49">
      <Execution id="c37c8eb3-bf9b-4199-ae18-d0db719fcc59" />
      <TestMethod codeBase="/tmp/_work/dbp-d3couple/dbp-d3couple/test/UnitTests/bin/Debug/net6.0/UnitTests.dll" adapterTypeName="executor://mstestadapter/v2" className="UnitTests.CoreLive.Api.REST.Intraday.IntradayHandlerTimeTests" name="IntradayHandlerTime_GetAccounts_OnlyClosed" />
    </UnitTest>
    <UnitTest name="IntradayController_SyncACCOUNTS_SingleSignatureLoanFaked" storage="/tmp/_work/dbp-d3couple/dbp-d3couple/test/unittests/bin/debug/net6.0/unittests.dll" id="8d350d1c-32d6-4594-bd53-00ffadb3752e">
      <Execution id="bae761e8-41eb-400f-bfae-ebf78c7bd721" />
      <TestMethod codeBase="/tmp/_work/dbp-d3couple/dbp-d3couple/test/UnitTests/bin/Debug/net6.0/UnitTests.dll" adapterTypeName="executor://mstestadapter/v2" className="UnitTests.CoreLive.Api.REST.Intraday.IntradayControllerTests" name="IntradayController_SyncACCOUNTS_SingleSignatureLoanFaked" />
    </UnitTest>
    <UnitTest name="WhenCustomerFoundByCreditCardNumberAndDOBMatches_ThenSuccessfulResponse" storage="/tmp/_work/dbp-d3couple/dbp-d3couple/test/unittests/bin/debug/net6.0/unittests.dll" id="cccc8c54-3717-4b29-8eeb-3ec5a0c6a4cd">
      <Execution id="b875b00b-1af0-42b5-8e2a-3acee1197077" />
      <TestMethod codeBase="/tmp/_work/dbp-d3couple/dbp-d3couple/test/UnitTests/bin/Debug/net6.0/UnitTests.dll" adapterTypeName="executor://mstestadapter/v2" className="UnitTests.CoreLive.WorkerServices.VerifyUserWorkServiceTest" name="WhenCustomerFoundByCreditCardNumberAndDOBMatches_ThenSuccessfulResponse" />
    </UnitTest>
    <UnitTest name="WhenCIFIsValidAndCustInqRsIsNull_GetProfileFailsWith500" storage="/tmp/_work/dbp-d3couple/dbp-d3couple/test/unittests/bin/debug/net6.0/unittests.dll" id="9a00293b-2da3-4aba-8215-612d9ba86598">
      <Execution id="341fdcd9-00f5-4e5b-940e-5f91e76cac54" />
      <TestMethod codeBase="/tmp/_work/dbp-d3couple/dbp-d3couple/test/UnitTests/bin/Debug/net6.0/UnitTests.dll" adapterTypeName="executor://mstestadapter/v2" className="UnitTests.CoreLive.WorkerServices.GetProfileWorkerServiceTest" name="WhenCIFIsValidAndCustInqRsIsNull_GetProfileFailsWith500" />
    </UnitTest>
    <UnitTest name="EISClientFDRDebitCardInquiry_BasicTest" storage="/tmp/_work/dbp-d3couple/dbp-d3couple/test/unittests/bin/debug/net6.0/unittests.dll" id="19e13809-7d0f-4f13-aab7-d61d72be6e8a">
      <Execution id="b251c4be-9805-4fb6-85c9-564c665604b4" />
      <TestMethod codeBase="/tmp/_work/dbp-d3couple/dbp-d3couple/test/UnitTests/bin/Debug/net6.0/UnitTests.dll" adapterTypeName="executor://mstestadapter/v2" className="UnitTests.EISClientTests.EISClientFDRDebitCardInquiry" name="EISClientFDRDebitCardInquiry_BasicTest" />
    </UnitTest>
    <UnitTest name="AccountInquiry_DeserializeResponse_AccountInquiryRs_Detail_Loan" storage="/tmp/_work/dbp-d3couple/dbp-d3couple/test/unittests/bin/debug/net6.0/unittests.dll" id="ed4e3d6a-0376-4cda-ab41-88a87af0a0f6">
      <Execution id="de887488-d217-4053-92d6-be150995c069" />
      <TestMethod codeBase="/tmp/_work/dbp-d3couple/dbp-d3couple/test/UnitTests/bin/Debug/net6.0/UnitTests.dll" adapterTypeName="executor://mstestadapter/v2" className="UnitTests.Communicator.AccountInquirySerialization" name="AccountInquiry_DeserializeResponse_AccountInquiryRs_Detail_Loan" />
    </UnitTest>
    <UnitTest name="WhenBusinessFoundByAccountNumberButTaxIdDoesNotMatch_ThenFailureResponse" storage="/tmp/_work/dbp-d3couple/dbp-d3couple/test/unittests/bin/debug/net6.0/unittests.dll" id="24628bec-fceb-49ee-a79b-c6627b9f089f">
      <Execution id="2c868216-4b52-4114-a958-d353be1140b6" />
      <TestMethod codeBase="/tmp/_work/dbp-d3couple/dbp-d3couple/test/UnitTests/bin/Debug/net6.0/UnitTests.dll" adapterTypeName="executor://mstestadapter/v2" className="UnitTests.CoreLive.WorkerServices.VerifyUserWorkServiceTest" name="WhenBusinessFoundByAccountNumberButTaxIdDoesNotMatch_ThenFailureResponse" />
    </UnitTest>
    <UnitTest name="WhenCustomerAccountNotFound_ThenSuccessfulResponse" storage="/tmp/_work/dbp-d3couple/dbp-d3couple/test/unittests/bin/debug/net6.0/unittests.dll" id="009e340b-c0af-4ce6-b45e-49d42710825e">
      <Execution id="b57316eb-e147-4fb4-9383-22311d0e23de" />
      <TestMethod codeBase="/tmp/_work/dbp-d3couple/dbp-d3couple/test/UnitTests/bin/Debug/net6.0/UnitTests.dll" adapterTypeName="executor://mstestadapter/v2" className="UnitTests.CoreLive.WorkerServices.EStatementEnrollmentWorkServiceTest" name="WhenCustomerAccountNotFound_ThenSuccessfulResponse" />
    </UnitTest>
    <UnitTest name="IntradayHandlerCreditCard_GetAccountsAndTransactionsCCOnly_NoNextPaymentDue" storage="/tmp/_work/dbp-d3couple/dbp-d3couple/test/unittests/bin/debug/net6.0/unittests.dll" id="c33a8b33-9877-49c7-96c1-879fe0e272ed">
      <Execution id="d7e60ad8-ca97-4d83-b7e3-59780008bdc4" />
      <TestMethod codeBase="/tmp/_work/dbp-d3couple/dbp-d3couple/test/UnitTests/bin/Debug/net6.0/UnitTests.dll" adapterTypeName="executor://mstestadapter/v2" className="UnitTests.CoreLive.Api.REST.Intraday.IntradayHandlerCreditCardTests" name="IntradayHandlerCreditCard_GetAccountsAndTransactionsCCOnly_NoNextPaymentDue" />
    </UnitTest>
    <UnitTest name="WhenLoanServDrawFailsOnCommunicatorTransfer_TransferFailsWith400" storage="/tmp/_work/dbp-d3couple/dbp-d3couple/test/unittests/bin/debug/net6.0/unittests.dll" id="91c8b067-621b-4dcd-970f-8079c9ab5ce2">
      <Execution id="7aece4be-6f42-4db2-b300-790fe7b6fa6c" />
      <TestMethod codeBase="/tmp/_work/dbp-d3couple/dbp-d3couple/test/UnitTests/bin/Debug/net6.0/UnitTests.dll" adapterTypeName="executor://mstestadapter/v2" className="UnitTests.CoreLive.WorkerServices.InternalTransfersTest" name="WhenLoanServDrawFailsOnCommunicatorTransfer_TransferFailsWith400" />
    </UnitTest>
    <UnitTest name="EDocs_GetUserEDocumentListByType_MissingUID_ExpectEmptyData" storage="/tmp/_work/dbp-d3couple/dbp-d3couple/test/unittests/bin/debug/net6.0/unittests.dll" id="a6fc4223-34fb-4aea-b33b-b8e4f97f4d09">
      <TestCategory>
        <TestCategoryItem TestCategory="TestUsesSnowflake" />
      </TestCategory>
      <Execution id="ec6259a7-540e-429b-b6fa-d87cce475f2d" />
      <TestMethod codeBase="/tmp/_work/dbp-d3couple/dbp-d3couple/test/UnitTests/bin/Debug/net6.0/UnitTests.dll" adapterTypeName="executor://mstestadapter/v2" className="UnitTests.CoreLive.Api.REST.EDocument.EDocumentTests" name="EDocs_GetUserEDocumentListByType_MissingUID_ExpectEmptyData" />
    </UnitTest>
    <UnitTest name="EISClient_AddressParse_EmptyFieldsSerializing2" storage="/tmp/_work/dbp-d3couple/dbp-d3couple/test/unittests/bin/debug/net6.0/unittests.dll" id="d73083de-7593-4fa8-9dab-07eac032f099">
      <Execution id="3a7f83ba-6e21-4182-a23c-c0c3e12dd8d2" />
      <TestMethod codeBase="/tmp/_work/dbp-d3couple/dbp-d3couple/test/UnitTests/bin/Debug/net6.0/UnitTests.dll" adapterTypeName="executor://mstestadapter/v2" className="UnitTests.EISClientTests.EISAddressParserClientTests_Mocked" name="EISClient_AddressParse_EmptyFieldsSerializing2" />
    </UnitTest>
    <UnitTest name="EISClient_AddressParse_BadRequest" storage="/tmp/_work/dbp-d3couple/dbp-d3couple/test/unittests/bin/debug/net6.0/unittests.dll" id="546477d0-eeb2-4e57-8116-30960200f387">
      <Execution id="33c8731a-ba46-4615-8b1f-c07b54d36076" />
      <TestMethod codeBase="/tmp/_work/dbp-d3couple/dbp-d3couple/test/UnitTests/bin/Debug/net6.0/UnitTests.dll" adapterTypeName="executor://mstestadapter/v2" className="UnitTests.EISClientTests.EISAddressParserClientTests_Mocked" name="EISClient_AddressParse_BadRequest" />
    </UnitTest>
    <UnitTest name="TestLogging_ExceptionThrownWithInner" storage="/tmp/_work/dbp-d3couple/dbp-d3couple/test/unittests/bin/debug/net6.0/unittests.dll" id="26a3f52d-f01f-43ff-a68a-22d816ba2898">
      <Execution id="9720a03e-39bd-4ef7-b345-21ee6f1b0fd9" />
      <TestMethod codeBase="/tmp/_work/dbp-d3couple/dbp-d3couple/test/UnitTests/bin/Debug/net6.0/UnitTests.dll" adapterTypeName="executor://mstestadapter/v2" className="UnitTests.CoreLive.Api.REST.Logging.ApiLoggingMiddlewareTests" name="TestLogging_ExceptionThrownWithInner" />
    </UnitTest>
    <UnitTest name="WhenToAccountDoesNotExist_TransferFundsFailsWith404" storage="/tmp/_work/dbp-d3couple/dbp-d3couple/test/unittests/bin/debug/net6.0/unittests.dll" id="f9ed7465-55f7-4b4e-915b-84ef91a28ef0">
      <Execution id="43535b79-5aee-4d75-b4b7-4d1272e7b6f3" />
      <TestMethod codeBase="/tmp/_work/dbp-d3couple/dbp-d3couple/test/UnitTests/bin/Debug/net6.0/UnitTests.dll" adapterTypeName="executor://mstestadapter/v2" className="UnitTests.CoreLive.WorkerServices.InternalTransfersTest" name="WhenToAccountDoesNotExist_TransferFundsFailsWith404" />
    </UnitTest>
    <UnitTest name="EDocsWS_Fake_GetDocumentsByAccount_SingleNotice_Success" storage="/tmp/_work/dbp-d3couple/dbp-d3couple/test/unittests/bin/debug/net6.0/unittests.dll" id="895b0db6-85fa-4aa7-b4a6-4b9c44970d76">
      <TestCategory>
        <TestCategoryItem TestCategory="TestUsesSnowflake" />
      </TestCategory>
      <Execution id="9bcfe016-8ae7-4b04-be01-028e68b2d5fb" />
      <TestMethod codeBase="/tmp/_work/dbp-d3couple/dbp-d3couple/test/UnitTests/bin/Debug/net6.0/UnitTests.dll" adapterTypeName="executor://mstestadapter/v2" className="UnitTests.CoreLive.WorkerServices.EDocsWsTest" name="EDocsWS_Fake_GetDocumentsByAccount_SingleNotice_Success" />
    </UnitTest>
    <UnitTest name="IntradayHandler_GetAccountAssociation" storage="/tmp/_work/dbp-d3couple/dbp-d3couple/test/unittests/bin/debug/net6.0/unittests.dll" id="b3cca640-6837-4581-bcf6-51eedcff60a5">
      <Execution id="8feab3fb-199b-4558-bb04-1fde0efb3ba5" />
      <TestMethod codeBase="/tmp/_work/dbp-d3couple/dbp-d3couple/test/UnitTests/bin/Debug/net6.0/UnitTests.dll" adapterTypeName="executor://mstestadapter/v2" className="UnitTests.CoreLive.Api.REST.Intraday.IntradayHandlerTests" name="IntradayHandler_GetAccountAssociation" />
    </UnitTest>
    <UnitTest name="IntradayHandlerTimeTests_CreateTransactionID2" storage="/tmp/_work/dbp-d3couple/dbp-d3couple/test/unittests/bin/debug/net6.0/unittests.dll" id="5f91ada1-13be-453e-8bf0-3245518b4801">
      <Execution id="5d31ba5d-1864-4889-b592-c2833983a31f" />
      <TestMethod codeBase="/tmp/_work/dbp-d3couple/dbp-d3couple/test/UnitTests/bin/Debug/net6.0/UnitTests.dll" adapterTypeName="executor://mstestadapter/v2" className="UnitTests.CoreLive.Api.REST.Intraday.IntradayHandlerTimeTests" name="IntradayHandlerTimeTests_CreateTransactionID2" />
    </UnitTest>
    <UnitTest name="UpdateProfile_WIAptAddressUpdate" storage="/tmp/_work/dbp-d3couple/dbp-d3couple/test/unittests/bin/debug/net6.0/unittests.dll" id="cf98054a-919e-4c71-91e7-dd9f843133fe">
      <Execution id="e4b5ca7e-0194-419a-a9d1-f8575d8fc51a" />
      <TestMethod codeBase="/tmp/_work/dbp-d3couple/dbp-d3couple/test/UnitTests/bin/Debug/net6.0/UnitTests.dll" adapterTypeName="executor://mstestadapter/v2" className="UnitTests.CoreLive.WorkerServices.UpdateProfileWorkerServiceAddressTests" name="UpdateProfile_WIAptAddressUpdate" />
    </UnitTest>
    <UnitTest name="IntradayController_SyncTRANSACTIONS_SingleCreditCardFaked" storage="/tmp/_work/dbp-d3couple/dbp-d3couple/test/unittests/bin/debug/net6.0/unittests.dll" id="435202cc-c493-498f-9ca9-29e627cb7d05">
      <Execution id="d5d51211-d698-4240-95fd-ac74638e23f9" />
      <TestMethod codeBase="/tmp/_work/dbp-d3couple/dbp-d3couple/test/UnitTests/bin/Debug/net6.0/UnitTests.dll" adapterTypeName="executor://mstestadapter/v2" className="UnitTests.CoreLive.Api.REST.Intraday.IntradayControllerTests" name="IntradayController_SyncTRANSACTIONS_SingleCreditCardFaked" />
    </UnitTest>
    <UnitTest name="WhenValidInputButInvalidRelCodeNull_ThenUnsuccessfulResponse" storage="/tmp/_work/dbp-d3couple/dbp-d3couple/test/unittests/bin/debug/net6.0/unittests.dll" id="590b5bbc-83ac-4cf5-9647-5d4f12ac262d">
      <Execution id="02c6704b-ba3c-4de3-a272-2b54d829f22a" />
      <TestMethod codeBase="/tmp/_work/dbp-d3couple/dbp-d3couple/test/UnitTests/bin/Debug/net6.0/UnitTests.dll" adapterTypeName="executor://mstestadapter/v2" className="UnitTests.CoreLive.WorkerServices.VerifyUserWorkServiceTest" name="WhenValidInputButInvalidRelCodeNull_ThenUnsuccessfulResponse" />
    </UnitTest>
    <UnitTest name="WhenLoanServDrawFails_TransferFailsWith400" storage="/tmp/_work/dbp-d3couple/dbp-d3couple/test/unittests/bin/debug/net6.0/unittests.dll" id="14709219-46b0-4468-a92a-256bc7dca869">
      <Execution id="62d38071-5b79-4cfe-b206-1bb725744b8d" />
      <TestMethod codeBase="/tmp/_work/dbp-d3couple/dbp-d3couple/test/UnitTests/bin/Debug/net6.0/UnitTests.dll" adapterTypeName="executor://mstestadapter/v2" className="UnitTests.CoreLive.WorkerServices.InternalTransfersTest" name="WhenLoanServDrawFails_TransferFailsWith400" />
    </UnitTest>
    <UnitTest name="UpdateProfile_AddressUpdate" storage="/tmp/_work/dbp-d3couple/dbp-d3couple/test/unittests/bin/debug/net6.0/unittests.dll" id="b7a2200a-540d-4983-9e97-5f9fb1965fcd">
      <Execution id="30bbf849-377a-4cd4-ba5d-ec4a3ae4c685" />
      <TestMethod codeBase="/tmp/_work/dbp-d3couple/dbp-d3couple/test/UnitTests/bin/Debug/net6.0/UnitTests.dll" adapterTypeName="executor://mstestadapter/v2" className="UnitTests.CoreLive.WorkerServices.UpdateProfileWorkerServiceAddressTests" name="UpdateProfile_AddressUpdate" />
    </UnitTest>
    <UnitTest name="EDocs_GetUserEDocumentListByType_InvalidType_ExpectError" storage="/tmp/_work/dbp-d3couple/dbp-d3couple/test/unittests/bin/debug/net6.0/unittests.dll" id="bd62c993-c611-4e29-8ca9-33a01aa75382">
      <TestCategory>
        <TestCategoryItem TestCategory="TestUsesSnowflake" />
      </TestCategory>
      <Execution id="52c28833-ff89-4b54-a4f4-ee3dd14e9202" />
      <TestMethod codeBase="/tmp/_work/dbp-d3couple/dbp-d3couple/test/UnitTests/bin/Debug/net6.0/UnitTests.dll" adapterTypeName="executor://mstestadapter/v2" className="UnitTests.CoreLive.Api.REST.EDocument.EDocumentTests" name="EDocs_GetUserEDocumentListByType_InvalidType_ExpectError" />
    </UnitTest>
    <UnitTest name="InternalTransferWS_FromEntityVerificationNotFound" storage="/tmp/_work/dbp-d3couple/dbp-d3couple/test/unittests/bin/debug/net6.0/unittests.dll" id="1547c9b3-8a15-4643-aa3d-bdca7cca321c">
      <Execution id="073e79b6-fb04-4044-8021-255597ab2f29" />
      <TestMethod codeBase="/tmp/_work/dbp-d3couple/dbp-d3couple/test/UnitTests/bin/Debug/net6.0/UnitTests.dll" adapterTypeName="executor://mstestadapter/v2" className="UnitTests.CoreLive.WorkerServices.InternalTransfersTest" name="InternalTransferWS_FromEntityVerificationNotFound" />
    </UnitTest>
    <UnitTest name="IntradayController_AccountRoute_SyncTypeUSER_Invalid" storage="/tmp/_work/dbp-d3couple/dbp-d3couple/test/unittests/bin/debug/net6.0/unittests.dll" id="3194d2c5-b41c-4442-936b-3c1dad72ec86">
      <Execution id="65737449-ab34-4ba8-96d5-0e27db8315a4" />
      <TestMethod codeBase="/tmp/_work/dbp-d3couple/dbp-d3couple/test/UnitTests/bin/Debug/net6.0/UnitTests.dll" adapterTypeName="executor://mstestadapter/v2" className="UnitTests.CoreLive.Api.REST.Intraday.IntradayControllerTests" name="IntradayController_AccountRoute_SyncTypeUSER_Invalid" />
    </UnitTest>
    <UnitTest name="CustomerListInquiryWS_CursorSuccess" storage="/tmp/_work/dbp-d3couple/dbp-d3couple/test/unittests/bin/debug/net6.0/unittests.dll" id="39f7b653-a4a8-4d01-84ca-48d7a44d18fa">
      <TestCategory>
        <TestCategoryItem TestCategory="TestUsesSnowflake" />
      </TestCategory>
      <Execution id="3b6d9dcf-46dc-4ae9-b16b-99b1c25cd893" />
      <TestMethod codeBase="/tmp/_work/dbp-d3couple/dbp-d3couple/test/UnitTests/bin/Debug/net6.0/UnitTests.dll" adapterTypeName="executor://mstestadapter/v2" className="UnitTests.CoreLive.WorkerServices.CustomerListInquiryWsTest" name="CustomerListInquiryWS_CursorSuccess" />
    </UnitTest>
    <UnitTest name="ActivationZoneDisabled" storage="/tmp/_work/dbp-d3couple/dbp-d3couple/test/unittests/bin/debug/net6.0/unittests.dll" id="bc5561e8-06a7-4bec-9091-2f99e611a598">
      <Execution id="f221eab1-0396-40f4-b35f-a56d1854654c" />
      <TestMethod codeBase="/tmp/_work/dbp-d3couple/dbp-d3couple/test/UnitTests/bin/Debug/net6.0/UnitTests.dll" adapterTypeName="executor://mstestadapter/v2" className="UnitTests.CoreLive.Api.REST.Conduit.ActivationZoneAttributeTests" name="ActivationZoneDisabled" />
    </UnitTest>
    <UnitTest name="already_exists" storage="/tmp/_work/dbp-d3couple/dbp-d3couple/test/unittests/bin/debug/net6.0/unittests.dll" id="afc63767-8010-4d98-a0d4-afb61795bc32">
      <Execution id="2ee497c1-2c59-45a9-9666-61fade5a16b8" />
      <TestMethod codeBase="/tmp/_work/dbp-d3couple/dbp-d3couple/test/UnitTests/bin/Debug/net6.0/UnitTests.dll" adapterTypeName="executor://mstestadapter/v2" className="UnitTests.MockCommunicatorTests.StopChkAddTests" name="already_exists" />
    </UnitTest>
    <UnitTest name="CoreLive_Rest_StopPaymentRange_CheckAlreadyExists" storage="/tmp/_work/dbp-d3couple/dbp-d3couple/test/unittests/bin/debug/net6.0/unittests.dll" id="4061cebe-69dd-4b2b-893f-2bd63712d41c">
      <Execution id="68ba5e17-eecf-439c-963e-431aa9ebbe0a" />
      <TestMethod codeBase="/tmp/_work/dbp-d3couple/dbp-d3couple/test/UnitTests/bin/Debug/net6.0/UnitTests.dll" adapterTypeName="executor://mstestadapter/v2" className="UnitTests.CoreLive.Api.REST.v4.StopPaymentApiTests" name="CoreLive_Rest_StopPaymentRange_CheckAlreadyExists" />
    </UnitTest>
    <UnitTest name="IntradayHandler_MergeSnowflakeAndSignature" storage="/tmp/_work/dbp-d3couple/dbp-d3couple/test/unittests/bin/debug/net6.0/unittests.dll" id="b47d16b4-0ef0-4c84-8b85-759d62094508">
      <Execution id="31888b4b-6332-4f68-b4ed-0fa37c548c83" />
      <TestMethod codeBase="/tmp/_work/dbp-d3couple/dbp-d3couple/test/UnitTests/bin/Debug/net6.0/UnitTests.dll" adapterTypeName="executor://mstestadapter/v2" className="UnitTests.CoreLive.Api.REST.Intraday.IntradayHandlerTests" name="IntradayHandler_MergeSnowflakeAndSignature" />
    </UnitTest>
    <UnitTest name="CustomerListInquiryWS_ElanFailure" storage="/tmp/_work/dbp-d3couple/dbp-d3couple/test/unittests/bin/debug/net6.0/unittests.dll" id="f91be8aa-6d07-4352-b7c4-4c1e80cddddc">
      <TestCategory>
        <TestCategoryItem TestCategory="TestUsesSnowflake" />
      </TestCategory>
      <Execution id="b9bbd7e6-75fe-4baa-b266-f85ae6b8b346" />
      <TestMethod codeBase="/tmp/_work/dbp-d3couple/dbp-d3couple/test/UnitTests/bin/Debug/net6.0/UnitTests.dll" adapterTypeName="executor://mstestadapter/v2" className="UnitTests.CoreLive.WorkerServices.CustomerListInquiryWsTest" name="CustomerListInquiryWS_ElanFailure" />
    </UnitTest>
    <UnitTest name="EISClient_AddressParse_BadResponseMissingFields" storage="/tmp/_work/dbp-d3couple/dbp-d3couple/test/unittests/bin/debug/net6.0/unittests.dll" id="9225adb1-8089-431a-a1af-48e71361317c">
      <Execution id="e49edf3c-fadd-452d-8775-d4ce815bcd29" />
      <TestMethod codeBase="/tmp/_work/dbp-d3couple/dbp-d3couple/test/UnitTests/bin/Debug/net6.0/UnitTests.dll" adapterTypeName="executor://mstestadapter/v2" className="UnitTests.EISClientTests.EISAddressParserClientTests_Mocked" name="EISClient_AddressParse_BadResponseMissingFields" />
    </UnitTest>
    <UnitTest name="TestHeadersForScope_CaseChanges" storage="/tmp/_work/dbp-d3couple/dbp-d3couple/test/unittests/bin/debug/net6.0/unittests.dll" id="7f1bf93c-11aa-475b-823c-90486cea8428">
      <Execution id="1ecb24aa-ee6f-49f0-b0d0-dfb40e842bf4" />
      <TestMethod codeBase="/tmp/_work/dbp-d3couple/dbp-d3couple/test/UnitTests/bin/Debug/net6.0/UnitTests.dll" adapterTypeName="executor://mstestadapter/v2" className="UnitTests.CoreLive.Api.REST.Logging.LogScopeMiddlewareTests" name="TestHeadersForScope_CaseChanges" />
    </UnitTest>
    <UnitTest name="UpdateProfile_ContactUpdateFailure" storage="/tmp/_work/dbp-d3couple/dbp-d3couple/test/unittests/bin/debug/net6.0/unittests.dll" id="343a3ebe-e576-48c5-a605-4ed1868758c9">
      <Execution id="fefbb3ad-1f5a-4ea2-8da7-cf1dbe10d816" />
      <TestMethod codeBase="/tmp/_work/dbp-d3couple/dbp-d3couple/test/UnitTests/bin/Debug/net6.0/UnitTests.dll" adapterTypeName="executor://mstestadapter/v2" className="UnitTests.CoreLive.WorkerServices.UpdateProfileWorkerServiceContactTests" name="UpdateProfile_ContactUpdateFailure" />
    </UnitTest>
    <UnitTest name="StopPaymentTests_Success" storage="/tmp/_work/dbp-d3couple/dbp-d3couple/test/unittests/bin/debug/net6.0/unittests.dll" id="b641acb9-bcfa-402a-a1b3-b6c0ea1a3fec">
      <Execution id="38fd6a0d-3c5f-4df8-9fa7-781af3caeb9a" />
      <TestMethod codeBase="/tmp/_work/dbp-d3couple/dbp-d3couple/test/UnitTests/bin/Debug/net6.0/UnitTests.dll" adapterTypeName="executor://mstestadapter/v2" className="UnitTests.CoreLive.WorkerServices.StopPaymentWSTests" name="StopPaymentTests_Success" />
    </UnitTest>
    <UnitTest name="AccountInquiryWS_WithEmptyType" storage="/tmp/_work/dbp-d3couple/dbp-d3couple/test/unittests/bin/debug/net6.0/unittests.dll" id="1619ba12-ab3a-4825-a996-a18963d79005">
      <TestCategory>
        <TestCategoryItem TestCategory="TestUsesSnowflake" />
      </TestCategory>
      <Execution id="a1f81bde-f788-4ec1-8fe2-4ba025108210" />
      <TestMethod codeBase="/tmp/_work/dbp-d3couple/dbp-d3couple/test/UnitTests/bin/Debug/net6.0/UnitTests.dll" adapterTypeName="executor://mstestadapter/v2" className="UnitTests.CoreLive.WorkerServices.AccountInquiryWsTest" name="AccountInquiryWS_WithEmptyType" />
    </UnitTest>
    <UnitTest name="WhenBusinessFoundByDebitNumberAndTaxIdMatches_DD_NoSFCif_NotFoundInSF_FoundInSignature_ThenSuccess (SV)" storage="/tmp/_work/dbp-d3couple/dbp-d3couple/test/unittests/bin/debug/net6.0/unittests.dll" id="23f72508-c2ef-4072-ad83-e2e79949df54">
      <Execution id="856023dc-5f2a-4924-9546-d26d5e262550" />
      <TestMethod codeBase="/tmp/_work/dbp-d3couple/dbp-d3couple/test/UnitTests/bin/Debug/net6.0/UnitTests.dll" adapterTypeName="executor://mstestadapter/v2" className="UnitTests.CoreLive.WorkerServices.VerifyUserWorkServiceTest_InstantIssueDebit" name="WhenBusinessFoundByDebitNumberAndTaxIdMatches_DD_NoSFCif_NotFoundInSF_FoundInSignature_ThenSuccess" />
    </UnitTest>
    <UnitTest name="EStatementEnrollment_IsEnrolled_CheckRequestPayload" storage="/tmp/_work/dbp-d3couple/dbp-d3couple/test/unittests/bin/debug/net6.0/unittests.dll" id="6e09404d-09c4-4a29-b643-fba31ebcc853">
      <TestCategory>
        <TestCategoryItem TestCategory="TestUsesSnowflake" />
      </TestCategory>
      <Execution id="9edf9545-9ea3-4881-b7dd-fd6827fe3b97" />
      <TestMethod codeBase="/tmp/_work/dbp-d3couple/dbp-d3couple/test/UnitTests/bin/Debug/net6.0/UnitTests.dll" adapterTypeName="executor://mstestadapter/v2" className="UnitTests.CoreLive.WorkerServices.EStatementEnrollmentWorkServiceTest" name="EStatementEnrollment_IsEnrolled_CheckRequestPayload" />
    </UnitTest>
    <UnitTest name="UpdateProfile_ContactPhone2" storage="/tmp/_work/dbp-d3couple/dbp-d3couple/test/unittests/bin/debug/net6.0/unittests.dll" id="2d6b1557-3c62-4fbc-9410-fa0a01ea97bb">
      <Execution id="84df8808-cbb1-4def-b775-01386f1dccd0" />
      <TestMethod codeBase="/tmp/_work/dbp-d3couple/dbp-d3couple/test/UnitTests/bin/Debug/net6.0/UnitTests.dll" adapterTypeName="executor://mstestadapter/v2" className="UnitTests.CoreLive.WorkerServices.UpdateProfileWorkerServiceContactTests" name="UpdateProfile_ContactPhone2" />
    </UnitTest>
    <UnitTest name="CoreLive_Rest_TestTransferFunds" storage="/tmp/_work/dbp-d3couple/dbp-d3couple/test/unittests/bin/debug/net6.0/unittests.dll" id="eb12622e-1acc-4133-a059-416db1709782">
      <TestCategory>
        <TestCategoryItem TestCategory="TestUsesSnowflake" />
      </TestCategory>
      <Execution id="002e8377-7ce3-4db8-8c39-0876e3f6b59e" />
      <TestMethod codeBase="/tmp/_work/dbp-d3couple/dbp-d3couple/test/UnitTests/bin/Debug/net6.0/UnitTests.dll" adapterTypeName="executor://mstestadapter/v2" className="UnitTests.CoreLive.Api.REST.CoreLiveControllerTests" name="CoreLive_Rest_TestTransferFunds" />
    </UnitTest>
    <UnitTest name="IntradayHandlerLoanTests_FilterNoShowTrans" storage="/tmp/_work/dbp-d3couple/dbp-d3couple/test/unittests/bin/debug/net6.0/unittests.dll" id="242fb815-a731-4b47-b19e-7a6dc09d23c8">
      <Execution id="ba2f1231-d749-47d4-99f7-1a3fdd8980e0" />
      <TestMethod codeBase="/tmp/_work/dbp-d3couple/dbp-d3couple/test/UnitTests/bin/Debug/net6.0/UnitTests.dll" adapterTypeName="executor://mstestadapter/v2" className="UnitTests.CoreLive.Api.REST.Intraday.IntradayHandlerLNTests" name="IntradayHandlerLoanTests_FilterNoShowTrans" />
    </UnitTest>
    <UnitTest name="WhenEmptyRequestBody_ThenBadRequestReturned" storage="/tmp/_work/dbp-d3couple/dbp-d3couple/test/unittests/bin/debug/net6.0/unittests.dll" id="2e060365-fcc6-486d-a019-04a22f4fdbf7">
      <TestCategory>
        <TestCategoryItem TestCategory="TestUsesSnowflake" />
      </TestCategory>
      <Execution id="6f8c7da7-f436-4063-9082-0e3d8625a423" />
      <TestMethod codeBase="/tmp/_work/dbp-d3couple/dbp-d3couple/test/UnitTests/bin/Debug/net6.0/UnitTests.dll" adapterTypeName="executor://mstestadapter/v2" className="UnitTests.CoreLive.Api.REST.v4.UpdateProfileAddress" name="WhenEmptyRequestBody_ThenBadRequestReturned" />
    </UnitTest>
    <UnitTest name="ActivationZoneUserAttrPropertyTrueGetAccountsAndTransactions" storage="/tmp/_work/dbp-d3couple/dbp-d3couple/test/unittests/bin/debug/net6.0/unittests.dll" id="de9dcc16-8f66-4796-b70f-aa571aa7ff3b">
      <Execution id="e0df6776-7750-4385-9705-c472196d68f8" />
      <TestMethod codeBase="/tmp/_work/dbp-d3couple/dbp-d3couple/test/UnitTests/bin/Debug/net6.0/UnitTests.dll" adapterTypeName="executor://mstestadapter/v2" className="UnitTests.CoreLive.Api.REST.Conduit.ActivationZoneAttributeTests" name="ActivationZoneUserAttrPropertyTrueGetAccountsAndTransactions" />
    </UnitTest>
    <UnitTest name="ConduitControllerOk" storage="/tmp/_work/dbp-d3couple/dbp-d3couple/test/unittests/bin/debug/net6.0/unittests.dll" id="0653d513-5101-41e9-966f-cb418b75921e">
      <Execution id="26ff2026-fb11-4441-81b7-31b39f2fdf23" />
      <TestMethod codeBase="/tmp/_work/dbp-d3couple/dbp-d3couple/test/UnitTests/bin/Debug/net6.0/UnitTests.dll" adapterTypeName="executor://mstestadapter/v2" className="UnitTests.CoreLive.Api.REST.Conduit.ConduitControllerTests" name="ConduitControllerOk" />
    </UnitTest>
    <UnitTest name="UpdateProfile_AddressUpdate_NotFoundFromEIS" storage="/tmp/_work/dbp-d3couple/dbp-d3couple/test/unittests/bin/debug/net6.0/unittests.dll" id="31dd5b0f-15c5-4faf-8c9b-15ff7cfe34cf">
      <Execution id="a801e4ac-7102-42a9-b529-7646214063a6" />
      <TestMethod codeBase="/tmp/_work/dbp-d3couple/dbp-d3couple/test/UnitTests/bin/Debug/net6.0/UnitTests.dll" adapterTypeName="executor://mstestadapter/v2" className="UnitTests.CoreLive.WorkerServices.UpdateProfileWorkerServiceAddressTests" name="UpdateProfile_AddressUpdate_NotFoundFromEIS" />
    </UnitTest>
    <UnitTest name="WhenPO2Address2_ThenFailureReturned" storage="/tmp/_work/dbp-d3couple/dbp-d3couple/test/unittests/bin/debug/net6.0/unittests.dll" id="be8f3ea1-3265-46fc-9e9d-6b2a3e467d27">
      <TestCategory>
        <TestCategoryItem TestCategory="TestUsesSnowflake" />
      </TestCategory>
      <Execution id="04544e1e-a02b-4d68-8173-0fe4da417f2f" />
      <TestMethod codeBase="/tmp/_work/dbp-d3couple/dbp-d3couple/test/UnitTests/bin/Debug/net6.0/UnitTests.dll" adapterTypeName="executor://mstestadapter/v2" className="UnitTests.CoreLive.Api.REST.v4.UpdateProfile" name="WhenPO2Address2_ThenFailureReturned" />
    </UnitTest>
    <UnitTest name="IntradayController_SyncACCOUNTS_SingleHSAFaked" storage="/tmp/_work/dbp-d3couple/dbp-d3couple/test/unittests/bin/debug/net6.0/unittests.dll" id="6a9ae2d1-dd8e-4d5f-90d6-897aeca4cd86">
      <Execution id="9aa3c20e-03c1-4bce-bef0-8f357b5ba75e" />
      <TestMethod codeBase="/tmp/_work/dbp-d3couple/dbp-d3couple/test/UnitTests/bin/Debug/net6.0/UnitTests.dll" adapterTypeName="executor://mstestadapter/v2" className="UnitTests.CoreLive.Api.REST.Intraday.IntradayControllerTests" name="IntradayController_SyncACCOUNTS_SingleHSAFaked" />
    </UnitTest>
    <UnitTest name="WhenRequiredFieldMissing_ThenBadRequestReturned" storage="/tmp/_work/dbp-d3couple/dbp-d3couple/test/unittests/bin/debug/net6.0/unittests.dll" id="e7dc367e-56e1-4f64-a2c5-02def35eb339">
      <TestCategory>
        <TestCategoryItem TestCategory="TestUsesSnowflake" />
      </TestCategory>
      <Execution id="19c024dd-a24c-4dcc-9122-ead912ce0623" />
      <TestMethod codeBase="/tmp/_work/dbp-d3couple/dbp-d3couple/test/UnitTests/bin/Debug/net6.0/UnitTests.dll" adapterTypeName="executor://mstestadapter/v2" className="UnitTests.CoreLive.Api.REST.v4.UpdateProfileAddress" name="WhenRequiredFieldMissing_ThenBadRequestReturned" />
    </UnitTest>
    <UnitTest name="IntradayREST_Heloc_SNSPublished" storage="/tmp/_work/dbp-d3couple/dbp-d3couple/test/unittests/bin/debug/net6.0/unittests.dll" id="c833b250-e2c3-436f-84c3-dc3c7718ccc2">
      <Execution id="525c6670-ea41-4f8b-9e85-c93fbd2a1b3c" />
      <TestMethod codeBase="/tmp/_work/dbp-d3couple/dbp-d3couple/test/UnitTests/bin/Debug/net6.0/UnitTests.dll" adapterTypeName="executor://mstestadapter/v2" className="UnitTests.CoreLive.Api.REST.Intraday.IntradayREST" name="IntradayREST_Heloc_SNSPublished" />
    </UnitTest>
    <UnitTest name="WhenValidAddressCountryLowerCase2_ThenSuccessReturned" storage="/tmp/_work/dbp-d3couple/dbp-d3couple/test/unittests/bin/debug/net6.0/unittests.dll" id="136016c7-4407-4f92-b8ad-88a270e6dc6c">
      <TestCategory>
        <TestCategoryItem TestCategory="TestUsesSnowflake" />
      </TestCategory>
      <Execution id="86c0461f-a064-4e0c-bb01-ca9c2ca804cb" />
      <TestMethod codeBase="/tmp/_work/dbp-d3couple/dbp-d3couple/test/UnitTests/bin/Debug/net6.0/UnitTests.dll" adapterTypeName="executor://mstestadapter/v2" className="UnitTests.CoreLive.Api.REST.v4.UpdateProfileAddress" name="WhenValidAddressCountryLowerCase2_ThenSuccessReturned" />
    </UnitTest>
    <UnitTest name="IntradayHandlerCreditCard_GetAccountsAndTransactionsCCOnly_NoCreditCardAccountInquiryInfoHandlerError" storage="/tmp/_work/dbp-d3couple/dbp-d3couple/test/unittests/bin/debug/net6.0/unittests.dll" id="5fdb51b2-b9d8-4123-9e15-58609dd02ede">
      <Execution id="c6cef8b6-28a0-4e2c-b755-1c7f60ac28e1" />
      <TestMethod codeBase="/tmp/_work/dbp-d3couple/dbp-d3couple/test/UnitTests/bin/Debug/net6.0/UnitTests.dll" adapterTypeName="executor://mstestadapter/v2" className="UnitTests.CoreLive.Api.REST.Intraday.IntradayHandlerCreditCardTests" name="IntradayHandlerCreditCard_GetAccountsAndTransactionsCCOnly_NoCreditCardAccountInquiryInfoHandlerError" />
    </UnitTest>
    <UnitTest name="IntradayHandlerTime_GetAccounts" storage="/tmp/_work/dbp-d3couple/dbp-d3couple/test/unittests/bin/debug/net6.0/unittests.dll" id="215a24c3-42ad-4bb7-bcb5-3ae813e866dd">
      <Execution id="f5c56d3b-214b-4e71-b41f-8ff0cc34dd5d" />
      <TestMethod codeBase="/tmp/_work/dbp-d3couple/dbp-d3couple/test/UnitTests/bin/Debug/net6.0/UnitTests.dll" adapterTypeName="executor://mstestadapter/v2" className="UnitTests.CoreLive.Api.REST.Intraday.IntradayHandlerTimeTests" name="IntradayHandlerTime_GetAccounts" />
    </UnitTest>
    <UnitTest name="IntradayHandlerLoanTests_CreateTransaction_NullParaml" storage="/tmp/_work/dbp-d3couple/dbp-d3couple/test/unittests/bin/debug/net6.0/unittests.dll" id="c24f3b6f-ead2-4a86-b39e-c56bd55c8b32">
      <Execution id="0161c0e8-fb13-475e-b249-61dc2dedbe50" />
      <TestMethod codeBase="/tmp/_work/dbp-d3couple/dbp-d3couple/test/UnitTests/bin/Debug/net6.0/UnitTests.dll" adapterTypeName="executor://mstestadapter/v2" className="UnitTests.CoreLive.Api.REST.Intraday.IntradayHandlerLNTests" name="IntradayHandlerLoanTests_CreateTransaction_NullParaml" />
    </UnitTest>
    <UnitTest name="WhenInvalidRequest_ThenBadResponse (class UserVerificationResponse {&#xA;  AccountType: Personal&#xA;  AccountNumber: &#xA;  DebitCardNumber: 5147505055555555&#xA;  DateOfBirth: &#xA;  TaxId: &#xA;  Context: SELF-ENROLLMENT&#xA;}&#xA;)" storage="/tmp/_work/dbp-d3couple/dbp-d3couple/test/unittests/bin/debug/net6.0/unittests.dll" id="75d9176b-4dd1-40d1-9e3b-e66f1686f923">
      <Execution id="8bf7f6a1-3b4b-471a-aa96-227ef377571b" />
      <TestMethod codeBase="/tmp/_work/dbp-d3couple/dbp-d3couple/test/UnitTests/bin/Debug/net6.0/UnitTests.dll" adapterTypeName="executor://mstestadapter/v2" className="UnitTests.CoreLive.WorkerServices.VerifyUserWorkServiceTest" name="WhenInvalidRequest_ThenBadResponse" />
    </UnitTest>
    <UnitTest name="UpdateProfile_AddressUpdatePOBox_Failure" storage="/tmp/_work/dbp-d3couple/dbp-d3couple/test/unittests/bin/debug/net6.0/unittests.dll" id="8550bd33-0237-4c73-bda9-12e0f2ed3dbf">
      <Execution id="6e594bf8-cabc-4291-8586-df3d4de9995b" />
      <TestMethod codeBase="/tmp/_work/dbp-d3couple/dbp-d3couple/test/UnitTests/bin/Debug/net6.0/UnitTests.dll" adapterTypeName="executor://mstestadapter/v2" className="UnitTests.CoreLive.WorkerServices.UpdateProfileWorkerServiceAddressTests" name="UpdateProfile_AddressUpdatePOBox_Failure" />
    </UnitTest>
  </TestDefinitions>
  <TestEntries>
    <TestEntry testId="7b46d1a5-3abe-401a-b2c1-4a5d59dbabce" executionId="3853bbd2-6d97-4219-a946-10f698f12e98" testListId="8c84fa94-04c1-424b-9868-57a2d4851a1d" />
    <TestEntry testId="1905cb94-3075-444e-992d-b4d1f5dcb6cb" executionId="34570cd4-a562-4d27-bd04-6f8bf0bd32b2" testListId="8c84fa94-04c1-424b-9868-57a2d4851a1d" />
    <TestEntry testId="e6253024-4570-4457-9838-2547d8bf5d2b" executionId="2de4bce6-98ef-48cb-a62b-a7419823139b" testListId="8c84fa94-04c1-424b-9868-57a2d4851a1d" />
    <TestEntry testId="a7ae0280-beae-40bc-9cfb-69ef551a0109" executionId="32b557bb-17ca-4e45-b4c7-71232fbbe520" testListId="8c84fa94-04c1-424b-9868-57a2d4851a1d" />
    <TestEntry testId="590b5bbc-83ac-4cf5-9647-5d4f12ac262d" executionId="02c6704b-ba3c-4de3-a272-2b54d829f22a" testListId="8c84fa94-04c1-424b-9868-57a2d4851a1d" />
    <TestEntry testId="136016c7-4407-4f92-b8ad-88a270e6dc6c" executionId="86c0461f-a064-4e0c-bb01-ca9c2ca804cb" testListId="8c84fa94-04c1-424b-9868-57a2d4851a1d" />
    <TestEntry testId="5a5d131e-21df-4f94-a0a6-a46b7247b7c8" executionId="d652d161-9d0a-40ac-8748-fb95223adfd5" testListId="8c84fa94-04c1-424b-9868-57a2d4851a1d" />
    <TestEntry testId="0b22363f-f6fc-4484-80e1-7fdd1030f496" executionId="52f179ae-2b67-4d03-9f84-b74fdfbad452" testListId="8c84fa94-04c1-424b-9868-57a2d4851a1d" />
    <TestEntry testId="f0953a3a-fde4-42af-a99d-bb298b3de377" executionId="6b3d315c-bc57-4c4c-9957-baa4c583012f" testListId="8c84fa94-04c1-424b-9868-57a2d4851a1d" />
    <TestEntry testId="8e1c34a6-175a-4e12-a806-265df9ec9080" executionId="0e166845-dec0-4886-9304-b90b09500fc7" testListId="8c84fa94-04c1-424b-9868-57a2d4851a1d" />
    <TestEntry testId="72baa9e0-efe0-45c1-b020-977d44281876" executionId="2c4b4b4d-8448-4fcc-a9b8-297a19c142c2" testListId="8c84fa94-04c1-424b-9868-57a2d4851a1d" />
    <TestEntry testId="fb5ff83c-e6e0-4ce9-9846-1136cb8befb9" executionId="8b2adb6c-4fbf-4673-a5ca-ae9af12828fd" testListId="8c84fa94-04c1-424b-9868-57a2d4851a1d" />
    <TestEntry testId="48807b1d-95e9-4b75-8fb9-71096257b386" executionId="ec9ad2b1-67fa-4ed5-b787-9cbccc4621ab" testListId="8c84fa94-04c1-424b-9868-57a2d4851a1d" />
    <TestEntry testId="b65480e2-194e-4e18-b515-27029d66b905" executionId="dc8850a6-17fa-4dac-b4f1-7d37d6b5f510" testListId="8c84fa94-04c1-424b-9868-57a2d4851a1d" />
    <TestEntry testId="ec595201-9fc7-4c4a-baa7-7f08e252cbf6" executionId="35eb5ad1-70ba-4edb-856e-b805d2b8caef" testListId="8c84fa94-04c1-424b-9868-57a2d4851a1d" />
    <TestEntry testId="645f3c65-40b0-4228-812c-1379cc157f2a" executionId="255ee946-8c44-44a8-9ae1-a96223cc29b0" testListId="8c84fa94-04c1-424b-9868-57a2d4851a1d" />
    <TestEntry testId="7a07a84f-bb79-4726-9642-5335d24282f6" executionId="cee45985-52ec-4708-aa31-6251b19a4cf5" testListId="8c84fa94-04c1-424b-9868-57a2d4851a1d" />
    <TestEntry testId="a608b962-29b5-49c6-a432-48535bb6f5ff" executionId="66492578-5673-4c8c-be4f-6c91cf22e563" testListId="8c84fa94-04c1-424b-9868-57a2d4851a1d" />
    <TestEntry testId="d51a80bc-1052-4784-9a04-0bba5d4dc82c" executionId="28cc9146-6ed4-4d61-a61e-00198833c63c" testListId="8c84fa94-04c1-424b-9868-57a2d4851a1d" />
    <TestEntry testId="bbe1e233-08a4-4f34-8af7-7d9a5768cb65" executionId="0aee72b6-e114-476c-a803-5bd26c9e4e00" testListId="8c84fa94-04c1-424b-9868-57a2d4851a1d" />
    <TestEntry testId="fe9d1f4f-858c-40c4-a5a2-e49be7b1b463" executionId="157aecf3-d1d7-49ee-afb9-316803067120" testListId="8c84fa94-04c1-424b-9868-57a2d4851a1d" />
    <TestEntry testId="18d70aff-7482-44a6-8460-b0fdae09602f" executionId="b10d789c-cfa2-4361-9118-0bdcbbfc7006" testListId="8c84fa94-04c1-424b-9868-57a2d4851a1d" />
    <TestEntry testId="ce2cd18e-21b8-4ee1-9266-16d30e1fa95a" executionId="703ea8c1-042b-4196-92a1-7ee8dc8abf36" testListId="8c84fa94-04c1-424b-9868-57a2d4851a1d" />
    <TestEntry testId="b5adafa0-27ee-42d4-a325-839aaac58dc5" executionId="82feec88-ef66-4286-a52e-5b431b7f1850" testListId="8c84fa94-04c1-424b-9868-57a2d4851a1d" />
    <TestEntry testId="6993c9fc-9e25-4c67-8033-9d4f17aa3a70" executionId="5c628fa7-1e65-4b3a-9a6f-edacd2a5d9ee" testListId="8c84fa94-04c1-424b-9868-57a2d4851a1d" />
    <TestEntry testId="c833b250-e2c3-436f-84c3-dc3c7718ccc2" executionId="525c6670-ea41-4f8b-9e85-c93fbd2a1b3c" testListId="8c84fa94-04c1-424b-9868-57a2d4851a1d" />
    <TestEntry testId="73a88c6f-821c-42c2-a92b-ac6ceea8eefe" executionId="17fcd325-ccf7-4a41-876b-85329a74f4da" testListId="8c84fa94-04c1-424b-9868-57a2d4851a1d" />
    <TestEntry testId="bd62c993-c611-4e29-8ca9-33a01aa75382" executionId="52c28833-ff89-4b54-a4f4-ee3dd14e9202" testListId="8c84fa94-04c1-424b-9868-57a2d4851a1d" />
    <TestEntry testId="b511b714-0e6c-4c65-b161-a9df3a0dfcfe" executionId="29d412e6-8592-4e42-8ee8-5aeae19238cd" testListId="8c84fa94-04c1-424b-9868-57a2d4851a1d" />
    <TestEntry testId="e251e6e3-da88-4e91-bfa9-eb12d02f1b33" executionId="43e98c68-c230-41ab-93c6-07699ef6fdc4" testListId="8c84fa94-04c1-424b-9868-57a2d4851a1d" />
    <TestEntry testId="b3aeb2bc-5712-43ce-9e24-37cfe1907ca8" executionId="f24520bb-2a2f-4708-be9b-fcfd19faff8d" testListId="8c84fa94-04c1-424b-9868-57a2d4851a1d" />
    <TestEntry testId="6a5ad898-6d01-4358-8579-ebb234b69f3d" executionId="7e61a4a1-4de1-4325-b0bd-e100d0090ec9" testListId="8c84fa94-04c1-424b-9868-57a2d4851a1d" />
    <TestEntry testId="ffb86977-a1b9-4889-bb4f-535bef58cb0a" executionId="7280ffeb-aed8-491f-a330-f057a749eea1" testListId="8c84fa94-04c1-424b-9868-57a2d4851a1d" />
    <TestEntry testId="fbec9bbf-0799-4b84-9215-5a9630504797" executionId="f5c237fd-560f-49cc-85ac-a2c9e1e1c007" testListId="8c84fa94-04c1-424b-9868-57a2d4851a1d" />
    <TestEntry testId="613e83b6-77fe-4ab4-b44c-a72c2f02d517" executionId="5088c116-af50-4f36-8d18-623c83549efa" testListId="8c84fa94-04c1-424b-9868-57a2d4851a1d" />
    <TestEntry testId="d64e60cc-8a74-47ff-8331-aec1368774c7" executionId="024580c4-67a0-4a07-bd4b-42cf6bdf30f5" testListId="8c84fa94-04c1-424b-9868-57a2d4851a1d" />
    <TestEntry testId="32aadd26-41a5-4172-885d-123d1e326d2d" executionId="4fb2831e-cd8e-4f7d-a2be-759c1a812804" testListId="8c84fa94-04c1-424b-9868-57a2d4851a1d" />
    <TestEntry testId="0c29c8d2-8bcc-44e7-9eb3-775ba23be80d" executionId="faddcd15-36c5-4ac0-92e4-a6ebe51df7d8" testListId="8c84fa94-04c1-424b-9868-57a2d4851a1d" />
    <TestEntry testId="b641acb9-bcfa-402a-a1b3-b6c0ea1a3fec" executionId="38fd6a0d-3c5f-4df8-9fa7-781af3caeb9a" testListId="8c84fa94-04c1-424b-9868-57a2d4851a1d" />
    <TestEntry testId="05c686c8-6578-4b55-8b2d-0159b5ea07e2" executionId="99ba227f-0c28-4cb3-8f26-1b14f1dbd2b6" testListId="8c84fa94-04c1-424b-9868-57a2d4851a1d" />
    <TestEntry testId="9225adb1-8089-431a-a1af-48e71361317c" executionId="e49edf3c-fadd-452d-8775-d4ce815bcd29" testListId="8c84fa94-04c1-424b-9868-57a2d4851a1d" />
    <TestEntry testId="c9111eca-7307-4783-a161-4a4b2a2fa30f" executionId="12e6baaa-bed4-459c-b324-32c30b09ab8e" testListId="8c84fa94-04c1-424b-9868-57a2d4851a1d" />
    <TestEntry testId="945f5d33-f3fa-47c6-928e-7604afcfae23" executionId="42469f8d-e237-418d-be6b-723ad9b4c8e9" testListId="8c84fa94-04c1-424b-9868-57a2d4851a1d" />
    <TestEntry testId="f638e80b-aa9d-4609-bea9-aa8001da0adb" executionId="c322bc5d-7d22-4db9-9a50-aa96fe21ac24" testListId="8c84fa94-04c1-424b-9868-57a2d4851a1d" />
    <TestEntry testId="083a1cc1-b254-477c-b074-dcfbb8f879dd" executionId="56ac0ef6-855d-4d8d-aa0f-4cafff8ad47f" testListId="8c84fa94-04c1-424b-9868-57a2d4851a1d" />
    <TestEntry testId="be8f3ea1-3265-46fc-9e9d-6b2a3e467d27" executionId="04544e1e-a02b-4d68-8173-0fe4da417f2f" testListId="8c84fa94-04c1-424b-9868-57a2d4851a1d" />
    <TestEntry testId="55a86bab-7c87-418f-8638-c95c66b09cc9" executionId="d0995823-cb6f-4be7-802e-7314ceebd170" testListId="8c84fa94-04c1-424b-9868-57a2d4851a1d" />
    <TestEntry testId="a2fbd2ff-b8f6-4e01-afcb-fa8de0672b49" executionId="c37c8eb3-bf9b-4199-ae18-d0db719fcc59" testListId="8c84fa94-04c1-424b-9868-57a2d4851a1d" />
    <TestEntry testId="baec9a34-662b-48ee-819d-dbd9f006be4b" executionId="d1558697-33ed-49f3-b2bf-32a464ca0e62" testListId="8c84fa94-04c1-424b-9868-57a2d4851a1d" />
    <TestEntry testId="ad7af026-9fae-4f46-a63f-8f8fc805cdcf" executionId="5ed37ff1-b6fb-4a19-bcec-58a6ba9e0086" testListId="8c84fa94-04c1-424b-9868-57a2d4851a1d" />
    <TestEntry testId="029d2a59-73d7-4bcd-815d-e567a640e011" executionId="7e195b8b-aa7c-4899-a7a1-68ae066c5abe" testListId="8c84fa94-04c1-424b-9868-57a2d4851a1d" />
    <TestEntry testId="eca72b62-00c4-425b-b14e-610f280c1e9c" executionId="6b184492-ed11-4b76-8971-9dbdf1b25ea6" testListId="8c84fa94-04c1-424b-9868-57a2d4851a1d" />
    <TestEntry testId="8c1471e0-4cd5-4e0a-9864-a04a637de5b0" executionId="4a6419c3-c35e-4c10-93d0-c56875575db1" testListId="8c84fa94-04c1-424b-9868-57a2d4851a1d" />
    <TestEntry testId="e81e4999-d4bd-4293-8a40-5630c27f9402" executionId="3c8ecdd4-126d-4470-b91b-db02e9fad44d" testListId="8c84fa94-04c1-424b-9868-57a2d4851a1d" />
    <TestEntry testId="6b4c2b18-d4a0-45f1-b856-ae8413d34c87" executionId="6098b81f-c417-4d26-bec9-075793f969b5" testListId="8c84fa94-04c1-424b-9868-57a2d4851a1d" />
    <TestEntry testId="53497056-e6ee-493e-a6a0-8888d3bb457e" executionId="4cc912bb-3f48-4a7b-b8b3-5b3e0bd5ff22" testListId="8c84fa94-04c1-424b-9868-57a2d4851a1d" />
    <TestEntry testId="ed5b0dcb-4956-48c5-be9e-d824e7ca9b99" executionId="63cd8ccb-7b8c-44ef-a553-549885e4d054" testListId="8c84fa94-04c1-424b-9868-57a2d4851a1d" />
    <TestEntry testId="9b6f7d8d-ee53-477e-b8bc-e4dd55d00548" executionId="11c64ee3-a61c-4418-acb9-7f7e5bc0e4a0" testListId="8c84fa94-04c1-424b-9868-57a2d4851a1d" />
    <TestEntry testId="a0ccd1a0-7f21-407e-8d45-e33222c2002c" executionId="e5725651-43e7-437f-bd73-d52d8c5a038c" testListId="8c84fa94-04c1-424b-9868-57a2d4851a1d" />
    <TestEntry testId="4bdf38cd-dcc7-4cf6-97b6-eb695ef9cad8" executionId="6da910d6-ed25-4536-979a-43d9e76b1e68" testListId="8c84fa94-04c1-424b-9868-57a2d4851a1d" />
    <TestEntry testId="7bc83adb-41c5-41a5-b81c-765994612f39" executionId="d7249fc4-b2ad-4bf6-9bcc-d25b634c1b42" testListId="8c84fa94-04c1-424b-9868-57a2d4851a1d" />
    <TestEntry testId="44619b33-8945-417e-803a-632649dac802" executionId="2180dfe1-8664-4628-8320-5512993e4d39" testListId="8c84fa94-04c1-424b-9868-57a2d4851a1d" />
    <TestEntry testId="2d6b1557-3c62-4fbc-9410-fa0a01ea97bb" executionId="84df8808-cbb1-4def-b775-01386f1dccd0" testListId="8c84fa94-04c1-424b-9868-57a2d4851a1d" />
    <TestEntry testId="3194d2c5-b41c-4442-936b-3c1dad72ec86" executionId="65737449-ab34-4ba8-96d5-0e27db8315a4" testListId="8c84fa94-04c1-424b-9868-57a2d4851a1d" />
    <TestEntry testId="9451785e-684f-44db-8ba6-f47c8421fb36" executionId="bbd14c02-2351-473e-a83c-09cd7b21e54e" testListId="8c84fa94-04c1-424b-9868-57a2d4851a1d" />
    <TestEntry testId="67e838ac-6e48-449d-9f2c-25e93d5926fd" executionId="964b86ea-9f35-46ef-87d6-b88ea7233db3" testListId="8c84fa94-04c1-424b-9868-57a2d4851a1d" />
    <TestEntry testId="7e84fda8-99f5-431f-adc1-192ea852f701" executionId="6da216ae-37ef-409f-aaaf-b5c92e2f7192" testListId="8c84fa94-04c1-424b-9868-57a2d4851a1d" />
    <TestEntry testId="45664246-3912-4e84-a2d2-0cf75694f032" executionId="4746cc97-6a0a-4436-927e-628016131eb9" testListId="8c84fa94-04c1-424b-9868-57a2d4851a1d" />
    <TestEntry testId="3ba4703c-7672-4954-a13d-4529d40fcf66" executionId="93db7918-2a8b-4ad1-958a-44a671298df0" testListId="8c84fa94-04c1-424b-9868-57a2d4851a1d" />
    <TestEntry testId="38021581-a786-4238-9f09-d7d2c6cd9063" executionId="aa42c3f7-1c95-4d00-8726-00f8f6d840f7" testListId="8c84fa94-04c1-424b-9868-57a2d4851a1d" />
    <TestEntry testId="c74d744b-2b01-4f66-86ae-dc922fdabc6d" executionId="0c8b163a-dee9-46fd-8b64-eba962d1e4d7" testListId="8c84fa94-04c1-424b-9868-57a2d4851a1d" />
    <TestEntry testId="636ac2da-be3e-49c9-bf34-2e1cac5c3619" executionId="29664fd6-c3e6-4286-9bbe-855937b0555e" testListId="8c84fa94-04c1-424b-9868-57a2d4851a1d" />
    <TestEntry testId="62a3260f-161f-4dd0-9027-965170fa093b" executionId="a1e2baa1-6139-4686-aa35-30dfe5081941" testListId="8c84fa94-04c1-424b-9868-57a2d4851a1d" />
    <TestEntry testId="e0985a67-7fb4-4d1c-8645-ea392195e66b" executionId="b5e6ef8f-b013-4e8c-a103-7dd97a72c59a" testListId="8c84fa94-04c1-424b-9868-57a2d4851a1d" />
    <TestEntry testId="454e8c2a-8a5f-487d-bfe9-1eb578ee7c15" executionId="e77d36da-fcb2-49a9-8957-e7eba4f6f100" testListId="8c84fa94-04c1-424b-9868-57a2d4851a1d" />
    <TestEntry testId="72e0afc7-a57a-4234-9c73-f1194fe1e5b2" executionId="22651acd-bc75-47f7-b2ab-4cb63b7b5b65" testListId="8c84fa94-04c1-424b-9868-57a2d4851a1d" />
    <TestEntry testId="ed4e3d6a-0376-4cda-ab41-88a87af0a0f6" executionId="de887488-d217-4053-92d6-be150995c069" testListId="8c84fa94-04c1-424b-9868-57a2d4851a1d" />
    <TestEntry testId="91c8b067-621b-4dcd-970f-8079c9ab5ce2" executionId="7aece4be-6f42-4db2-b300-790fe7b6fa6c" testListId="8c84fa94-04c1-424b-9868-57a2d4851a1d" />
    <TestEntry testId="da6f2218-e96b-49d1-8ac3-5f1e2fb11cb9" executionId="d2b9902d-945a-4b9e-b06a-213b7073186f" testListId="8c84fa94-04c1-424b-9868-57a2d4851a1d" />
    <TestEntry testId="c50c150d-a20d-468c-9fe7-1e4e7a1aa985" executionId="03290a6c-db94-4d36-8c36-ce3ece31c471" testListId="8c84fa94-04c1-424b-9868-57a2d4851a1d" />
    <TestEntry testId="4f11ccbc-d852-4ca1-bc83-52dba3c4c755" executionId="288a86fe-eabb-4e61-9a14-97563b3f1512" testListId="8c84fa94-04c1-424b-9868-57a2d4851a1d" />
    <TestEntry testId="29db4c79-905c-479c-b778-7a52b00c2913" executionId="ed64c72f-d926-44b0-b476-732e1e965430" testListId="8c84fa94-04c1-424b-9868-57a2d4851a1d" />
    <TestEntry testId="4bfbbaa8-2ca2-4b85-bbd8-1f13edf2f8e8" executionId="b4c65cd7-b2d9-4f1f-9dca-bda87d4a72d4" testListId="8c84fa94-04c1-424b-9868-57a2d4851a1d" />
    <TestEntry testId="90076f20-a517-462e-85fe-0bb0da9c2a1d" executionId="6c6d6211-0f7f-43dd-aa04-ee1262d0b872" testListId="8c84fa94-04c1-424b-9868-57a2d4851a1d" />
    <TestEntry testId="a9d50e23-442a-409f-9641-2aed436bff33" executionId="7f67de5e-5d9b-4bcd-b8d4-0dfb91a53b54" testListId="8c84fa94-04c1-424b-9868-57a2d4851a1d" />
    <TestEntry testId="2f482f49-507b-4637-80d3-ad20ab132fa4" executionId="450eba7b-7e9d-41aa-9699-3fb20b242567" testListId="8c84fa94-04c1-424b-9868-57a2d4851a1d" />
    <TestEntry testId="b659abc8-25a1-4310-b469-dfda1b4604dd" executionId="fbbcb41b-b102-4a46-b8ad-e8ccb0123cbd" testListId="8c84fa94-04c1-424b-9868-57a2d4851a1d" />
    <TestEntry testId="33159039-8a11-464c-b353-d093b603c913" executionId="fa71433c-f126-4386-ab2e-d37332180182" testListId="8c84fa94-04c1-424b-9868-57a2d4851a1d" />
    <TestEntry testId="9aa5afff-0937-4365-94a4-fecaa73991f1" executionId="fe23b523-f03a-46e3-9f11-9d49ddc42814" testListId="8c84fa94-04c1-424b-9868-57a2d4851a1d" />
    <TestEntry testId="6f3a8770-a153-4e50-83f5-1b1a57c6446d" executionId="2a17a2fe-332e-4c7a-9e16-cf696e83a4f5" testListId="8c84fa94-04c1-424b-9868-57a2d4851a1d" />
    <TestEntry testId="d4d75ede-6809-4c98-90e8-742dae843f3c" executionId="d154e27d-dbe6-43c6-bbbf-66d3dd42d0d0" testListId="8c84fa94-04c1-424b-9868-57a2d4851a1d" />
    <TestEntry testId="f37057a5-e22e-4885-b5e8-ebfb1bd335ac" executionId="963201ed-ff5e-4ab3-95a8-8d5e2936b814" testListId="8c84fa94-04c1-424b-9868-57a2d4851a1d" />
    <TestEntry testId="28d0e286-9eef-4a6b-9b9e-a1066ef830f4" executionId="a42694d3-5af3-4bf5-8de9-3f21de770b60" testListId="8c84fa94-04c1-424b-9868-57a2d4851a1d" />
    <TestEntry testId="712d6682-836e-4d7a-9bde-310e3fdb088e" executionId="53f4c6ca-7829-4a28-bed1-21e720995116" testListId="8c84fa94-04c1-424b-9868-57a2d4851a1d" />
    <TestEntry testId="723beb85-c963-47bb-a8db-ed1bfbfd07b1" executionId="20e7902a-4c4e-494c-b847-d35e1d9c86bf" testListId="8c84fa94-04c1-424b-9868-57a2d4851a1d" />
    <TestEntry testId="8e19caee-fde0-420b-a129-5bed13954267" executionId="5c7a9831-26f4-411e-8c9e-33cc2845c940" testListId="8c84fa94-04c1-424b-9868-57a2d4851a1d" />
    <TestEntry testId="cdd61f77-4d00-4f83-b13d-ff83b4e0ec57" executionId="6ab34c3d-bfea-45e9-8069-299f04f3c6bd" testListId="8c84fa94-04c1-424b-9868-57a2d4851a1d" />
    <TestEntry testId="3aba3159-bb4a-49b8-89e2-dc35ae89065a" executionId="9083c770-d7bf-4296-8f75-2eefb12c5fc6" testListId="8c84fa94-04c1-424b-9868-57a2d4851a1d" />
    <TestEntry testId="fae88ca6-702a-4026-8348-b675d5955b6c" executionId="11a734b8-ca2a-48ed-bdc1-a363103599a9" testListId="8c84fa94-04c1-424b-9868-57a2d4851a1d" />
    <TestEntry testId="39f7b653-a4a8-4d01-84ca-48d7a44d18fa" executionId="3b6d9dcf-46dc-4ae9-b16b-99b1c25cd893" testListId="8c84fa94-04c1-424b-9868-57a2d4851a1d" />
    <TestEntry testId="e185afd7-967f-456e-a939-9ee699d4dc3b" executionId="a17ffccd-6ee0-4b17-bc48-db2f2d1a1e54" testListId="8c84fa94-04c1-424b-9868-57a2d4851a1d" />
    <TestEntry testId="ce11aa68-a2ba-48a8-b738-3f6f72740552" executionId="fc6f7239-e5a1-45f1-8a5d-7a03b43d8525" testListId="8c84fa94-04c1-424b-9868-57a2d4851a1d" />
    <TestEntry testId="0522feb5-aefd-441c-90e2-1183a63e2872" executionId="0a2c0daa-930a-4065-b9ff-5d30367b0c07" testListId="8c84fa94-04c1-424b-9868-57a2d4851a1d" />
    <TestEntry testId="0d5c8dcd-1649-4a81-898d-0f65be8f2a8e" executionId="e03f40d6-ccea-4e29-b5eb-8c9561f620d9" testListId="8c84fa94-04c1-424b-9868-57a2d4851a1d" />
    <TestEntry testId="fd5d7c65-c2e8-4ba8-aa4b-e36e139557ad" executionId="b5a9300a-90c1-41dc-90ac-f81f7d1c3888" testListId="8c84fa94-04c1-424b-9868-57a2d4851a1d" />
    <TestEntry testId="0653d513-5101-41e9-966f-cb418b75921e" executionId="26ff2026-fb11-4441-81b7-31b39f2fdf23" testListId="8c84fa94-04c1-424b-9868-57a2d4851a1d" />
    <TestEntry testId="7554cd50-b76e-4670-a2ab-10a8b903bcae" executionId="df83dbca-54f8-41f6-ae8b-0e9b055271ab" testListId="8c84fa94-04c1-424b-9868-57a2d4851a1d" />
    <TestEntry testId="01e967b6-2f9b-41e8-9c95-558ef860b7c4" executionId="4f2327f9-e369-4546-8c3e-d914387119b1" testListId="8c84fa94-04c1-424b-9868-57a2d4851a1d" />
    <TestEntry testId="aa229049-8c40-4116-8ee9-08b654937494" executionId="3faf9f9f-f245-463c-b6eb-174fb2013e2f" testListId="8c84fa94-04c1-424b-9868-57a2d4851a1d" />
    <TestEntry testId="895b0db6-85fa-4aa7-b4a6-4b9c44970d76" executionId="9bcfe016-8ae7-4b04-be01-028e68b2d5fb" testListId="8c84fa94-04c1-424b-9868-57a2d4851a1d" />
    <TestEntry testId="07afc5b7-d1d6-467a-9f7e-209cc7f1da1c" executionId="5dd685b9-6127-4102-9c0c-001866b6088c" testListId="8c84fa94-04c1-424b-9868-57a2d4851a1d" />
    <TestEntry testId="ffd85935-8d4f-40ac-a9cd-6572c5ba32b6" executionId="30706849-209e-4624-a9b0-a99c96ad8985" testListId="8c84fa94-04c1-424b-9868-57a2d4851a1d" />
    <TestEntry testId="948f2364-2720-44b0-a01c-ded086fe2e0a" executionId="e1fafff6-16e5-4ec3-8212-39f3261b1250" testListId="8c84fa94-04c1-424b-9868-57a2d4851a1d" />
    <TestEntry testId="774106c2-a620-42ef-85c3-273796fa98ff" executionId="868cb37c-079c-40a2-8c7f-de22ee53361d" testListId="8c84fa94-04c1-424b-9868-57a2d4851a1d" />
    <TestEntry testId="9b641d67-4902-4987-9ca2-a0348673f610" executionId="8c1fd2bc-4fb6-4449-8ad6-dff7b65939ef" testListId="8c84fa94-04c1-424b-9868-57a2d4851a1d" />
    <TestEntry testId="0ab926dc-1367-4e60-b768-3b89e32f5244" executionId="e2abc8d2-172d-43fa-b38f-03ce11964ae5" testListId="8c84fa94-04c1-424b-9868-57a2d4851a1d" />
    <TestEntry testId="a26e7f25-b72f-47a1-90a4-732499bf8478" executionId="4579fb86-9d0c-4311-a304-b2c93a1420e5" testListId="8c84fa94-04c1-424b-9868-57a2d4851a1d" />
    <TestEntry testId="882b73fa-0f66-4017-bd7e-d53530789081" executionId="b97a1e0e-2708-4399-a212-fb56555dae7d" testListId="8c84fa94-04c1-424b-9868-57a2d4851a1d" />
    <TestEntry testId="f3b35ed6-1645-4b94-a096-710315cda910" executionId="bc1563a3-dcd4-4ddf-8d5f-ea73cd7ec8a0" testListId="8c84fa94-04c1-424b-9868-57a2d4851a1d" />
    <TestEntry testId="472df1a8-306f-433d-9956-99bb4135005f" executionId="6a82ff19-d152-4146-bbbe-5d375d6b9a97" testListId="8c84fa94-04c1-424b-9868-57a2d4851a1d" />
    <TestEntry testId="f287f127-da90-4cb3-a5fc-34e4d6b436a5" executionId="32ee8923-3ae6-4842-993f-500c54752183" testListId="8c84fa94-04c1-424b-9868-57a2d4851a1d" />
    <TestEntry testId="242fb815-a731-4b47-b19e-7a6dc09d23c8" executionId="ba2f1231-d749-47d4-99f7-1a3fdd8980e0" testListId="8c84fa94-04c1-424b-9868-57a2d4851a1d" />
    <TestEntry testId="84db8def-6df6-4a09-9aac-b1257b71a7b9" executionId="387e0110-0e41-405a-bfef-dd51731a5540" testListId="8c84fa94-04c1-424b-9868-57a2d4851a1d" />
    <TestEntry testId="d35919ce-a161-47c0-bae7-b77176b64c8b" executionId="dfd4c653-32dd-41a4-b63c-1d1bf13ed263" testListId="8c84fa94-04c1-424b-9868-57a2d4851a1d" />
    <TestEntry testId="17c2f601-a888-40f5-87cb-d7212d5badf7" executionId="b18d74e9-1d72-476b-b282-c720bcc414ee" testListId="8c84fa94-04c1-424b-9868-57a2d4851a1d" />
    <TestEntry testId="de9dcc16-8f66-4796-b70f-aa571aa7ff3b" executionId="e0df6776-7750-4385-9705-c472196d68f8" testListId="8c84fa94-04c1-424b-9868-57a2d4851a1d" />
    <TestEntry testId="2a4b343d-9491-4434-94e7-ec6401f8c676" executionId="31781106-0ce7-487f-b129-ea8799a458a0" testListId="8c84fa94-04c1-424b-9868-57a2d4851a1d" />
    <TestEntry testId="9d1cea11-2219-43fb-85fb-be1fb1ee1116" executionId="5ec7fade-15b1-4435-889e-51e23c7de7b3" testListId="8c84fa94-04c1-424b-9868-57a2d4851a1d" />
    <TestEntry testId="bfb14e3a-a1d2-4d3c-90d9-a338c9b42cbc" executionId="1feca81b-ac3a-4d8b-b46e-90d614d5599b" testListId="8c84fa94-04c1-424b-9868-57a2d4851a1d" />
    <TestEntry testId="fe01d506-7947-401d-9eb6-8499e3808ad9" executionId="600a667c-c3b5-41ae-90fe-f728b11507ad" testListId="8c84fa94-04c1-424b-9868-57a2d4851a1d" />
    <TestEntry testId="c2701e1e-9e51-429d-b498-6198d7106cf3" executionId="23466bb6-a11a-463a-9bce-746333affedf" testListId="8c84fa94-04c1-424b-9868-57a2d4851a1d" />
    <TestEntry testId="fa30a79b-7edf-4e18-91ec-7559a2c111be" executionId="00f5258b-08f6-47c3-9370-86a7d6ac9dfd" testListId="8c84fa94-04c1-424b-9868-57a2d4851a1d" />
    <TestEntry testId="ed1bd8fa-74e7-4946-a423-2f351cebb747" executionId="b95f0445-3d3e-4790-bfb0-1eec101bec22" testListId="8c84fa94-04c1-424b-9868-57a2d4851a1d" />
    <TestEntry testId="37796e50-188c-47f7-a529-a6aa2113ea56" executionId="95033fc7-cb38-4433-acf5-c3a82140342d" testListId="8c84fa94-04c1-424b-9868-57a2d4851a1d" />
    <TestEntry testId="ad441c52-fc92-475c-bc9f-fb02c245a542" executionId="9b55987c-f21c-4d85-828c-f36f5ba31e6c" testListId="8c84fa94-04c1-424b-9868-57a2d4851a1d" />
    <TestEntry testId="2a3b4547-f342-4317-a82f-fd24ecdaeb44" executionId="78cd89b5-d88b-4a15-9fd3-b46c9025efea" testListId="8c84fa94-04c1-424b-9868-57a2d4851a1d" />
    <TestEntry testId="9d3c88f2-31a2-44a1-8d36-83093457e6c9" executionId="af641bb6-499a-48b6-90b6-a84e8b76939a" testListId="8c84fa94-04c1-424b-9868-57a2d4851a1d" />
    <TestEntry testId="d4697779-65f6-4272-a182-7f3ede14f936" executionId="fdfe608f-ad54-40fe-8a6c-4702ede0cbde" testListId="8c84fa94-04c1-424b-9868-57a2d4851a1d" />
    <TestEntry testId="85d345dc-0107-4175-a03b-c270f8ff7576" executionId="6431b8a7-fabc-4194-8930-159bbd194436" testListId="8c84fa94-04c1-424b-9868-57a2d4851a1d" />
    <TestEntry testId="8d980f2f-514e-4429-bc36-94d9542a09ed" executionId="52494d04-ed3a-48fc-852c-e0c010178b8f" testListId="8c84fa94-04c1-424b-9868-57a2d4851a1d" />
    <TestEntry testId="a43ccfc8-160f-495a-8f51-2c003413221e" executionId="abd53f8e-4faf-49a1-843b-24ffece4dae5" testListId="8c84fa94-04c1-424b-9868-57a2d4851a1d" />
    <TestEntry testId="9a00293b-2da3-4aba-8215-612d9ba86598" executionId="341fdcd9-00f5-4e5b-940e-5f91e76cac54" testListId="8c84fa94-04c1-424b-9868-57a2d4851a1d" />
    <TestEntry testId="0488f847-decc-41eb-9e95-cf8d9f4864b8" executionId="bdd34a61-1756-4d8c-af67-fda420874d97" testListId="8c84fa94-04c1-424b-9868-57a2d4851a1d" />
    <TestEntry testId="17d6223d-d4c5-49f9-8b7a-65974252b40c" executionId="e889b782-5fcb-4522-8bbb-eda0115faad4" testListId="8c84fa94-04c1-424b-9868-57a2d4851a1d" />
    <TestEntry testId="05f786e6-128d-4c09-b53c-c6f2d407f5be" executionId="35e646aa-b7a0-41bc-ad5c-1d1eabe1037a" testListId="8c84fa94-04c1-424b-9868-57a2d4851a1d" />
    <TestEntry testId="b7fd13e8-9b24-40e0-9dcd-d39fe65404b0" executionId="5045ee9a-c944-49b6-9e86-1994e827c4c1" testListId="8c84fa94-04c1-424b-9868-57a2d4851a1d" />
    <TestEntry testId="8b40483a-586d-4f4c-af37-def636ff9b77" executionId="de0f7493-5a08-4b16-8b5b-fc44508c8e47" testListId="8c84fa94-04c1-424b-9868-57a2d4851a1d" />
    <TestEntry testId="7b5ef71f-fd3f-4a88-8a7a-37e560aee3df" executionId="dac76a1e-f62f-4403-8886-3fe733638d13" testListId="8c84fa94-04c1-424b-9868-57a2d4851a1d" />
    <TestEntry testId="a23b3592-a4c5-456a-b6f9-cc9b35a84416" executionId="d83693f8-4117-4512-ab0d-eb62c5f0dd69" testListId="8c84fa94-04c1-424b-9868-57a2d4851a1d" />
    <TestEntry testId="fe753ba5-a99a-43c9-990d-0741918737a2" executionId="8023c194-442c-4719-ba1b-a7b516fa8086" testListId="8c84fa94-04c1-424b-9868-57a2d4851a1d" />
    <TestEntry testId="28edbef2-3490-4148-8ce8-c4e54c351f85" executionId="589d29c1-9278-40ca-b9f9-8a21d8135320" testListId="8c84fa94-04c1-424b-9868-57a2d4851a1d" />
    <TestEntry testId="ebb95dae-bb68-497b-a035-b5418e8359a4" executionId="e8172dde-1ec3-4144-b1cb-8bc74f415856" testListId="8c84fa94-04c1-424b-9868-57a2d4851a1d" />
    <TestEntry testId="65659b1e-1ae0-4811-99fa-57a2798c0891" executionId="ffc5040f-975b-46db-92c9-e9197d13848b" testListId="8c84fa94-04c1-424b-9868-57a2d4851a1d" />
    <TestEntry testId="9f12f4b4-a94a-4b1d-883d-443148dac75c" executionId="d2df1f3c-06c1-4b7e-a8ad-3b0ca1499dae" testListId="8c84fa94-04c1-424b-9868-57a2d4851a1d" />
    <TestEntry testId="b6c00ccb-02b3-4435-bb8f-bc5e57e4ec3c" executionId="ed30aef7-70b0-4fc3-9b65-c77cfcc1d87d" testListId="8c84fa94-04c1-424b-9868-57a2d4851a1d" />
    <TestEntry testId="417dcc19-8fd7-4bed-bad0-c0c4c60fec66" executionId="842e490a-9d6a-4324-a9fc-1bd47685a0ec" testListId="8c84fa94-04c1-424b-9868-57a2d4851a1d" />
    <TestEntry testId="b43ae606-2a34-463c-98e3-d1c5aec03ab5" executionId="0ed1324c-d922-43f2-8c9f-3cde959e8680" testListId="8c84fa94-04c1-424b-9868-57a2d4851a1d" />
    <TestEntry testId="dfe6cd9a-cf54-476c-b244-9ad0eb29f0de" executionId="0e715099-e622-4f2f-978a-4fed03dbcbb7" testListId="8c84fa94-04c1-424b-9868-57a2d4851a1d" />
    <TestEntry testId="504ad165-73de-4026-8b72-96ea514f9890" executionId="cf61d574-6cb7-4396-983d-2070d0d3be2d" testListId="8c84fa94-04c1-424b-9868-57a2d4851a1d" />
    <TestEntry testId="8b3ce315-e3d5-451b-8bd8-57d2b7685a5c" executionId="cf24df17-324f-4886-8686-6e76c2a93097" testListId="8c84fa94-04c1-424b-9868-57a2d4851a1d" />
    <TestEntry testId="8a497868-b929-4895-bf22-8e2f70772ef2" executionId="d9fc51e7-0442-43d0-95e2-d49434de7c10" testListId="8c84fa94-04c1-424b-9868-57a2d4851a1d" />
    <TestEntry testId="2fcd3405-689f-42c7-83c5-1a57f0e37c60" executionId="f018a2fc-61c8-437e-87a0-8a2c9e07bd6c" testListId="8c84fa94-04c1-424b-9868-57a2d4851a1d" />
    <TestEntry testId="1295f46d-1934-44af-b5c6-09299ba73385" executionId="d3421453-aaeb-4d1a-a2b3-1da2c2f28352" testListId="8c84fa94-04c1-424b-9868-57a2d4851a1d" />
    <TestEntry testId="085e3bc7-7442-4b7f-ae46-a89426609936" executionId="529f786d-8154-4161-924e-8d1a76e0cf12" testListId="8c84fa94-04c1-424b-9868-57a2d4851a1d" />
    <TestEntry testId="015a1019-83ce-4714-8cc9-59f53caf6231" executionId="55750d7d-9ffe-40df-81db-23ef98e7e8d8" testListId="8c84fa94-04c1-424b-9868-57a2d4851a1d" />
    <TestEntry testId="d6c29e13-b211-4675-b10a-7c9c3d16d42d" executionId="9db8e421-e86e-45e6-b43f-665a12ee88c7" testListId="8c84fa94-04c1-424b-9868-57a2d4851a1d" />
    <TestEntry testId="c69f073f-e767-4c30-89b7-bd04b9d0d708" executionId="c8d750d3-8219-4d76-b139-21164e4c2db6" testListId="8c84fa94-04c1-424b-9868-57a2d4851a1d" />
    <TestEntry testId="14d70e9b-2322-4613-82aa-b4d67fbfff70" executionId="eec33cfa-4349-4885-8d6d-156368b38cc6" testListId="8c84fa94-04c1-424b-9868-57a2d4851a1d" />
    <TestEntry testId="a2804c77-52e4-4e80-88e6-022d150f1006" executionId="02fb0736-84f2-4a1b-aff9-f8e0694209d5" testListId="8c84fa94-04c1-424b-9868-57a2d4851a1d" />
    <TestEntry testId="24b35116-0a74-4c9c-b709-8ba665b1820e" executionId="d7de0b4e-1b69-4a43-b091-466ecc1e4c2e" testListId="8c84fa94-04c1-424b-9868-57a2d4851a1d" />
    <TestEntry testId="f4c0622f-3b31-4bbf-8904-7ce87b4476d8" executionId="da00b4e4-ec28-4665-99b7-5374d326add6" testListId="8c84fa94-04c1-424b-9868-57a2d4851a1d" />
    <TestEntry testId="63c36fd4-ef08-48bd-b8bc-1c9c6d72dc5e" executionId="28b4050c-8a2b-4220-9d51-a49740efa2ca" testListId="8c84fa94-04c1-424b-9868-57a2d4851a1d" />
    <TestEntry testId="cc798170-d731-4de3-85c6-1c5b483ad22c" executionId="97c95f60-308d-4a27-9bce-bc9c31878be2" testListId="8c84fa94-04c1-424b-9868-57a2d4851a1d" />
    <TestEntry testId="a55e9243-c115-4642-9798-95d6db7b55b2" executionId="94e26b3e-4114-43a7-b404-010a8f566267" testListId="8c84fa94-04c1-424b-9868-57a2d4851a1d" />
    <TestEntry testId="48138f40-2c39-4ce6-aae8-2b14c47271cd" executionId="ffadf9fb-477f-4a17-841f-ac38adb1f113" testListId="8c84fa94-04c1-424b-9868-57a2d4851a1d" />
    <TestEntry testId="cdc29ad0-fdb5-40b2-ad5b-19672cf6eea4" executionId="7e1ad98e-7b51-498e-92a9-92467781014e" testListId="8c84fa94-04c1-424b-9868-57a2d4851a1d" />
    <TestEntry testId="b21d1705-a732-45af-8ced-d5fc5763cc7e" executionId="292ecd55-77b3-4414-b4dd-1d6caa0d4ad3" testListId="8c84fa94-04c1-424b-9868-57a2d4851a1d" />
    <TestEntry testId="22b14c46-db91-4fe8-b03d-c3b879ed7af2" executionId="9a81302d-ea14-44ce-80fb-659f78464eae" testListId="8c84fa94-04c1-424b-9868-57a2d4851a1d" />
    <TestEntry testId="2e7c2648-a28e-429e-8d0e-39a84580ae8e" executionId="a882aad7-0984-4d69-8575-391eb7fa03d5" testListId="8c84fa94-04c1-424b-9868-57a2d4851a1d" />
    <TestEntry testId="e7dc367e-56e1-4f64-a2c5-02def35eb339" executionId="19c024dd-a24c-4dcc-9122-ead912ce0623" testListId="8c84fa94-04c1-424b-9868-57a2d4851a1d" />
    <TestEntry testId="a7e925a5-d436-46bc-bc09-8271911761b9" executionId="d8e93aa2-a56d-4610-a43d-335765e9a028" testListId="8c84fa94-04c1-424b-9868-57a2d4851a1d" />
    <TestEntry testId="c7592ea5-9c35-49c3-a063-eb1fd6662d0b" executionId="6bff86fd-7dde-4050-a980-ea2fe194c699" testListId="8c84fa94-04c1-424b-9868-57a2d4851a1d" />
    <TestEntry testId="5d61c986-c863-4679-920a-1af34f2780f8" executionId="b8d39334-f094-4821-9721-a49e86a30854" testListId="8c84fa94-04c1-424b-9868-57a2d4851a1d" />
    <TestEntry testId="1911dc8e-acda-40f0-90e4-7993abdeac8e" executionId="346131e5-535c-4513-bfcc-d40d9d9a1b79" testListId="8c84fa94-04c1-424b-9868-57a2d4851a1d" />
    <TestEntry testId="b3c39340-5882-41c9-949a-0763df5fe7a1" executionId="97eac77d-7e73-4eb1-9bf1-7d1618430eb9" testListId="8c84fa94-04c1-424b-9868-57a2d4851a1d" />
    <TestEntry testId="a0cf2c51-a2a6-4e0c-ac11-56d51856382a" executionId="05785819-dc3b-4e29-8b29-33728aa9ec23" testListId="8c84fa94-04c1-424b-9868-57a2d4851a1d" />
    <TestEntry testId="3cd8729a-d7f6-4047-95af-73cfbf040133" executionId="15f75c80-614d-4768-9199-153e5ecf3deb" testListId="8c84fa94-04c1-424b-9868-57a2d4851a1d" />
    <TestEntry testId="22cf062a-771b-4818-8e9a-8d3152128346" executionId="83e82e3f-518e-421e-99bb-785bd737242b" testListId="8c84fa94-04c1-424b-9868-57a2d4851a1d" />
    <TestEntry testId="8cce28e6-d0ce-44ad-a453-7d86af48f8da" executionId="9df6ed5d-a902-4b90-b682-0ee573bda180" testListId="8c84fa94-04c1-424b-9868-57a2d4851a1d" />
    <TestEntry testId="cccc8c54-3717-4b29-8eeb-3ec5a0c6a4cd" executionId="b875b00b-1af0-42b5-8e2a-3acee1197077" testListId="8c84fa94-04c1-424b-9868-57a2d4851a1d" />
    <TestEntry testId="ba79ad66-b277-4402-9842-69cbb6182f9e" executionId="25435747-68ac-42c1-bb4d-7b242b50dae1" testListId="8c84fa94-04c1-424b-9868-57a2d4851a1d" />
    <TestEntry testId="0daec889-04ec-493b-a80c-83b438f03fad" executionId="81464e63-969e-465c-a996-610a64cc31a9" testListId="8c84fa94-04c1-424b-9868-57a2d4851a1d" />
    <TestEntry testId="74c2af18-e693-456c-bc02-c71292fc88b4" executionId="fc9fe901-d5af-4bed-a818-4e5e67ae5e14" testListId="8c84fa94-04c1-424b-9868-57a2d4851a1d" />
    <TestEntry testId="6484be79-a33a-4682-a435-680a363373f5" executionId="7286f2ac-3e6d-4f06-85f9-14e31d147ff3" testListId="8c84fa94-04c1-424b-9868-57a2d4851a1d" />
    <TestEntry testId="430c6578-0113-4829-98aa-6b04a5a19088" executionId="2e186df3-05f2-40f5-bf04-e762b27587ff" testListId="8c84fa94-04c1-424b-9868-57a2d4851a1d" />
    <TestEntry testId="875033b2-1ed8-481e-a959-a4094277ac4f" executionId="88803c5e-f32a-46f2-9e85-781260030eaa" testListId="8c84fa94-04c1-424b-9868-57a2d4851a1d" />
    <TestEntry testId="a01b4589-258d-4e27-91e0-1395291c7811" executionId="481b5559-1868-4502-a359-955cda544cc3" testListId="8c84fa94-04c1-424b-9868-57a2d4851a1d" />
    <TestEntry testId="99bc8399-bb8c-47f1-a431-f04e43cd59e7" executionId="c9d3527a-1ca1-4974-8df0-6d83c455b9b1" testListId="8c84fa94-04c1-424b-9868-57a2d4851a1d" />
    <TestEntry testId="4e8c7e4b-7539-41a2-9358-754b602e130f" executionId="151ee60e-79eb-4a04-bdcf-ffdf6c83ec80" testListId="8c84fa94-04c1-424b-9868-57a2d4851a1d" />
    <TestEntry testId="e75a40bc-1864-4973-a693-a77ad87c565f" executionId="97213b36-3c39-4612-821d-9366a3dc77a9" testListId="8c84fa94-04c1-424b-9868-57a2d4851a1d" />
    <TestEntry testId="8407349d-6654-4da2-9423-01e1b3f76834" executionId="c5c9eb46-9814-4b13-bc76-45fb46431197" testListId="8c84fa94-04c1-424b-9868-57a2d4851a1d" />
    <TestEntry testId="2812f71d-db26-4f5d-a12e-8e344d48a9ee" executionId="bd8a5a8b-0e41-40a5-96e8-9288db9c35f4" testListId="8c84fa94-04c1-424b-9868-57a2d4851a1d" />
    <TestEntry testId="43792d3e-ebf3-4787-b05c-4f8e00000c48" executionId="986ed8e8-2979-48c8-8b0a-730c6120b3fb" testListId="8c84fa94-04c1-424b-9868-57a2d4851a1d" />
    <TestEntry testId="be0d2d02-1b76-48a2-a321-a00841f1a882" executionId="56d786cb-9ae3-4e1b-aa01-60a72bff34d7" testListId="8c84fa94-04c1-424b-9868-57a2d4851a1d" />
    <TestEntry testId="26a3f52d-f01f-43ff-a68a-22d816ba2898" executionId="9720a03e-39bd-4ef7-b345-21ee6f1b0fd9" testListId="8c84fa94-04c1-424b-9868-57a2d4851a1d" />
    <TestEntry testId="c33a8b33-9877-49c7-96c1-879fe0e272ed" executionId="d7e60ad8-ca97-4d83-b7e3-59780008bdc4" testListId="8c84fa94-04c1-424b-9868-57a2d4851a1d" />
    <TestEntry testId="9a774cce-0cb1-48e4-a25c-8c458be8f5fe" executionId="29b31ca6-412a-403d-bb8d-cb39b5ba1145" testListId="8c84fa94-04c1-424b-9868-57a2d4851a1d" />
    <TestEntry testId="c4a6e018-5a6c-4c6e-87d3-80393146d488" executionId="22c86bbe-c2a1-44b9-a816-b799ffefe214" testListId="8c84fa94-04c1-424b-9868-57a2d4851a1d" />
    <TestEntry testId="d88a972c-042e-4bbd-9ade-0aa13b9759dd" executionId="de5e31cf-5fea-4000-b157-bc077791ce22" testListId="8c84fa94-04c1-424b-9868-57a2d4851a1d" />
    <TestEntry testId="72b95c3d-705e-40c2-a56c-f4e6160ccf99" executionId="719121fa-8379-4f9a-a5af-c0fdd1597114" testListId="8c84fa94-04c1-424b-9868-57a2d4851a1d" />
    <TestEntry testId="de30f6e3-e6b5-49e5-a82f-14c73bf043a1" executionId="f611b636-624e-4d94-9199-5bf111fa0e6d" testListId="8c84fa94-04c1-424b-9868-57a2d4851a1d" />
    <TestEntry testId="f9ed7465-55f7-4b4e-915b-84ef91a28ef0" executionId="43535b79-5aee-4d75-b4b7-4d1272e7b6f3" testListId="8c84fa94-04c1-424b-9868-57a2d4851a1d" />
    <TestEntry testId="fdea7d11-e45f-4e27-8978-454dae71dce2" executionId="81f6a2e7-1d99-4281-a2aa-82ab85e3ef8d" testListId="8c84fa94-04c1-424b-9868-57a2d4851a1d" />
    <TestEntry testId="5ac1a9a0-c96b-425e-8c0e-0074c7a3f6c8" executionId="2de2ba30-c432-4075-9a9d-f1e549829f89" testListId="8c84fa94-04c1-424b-9868-57a2d4851a1d" />
    <TestEntry testId="f91be8aa-6d07-4352-b7c4-4c1e80cddddc" executionId="b9bbd7e6-75fe-4baa-b266-f85ae6b8b346" testListId="8c84fa94-04c1-424b-9868-57a2d4851a1d" />
    <TestEntry testId="53c1e934-fae7-4c0c-b286-868718676197" executionId="ee178413-abbf-49ec-a20b-eb749311eddc" testListId="8c84fa94-04c1-424b-9868-57a2d4851a1d" />
    <TestEntry testId="2201d327-f42d-4a53-b0b2-68d42ff24fb9" executionId="f228fee4-2b51-4189-a11f-0ea7001a401b" testListId="8c84fa94-04c1-424b-9868-57a2d4851a1d" />
    <TestEntry testId="564ccb97-268e-46e5-8b47-b2d2b59653eb" executionId="5696234e-0e74-48eb-8872-67681f92028c" testListId="8c84fa94-04c1-424b-9868-57a2d4851a1d" />
    <TestEntry testId="1dd930ba-6078-4ffa-9159-4385720074e7" executionId="593b0c7d-6c45-45e2-9c6b-eb89c69a3976" testListId="8c84fa94-04c1-424b-9868-57a2d4851a1d" />
    <TestEntry testId="cf98054a-919e-4c71-91e7-dd9f843133fe" executionId="e4b5ca7e-0194-419a-a9d1-f8575d8fc51a" testListId="8c84fa94-04c1-424b-9868-57a2d4851a1d" />
    <TestEntry testId="cf0dbe12-9310-48b1-b543-af7365e283bf" executionId="c84a1d48-d40e-4236-b074-fa5688c64c64" testListId="8c84fa94-04c1-424b-9868-57a2d4851a1d" />
    <TestEntry testId="65e4663f-c2e1-4eab-be74-3c0e9564b244" executionId="f1337d15-c290-4b44-bf19-c46951b28ade" testListId="8c84fa94-04c1-424b-9868-57a2d4851a1d" />
    <TestEntry testId="c24f3b6f-ead2-4a86-b39e-c56bd55c8b32" executionId="0161c0e8-fb13-475e-b249-61dc2dedbe50" testListId="8c84fa94-04c1-424b-9868-57a2d4851a1d" />
    <TestEntry testId="6ef3948e-cea7-4f85-8a32-4fcd639aa4c8" executionId="3d4d460d-3218-4a93-827f-24c47f3375db" testListId="8c84fa94-04c1-424b-9868-57a2d4851a1d" />
    <TestEntry testId="f63306e3-70e7-4118-830b-1928fc8e8516" executionId="1cedb92f-d4ec-4740-bf03-1222a5f5caee" testListId="8c84fa94-04c1-424b-9868-57a2d4851a1d" />
    <TestEntry testId="d6bb5338-3e9b-4b6c-86f1-4c5b5de40e08" executionId="164b229f-b837-4c17-b6bd-e42b17e64b60" testListId="8c84fa94-04c1-424b-9868-57a2d4851a1d" />
    <TestEntry testId="0a0f5847-0604-4086-af30-994741881159" executionId="55044911-7a17-4be1-9f58-8d412e033b0c" testListId="8c84fa94-04c1-424b-9868-57a2d4851a1d" />
    <TestEntry testId="5b197bf2-40a1-4c76-832f-aee23c5f8ecb" executionId="1e53fe0d-8aab-4275-a61b-712dbe6167a1" testListId="8c84fa94-04c1-424b-9868-57a2d4851a1d" />
    <TestEntry testId="afc63767-8010-4d98-a0d4-afb61795bc32" executionId="2ee497c1-2c59-45a9-9666-61fade5a16b8" testListId="8c84fa94-04c1-424b-9868-57a2d4851a1d" />
    <TestEntry testId="809a246e-6946-41b5-9c3d-6b131922e54c" executionId="1a5934ae-8063-4d40-9baa-cd07049a4821" testListId="8c84fa94-04c1-424b-9868-57a2d4851a1d" />
    <TestEntry testId="3fcae3f4-bd6b-46be-a75c-839b83d3155b" executionId="17b2a6d9-ebcb-48a6-a02d-6c9b5532fa6d" testListId="8c84fa94-04c1-424b-9868-57a2d4851a1d" />
    <TestEntry testId="d516601f-1fc4-4b1e-a573-5778019ffc3e" executionId="4d7718ed-532b-4502-8cc3-1ecb115da38d" testListId="8c84fa94-04c1-424b-9868-57a2d4851a1d" />
    <TestEntry testId="b8b03a38-ec86-41ac-8dad-2f19ac9b0893" executionId="da862159-17aa-42a7-bc6d-4fee03cb1c9d" testListId="8c84fa94-04c1-424b-9868-57a2d4851a1d" />
    <TestEntry testId="4f40f90e-3f08-4c5f-b78c-69024bbc0a5a" executionId="5378d4d3-70bf-4d29-ac80-db20bf9aa3a8" testListId="8c84fa94-04c1-424b-9868-57a2d4851a1d" />
    <TestEntry testId="e3bef090-1cb4-4f4e-b3e3-29db4376d3fc" executionId="d333ffd8-815b-4173-8f04-01de239c9358" testListId="8c84fa94-04c1-424b-9868-57a2d4851a1d" />
    <TestEntry testId="4d29d737-05ad-42e5-949e-8e6f46f2be2c" executionId="48fae58c-b46e-45e1-9e48-070e4cd62aae" testListId="8c84fa94-04c1-424b-9868-57a2d4851a1d" />
    <TestEntry testId="35c8ae9e-e1f0-4df3-a2fa-77ec2ce329ef" executionId="4dd461b2-1de7-484d-85fb-5596b57063d6" testListId="8c84fa94-04c1-424b-9868-57a2d4851a1d" />
    <TestEntry testId="75d9176b-4dd1-40d1-9e3b-e66f1686f923" executionId="8bf7f6a1-3b4b-471a-aa96-227ef377571b" testListId="8c84fa94-04c1-424b-9868-57a2d4851a1d" />
    <TestEntry testId="b397f045-1cdd-4b7d-afaf-5d41eba06a9f" executionId="f4d47c37-a780-441c-a78c-c719377eeb48" testListId="8c84fa94-04c1-424b-9868-57a2d4851a1d" />
    <TestEntry testId="9d3a60f9-5810-43fb-9671-edb9cf207146" executionId="5683e162-0bdc-4a1c-8501-cddac85e68ab" testListId="8c84fa94-04c1-424b-9868-57a2d4851a1d" />
    <TestEntry testId="fbdc055d-8b60-4a8b-97b4-b75252203eed" executionId="1ae4684a-6203-4e4f-a975-482e14246e99" testListId="8c84fa94-04c1-424b-9868-57a2d4851a1d" />
    <TestEntry testId="2d647d85-c65f-40b5-af33-879ce040ae4c" executionId="72141d7e-4f6e-4f05-96be-2cf7cffb11df" testListId="8c84fa94-04c1-424b-9868-57a2d4851a1d" />
    <TestEntry testId="b834fc8d-cf89-46df-8d3c-920eaf0c558a" executionId="fc32c6f7-c4d5-4fa9-b56b-0af959726751" testListId="8c84fa94-04c1-424b-9868-57a2d4851a1d" />
    <TestEntry testId="e93087fa-09ad-4a48-b28a-409ba3e5d2f0" executionId="d3a8c8e8-31b4-47a8-8c71-00ab6585842b" testListId="8c84fa94-04c1-424b-9868-57a2d4851a1d" />
    <TestEntry testId="2e060365-fcc6-486d-a019-04a22f4fdbf7" executionId="6f8c7da7-f436-4063-9082-0e3d8625a423" testListId="8c84fa94-04c1-424b-9868-57a2d4851a1d" />
    <TestEntry testId="0528c0fe-1ef9-4084-a49a-01c4c987c470" executionId="dc9f10a1-fbd3-490a-9548-20e03ab69dbc" testListId="8c84fa94-04c1-424b-9868-57a2d4851a1d" />
    <TestEntry testId="37fb1009-02ab-4750-b669-25b7c7679877" executionId="cf5436e4-5c51-4827-b390-ff3217a9d8f2" testListId="8c84fa94-04c1-424b-9868-57a2d4851a1d" />
    <TestEntry testId="befa6c57-b507-4c4b-a93f-3986129fa7f9" executionId="430d47c6-f232-4662-818a-143ae788074c" testListId="8c84fa94-04c1-424b-9868-57a2d4851a1d" />
    <TestEntry testId="4399c08a-128f-4847-90f1-0673ba10330a" executionId="1bdf93dd-128f-420f-9301-dfcdb64b37b5" testListId="8c84fa94-04c1-424b-9868-57a2d4851a1d" />
    <TestEntry testId="938af629-9bb7-4e20-9a91-4d754c6ad387" executionId="0329d326-828e-4753-8f53-fc3fccf601c4" testListId="8c84fa94-04c1-424b-9868-57a2d4851a1d" />
    <TestEntry testId="198c39a7-767f-4f16-b217-037931250519" executionId="2c1b0650-a8cf-469b-9aa1-7696b83e0427" testListId="8c84fa94-04c1-424b-9868-57a2d4851a1d" />
    <TestEntry testId="06d9a47f-b550-47b3-9c4e-3287de56c35b" executionId="a5e94a1a-fd4b-4b1d-8e62-89a872ab84a1" testListId="8c84fa94-04c1-424b-9868-57a2d4851a1d" />
    <TestEntry testId="e1ea5674-bdea-4429-a31f-350dd6076efc" executionId="625317f4-b586-4920-b150-aca611853584" testListId="8c84fa94-04c1-424b-9868-57a2d4851a1d" />
    <TestEntry testId="5f5929d0-5b0d-4f20-899c-9be4ed305a73" executionId="3cd9c1c8-63a6-4100-b817-54b91c0333de" testListId="8c84fa94-04c1-424b-9868-57a2d4851a1d" />
    <TestEntry testId="477bca6d-26f6-424e-a5a2-3c7ff41580b8" executionId="1340d09e-8e04-4a8c-981c-4a838be7ea7b" testListId="8c84fa94-04c1-424b-9868-57a2d4851a1d" />
    <TestEntry testId="e7caa241-934c-43dc-a8ef-f420bd151648" executionId="eeaecf7d-345c-4373-90e6-96216c0cdb6f" testListId="8c84fa94-04c1-424b-9868-57a2d4851a1d" />
    <TestEntry testId="f397355b-56cb-4d3b-b699-753106c4609a" executionId="1d785563-9ef4-4742-b851-25328a84d0ce" testListId="8c84fa94-04c1-424b-9868-57a2d4851a1d" />
    <TestEntry testId="14709219-46b0-4468-a92a-256bc7dca869" executionId="62d38071-5b79-4cfe-b206-1bb725744b8d" testListId="8c84fa94-04c1-424b-9868-57a2d4851a1d" />
    <TestEntry testId="58a7a5a8-6dda-4478-b9dc-0453befc3567" executionId="cbbfc3f2-0d8e-4521-9005-fa69d403c10c" testListId="8c84fa94-04c1-424b-9868-57a2d4851a1d" />
    <TestEntry testId="5fa52c9c-0435-41d3-ae4c-009e177e9789" executionId="8a581382-57ff-4e6f-9084-6072bfcee4f1" testListId="8c84fa94-04c1-424b-9868-57a2d4851a1d" />
    <TestEntry testId="813b6e50-4cb9-40b9-bcaa-7517598888b7" executionId="9cf7a6fd-a091-4652-a803-dac6780a42e0" testListId="8c84fa94-04c1-424b-9868-57a2d4851a1d" />
    <TestEntry testId="260c73f4-dc60-4ae4-9cf5-773ae7b7ac8c" executionId="f1590242-a1c7-431e-8ad5-e31048777855" testListId="8c84fa94-04c1-424b-9868-57a2d4851a1d" />
    <TestEntry testId="55bc0d99-0aa8-42e8-99c0-f58e421e875d" executionId="384190ee-9297-4eb5-b2e3-376832c4b055" testListId="8c84fa94-04c1-424b-9868-57a2d4851a1d" />
    <TestEntry testId="125e5faa-db39-4616-a7d5-a27fea93fc29" executionId="38685147-256d-4e3a-b99d-2fc55e874315" testListId="8c84fa94-04c1-424b-9868-57a2d4851a1d" />
    <TestEntry testId="758b36db-c32a-4803-9412-a9a48d17e78c" executionId="207bd3d4-c0fe-4027-b8c2-621637d6a755" testListId="8c84fa94-04c1-424b-9868-57a2d4851a1d" />
    <TestEntry testId="31dd5b0f-15c5-4faf-8c9b-15ff7cfe34cf" executionId="a801e4ac-7102-42a9-b529-7646214063a6" testListId="8c84fa94-04c1-424b-9868-57a2d4851a1d" />
    <TestEntry testId="c4be23d4-c487-4e17-97f4-15f3c1634a53" executionId="3cb70474-b65b-4563-b07c-eb036153344c" testListId="8c84fa94-04c1-424b-9868-57a2d4851a1d" />
    <TestEntry testId="54c5bfd0-f1a3-4e6e-9e08-baf21c7383ba" executionId="de99e7f9-a466-4dd0-b7a9-e9c3379c5a4e" testListId="8c84fa94-04c1-424b-9868-57a2d4851a1d" />
    <TestEntry testId="215a24c3-42ad-4bb7-bcb5-3ae813e866dd" executionId="f5c56d3b-214b-4e71-b41f-8ff0cc34dd5d" testListId="8c84fa94-04c1-424b-9868-57a2d4851a1d" />
    <TestEntry testId="0359101f-26f6-47c2-ad4b-d8f69d586efb" executionId="4b7d9d16-252d-43bd-9e20-727567520f25" testListId="8c84fa94-04c1-424b-9868-57a2d4851a1d" />
    <TestEntry testId="30f7bb3f-c48a-4d2c-a2a9-e116e594157b" executionId="75be18d2-7eae-46bb-bf40-172ef9bb04d5" testListId="8c84fa94-04c1-424b-9868-57a2d4851a1d" />
    <TestEntry testId="009e340b-c0af-4ce6-b45e-49d42710825e" executionId="b57316eb-e147-4fb4-9383-22311d0e23de" testListId="8c84fa94-04c1-424b-9868-57a2d4851a1d" />
    <TestEntry testId="24cb3883-5a62-4466-aeb8-3189cd7f1dc5" executionId="293a23d9-8e60-4ff8-aa96-67a05f2a20fa" testListId="8c84fa94-04c1-424b-9868-57a2d4851a1d" />
    <TestEntry testId="fb5abcf1-4123-4cab-990d-e14190392b20" executionId="d57223ac-f130-4940-bfce-400ad22e17a3" testListId="8c84fa94-04c1-424b-9868-57a2d4851a1d" />
    <TestEntry testId="cff9823f-6d6a-4985-9a61-4e0a758cb104" executionId="73ff62ed-2679-4cd9-9c3e-ba68ac8dcee1" testListId="8c84fa94-04c1-424b-9868-57a2d4851a1d" />
    <TestEntry testId="534504ad-1aad-43d2-add8-7eca4d64ccb3" executionId="7dadac7d-7112-4f75-ad95-7137fa123ba6" testListId="8c84fa94-04c1-424b-9868-57a2d4851a1d" />
    <TestEntry testId="c0ac8e8e-0665-46f3-a31b-7bb7dbd2cb3e" executionId="4fd9639e-b158-4f29-8a68-3bb8409603fe" testListId="8c84fa94-04c1-424b-9868-57a2d4851a1d" />
    <TestEntry testId="64680524-22fd-43e2-9d32-63b02681c46e" executionId="1859e923-de02-45e9-b988-959a09bb7e0c" testListId="8c84fa94-04c1-424b-9868-57a2d4851a1d" />
    <TestEntry testId="3a9618c0-8710-4730-9674-6d32ecd2245e" executionId="8d183fb9-3b08-480d-8e1e-3b36efb39361" testListId="8c84fa94-04c1-424b-9868-57a2d4851a1d" />
    <TestEntry testId="3ca8c7b4-81a9-4a7b-9053-757931364f3b" executionId="d0c5f231-3d5c-4a63-985b-8772e609e488" testListId="8c84fa94-04c1-424b-9868-57a2d4851a1d" />
    <TestEntry testId="0c9a0d81-fad0-4cad-9374-bbbabdd8cc05" executionId="b9228b48-4446-4701-b840-0e6d8b003481" testListId="8c84fa94-04c1-424b-9868-57a2d4851a1d" />
    <TestEntry testId="90df1961-06a0-402f-9190-b34e17531e70" executionId="e2cf6e35-e9de-442f-a8a4-9ee8e55bcf33" testListId="8c84fa94-04c1-424b-9868-57a2d4851a1d" />
    <TestEntry testId="ded48caa-9bf9-4f43-9998-a971e093e7ad" executionId="32672881-2d32-471e-aca8-0e4de68d11eb" testListId="8c84fa94-04c1-424b-9868-57a2d4851a1d" />
    <TestEntry testId="d8db25fe-8352-47df-b8ac-0fa27ff07ecb" executionId="3c860f51-8b92-4a02-9376-014ab378da18" testListId="8c84fa94-04c1-424b-9868-57a2d4851a1d" />
    <TestEntry testId="435202cc-c493-498f-9ca9-29e627cb7d05" executionId="d5d51211-d698-4240-95fd-ac74638e23f9" testListId="8c84fa94-04c1-424b-9868-57a2d4851a1d" />
    <TestEntry testId="1d9e3a6c-75b6-4f67-a06a-ab8ca4e98746" executionId="07e23f25-457a-4b4d-8101-ece86e53787f" testListId="8c84fa94-04c1-424b-9868-57a2d4851a1d" />
    <TestEntry testId="98177b10-2fc5-42b2-b13a-f8f753466ca9" executionId="0b50edf1-776d-4d7d-b519-b5adc46477eb" testListId="8c84fa94-04c1-424b-9868-57a2d4851a1d" />
    <TestEntry testId="6ebaea18-3aae-45aa-906e-6ec9e64fb75b" executionId="56d2faf3-0c40-4601-abd4-e08a9721569a" testListId="8c84fa94-04c1-424b-9868-57a2d4851a1d" />
    <TestEntry testId="7ae6233b-9341-4ae3-ba81-d54b60c419b5" executionId="bec43d7e-f343-4e33-86c4-b861b27718a0" testListId="8c84fa94-04c1-424b-9868-57a2d4851a1d" />
    <TestEntry testId="1547c9b3-8a15-4643-aa3d-bdca7cca321c" executionId="073e79b6-fb04-4044-8021-255597ab2f29" testListId="8c84fa94-04c1-424b-9868-57a2d4851a1d" />
    <TestEntry testId="b4baa6ed-a891-411f-916d-929565563e43" executionId="b376a1bc-27b6-49c9-8205-f76ace9add41" testListId="8c84fa94-04c1-424b-9868-57a2d4851a1d" />
    <TestEntry testId="059047e6-45dd-4c82-a57e-9ce4d78d84d6" executionId="25e3ed39-1791-4906-b761-3ef288658b26" testListId="8c84fa94-04c1-424b-9868-57a2d4851a1d" />
    <TestEntry testId="b29303f3-b768-456e-a8e9-fc6ea55fbd23" executionId="1e5ed4ee-b990-4c92-b653-8d0f1c154944" testListId="8c84fa94-04c1-424b-9868-57a2d4851a1d" />
    <TestEntry testId="d87df69b-f4f5-4501-82ea-7d4b778af0dd" executionId="33cd6fca-761d-4426-a673-eaf8cb3c42b7" testListId="8c84fa94-04c1-424b-9868-57a2d4851a1d" />
    <TestEntry testId="2fdc7838-b14a-4fe1-9b0b-53f0d2ecc45c" executionId="78b12621-60cb-4bd0-bd0b-64e67f68d766" testListId="8c84fa94-04c1-424b-9868-57a2d4851a1d" />
    <TestEntry testId="91fd7f91-bb2f-47e7-9545-f353e96d37a6" executionId="6c2a85ba-ca3c-4059-aab4-4d54b8980a8c" testListId="8c84fa94-04c1-424b-9868-57a2d4851a1d" />
    <TestEntry testId="3f0bf6d3-5352-464c-b298-47dc5f20a2cf" executionId="8546caa3-12e9-4fcc-994a-0d98e7d2bf73" testListId="8c84fa94-04c1-424b-9868-57a2d4851a1d" />
    <TestEntry testId="9308310e-1e4d-4aea-909d-36f75a29d891" executionId="06bfbaa9-d935-47a2-b6f6-daf8c7084b35" testListId="8c84fa94-04c1-424b-9868-57a2d4851a1d" />
    <TestEntry testId="8d350d1c-32d6-4594-bd53-00ffadb3752e" executionId="bae761e8-41eb-400f-bfae-ebf78c7bd721" testListId="8c84fa94-04c1-424b-9868-57a2d4851a1d" />
    <TestEntry testId="ecb5b304-0f9b-4851-a676-d8ac74db642a" executionId="f7ed1abf-b152-48ee-816c-91464dd18b23" testListId="8c84fa94-04c1-424b-9868-57a2d4851a1d" />
    <TestEntry testId="9d8b5af6-a982-47d3-a8e2-6b059825cdca" executionId="718ebb7a-02c4-4d2f-a9d6-ac79af0e1327" testListId="8c84fa94-04c1-424b-9868-57a2d4851a1d" />
    <TestEntry testId="b7a2200a-540d-4983-9e97-5f9fb1965fcd" executionId="30bbf849-377a-4cd4-ba5d-ec4a3ae4c685" testListId="8c84fa94-04c1-424b-9868-57a2d4851a1d" />
    <TestEntry testId="371b5fd2-5322-4a30-8a82-0fec8b071264" executionId="2a28c57a-696d-4bfa-aa28-2fb85f21609f" testListId="8c84fa94-04c1-424b-9868-57a2d4851a1d" />
    <TestEntry testId="c81b8ad1-5e55-4096-887e-64e0205f47ee" executionId="d6efe9d1-532b-496b-8a89-9175200de48d" testListId="8c84fa94-04c1-424b-9868-57a2d4851a1d" />
    <TestEntry testId="eaca3bbb-2561-44cf-b453-1cdd39bb098a" executionId="d89bfa89-ded5-4fc6-8d0c-554ab47d1808" testListId="8c84fa94-04c1-424b-9868-57a2d4851a1d" />
    <TestEntry testId="2bf9257c-1c43-4780-bcef-1198d9770f77" executionId="367fe898-006f-443e-a4f4-7d2346f55d33" testListId="8c84fa94-04c1-424b-9868-57a2d4851a1d" />
    <TestEntry testId="328ddce4-2a56-428b-a362-6a111a7f1dd4" executionId="0569531c-7203-46ba-8097-426023b32e2b" testListId="8c84fa94-04c1-424b-9868-57a2d4851a1d" />
    <TestEntry testId="1a4c44c4-93a0-475f-9d2a-18d2b51ca6ee" executionId="b6661774-b150-4210-8db1-7c63c1777df8" testListId="8c84fa94-04c1-424b-9868-57a2d4851a1d" />
    <TestEntry testId="b2ea88a0-d20c-41d6-9c95-0fef38a41c37" executionId="fad7c347-43de-4cf9-8e1d-dd7a308245ca" testListId="8c84fa94-04c1-424b-9868-57a2d4851a1d" />
    <TestEntry testId="5f91ada1-13be-453e-8bf0-3245518b4801" executionId="5d31ba5d-1864-4889-b592-c2833983a31f" testListId="8c84fa94-04c1-424b-9868-57a2d4851a1d" />
    <TestEntry testId="9a4ffca8-cbe1-4f25-9e07-71edb560bc6c" executionId="f7a8f01d-bda4-4b43-82cc-69dcc3df2a27" testListId="8c84fa94-04c1-424b-9868-57a2d4851a1d" />
    <TestEntry testId="d9f0e5ac-0cd6-44e5-afd0-db82fdebb9ae" executionId="89a2d6db-8612-467d-9b03-2aeaa70bc9b5" testListId="8c84fa94-04c1-424b-9868-57a2d4851a1d" />
    <TestEntry testId="424552ed-c2a2-4ef9-b0e5-5eda1eb9dfa6" executionId="14c88844-72aa-41cb-901b-2ba1031c8180" testListId="8c84fa94-04c1-424b-9868-57a2d4851a1d" />
    <TestEntry testId="f33143c1-8e95-4ffe-b8a9-7ae4b8a0d6c2" executionId="500b7995-50c9-488d-b14d-f7397f6533dd" testListId="8c84fa94-04c1-424b-9868-57a2d4851a1d" />
    <TestEntry testId="1619ba12-ab3a-4825-a996-a18963d79005" executionId="a1f81bde-f788-4ec1-8fe2-4ba025108210" testListId="8c84fa94-04c1-424b-9868-57a2d4851a1d" />
    <TestEntry testId="669fdd75-ec78-4bb5-a7d8-87278ba6f447" executionId="8ce61488-9600-4a2f-9728-ee3d0b4e33f2" testListId="8c84fa94-04c1-424b-9868-57a2d4851a1d" />
    <TestEntry testId="bc5561e8-06a7-4bec-9091-2f99e611a598" executionId="f221eab1-0396-40f4-b35f-a56d1854654c" testListId="8c84fa94-04c1-424b-9868-57a2d4851a1d" />
    <TestEntry testId="a931d83e-268f-446d-a16b-e79470f64b1e" executionId="20df1b48-f52b-4547-aa1d-5e943762c48e" testListId="8c84fa94-04c1-424b-9868-57a2d4851a1d" />
    <TestEntry testId="d87e2b53-9793-4e5f-8d38-96cde615896f" executionId="72099eda-f718-4fb1-8a4f-da177ef736f4" testListId="8c84fa94-04c1-424b-9868-57a2d4851a1d" />
    <TestEntry testId="3d55acc8-3ac1-462f-8b52-769f3761280f" executionId="f3f521f6-b676-4c06-9d45-56fc291efa1a" testListId="8c84fa94-04c1-424b-9868-57a2d4851a1d" />
    <TestEntry testId="2a71e9c0-c5cd-4858-ad65-4708fff661ec" executionId="0e61ce9d-1257-4961-9d07-9674795d55cf" testListId="8c84fa94-04c1-424b-9868-57a2d4851a1d" />
    <TestEntry testId="8b279792-9a53-4a6c-b410-3b9f81ddd161" executionId="4891206c-9c7a-4eed-8501-c71913f72053" testListId="8c84fa94-04c1-424b-9868-57a2d4851a1d" />
    <TestEntry testId="08e5295e-c2db-4d70-910e-26e151717b59" executionId="bf10b7d2-fa4b-428f-85a7-fbc01a71ad24" testListId="8c84fa94-04c1-424b-9868-57a2d4851a1d" />
    <TestEntry testId="ac9092ce-4d19-48f8-906e-cee69abdece4" executionId="c193b417-8029-445d-ab80-c0d6848c8b1f" testListId="8c84fa94-04c1-424b-9868-57a2d4851a1d" />
    <TestEntry testId="d77734b4-0450-4d5e-9d83-f77afd49f95e" executionId="751aef82-26e0-4ad4-a0cd-371c7877de6b" testListId="8c84fa94-04c1-424b-9868-57a2d4851a1d" />
    <TestEntry testId="80fe4d43-8c8a-4c5f-810e-38fe503ae5d1" executionId="6e675b22-b709-42ef-b14a-1905f8665825" testListId="8c84fa94-04c1-424b-9868-57a2d4851a1d" />
    <TestEntry testId="d9f5bd02-46d1-4f3d-b98e-768b22683deb" executionId="cb690f80-b290-4775-a82a-15b248fe552b" testListId="8c84fa94-04c1-424b-9868-57a2d4851a1d" />
    <TestEntry testId="c55460eb-acf3-4f6f-9d74-cda514134c93" executionId="eb5c51ca-ed6e-44ed-999a-e2e9fc3bde7b" testListId="8c84fa94-04c1-424b-9868-57a2d4851a1d" />
    <TestEntry testId="56355584-1685-436b-aa81-f3e662048bb2" executionId="4717fdac-3169-4e9d-96b0-1b1438ec4f48" testListId="8c84fa94-04c1-424b-9868-57a2d4851a1d" />
    <TestEntry testId="22955bfa-2972-4108-ae4b-906275708659" executionId="c0d6a08b-e0b5-4f9d-8c4b-3a063120c5c9" testListId="8c84fa94-04c1-424b-9868-57a2d4851a1d" />
    <TestEntry testId="485eb0a8-2d94-4991-a422-cd80bdd61d97" executionId="01add075-7ffc-4a3b-9a57-a7dd3045a35a" testListId="8c84fa94-04c1-424b-9868-57a2d4851a1d" />
    <TestEntry testId="824ba123-24b6-4282-ad25-3a621a041c3e" executionId="8b51a599-0870-4eda-8b8f-04bc2036e121" testListId="8c84fa94-04c1-424b-9868-57a2d4851a1d" />
    <TestEntry testId="b96c127a-ef5f-4159-8cb9-a06dbe8e3c35" executionId="6fe9c9f1-9a48-49af-876c-5839e7cd2011" testListId="8c84fa94-04c1-424b-9868-57a2d4851a1d" />
    <TestEntry testId="106d9b3e-ba15-436c-876f-b7e0a3fef3c3" executionId="9762e81b-021d-418c-ae52-c9b175147b30" testListId="8c84fa94-04c1-424b-9868-57a2d4851a1d" />
    <TestEntry testId="b5b9898c-fd14-4ba8-ba7e-9fe806dd2288" executionId="2deb3daa-9a80-4bb6-afd9-deae653aa1a3" testListId="8c84fa94-04c1-424b-9868-57a2d4851a1d" />
    <TestEntry testId="22308855-74c3-464f-bb83-53e85dd565c7" executionId="d6e1cb67-a8ab-4b8e-8b86-991e0c903c84" testListId="8c84fa94-04c1-424b-9868-57a2d4851a1d" />
    <TestEntry testId="b3cca640-6837-4581-bcf6-51eedcff60a5" executionId="8feab3fb-199b-4558-bb04-1fde0efb3ba5" testListId="8c84fa94-04c1-424b-9868-57a2d4851a1d" />
    <TestEntry testId="a1b94701-eec7-405c-9423-c27bca0285b7" executionId="4e128d13-5226-4e12-832e-fb1a54d9ffad" testListId="8c84fa94-04c1-424b-9868-57a2d4851a1d" />
    <TestEntry testId="e57d21b1-96e3-4b4d-a89e-f9f390294663" executionId="b75599ca-d9fe-461c-9063-90756e2046ba" testListId="8c84fa94-04c1-424b-9868-57a2d4851a1d" />
    <TestEntry testId="97be8fff-089c-40f9-b23c-02750c2be8ae" executionId="b97dea24-8b50-41e0-8913-f4f1769e54c8" testListId="8c84fa94-04c1-424b-9868-57a2d4851a1d" />
    <TestEntry testId="40cddbc6-3000-4d41-b963-cecb0c4193c4" executionId="a97b1a7a-7628-4baa-94b2-fc23315693e7" testListId="8c84fa94-04c1-424b-9868-57a2d4851a1d" />
    <TestEntry testId="19e13809-7d0f-4f13-aab7-d61d72be6e8a" executionId="b251c4be-9805-4fb6-85c9-564c665604b4" testListId="8c84fa94-04c1-424b-9868-57a2d4851a1d" />
    <TestEntry testId="e859d9fb-c7aa-4e0a-97f7-d4c2b59850fa" executionId="4d3c214c-7fec-4f0d-9a6e-accebc69e9a5" testListId="8c84fa94-04c1-424b-9868-57a2d4851a1d" />
    <TestEntry testId="7c02062a-669f-434b-9b03-3359c89cdb11" executionId="14b47ee8-7638-45c6-bc06-9358c1a4de0f" testListId="8c84fa94-04c1-424b-9868-57a2d4851a1d" />
    <TestEntry testId="e189256c-d030-440f-b0a1-fd18b1145db3" executionId="2103831b-5f58-4263-bd0c-1f7095a6bb49" testListId="8c84fa94-04c1-424b-9868-57a2d4851a1d" />
    <TestEntry testId="7f1bf93c-11aa-475b-823c-90486cea8428" executionId="1ecb24aa-ee6f-49f0-b0d0-dfb40e842bf4" testListId="8c84fa94-04c1-424b-9868-57a2d4851a1d" />
    <TestEntry testId="89ac05bf-8fd4-48fc-bf3c-fe8c75112214" executionId="2c21b55d-7543-4675-aa27-b786d2a8f65c" testListId="8c84fa94-04c1-424b-9868-57a2d4851a1d" />
    <TestEntry testId="b47d16b4-0ef0-4c84-8b85-759d62094508" executionId="31888b4b-6332-4f68-b4ed-0fa37c548c83" testListId="8c84fa94-04c1-424b-9868-57a2d4851a1d" />
    <TestEntry testId="0e808ec5-8df0-4583-823b-a1e9a931adb2" executionId="b7dfc2d9-b537-4196-81c3-536aa29a526a" testListId="8c84fa94-04c1-424b-9868-57a2d4851a1d" />
    <TestEntry testId="3ff1be72-75a3-41af-a208-4bb632d87983" executionId="f90ced97-6699-4762-bf47-53409e3f94f3" testListId="8c84fa94-04c1-424b-9868-57a2d4851a1d" />
    <TestEntry testId="f49bf3a7-5bff-4e9e-acc6-ebc0832c663e" executionId="bb459c49-e058-4360-a8bc-ac4350199731" testListId="8c84fa94-04c1-424b-9868-57a2d4851a1d" />
    <TestEntry testId="21e62ccc-e1e0-483f-822b-7e2d067f16ac" executionId="c75a71c5-c33b-4071-b9cf-81451021c90c" testListId="8c84fa94-04c1-424b-9868-57a2d4851a1d" />
    <TestEntry testId="f72c4d95-59b9-4d92-9cde-4e8ed00f96a6" executionId="8027290d-494b-47fb-be58-548b603effab" testListId="8c84fa94-04c1-424b-9868-57a2d4851a1d" />
    <TestEntry testId="dfbb5b09-212b-4320-a555-7073ef722c3b" executionId="db293798-bd5c-406f-bad1-3e30118bb7de" testListId="8c84fa94-04c1-424b-9868-57a2d4851a1d" />
    <TestEntry testId="b7d0c663-b227-4d3b-95c5-2af4f726bc3e" executionId="660331ee-4056-4139-a85f-9b831d279142" testListId="8c84fa94-04c1-424b-9868-57a2d4851a1d" />
    <TestEntry testId="956cf8b0-d5af-4a78-b846-f68eece056ac" executionId="f24a287c-50e0-432e-b3e0-36fa518b072a" testListId="8c84fa94-04c1-424b-9868-57a2d4851a1d" />
    <TestEntry testId="2a25b1dd-92bb-4848-8a1a-3e0991c8b404" executionId="7661818a-e358-41b6-ae99-3cc55d88d3ae" testListId="8c84fa94-04c1-424b-9868-57a2d4851a1d" />
    <TestEntry testId="1587b400-b6b6-457c-b4e2-ce601a8a447b" executionId="6eb777f8-7984-4f10-966d-d0350ca9e252" testListId="8c84fa94-04c1-424b-9868-57a2d4851a1d" />
    <TestEntry testId="9b5ba222-c9e4-448b-8341-573343327cce" executionId="aadc6f5b-446c-486c-8669-dd8d59892356" testListId="8c84fa94-04c1-424b-9868-57a2d4851a1d" />
    <TestEntry testId="dcb2aaa6-7f75-48ce-a0cf-0fc432c04bbd" executionId="b36e2508-3126-4485-81e2-e0f1db15b9d1" testListId="8c84fa94-04c1-424b-9868-57a2d4851a1d" />
    <TestEntry testId="6e09404d-09c4-4a29-b643-fba31ebcc853" executionId="9edf9545-9ea3-4881-b7dd-fd6827fe3b97" testListId="8c84fa94-04c1-424b-9868-57a2d4851a1d" />
    <TestEntry testId="eb12622e-1acc-4133-a059-416db1709782" executionId="002e8377-7ce3-4db8-8c39-0876e3f6b59e" testListId="8c84fa94-04c1-424b-9868-57a2d4851a1d" />
    <TestEntry testId="415e41dd-bbc9-48eb-a811-73caa1ee144b" executionId="18f72e06-f3c6-44d5-a7bd-8d104929f23c" testListId="8c84fa94-04c1-424b-9868-57a2d4851a1d" />
    <TestEntry testId="07d261f1-6e9a-431c-9669-befbead60fec" executionId="d914624c-c04a-4787-a9b8-78f156e92741" testListId="8c84fa94-04c1-424b-9868-57a2d4851a1d" />
    <TestEntry testId="1ed938fa-d0e1-400e-96e3-70ec2247a841" executionId="8d816170-c90c-4cb3-ae8f-ee5522b8abbf" testListId="8c84fa94-04c1-424b-9868-57a2d4851a1d" />
    <TestEntry testId="a0f5648b-2508-4bc4-adfe-dd937db30a10" executionId="2b9435f2-6a3e-4b39-9054-3785418f0e2b" testListId="8c84fa94-04c1-424b-9868-57a2d4851a1d" />
    <TestEntry testId="def4a38c-d01b-43b1-a483-4d8c4ed87321" executionId="7001f781-b6c2-4067-b585-1721036eab70" testListId="8c84fa94-04c1-424b-9868-57a2d4851a1d" />
    <TestEntry testId="8550bd33-0237-4c73-bda9-12e0f2ed3dbf" executionId="6e594bf8-cabc-4291-8586-df3d4de9995b" testListId="8c84fa94-04c1-424b-9868-57a2d4851a1d" />
    <TestEntry testId="f81d0a87-6ffd-4e36-95af-b8a01287dcaf" executionId="dcb8da58-1554-4bc4-b648-1e3dd4c402a0" testListId="8c84fa94-04c1-424b-9868-57a2d4851a1d" />
    <TestEntry testId="f504f327-fe86-477c-b037-1abcbae1d236" executionId="de83f77b-a977-4a20-9147-abe9fbc80e2e" testListId="8c84fa94-04c1-424b-9868-57a2d4851a1d" />
    <TestEntry testId="c93b9970-1132-41c0-bdbf-7c8405583987" executionId="e7887367-3d77-40bd-91fc-45c3f8ef3e1a" testListId="8c84fa94-04c1-424b-9868-57a2d4851a1d" />
    <TestEntry testId="97521708-4636-48c0-8aae-355b32dbd3aa" executionId="2913946e-b95d-4a27-880a-7b8a68e76e65" testListId="8c84fa94-04c1-424b-9868-57a2d4851a1d" />
    <TestEntry testId="ff1eebee-1409-434d-afbf-753a38aeddf4" executionId="8ccdb4ce-2d5b-411b-b883-3b48f01fb32d" testListId="8c84fa94-04c1-424b-9868-57a2d4851a1d" />
    <TestEntry testId="63f18f86-ff09-4c19-a848-419cb4c76138" executionId="2020917f-93ec-4f41-9fd4-142a07baae5e" testListId="8c84fa94-04c1-424b-9868-57a2d4851a1d" />
    <TestEntry testId="5fdb51b2-b9d8-4123-9e15-58609dd02ede" executionId="c6cef8b6-28a0-4e2c-b755-1c7f60ac28e1" testListId="8c84fa94-04c1-424b-9868-57a2d4851a1d" />
    <TestEntry testId="a6fc4223-34fb-4aea-b33b-b8e4f97f4d09" executionId="ec6259a7-540e-429b-b6fa-d87cce475f2d" testListId="8c84fa94-04c1-424b-9868-57a2d4851a1d" />
    <TestEntry testId="9a0b676a-5ae7-4668-9afb-cc62eb68be03" executionId="484aeeae-a1ce-4a38-9734-51a6029aac19" testListId="8c84fa94-04c1-424b-9868-57a2d4851a1d" />
    <TestEntry testId="1b32b77d-ee28-49a1-8497-e542645314aa" executionId="3dd2f197-c093-48a1-8481-fee44c610e8c" testListId="8c84fa94-04c1-424b-9868-57a2d4851a1d" />
    <TestEntry testId="a7decd2e-6518-41cf-9d57-dd60028bf174" executionId="b4acf357-a1f5-42ed-9001-90efedf572ce" testListId="8c84fa94-04c1-424b-9868-57a2d4851a1d" />
    <TestEntry testId="227580dd-195e-43c0-bab7-a334d7dd87b2" executionId="e8478092-4bf2-46e2-a32e-4d0f4d03be08" testListId="8c84fa94-04c1-424b-9868-57a2d4851a1d" />
    <TestEntry testId="0f94a1f3-eb48-4eca-89b1-92629828da41" executionId="b9227388-8f98-45fd-b11e-7512624c5123" testListId="8c84fa94-04c1-424b-9868-57a2d4851a1d" />
    <TestEntry testId="9ceb843c-1190-4f7e-bd2f-2ebb15abcce3" executionId="f05d4c9d-5958-4a4b-a950-1054900602d4" testListId="8c84fa94-04c1-424b-9868-57a2d4851a1d" />
    <TestEntry testId="38af07d3-304d-4407-ab7b-9a5c683952ae" executionId="4f6e67c0-0c4d-4574-9ebb-d31543480810" testListId="8c84fa94-04c1-424b-9868-57a2d4851a1d" />
    <TestEntry testId="66b28a4a-681f-49ad-83a9-e8ce4a2a775c" executionId="d5fde4ed-f4d9-4b22-ba7e-15f99aa88e41" testListId="8c84fa94-04c1-424b-9868-57a2d4851a1d" />
    <TestEntry testId="b821832c-9fb7-4860-8da5-434a7825b833" executionId="d9b7a0c4-8d5b-465a-97fc-bf352daffbfc" testListId="8c84fa94-04c1-424b-9868-57a2d4851a1d" />
    <TestEntry testId="fdd992e6-67c6-4967-8874-d5ffddcf7adb" executionId="f2df1aa7-0833-4361-9708-f028331f16da" testListId="8c84fa94-04c1-424b-9868-57a2d4851a1d" />
    <TestEntry testId="81db73e0-6fcb-4681-b66b-3f727251337a" executionId="9f60fbb2-0ec8-4b68-90a4-cb488b4c99c1" testListId="8c84fa94-04c1-424b-9868-57a2d4851a1d" />
    <TestEntry testId="92137452-a177-489d-b204-54cad7c6c2b3" executionId="68a5f582-7802-4f2a-a5be-28e5e082388c" testListId="8c84fa94-04c1-424b-9868-57a2d4851a1d" />
    <TestEntry testId="674b7c5b-e1ed-4f20-8124-675430a94539" executionId="74e99072-2192-4c18-949a-5624e74b0a11" testListId="8c84fa94-04c1-424b-9868-57a2d4851a1d" />
    <TestEntry testId="4061cebe-69dd-4b2b-893f-2bd63712d41c" executionId="68ba5e17-eecf-439c-963e-431aa9ebbe0a" testListId="8c84fa94-04c1-424b-9868-57a2d4851a1d" />
    <TestEntry testId="9ce15200-1962-4cdd-a053-ca190864d66b" executionId="cb00a97b-335b-4841-888e-349b0adb437b" testListId="8c84fa94-04c1-424b-9868-57a2d4851a1d" />
    <TestEntry testId="78812b3b-b2c1-4a95-8596-173c084554c8" executionId="a88ebe12-3f5a-48d4-9bcc-bc3d9b2c448e" testListId="8c84fa94-04c1-424b-9868-57a2d4851a1d" />
    <TestEntry testId="70fdfe69-cda0-4984-9cc7-b08152a05e9b" executionId="2a2adfea-f48b-49ba-b73f-82c8a86b1df5" testListId="8c84fa94-04c1-424b-9868-57a2d4851a1d" />
    <TestEntry testId="c4dde465-c09b-4bd3-80a6-1186669a74ca" executionId="cb91916d-9ba5-4ed3-9594-f8a1d8345c4d" testListId="8c84fa94-04c1-424b-9868-57a2d4851a1d" />
    <TestEntry testId="3817ee5b-b054-43fe-bb9e-1c76ea9c4164" executionId="66b5c6de-7b87-4fed-a49d-aa07b76a2e7e" testListId="8c84fa94-04c1-424b-9868-57a2d4851a1d" />
    <TestEntry testId="abab22af-6aab-427c-a283-d40574ba22ee" executionId="ff82e344-3b65-4916-8f4e-2242610b76db" testListId="8c84fa94-04c1-424b-9868-57a2d4851a1d" />
    <TestEntry testId="40d48f81-f077-4ac3-9b4c-a8eb0fdcb88c" executionId="50f434cd-2c3e-4c84-9977-8908e0b6bc88" testListId="8c84fa94-04c1-424b-9868-57a2d4851a1d" />
    <TestEntry testId="4fcbac2c-0037-4235-8130-95adad1584c9" executionId="099d8461-223a-49ff-952d-8d7866178375" testListId="8c84fa94-04c1-424b-9868-57a2d4851a1d" />
    <TestEntry testId="546477d0-eeb2-4e57-8116-30960200f387" executionId="33c8731a-ba46-4615-8b1f-c07b54d36076" testListId="8c84fa94-04c1-424b-9868-57a2d4851a1d" />
    <TestEntry testId="3249a858-b46c-49c8-9d33-e23fdea45a7f" executionId="bf394c56-47c7-4b9c-844b-2fb72c4ae18a" testListId="8c84fa94-04c1-424b-9868-57a2d4851a1d" />
    <TestEntry testId="2672cad7-42e9-4561-aa13-b15f3c53cc71" executionId="bedafd32-4b34-4c5c-93e7-d24c148796e8" testListId="8c84fa94-04c1-424b-9868-57a2d4851a1d" />
    <TestEntry testId="4fb0e401-0faa-411e-baf2-d927df981d01" executionId="d7f8d844-7dc5-4e48-8162-5998f612ded1" testListId="8c84fa94-04c1-424b-9868-57a2d4851a1d" />
    <TestEntry testId="cb8074c0-1449-419c-949f-1d339c26b275" executionId="7b67aeb6-a593-420f-b9f9-e5441a28a2cf" testListId="8c84fa94-04c1-424b-9868-57a2d4851a1d" />
    <TestEntry testId="312abd42-388f-4bd0-a0b9-f29d20edd258" executionId="9dcd4d36-e489-4033-9803-946fde564419" testListId="8c84fa94-04c1-424b-9868-57a2d4851a1d" />
    <TestEntry testId="f81a00e1-98cf-492f-a2cd-bb9ad13a4984" executionId="61aa2606-a63c-4dd5-92ca-1a4cee1ac960" testListId="8c84fa94-04c1-424b-9868-57a2d4851a1d" />
    <TestEntry testId="d5e3a698-796a-464c-87ee-a11afd37cbfe" executionId="6114fe9a-6288-4662-9393-54d27de98930" testListId="8c84fa94-04c1-424b-9868-57a2d4851a1d" />
    <TestEntry testId="fac72fff-49b0-463b-b0f9-0777de31370f" executionId="f08bcc4a-daea-4389-bdf7-88fe24ed4012" testListId="8c84fa94-04c1-424b-9868-57a2d4851a1d" />
    <TestEntry testId="b7df0c26-38af-4a47-ab78-46f29facdb2e" executionId="b604a248-5cc3-44d0-8e7d-92003d1ac16a" testListId="8c84fa94-04c1-424b-9868-57a2d4851a1d" />
    <TestEntry testId="ed554971-c67e-439c-aa41-3d29bb659c53" executionId="3a6f1f68-f9b0-42e9-a037-d285a90c5232" testListId="8c84fa94-04c1-424b-9868-57a2d4851a1d" />
    <TestEntry testId="b7bb21dc-7214-4b35-bfe1-66994c293bca" executionId="99854281-2d8b-4030-a6ab-e1a5ac60ad6d" testListId="8c84fa94-04c1-424b-9868-57a2d4851a1d" />
    <TestEntry testId="98e8f7f6-c513-4025-a14d-125a75d4617e" executionId="a6d1d23a-3f63-4f4d-ba59-d42b94d92878" testListId="8c84fa94-04c1-424b-9868-57a2d4851a1d" />
    <TestEntry testId="4a5bbafa-6f71-42ae-ad2f-48752322698b" executionId="80314265-4a98-434c-879e-fbd6564eb68d" testListId="8c84fa94-04c1-424b-9868-57a2d4851a1d" />
    <TestEntry testId="8afce654-8dab-47d1-888d-4d0932f13d67" executionId="06d0adf6-280a-4da5-abdd-90b6f68e9e89" testListId="8c84fa94-04c1-424b-9868-57a2d4851a1d" />
    <TestEntry testId="23f72508-c2ef-4072-ad83-e2e79949df54" executionId="856023dc-5f2a-4924-9546-d26d5e262550" testListId="8c84fa94-04c1-424b-9868-57a2d4851a1d" />
    <TestEntry testId="12fe5549-05af-400e-9656-dffe53cf9147" executionId="39800e74-7fe4-4e73-8375-30c0ceec44f7" testListId="8c84fa94-04c1-424b-9868-57a2d4851a1d" />
    <TestEntry testId="299b8ee5-db15-4ef0-b22e-9e70053d48ac" executionId="7120f521-cd65-46d8-bb6f-11a0ae919d2f" testListId="8c84fa94-04c1-424b-9868-57a2d4851a1d" />
    <TestEntry testId="1b31a852-d581-4e4f-8d13-7421801ab030" executionId="711af6d5-db38-47bb-bcb1-2d37a5a68225" testListId="8c84fa94-04c1-424b-9868-57a2d4851a1d" />
    <TestEntry testId="a7f5e805-f7f1-4fa8-9f69-820af99abaa4" executionId="cfcfd37d-4f60-4937-b42f-56a52c6314fc" testListId="8c84fa94-04c1-424b-9868-57a2d4851a1d" />
    <TestEntry testId="5dc0697a-906f-429c-8e7b-97a17bcd92c4" executionId="f7a35e93-1fd6-48ac-992f-8069b444cee7" testListId="8c84fa94-04c1-424b-9868-57a2d4851a1d" />
    <TestEntry testId="bc5fbc15-9243-4db6-b41f-849552f09c8b" executionId="e8d4193c-2e35-4bed-ab4d-a7e7566d52d1" testListId="8c84fa94-04c1-424b-9868-57a2d4851a1d" />
    <TestEntry testId="f61b0dba-5514-44d9-ba95-7847e2d56236" executionId="bf58b0ca-d30e-44db-84af-014b0e44c8b0" testListId="8c84fa94-04c1-424b-9868-57a2d4851a1d" />
    <TestEntry testId="05e418e6-0325-4f50-8acc-1909f5f9b04d" executionId="c862e2cc-f588-4167-b08a-d854ca7e89d8" testListId="8c84fa94-04c1-424b-9868-57a2d4851a1d" />
    <TestEntry testId="4e0e32d3-bbbc-4d1b-a2db-bb2156ec7540" executionId="845dcf20-9903-48a7-81f5-1482d1a395c0" testListId="8c84fa94-04c1-424b-9868-57a2d4851a1d" />
    <TestEntry testId="4090dffe-ebc8-428f-88e7-2e269dbcf8e3" executionId="49c06f66-c98a-4ef6-9d18-da9fa9b1c817" testListId="8c84fa94-04c1-424b-9868-57a2d4851a1d" />
    <TestEntry testId="e0efdca3-71ea-49db-9b22-dc7981f6a307" executionId="6dc87fb2-0b3f-4dc7-be71-f9db56478bba" testListId="8c84fa94-04c1-424b-9868-57a2d4851a1d" />
    <TestEntry testId="1fd77c0e-1ec1-4497-b467-05359c180f37" executionId="2e4a8503-8f25-425f-b889-c630f85141d6" testListId="8c84fa94-04c1-424b-9868-57a2d4851a1d" />
    <TestEntry testId="a719b4ce-808d-4dab-8d6a-8dff57f9167d" executionId="5ff5084d-92e9-4037-884b-0e9808cd23eb" testListId="8c84fa94-04c1-424b-9868-57a2d4851a1d" />
    <TestEntry testId="bf60a761-de99-4c71-9b3c-fdcd9092cea6" executionId="30688d9a-a3d5-4368-b174-0efa6b5fec50" testListId="8c84fa94-04c1-424b-9868-57a2d4851a1d" />
    <TestEntry testId="98be6ece-820b-42fe-bd48-745f256b6be7" executionId="2a46e4ce-8f18-47ed-96cd-e599592848ba" testListId="8c84fa94-04c1-424b-9868-57a2d4851a1d" />
    <TestEntry testId="8357ec23-8976-4475-a2f3-603fe244c064" executionId="237df0c9-0ff3-4305-b60f-5a721b96c08e" testListId="8c84fa94-04c1-424b-9868-57a2d4851a1d" />
    <TestEntry testId="d73083de-7593-4fa8-9dab-07eac032f099" executionId="3a7f83ba-6e21-4182-a23c-c0c3e12dd8d2" testListId="8c84fa94-04c1-424b-9868-57a2d4851a1d" />
    <TestEntry testId="acb4abb9-dc3b-430b-b575-2dc87a7a443c" executionId="c1c3717b-d4b0-4fcf-8bcb-3db13fab74a9" testListId="8c84fa94-04c1-424b-9868-57a2d4851a1d" />
    <TestEntry testId="fff7a7f0-bf2d-40a1-86f1-a06a473afbf2" executionId="7b5c1a7c-cf17-4122-86b8-3935246c12db" testListId="8c84fa94-04c1-424b-9868-57a2d4851a1d" />
    <TestEntry testId="1b919eb4-f086-4a4f-9135-50cb905f2764" executionId="9f8a00c0-6070-4594-8b19-240e208be9b1" testListId="8c84fa94-04c1-424b-9868-57a2d4851a1d" />
    <TestEntry testId="3c9b234b-c494-450f-8fe9-368781fc5385" executionId="4cc656f9-aa30-4105-ad24-2731d45ccf22" testListId="8c84fa94-04c1-424b-9868-57a2d4851a1d" />
    <TestEntry testId="5bd2c789-7e24-430e-9dc0-adfef434dce7" executionId="9abc83d0-6a81-47b8-a908-153c20f28bc5" testListId="8c84fa94-04c1-424b-9868-57a2d4851a1d" />
    <TestEntry testId="ccec3c0c-ec02-4b84-af46-fd6cfdd9a247" executionId="e64a3f2c-5883-4d64-8fb5-507c8daa9e9e" testListId="8c84fa94-04c1-424b-9868-57a2d4851a1d" />
    <TestEntry testId="15d56302-a0cc-494e-aaa5-fdf4b59886cc" executionId="bc2e9cf1-6755-41de-8ec7-8ca72d5a6664" testListId="8c84fa94-04c1-424b-9868-57a2d4851a1d" />
    <TestEntry testId="9c653f80-68d0-4e96-b510-1d49f2b03745" executionId="c4ee4c62-16d9-4524-b159-bffd8d0138ae" testListId="8c84fa94-04c1-424b-9868-57a2d4851a1d" />
    <TestEntry testId="b093eee7-1563-4ddf-aab6-d28b93ff44f9" executionId="9d7f3bcd-a2de-4f09-a1fe-6323c723d3c2" testListId="8c84fa94-04c1-424b-9868-57a2d4851a1d" />
    <TestEntry testId="db96f608-9094-4c9e-a812-6b5347b2746d" executionId="e3cbfe00-d40a-4e76-b2b7-f5577f59b388" testListId="8c84fa94-04c1-424b-9868-57a2d4851a1d" />
    <TestEntry testId="343a3ebe-e576-48c5-a605-4ed1868758c9" executionId="fefbb3ad-1f5a-4ea2-8da7-cf1dbe10d816" testListId="8c84fa94-04c1-424b-9868-57a2d4851a1d" />
    <TestEntry testId="6a9ae2d1-dd8e-4d5f-90d6-897aeca4cd86" executionId="9aa3c20e-03c1-4bce-bef0-8f357b5ba75e" testListId="8c84fa94-04c1-424b-9868-57a2d4851a1d" />
    <TestEntry testId="24628bec-fceb-49ee-a79b-c6627b9f089f" executionId="2c868216-4b52-4114-a958-d353be1140b6" testListId="8c84fa94-04c1-424b-9868-57a2d4851a1d" />
    <TestEntry testId="0030b903-b8d6-4e0e-b12d-981c6fa45337" executionId="85842381-293b-4cf4-a960-812d5f876029" testListId="8c84fa94-04c1-424b-9868-57a2d4851a1d" />
    <TestEntry testId="f2f46c26-9e7d-4985-b34e-0c21ab95b482" executionId="db19f1de-b88a-4e77-83c7-64e028fe8f10" testListId="8c84fa94-04c1-424b-9868-57a2d4851a1d" />
    <TestEntry testId="41163f0c-de97-4538-9d80-b2fa6f543d3c" executionId="f9b37dfe-cf79-46b9-b926-c3bb4fa4192f" testListId="8c84fa94-04c1-424b-9868-57a2d4851a1d" />
    <TestEntry testId="8141ee90-5068-4284-a436-d9b9bccc53ce" executionId="ce2d6a4a-08af-470a-a118-49bf865e5e05" testListId="8c84fa94-04c1-424b-9868-57a2d4851a1d" />
    <TestEntry testId="8f2950bf-c43e-4653-80d4-3ffa0197feba" executionId="2861810e-eff9-4bbe-8550-af5fae49906c" testListId="8c84fa94-04c1-424b-9868-57a2d4851a1d" />
    <TestEntry testId="0b494bc6-3c51-43aa-b5ea-8a682bbeaebc" executionId="9c6eacab-caa8-4a52-ae86-f74d0fb098b4" testListId="8c84fa94-04c1-424b-9868-57a2d4851a1d" />
    <TestEntry testId="33738be6-2ab1-4ce2-b992-331c7cac4aba" executionId="652414f7-f3b3-4896-b462-f2fd568ef404" testListId="8c84fa94-04c1-424b-9868-57a2d4851a1d" />
    <TestEntry testId="73547727-372d-46ce-83ae-1e405d365567" executionId="79fdc9b3-d1a4-4033-aa73-376c85242411" testListId="8c84fa94-04c1-424b-9868-57a2d4851a1d" />
  </TestEntries>
  <TestLists>
    <TestList name="Results Not in a List" id="8c84fa94-04c1-424b-9868-57a2d4851a1d" />
    <TestList name="All Loaded Results" id="19431567-8539-422a-85d7-44ee4e166bda" />
  </TestLists>
  <ResultSummary outcome="Completed">
    <Counters total="452" executed="452" passed="452" failed="0" error="0" timeout="0" aborted="0" inconclusive="0" passedButRunAborted="0" notRunnable="0" notExecuted="0" disconnected="0" warning="0" completed="0" inProgress="0" pending="0" />
    <CollectorDataEntries>
      <Collector agentName="ip-10-8-96-225" uri="datacollector://microsoft/CoverletCodeCoverage/1.0" collectorDisplayName="XPlat code coverage">
        <UriAttachments>
          <UriAttachment>
            <A href="ip-10-8-96-225/coverage.cobertura.xml"></A>
          </UriAttachment>
          <UriAttachment>
            <A href="ip-10-8-96-225/coverage.info"></A>
          </UriAttachment>
        </UriAttachments>
      </Collector>
    </CollectorDataEntries>
  </ResultSummary>
</TestRun>